2019-10-13 12:26:17.379  INFO 7576 --- [           main] com.ssafy.edu.LoginApplication           : Starting LoginApplication on choco with PID 7576 (C:\Users\choco\jsp-workspace\login\target\classes started by choco in C:\Users\choco\jsp-workspace\login)
2019-10-13 12:26:17.387  INFO 7576 --- [           main] com.ssafy.edu.LoginApplication           : No active profile set, falling back to default profiles: default
2019-10-13 12:26:17.528  INFO 7576 --- [           main] ConfigServletWebServerApplicationContext : Refreshing org.springframework.boot.web.servlet.context.AnnotationConfigServletWebServerApplicationContext@7a8c8dcf: startup date [Sun Oct 13 12:26:17 KST 2019]; root of context hierarchy
2019-10-13 12:26:19.570  INFO 7576 --- [           main] trationDelegate$BeanPostProcessorChecker : Bean 'org.springframework.transaction.annotation.ProxyTransactionManagementConfiguration' of type [org.springframework.transaction.annotation.ProxyTransactionManagementConfiguration$$EnhancerBySpringCGLIB$$3d2c2458] is not eligible for getting processed by all BeanPostProcessors (for example: not eligible for auto-proxying)
2019-10-13 12:26:19.653  INFO 7576 --- [           main] trationDelegate$BeanPostProcessorChecker : Bean 'org.springframework.security.config.annotation.configuration.ObjectPostProcessorConfiguration' of type [org.springframework.security.config.annotation.configuration.ObjectPostProcessorConfiguration$$EnhancerBySpringCGLIB$$d5d9ec92] is not eligible for getting processed by all BeanPostProcessors (for example: not eligible for auto-proxying)
2019-10-13 12:26:19.668  INFO 7576 --- [           main] trationDelegate$BeanPostProcessorChecker : Bean 'objectPostProcessor' of type [org.springframework.security.config.annotation.configuration.AutowireBeanFactoryObjectPostProcessor] is not eligible for getting processed by all BeanPostProcessors (for example: not eligible for auto-proxying)
2019-10-13 12:26:19.676  INFO 7576 --- [           main] trationDelegate$BeanPostProcessorChecker : Bean 'org.springframework.security.access.expression.method.DefaultMethodSecurityExpressionHandler@1517f633' of type [org.springframework.security.access.expression.method.DefaultMethodSecurityExpressionHandler] is not eligible for getting processed by all BeanPostProcessors (for example: not eligible for auto-proxying)
2019-10-13 12:26:19.696  INFO 7576 --- [           main] trationDelegate$BeanPostProcessorChecker : Bean 'org.springframework.security.config.annotation.method.configuration.Jsr250MetadataSourceConfiguration' of type [org.springframework.security.config.annotation.method.configuration.Jsr250MetadataSourceConfiguration$$EnhancerBySpringCGLIB$$2003a75a] is not eligible for getting processed by all BeanPostProcessors (for example: not eligible for auto-proxying)
2019-10-13 12:26:19.707  INFO 7576 --- [           main] trationDelegate$BeanPostProcessorChecker : Bean 'jsr250MethodSecurityMetadataSource' of type [org.springframework.security.access.annotation.Jsr250MethodSecurityMetadataSource] is not eligible for getting processed by all BeanPostProcessors (for example: not eligible for auto-proxying)
2019-10-13 12:26:19.714  INFO 7576 --- [           main] trationDelegate$BeanPostProcessorChecker : Bean 'org.springframework.security.config.annotation.method.configuration.GlobalMethodSecurityConfiguration' of type [org.springframework.security.config.annotation.method.configuration.GlobalMethodSecurityConfiguration$$EnhancerBySpringCGLIB$$faae8f44] is not eligible for getting processed by all BeanPostProcessors (for example: not eligible for auto-proxying)
2019-10-13 12:26:19.733  INFO 7576 --- [           main] trationDelegate$BeanPostProcessorChecker : Bean 'methodSecurityMetadataSource' of type [org.springframework.security.access.method.DelegatingMethodSecurityMetadataSource] is not eligible for getting processed by all BeanPostProcessors (for example: not eligible for auto-proxying)
2019-10-13 12:26:20.755  INFO 7576 --- [           main] o.s.b.w.embedded.tomcat.TomcatWebServer  : Tomcat initialized with port(s): 8080 (http)
2019-10-13 12:26:20.785  INFO 7576 --- [           main] o.a.coyote.http11.Http11NioProtocol      : Initializing ProtocolHandler ["http-nio-8080"]
2019-10-13 12:26:20.942  INFO 7576 --- [           main] o.apache.catalina.core.StandardService   : Starting service [Tomcat]
2019-10-13 12:26:20.942  INFO 7576 --- [           main] org.apache.catalina.core.StandardEngine  : Starting Servlet Engine: Apache Tomcat/8.5.34
2019-10-13 12:26:20.961  INFO 7576 --- [ost-startStop-1] o.a.catalina.core.AprLifecycleListener   : The APR based Apache Tomcat Native library which allows optimal performance in production environments was not found on the java.library.path: [D:\java\jdk1.8.0_152\bin;C:\WINDOWS\Sun\Java\bin;C:\WINDOWS\system32;C:\WINDOWS;d:/Java/jdk1.8.0_152/bin/../jre/bin/server;d:/Java/jdk1.8.0_152/bin/../jre/bin;d:/Java/jdk1.8.0_152/bin/../jre/lib/amd64;d:\Java\jdk1.8.0_152\bin;D:\oraclexe\app\oracle\product\11.2.0\server\bin;d:\Git\cmd;C:\Program Files (x86)\Intel\iCLS Client\;C:\Program Files\Intel\iCLS Client\;C:\ProgramData\Oracle\Java\javapath;C:\windows\system32;C:\windows;C:\windows\System32\Wbem;C:\windows\System32\WindowsPowerShell\v1.0\;C:\Program Files (x86)\NVIDIA Corporation\PhysX\Common;C:\Program Files (x86)\Intel\Intel(R) Management Engine Components\DAL;C:\Program Files\Intel\Intel(R) Management Engine Components\DAL;C:\Program Files (x86)\Intel\Intel(R) Management Engine Components\IPT;C:\Program Files\Intel\Intel(R) Management Engine Components\IPT;C:\Program Files\Samsung\SamsungLink\AllShare Framework DMS\bin\;C:\WINDOWS\system32;C:\WINDOWS;C:\WINDOWS\System32\Wbem;C:\WINDOWS\System32\WindowsPowerShell\v1.0\;C:\WINDOWS\System32\OpenSSH\;C:\Program Files\Intel\WiFi\bin\;C:\Program Files\Common Files\Intel\WirelessCommon\;C:\Program Files\Microsoft VS Code\bin;D:\Yarn\bin\;C:\nodejs\;C:\Users\choco\AppData\Local\Microsoft\WindowsApps;C:\Users\choco\AppData\Local\GitHubDesktop\bin;C:\Users\choco\AppData\Local\Microsoft\WindowsApps;d:\MicrosoftVSCode\bin;C:\Users\choco\AppData\Local\Yarn\bin;C:\Users\choco\AppData\Roaming\npm;;C:\Users\choco\Desktop;;.]
2019-10-13 12:26:21.152  INFO 7576 --- [ost-startStop-1] o.a.c.c.C.[Tomcat].[localhost].[/]       : Initializing Spring embedded WebApplicationContext
2019-10-13 12:26:21.153  INFO 7576 --- [ost-startStop-1] o.s.web.context.ContextLoader            : Root WebApplicationContext: initialization completed in 3625 ms
2019-10-13 12:26:22.529  INFO 7576 --- [ost-startStop-1] com.zaxxer.hikari.HikariDataSource       : HikariPool-1 - Starting...
2019-10-13 12:26:22.994  INFO 7576 --- [ost-startStop-1] com.zaxxer.hikari.HikariDataSource       : HikariPool-1 - Start completed.
2019-10-13 12:26:23.096  INFO 7576 --- [ost-startStop-1] j.LocalContainerEntityManagerFactoryBean : Building JPA container EntityManagerFactory for persistence unit 'default'
2019-10-13 12:26:23.167  INFO 7576 --- [ost-startStop-1] o.hibernate.jpa.internal.util.LogHelper  : HHH000204: Processing PersistenceUnitInfo [
	name: default
	...]
2019-10-13 12:26:23.362  INFO 7576 --- [ost-startStop-1] org.hibernate.Version                    : HHH000412: Hibernate Core {5.2.17.Final}
2019-10-13 12:26:23.365  INFO 7576 --- [ost-startStop-1] org.hibernate.cfg.Environment            : HHH000206: hibernate.properties not found
2019-10-13 12:26:23.466  INFO 7576 --- [ost-startStop-1] o.hibernate.annotations.common.Version   : HCANN000001: Hibernate Commons Annotations {5.0.1.Final}
2019-10-13 12:26:23.886  INFO 7576 --- [ost-startStop-1] org.hibernate.dialect.Dialect            : HHH000400: Using dialect: org.hibernate.dialect.MySQL5InnoDBDialect
2019-10-13 12:26:25.461  INFO 7576 --- [ost-startStop-1] j.LocalContainerEntityManagerFactoryBean : Initialized JPA EntityManagerFactory for persistence unit 'default'
2019-10-13 12:26:26.340  INFO 7576 --- [ost-startStop-1] o.s.b.w.servlet.FilterRegistrationBean   : Mapping filter: 'characterEncodingFilter' to: [/*]
2019-10-13 12:26:26.342  INFO 7576 --- [ost-startStop-1] o.s.b.w.servlet.FilterRegistrationBean   : Mapping filter: 'hiddenHttpMethodFilter' to: [/*]
2019-10-13 12:26:26.343  INFO 7576 --- [ost-startStop-1] o.s.b.w.servlet.FilterRegistrationBean   : Mapping filter: 'httpPutFormContentFilter' to: [/*]
2019-10-13 12:26:26.344  INFO 7576 --- [ost-startStop-1] o.s.b.w.servlet.FilterRegistrationBean   : Mapping filter: 'requestContextFilter' to: [/*]
2019-10-13 12:26:26.345  INFO 7576 --- [ost-startStop-1] .s.DelegatingFilterProxyRegistrationBean : Mapping filter: 'springSecurityFilterChain' to: [/*]
2019-10-13 12:26:26.345  INFO 7576 --- [ost-startStop-1] o.s.b.w.servlet.FilterRegistrationBean   : Mapping filter: 'jwtAuthenticationFilter' to: [/*]
2019-10-13 12:26:26.345  INFO 7576 --- [ost-startStop-1] o.s.b.w.servlet.ServletRegistrationBean  : Servlet dispatcherServlet mapped to [/]
2019-10-13 12:26:27.014  INFO 7576 --- [           main] o.s.w.s.handler.SimpleUrlHandlerMapping  : Mapped URL path [/**/favicon.ico] onto handler of type [class org.springframework.web.servlet.resource.ResourceHttpRequestHandler]
2019-10-13 12:26:27.153  WARN 7576 --- [           main] aWebConfiguration$JpaWebMvcConfiguration : spring.jpa.open-in-view is enabled by default. Therefore, database queries may be performed during view rendering. Explicitly configure spring.jpa.open-in-view to disable this warning
2019-10-13 12:26:27.531  INFO 7576 --- [           main] s.w.s.m.m.a.RequestMappingHandlerMapping : Mapped "{[/api/auth/signin],methods=[POST]}" onto public org.springframework.http.ResponseEntity<?> com.ssafy.edu.controller.AuthController.authenticateUser(com.ssafy.edu.payload.LoginRequest)
2019-10-13 12:26:27.578  INFO 7576 --- [           main] s.w.s.m.m.a.RequestMappingHandlerMapping : Mapped "{[/api/auth/signup],methods=[POST]}" onto public org.springframework.http.ResponseEntity<?> com.ssafy.edu.controller.AuthController.registerUser(com.ssafy.edu.payload.SignUpRequest)
2019-10-13 12:26:27.589  INFO 7576 --- [           main] s.w.s.m.m.a.RequestMappingHandlerMapping : Mapped "{[/api/user/me],methods=[GET]}" onto public com.ssafy.edu.payload.UserSummary com.ssafy.edu.controller.UserController.getCurrentUser(com.ssafy.edu.security.UserPrincipal)
2019-10-13 12:26:27.590  INFO 7576 --- [           main] s.w.s.m.m.a.RequestMappingHandlerMapping : Mapped "{[/api/users/{username}],methods=[GET]}" onto public com.ssafy.edu.payload.UserProfile com.ssafy.edu.controller.UserController.getUserProfile(java.lang.String)
2019-10-13 12:26:27.591  INFO 7576 --- [           main] s.w.s.m.m.a.RequestMappingHandlerMapping : Mapped "{[/api/user/checkUsernameAvailability],methods=[GET]}" onto public com.ssafy.edu.payload.UserIdentityAvailability com.ssafy.edu.controller.UserController.checkUsernameAvailability(java.lang.String)
2019-10-13 12:26:27.593  INFO 7576 --- [           main] s.w.s.m.m.a.RequestMappingHandlerMapping : Mapped "{[/api/user/checkEmailAvailability],methods=[GET]}" onto public com.ssafy.edu.payload.UserIdentityAvailability com.ssafy.edu.controller.UserController.checkEmailAvailability(java.lang.String)
2019-10-13 12:26:27.604  INFO 7576 --- [           main] s.w.s.m.m.a.RequestMappingHandlerMapping : Mapped "{[/error]}" onto public org.springframework.http.ResponseEntity<java.util.Map<java.lang.String, java.lang.Object>> org.springframework.boot.autoconfigure.web.servlet.error.BasicErrorController.error(javax.servlet.http.HttpServletRequest)
2019-10-13 12:26:27.605  INFO 7576 --- [           main] s.w.s.m.m.a.RequestMappingHandlerMapping : Mapped "{[/error],produces=[text/html]}" onto public org.springframework.web.servlet.ModelAndView org.springframework.boot.autoconfigure.web.servlet.error.BasicErrorController.errorHtml(javax.servlet.http.HttpServletRequest,javax.servlet.http.HttpServletResponse)
2019-10-13 12:26:28.760  INFO 7576 --- [           main] o.s.w.s.handler.SimpleUrlHandlerMapping  : Mapped URL path [/webjars/**] onto handler of type [class org.springframework.web.servlet.resource.ResourceHttpRequestHandler]
2019-10-13 12:26:28.868  INFO 7576 --- [           main] o.s.w.s.handler.SimpleUrlHandlerMapping  : Mapped URL path [/**] onto handler of type [class org.springframework.web.servlet.resource.ResourceHttpRequestHandler]
2019-10-13 12:26:28.939  INFO 7576 --- [           main] o.s.s.web.DefaultSecurityFilterChain     : Creating filter chain: org.springframework.security.web.util.matcher.AnyRequestMatcher@1, [org.springframework.security.web.context.request.async.WebAsyncManagerIntegrationFilter@3ab6678b, org.springframework.security.web.context.SecurityContextPersistenceFilter@68217d41, org.springframework.security.web.header.HeaderWriterFilter@5a00eb1e, org.springframework.web.filter.CorsFilter@7a904f32, org.springframework.security.web.authentication.logout.LogoutFilter@3cff0139, com.ssafy.edu.security.JwtAuthenticationFilter@391f1bf6, org.springframework.security.web.savedrequest.RequestCacheAwareFilter@3e5d4f6b, org.springframework.security.web.servletapi.SecurityContextHolderAwareRequestFilter@fca387, org.springframework.security.web.authentication.AnonymousAuthenticationFilter@2b59501e, org.springframework.security.web.session.SessionManagementFilter@713064e8, org.springframework.security.web.access.ExceptionTranslationFilter@63bde6c2, org.springframework.security.web.access.intercept.FilterSecurityInterceptor@7be3a9ce]
2019-10-13 12:26:29.483  INFO 7576 --- [           main] s.w.s.m.m.a.RequestMappingHandlerAdapter : Looking for @ControllerAdvice: org.springframework.boot.web.servlet.context.AnnotationConfigServletWebServerApplicationContext@7a8c8dcf: startup date [Sun Oct 13 03:26:17 UTC 2019]; root of context hierarchy
2019-10-13 12:26:29.934  INFO 7576 --- [           main] o.s.j.e.a.AnnotationMBeanExporter        : Registering beans for JMX exposure on startup
2019-10-13 12:26:29.937  INFO 7576 --- [           main] o.s.j.e.a.AnnotationMBeanExporter        : Bean with name 'dataSource' has been autodetected for JMX exposure
2019-10-13 12:26:29.944  INFO 7576 --- [           main] o.s.j.e.a.AnnotationMBeanExporter        : Located MBean 'dataSource': registering with JMX server as MBean [com.zaxxer.hikari:name=dataSource,type=HikariDataSource]
2019-10-13 12:26:29.959  INFO 7576 --- [           main] o.a.coyote.http11.Http11NioProtocol      : Starting ProtocolHandler ["http-nio-8080"]
2019-10-13 12:26:29.978  INFO 7576 --- [           main] o.a.tomcat.util.net.NioSelectorPool      : Using a shared selector for servlet write/read
2019-10-13 12:26:30.599  INFO 7576 --- [           main] o.s.b.w.embedded.tomcat.TomcatWebServer  : Tomcat started on port(s): 8080 (http) with context path ''
2019-10-13 12:26:30.607  INFO 7576 --- [           main] com.ssafy.edu.LoginApplication           : Started LoginApplication in 13.992 seconds (JVM running for 15.37)
2019-10-13 14:37:04.966  INFO 7576 --- [nio-8080-exec-9] o.a.c.c.C.[Tomcat].[localhost].[/]       : Initializing Spring FrameworkServlet 'dispatcherServlet'
2019-10-13 14:37:04.970  INFO 7576 --- [nio-8080-exec-9] o.s.web.servlet.DispatcherServlet        : FrameworkServlet 'dispatcherServlet': initialization started
2019-10-13 14:37:05.044  INFO 7576 --- [nio-8080-exec-9] o.s.web.servlet.DispatcherServlet        : FrameworkServlet 'dispatcherServlet': initialization completed in 73 ms
2019-10-13 14:37:05.496  INFO 7576 --- [io-8080-exec-10] com.ssafy.edu.controller.AuthController  : 1-------------authenticateUser-----------------------------LoginRequest [usernameOrEmail=tttttt, password=tttttt]
2019-10-13 14:37:05.683  INFO 7576 --- [io-8080-exec-10] o.h.h.i.QueryTranslatorFactoryInitiator  : HHH000397: Using ASTQueryTranslatorFactory
2019-10-13 14:37:05.930 DEBUG 7576 --- [io-8080-exec-10] org.hibernate.SQL                        : select memberuser0_.id as id1_2_, memberuser0_.created_at as created_2_2_, memberuser0_.updated_at as updated_3_2_, memberuser0_.email as email4_2_, memberuser0_.name as name5_2_, memberuser0_.password as password6_2_, memberuser0_.username as username7_2_ from users memberuser0_ where memberuser0_.username=? or memberuser0_.email=?
2019-10-13 14:37:06.104 DEBUG 7576 --- [io-8080-exec-10] org.hibernate.SQL                        : select roles0_.user_id as user_id1_1_0_, roles0_.role_id as role_id2_1_0_, role1_.id as id1_0_1_, role1_.name as name2_0_1_ from user_roles roles0_ inner join roles role1_ on roles0_.role_id=role1_.id where roles0_.user_id=?
2019-10-13 14:37:09.133 DEBUG 7576 --- [nio-8080-exec-8] org.hibernate.SQL                        : select memberuser0_.id as id1_2_, memberuser0_.created_at as created_2_2_, memberuser0_.updated_at as updated_3_2_, memberuser0_.email as email4_2_, memberuser0_.name as name5_2_, memberuser0_.password as password6_2_, memberuser0_.username as username7_2_ from users memberuser0_ where memberuser0_.username=?
