2019-10-18 04:51:10.075  INFO 8728 --- [nio-8197-exec-9] c.s.e.vue.controller.EmployeeController  : 1-------------findAllEmployees-----------------------------Fri Oct 18 04:51:10 KST 2019
2019-10-18 04:51:16.718  INFO 8728 --- [nio-8197-exec-8] c.s.e.vue.controller.EmployeeController  : 1-------------findAllDeptEmps2-----------------------------Fri Oct 18 04:51:16 KST 2019
2019-10-18 04:51:16.721  INFO 8728 --- [nio-8197-exec-2] c.s.e.vue.controller.EmployeeController  : 1-------------findAllDepCounts-----------------------------Fri Oct 18 04:51:16 KST 2019
2019-10-18 04:51:18.047  INFO 8728 --- [io-8197-exec-10] c.s.e.vue.controller.EmployeeController  : 1-------------findEmployeeById-----------------------------Fri Oct 18 04:51:18 KST 2019
2019-10-18 04:51:18.047  INFO 8728 --- [nio-8197-exec-6] c.s.e.vue.controller.EmployeeController  : 1-------------findEmployeeById-----------------------------Fri Oct 18 04:51:18 KST 2019
2019-10-18 04:51:18.060  INFO 8728 --- [io-8197-exec-10] c.s.e.vue.controller.EmployeeController  : 1-------------findEmployeeById-----------------------------Fri Oct 18 04:51:18 KST 2019
2019-10-18 04:51:18.276  INFO 8728 --- [nio-8197-exec-7] c.s.e.vue.controller.EmployeeController  : 1-------------findEmployeeById-----------------------------Fri Oct 18 04:51:18 KST 2019
2019-10-18 04:51:18.562  INFO 8728 --- [nio-8197-exec-1] c.s.e.vue.controller.EmployeeController  : 1-------------findEmployeeById-----------------------------Fri Oct 18 04:51:18 KST 2019
2019-10-18 04:51:18.598  INFO 8728 --- [nio-8197-exec-3] c.s.e.vue.controller.EmployeeController  : 1-------------findEmployeeById-----------------------------Fri Oct 18 04:51:18 KST 2019
2019-10-18 04:51:18.625  INFO 8728 --- [nio-8197-exec-4] c.s.e.vue.controller.EmployeeController  : 1-------------findEmployeeById-----------------------------Fri Oct 18 04:51:18 KST 2019
2019-10-18 04:51:18.641  INFO 8728 --- [nio-8197-exec-9] c.s.e.vue.controller.EmployeeController  : 1-------------findEmployeeById-----------------------------Fri Oct 18 04:51:18 KST 2019
2019-10-18 04:51:18.945  INFO 8728 --- [nio-8197-exec-2] c.s.e.vue.controller.EmployeeController  : 1-------------findEmployeeById-----------------------------Fri Oct 18 04:51:18 KST 2019
2019-10-18 04:51:19.036  INFO 8728 --- [nio-8197-exec-8] c.s.e.vue.controller.EmployeeController  : 1-------------findEmployeeById-----------------------------Fri Oct 18 04:51:19 KST 2019
2019-10-18 04:51:19.081  INFO 8728 --- [nio-8197-exec-5] c.s.e.vue.controller.EmployeeController  : 1-------------findEmployeeById-----------------------------Fri Oct 18 04:51:19 KST 2019
2019-10-18 04:51:19.103  INFO 8728 --- [nio-8197-exec-6] c.s.e.vue.controller.EmployeeController  : 1-------------findEmployeeById-----------------------------Fri Oct 18 04:51:19 KST 2019
2019-10-18 04:51:19.150  INFO 8728 --- [io-8197-exec-10] c.s.e.vue.controller.EmployeeController  : 1-------------findEmployeeById-----------------------------Fri Oct 18 04:51:19 KST 2019
2019-10-18 04:51:19.237  INFO 8728 --- [nio-8197-exec-7] c.s.e.vue.controller.EmployeeController  : 1-------------findEmployeeById-----------------------------Fri Oct 18 04:51:19 KST 2019
2019-10-18 04:51:19.259  INFO 8728 --- [nio-8197-exec-1] c.s.e.vue.controller.EmployeeController  : 1-------------findEmployeeById-----------------------------Fri Oct 18 04:51:19 KST 2019
2019-10-18 04:51:19.288  INFO 8728 --- [nio-8197-exec-3] c.s.e.vue.controller.EmployeeController  : 1-------------findEmployeeById-----------------------------Fri Oct 18 04:51:19 KST 2019
2019-10-18 04:51:19.343  INFO 8728 --- [nio-8197-exec-4] c.s.e.vue.controller.EmployeeController  : 1-------------findEmployeeById-----------------------------Fri Oct 18 04:51:19 KST 2019
2019-10-18 04:51:19.375  INFO 8728 --- [nio-8197-exec-9] c.s.e.vue.controller.EmployeeController  : 1-------------findEmployeeById-----------------------------Fri Oct 18 04:51:19 KST 2019
2019-10-18 04:51:19.394  INFO 8728 --- [nio-8197-exec-2] c.s.e.vue.controller.EmployeeController  : 1-------------findEmployeeById-----------------------------Fri Oct 18 04:51:19 KST 2019
2019-10-18 04:51:19.432  INFO 8728 --- [nio-8197-exec-8] c.s.e.vue.controller.EmployeeController  : 1-------------findEmployeeById-----------------------------Fri Oct 18 04:51:19 KST 2019
2019-10-18 04:51:19.466  INFO 8728 --- [nio-8197-exec-5] c.s.e.vue.controller.EmployeeController  : 1-------------findEmployeeById-----------------------------Fri Oct 18 04:51:19 KST 2019
2019-10-18 04:51:19.553  INFO 8728 --- [nio-8197-exec-6] c.s.e.vue.controller.EmployeeController  : 1-------------findEmployeeById-----------------------------Fri Oct 18 04:51:19 KST 2019
2019-10-18 04:51:19.737  INFO 8728 --- [io-8197-exec-10] c.s.e.vue.controller.EmployeeController  : 1-------------findEmployeeById-----------------------------Fri Oct 18 04:51:19 KST 2019
2019-10-18 04:51:20.188  INFO 8728 --- [nio-8197-exec-7] c.s.e.vue.controller.EmployeeController  : 1-------------findEmployeeById-----------------------------Fri Oct 18 04:51:20 KST 2019
2019-10-18 04:51:24.463  INFO 8728 --- [nio-8197-exec-1] c.s.e.vue.controller.EmployeeController  : 1-------------findAllEmployees-----------------------------Fri Oct 18 04:51:24 KST 2019
2019-10-18 04:51:25.427  INFO 8728 --- [nio-8197-exec-3] c.s.e.vue.controller.EmployeeController  : 1-------------findAllEmployees-----------------------------Fri Oct 18 04:51:25 KST 2019
2019-10-18 04:51:26.628  INFO 8728 --- [nio-8197-exec-4] c.s.e.vue.controller.EmployeeController  : 1-------------findAllDepCounts-----------------------------Fri Oct 18 04:51:26 KST 2019
2019-10-18 04:51:27.487  INFO 8728 --- [nio-8197-exec-9] c.s.e.vue.controller.EmployeeController  : 1-------------findDepartmentsBydeptid-----------------------------Fri Oct 18 04:51:27 KST 2019
2019-10-18 04:51:27.499  INFO 8728 --- [nio-8197-exec-2] c.s.e.vue.controller.EmployeeController  : 1-------------findDepartmentsBydeptid-----------------------------Fri Oct 18 04:51:27 KST 2019
2019-10-18 04:51:27.598  INFO 8728 --- [nio-8197-exec-8] c.s.e.vue.controller.EmployeeController  : 1-------------findDepartmentsBydeptid-----------------------------Fri Oct 18 04:51:27 KST 2019
2019-10-18 04:51:27.641  INFO 8728 --- [nio-8197-exec-5] c.s.e.vue.controller.EmployeeController  : 1-------------findDepartmentsBydeptid-----------------------------Fri Oct 18 04:51:27 KST 2019
2019-10-18 04:51:27.685  INFO 8728 --- [nio-8197-exec-6] c.s.e.vue.controller.EmployeeController  : 1-------------findDepartmentsBydeptid-----------------------------Fri Oct 18 04:51:27 KST 2019
2019-10-18 04:51:27.718  INFO 8728 --- [io-8197-exec-10] c.s.e.vue.controller.EmployeeController  : 1-------------findDepartmentsBydeptid-----------------------------Fri Oct 18 04:51:27 KST 2019
2019-10-18 04:51:27.823  INFO 8728 --- [nio-8197-exec-7] c.s.e.vue.controller.EmployeeController  : 1-------------findDepartmentsBydeptid-----------------------------Fri Oct 18 04:51:27 KST 2019
2019-10-18 04:51:27.940  INFO 8728 --- [nio-8197-exec-1] c.s.e.vue.controller.EmployeeController  : 1-------------findDepartmentsBydeptid-----------------------------Fri Oct 18 04:51:27 KST 2019
2019-10-18 04:51:28.130  INFO 8728 --- [nio-8197-exec-3] c.s.e.vue.controller.EmployeeController  : 1-------------findDepartmentsBydeptid-----------------------------Fri Oct 18 04:51:28 KST 2019
2019-10-18 04:51:28.167  INFO 8728 --- [nio-8197-exec-4] c.s.e.vue.controller.EmployeeController  : 1-------------findDepartmentsBydeptid-----------------------------Fri Oct 18 04:51:28 KST 2019
2019-10-18 04:51:29.355  INFO 8728 --- [nio-8197-exec-9] c.s.e.vue.controller.EmployeeController  : 1-------------findDepartmentsBydeptid-----------------------------Fri Oct 18 04:51:29 KST 2019
2019-10-18 04:51:29.372  INFO 8728 --- [nio-8197-exec-2] c.s.e.vue.controller.EmployeeController  : 1-------------findDepartmentsBydeptid-----------------------------Fri Oct 18 04:51:29 KST 2019
2019-10-18 04:51:29.420  INFO 8728 --- [nio-8197-exec-8] c.s.e.vue.controller.EmployeeController  : 1-------------findDepartmentsBydeptid-----------------------------Fri Oct 18 04:51:29 KST 2019
2019-10-18 04:51:29.603  INFO 8728 --- [nio-8197-exec-5] c.s.e.vue.controller.EmployeeController  : 1-------------findDepartmentsBydeptid-----------------------------Fri Oct 18 04:51:29 KST 2019
2019-10-18 04:51:29.985  INFO 8728 --- [nio-8197-exec-6] c.s.e.vue.controller.EmployeeController  : 1-------------findDepartmentsBydeptid-----------------------------Fri Oct 18 04:51:29 KST 2019
2019-10-18 04:51:30.003  INFO 8728 --- [io-8197-exec-10] c.s.e.vue.controller.EmployeeController  : 1-------------findDepartmentsBydeptid-----------------------------Fri Oct 18 04:51:30 KST 2019
2019-10-18 04:51:30.041  INFO 8728 --- [nio-8197-exec-7] c.s.e.vue.controller.EmployeeController  : 1-------------findDepartmentsBydeptid-----------------------------Fri Oct 18 04:51:30 KST 2019
2019-10-18 04:51:35.841  INFO 8728 --- [nio-8197-exec-1] c.s.e.vue.controller.EmployeeController  : 1-------------findDepartmentsBydeptid-----------------------------Fri Oct 18 04:51:35 KST 2019
2019-10-18 04:51:35.916  INFO 8728 --- [nio-8197-exec-3] c.s.e.vue.controller.EmployeeController  : 1-------------findDepartmentsBydeptid-----------------------------Fri Oct 18 04:51:35 KST 2019
