2019-09-18 00:04:35.885  WARN 43400 --- [l-1 housekeeper] com.zaxxer.hikari.pool.HikariPool        : HikariPool-1 - Thread starvation or clock leap detected (housekeeper delta=5m49s387ms145µs100ns).
2019-09-18 00:47:40.836  WARN 43400 --- [l-1 housekeeper] com.zaxxer.hikari.pool.HikariPool        : HikariPool-1 - Thread starvation or clock leap detected (housekeeper delta=43m4s961ms915µs600ns).
2019-09-18 07:43:04.979  WARN 43400 --- [l-1 housekeeper] com.zaxxer.hikari.pool.HikariPool        : HikariPool-1 - Thread starvation or clock leap detected (housekeeper delta=6h23s192ms826µs500ns).
2019-09-18 08:56:19.326  WARN 43400 --- [l-1 housekeeper] com.zaxxer.hikari.pool.HikariPool        : HikariPool-1 - Thread starvation or clock leap detected (housekeeper delta=1h13m19s763ms133µs).
2019-09-18 16:52:03.937  INFO 43400 --- [nio-8197-exec-9] c.s.e.vue.controller.EmployeeController  : 1-------------findAllEmployees-----------------------------Wed Sep 18 16:52:03 KST 2019
2019-09-18 16:52:19.443  INFO 43400 --- [io-8197-exec-10] c.s.e.vue.controller.EmployeeController  : 1-------------findAllEmployees-----------------------------Wed Sep 18 16:52:19 KST 2019
2019-09-18 17:05:18.369  INFO 43400 --- [nio-8197-exec-3] c.s.e.vue.controller.EmployeeController  : 1-------------findAllEmployees-----------------------------Wed Sep 18 17:05:18 KST 2019
2019-09-18 17:05:22.988  INFO 43400 --- [nio-8197-exec-2] c.s.e.vue.controller.EmployeeController  : 1-------------findAllEmployees-----------------------------Wed Sep 18 17:05:22 KST 2019
2019-09-18 18:15:18.408  INFO 43400 --- [nio-8197-exec-5] c.s.e.vue.controller.EmployeeController  : 1-------------findAllEmployees-----------------------------Wed Sep 18 18:15:18 KST 2019
2019-09-18 18:15:22.659  INFO 43400 --- [nio-8197-exec-6] c.s.e.vue.controller.EmployeeController  : 1-------------findAllEmployees-----------------------------Wed Sep 18 18:15:22 KST 2019
2019-09-18 18:15:35.454  INFO 43400 --- [nio-8197-exec-7] c.s.e.vue.controller.EmployeeController  : 1-------------deleteEmployee-----------------------------Wed Sep 18 18:15:35 KST 2019
2019-09-18 18:15:35.454  INFO 43400 --- [nio-8197-exec-7] c.s.e.vue.controller.EmployeeController  : 1-------------deleteEmployee-----------------------------63
2019-09-18 18:17:35.980  INFO 43400 --- [nio-8197-exec-9] c.s.e.vue.controller.EmployeeController  : 1-------------findAllEmployees-----------------------------Wed Sep 18 18:17:35 KST 2019
2019-09-18 18:42:51.784  INFO 43400 --- [nio-8197-exec-1] c.s.e.vue.controller.EmployeeController  : 1-------------findAllEmployees-----------------------------Wed Sep 18 18:42:51 KST 2019
2019-09-18 18:42:54.176  INFO 43400 --- [nio-8197-exec-3] c.s.e.vue.controller.EmployeeController  : 1-------------findAllEmployees-----------------------------Wed Sep 18 18:42:54 KST 2019
2019-09-18 18:43:04.033  INFO 43400 --- [nio-8197-exec-2] c.s.e.vue.controller.EmployeeController  : 1-------------deleteEmployee-----------------------------Wed Sep 18 18:43:04 KST 2019
2019-09-18 18:43:04.034  INFO 43400 --- [nio-8197-exec-2] c.s.e.vue.controller.EmployeeController  : 1-------------deleteEmployee-----------------------------60
2019-09-18 18:49:46.171  INFO 43400 --- [nio-8197-exec-5] c.s.e.vue.controller.EmployeeController  : 1-------------findAllEmployees-----------------------------Wed Sep 18 18:49:46 KST 2019
2019-09-18 18:50:13.063  INFO 43400 --- [nio-8197-exec-6] c.s.e.vue.controller.EmployeeController  : 1-------------findAllEmployees-----------------------------Wed Sep 18 18:50:13 KST 2019
2019-09-18 18:50:20.587  INFO 43400 --- [nio-8197-exec-7] c.s.e.vue.controller.EmployeeController  : 1-------------deleteEmployee-----------------------------Wed Sep 18 18:50:20 KST 2019
2019-09-18 18:50:20.587  INFO 43400 --- [nio-8197-exec-7] c.s.e.vue.controller.EmployeeController  : 1-------------deleteEmployee-----------------------------53
2019-09-18 18:51:04.029  INFO 43400 --- [nio-8197-exec-8] c.s.e.vue.controller.EmployeeController  : 1-------------findAllEmployees-----------------------------Wed Sep 18 18:51:04 KST 2019
2019-09-18 18:51:12.380  INFO 43400 --- [nio-8197-exec-9] c.s.e.vue.controller.EmployeeController  : 1-------------findAllEmployees-----------------------------Wed Sep 18 18:51:12 KST 2019
2019-09-18 18:51:15.272  INFO 43400 --- [io-8197-exec-10] c.s.e.vue.controller.EmployeeController  : 1-------------findAllEmployees-----------------------------Wed Sep 18 18:51:15 KST 2019
2019-09-18 18:51:22.018  INFO 43400 --- [nio-8197-exec-1] c.s.e.vue.controller.EmployeeController  : 1-------------deleteEmployee-----------------------------Wed Sep 18 18:51:22 KST 2019
2019-09-18 18:51:22.018  INFO 43400 --- [nio-8197-exec-1] c.s.e.vue.controller.EmployeeController  : 1-------------deleteEmployee-----------------------------58
2019-09-18 18:56:50.056  INFO 43400 --- [nio-8197-exec-2] c.s.e.vue.controller.EmployeeController  : 1-------------findAllEmployees-----------------------------Wed Sep 18 18:56:50 KST 2019
2019-09-18 18:57:06.411  INFO 43400 --- [nio-8197-exec-4] c.s.e.vue.controller.EmployeeController  : 1-------------deleteEmployee-----------------------------Wed Sep 18 18:57:06 KST 2019
2019-09-18 18:57:06.411  INFO 43400 --- [nio-8197-exec-4] c.s.e.vue.controller.EmployeeController  : 1-------------deleteEmployee-----------------------------61
2019-09-18 18:57:16.386  INFO 43400 --- [nio-8197-exec-5] c.s.e.vue.controller.EmployeeController  : 1-------------findAllEmployees-----------------------------Wed Sep 18 18:57:16 KST 2019
2019-09-18 18:59:09.137  INFO 43400 --- [nio-8197-exec-7] c.s.e.vue.controller.EmployeeController  : 1-------------findAllEmployees-----------------------------Wed Sep 18 18:59:09 KST 2019
2019-09-18 18:59:15.209  INFO 43400 --- [nio-8197-exec-8] c.s.e.vue.controller.EmployeeController  : 1-------------deleteEmployee-----------------------------Wed Sep 18 18:59:15 KST 2019
2019-09-18 18:59:15.216  INFO 43400 --- [nio-8197-exec-8] c.s.e.vue.controller.EmployeeController  : 1-------------deleteEmployee-----------------------------42
2019-09-18 18:59:27.652  INFO 43400 --- [nio-8197-exec-9] c.s.e.vue.controller.EmployeeController  : 1-------------findAllEmployees-----------------------------Wed Sep 18 18:59:27 KST 2019
2019-09-18 19:01:25.050  INFO 43400 --- [nio-8197-exec-1] c.s.e.vue.controller.EmployeeController  : 1-------------findAllEmployees-----------------------------Wed Sep 18 19:01:25 KST 2019
2019-09-18 19:01:27.546  INFO 43400 --- [nio-8197-exec-3] c.s.e.vue.controller.EmployeeController  : 1-------------findAllEmployees-----------------------------Wed Sep 18 19:01:27 KST 2019
2019-09-18 19:01:32.705  INFO 43400 --- [nio-8197-exec-2] c.s.e.vue.controller.EmployeeController  : 1-------------deleteEmployee-----------------------------Wed Sep 18 19:01:32 KST 2019
2019-09-18 19:01:32.706  INFO 43400 --- [nio-8197-exec-2] c.s.e.vue.controller.EmployeeController  : 1-------------deleteEmployee-----------------------------65
2019-09-18 19:01:32.824  INFO 43400 --- [nio-8197-exec-4] c.s.e.vue.controller.EmployeeController  : 1-------------findAllEmployees-----------------------------Wed Sep 18 19:01:32 KST 2019
2019-09-18 19:01:41.176  INFO 43400 --- [nio-8197-exec-5] c.s.e.vue.controller.EmployeeController  : 1-------------deleteEmployee-----------------------------Wed Sep 18 19:01:41 KST 2019
2019-09-18 19:01:41.176  INFO 43400 --- [nio-8197-exec-5] c.s.e.vue.controller.EmployeeController  : 1-------------deleteEmployee-----------------------------64
2019-09-18 19:01:41.239  INFO 43400 --- [nio-8197-exec-6] c.s.e.vue.controller.EmployeeController  : 1-------------findAllEmployees-----------------------------Wed Sep 18 19:01:41 KST 2019
2019-09-18 19:10:39.136  INFO 43400 --- [nio-8197-exec-8] c.s.e.vue.controller.EmployeeController  : 1-------------findAllEmployees-----------------------------Wed Sep 18 19:10:39 KST 2019
2019-09-18 19:10:49.719  INFO 43400 --- [nio-8197-exec-9] c.s.e.vue.controller.EmployeeController  : 1-------------deleteEmployee-----------------------------Wed Sep 18 19:10:49 KST 2019
2019-09-18 19:10:49.719  INFO 43400 --- [nio-8197-exec-9] c.s.e.vue.controller.EmployeeController  : 1-------------deleteEmployee-----------------------------51
2019-09-18 19:14:35.857  INFO 43400 --- [nio-8197-exec-1] c.s.e.vue.controller.EmployeeController  : 1-------------findAllEmployees-----------------------------Wed Sep 18 19:14:35 KST 2019
2019-09-18 19:14:41.914  INFO 43400 --- [nio-8197-exec-3] c.s.e.vue.controller.EmployeeController  : 1-------------deleteEmployee-----------------------------Wed Sep 18 19:14:41 KST 2019
2019-09-18 19:14:41.914  INFO 43400 --- [nio-8197-exec-3] c.s.e.vue.controller.EmployeeController  : 1-------------deleteEmployee-----------------------------45
2019-09-18 19:14:48.748  INFO 43400 --- [nio-8197-exec-2] c.s.e.vue.controller.EmployeeController  : 1-------------deleteEmployee-----------------------------Wed Sep 18 19:14:48 KST 2019
2019-09-18 19:14:48.749  INFO 43400 --- [nio-8197-exec-2] c.s.e.vue.controller.EmployeeController  : 1-------------deleteEmployee-----------------------------45
2019-09-18 19:14:57.447  INFO 43400 --- [nio-8197-exec-4] c.s.e.vue.controller.EmployeeController  : 1-------------findAllEmployees-----------------------------Wed Sep 18 19:14:57 KST 2019
2019-09-18 19:16:06.795  INFO 43400 --- [nio-8197-exec-6] c.s.e.vue.controller.EmployeeController  : 1-------------findAllEmployees-----------------------------Wed Sep 18 19:16:06 KST 2019
2019-09-18 19:16:08.694  INFO 43400 --- [nio-8197-exec-7] c.s.e.vue.controller.EmployeeController  : 1-------------findAllEmployees-----------------------------Wed Sep 18 19:16:08 KST 2019
2019-09-18 19:16:12.067  INFO 43400 --- [nio-8197-exec-8] c.s.e.vue.controller.EmployeeController  : 1-------------deleteEmployee-----------------------------Wed Sep 18 19:16:12 KST 2019
2019-09-18 19:16:12.067  INFO 43400 --- [nio-8197-exec-8] c.s.e.vue.controller.EmployeeController  : 1-------------deleteEmployee-----------------------------39
2019-09-18 19:16:12.156  INFO 43400 --- [nio-8197-exec-9] c.s.e.vue.controller.EmployeeController  : 1-------------findAllEmployees-----------------------------Wed Sep 18 19:16:12 KST 2019
2019-09-18 19:16:33.335  INFO 43400 --- [io-8197-exec-10] c.s.e.vue.controller.EmployeeController  : 1-------------findAllEmployees-----------------------------Wed Sep 18 19:16:33 KST 2019
2019-09-18 19:23:35.580  INFO 43400 --- [nio-8197-exec-3] c.s.e.vue.controller.EmployeeController  : 1-------------findAllEmployees-----------------------------Wed Sep 18 19:23:35 KST 2019
2019-09-18 19:23:40.265  INFO 43400 --- [nio-8197-exec-2] c.s.e.vue.controller.EmployeeController  : 1-------------deleteEmployee-----------------------------Wed Sep 18 19:23:40 KST 2019
2019-09-18 19:23:40.265  INFO 43400 --- [nio-8197-exec-2] c.s.e.vue.controller.EmployeeController  : 1-------------deleteEmployee-----------------------------36
2019-09-18 19:23:40.360  INFO 43400 --- [nio-8197-exec-4] c.s.e.vue.controller.EmployeeController  : 1-------------findAllEmployees-----------------------------Wed Sep 18 19:23:40 KST 2019
2019-09-18 19:50:11.666  WARN 43400 --- [l-1 housekeeper] com.zaxxer.hikari.pool.HikariPool        : HikariPool-1 - Thread starvation or clock leap detected (housekeeper delta=22m20s328ms16µs600ns).
2019-09-18 19:52:27.024  INFO 43400 --- [nio-8197-exec-6] c.s.e.vue.controller.EmployeeController  : 1-------------findAllEmployees-----------------------------Wed Sep 18 19:52:27 KST 2019
2019-09-18 19:56:50.991  INFO 43400 --- [nio-8197-exec-8] c.s.e.vue.controller.EmployeeController  : 1-------------findAllEmployees-----------------------------Wed Sep 18 19:56:50 KST 2019
2019-09-18 19:59:32.876  INFO 43400 --- [io-8197-exec-10] c.s.e.vue.controller.EmployeeController  : 1-------------findAllEmployees-----------------------------Wed Sep 18 19:59:32 KST 2019
2019-09-18 19:59:37.200  INFO 43400 --- [nio-8197-exec-3] c.s.e.vue.controller.EmployeeController  : 1-------------findAllEmployees-----------------------------Wed Sep 18 19:59:37 KST 2019
2019-09-18 19:59:39.712  INFO 43400 --- [nio-8197-exec-2] c.s.e.vue.controller.EmployeeController  : 1-------------findAllEmployees-----------------------------Wed Sep 18 19:59:39 KST 2019
2019-09-18 20:00:07.783  INFO 43400 --- [nio-8197-exec-5] c.s.e.vue.controller.EmployeeController  : 1-------------deleteEmployee-----------------------------Wed Sep 18 20:00:07 KST 2019
2019-09-18 20:00:07.783  INFO 43400 --- [nio-8197-exec-5] c.s.e.vue.controller.EmployeeController  : 1-------------deleteEmployee-----------------------------32
2019-09-18 20:00:07.906  INFO 43400 --- [nio-8197-exec-6] c.s.e.vue.controller.EmployeeController  : 1-------------findAllEmployees-----------------------------Wed Sep 18 20:00:07 KST 2019
2019-09-18 20:01:30.507  INFO 43400 --- [nio-8197-exec-8] c.s.e.vue.controller.EmployeeController  : 1-------------findAllEmployees-----------------------------Wed Sep 18 20:01:30 KST 2019
2019-09-18 20:01:39.699  INFO 43400 --- [io-8197-exec-10] c.s.e.vue.controller.EmployeeController  : 1-------------findAllEmployees-----------------------------Wed Sep 18 20:01:39 KST 2019
2019-09-18 20:02:34.105  INFO 43400 --- [nio-8197-exec-3] c.s.e.vue.controller.EmployeeController  : 1-------------findAllEmployees-----------------------------Wed Sep 18 20:02:34 KST 2019
2019-09-18 20:02:37.801  INFO 43400 --- [nio-8197-exec-2] c.s.e.vue.controller.EmployeeController  : 1-------------findAllEmployees-----------------------------Wed Sep 18 20:02:37 KST 2019
2019-09-18 20:02:42.653  INFO 43400 --- [nio-8197-exec-4] c.s.e.vue.controller.EmployeeController  : 1-------------deleteEmployee-----------------------------Wed Sep 18 20:02:42 KST 2019
2019-09-18 20:02:42.653  INFO 43400 --- [nio-8197-exec-4] c.s.e.vue.controller.EmployeeController  : 1-------------deleteEmployee-----------------------------31
2019-09-18 20:02:46.502  INFO 43400 --- [nio-8197-exec-6] c.s.e.vue.controller.EmployeeController  : 1-------------findAllEmployees-----------------------------Wed Sep 18 20:02:46 KST 2019
2019-09-18 20:06:08.700  INFO 43400 --- [nio-8197-exec-8] c.s.e.vue.controller.EmployeeController  : 1-------------findAllEmployees-----------------------------Wed Sep 18 20:06:08 KST 2019
2019-09-18 20:06:16.778  INFO 43400 --- [nio-8197-exec-9] c.s.e.vue.controller.EmployeeController  : 1-------------deleteEmployee-----------------------------Wed Sep 18 20:06:16 KST 2019
2019-09-18 20:06:16.779  INFO 43400 --- [nio-8197-exec-9] c.s.e.vue.controller.EmployeeController  : 1-------------deleteEmployee-----------------------------30
2019-09-18 20:06:23.791  INFO 43400 --- [io-8197-exec-10] c.s.e.vue.controller.EmployeeController  : 1-------------findAllEmployees-----------------------------Wed Sep 18 20:06:23 KST 2019
2019-09-18 20:15:36.120  INFO 43400 --- [nio-8197-exec-3] c.s.e.vue.controller.EmployeeController  : 1-------------findAllEmployees-----------------------------Wed Sep 18 20:15:36 KST 2019
2019-09-18 20:16:06.893  INFO 43400 --- [nio-8197-exec-2] c.s.e.vue.controller.EmployeeController  : 1-------------deleteEmployee-----------------------------Wed Sep 18 20:16:06 KST 2019
2019-09-18 20:16:06.894  INFO 43400 --- [nio-8197-exec-2] c.s.e.vue.controller.EmployeeController  : 1-------------deleteEmployee-----------------------------28
2019-09-18 20:16:08.250  INFO 43400 --- [nio-8197-exec-4] c.s.e.vue.controller.EmployeeController  : 1-------------findAllEmployees-----------------------------Wed Sep 18 20:16:08 KST 2019
2019-09-18 20:33:50.265  INFO 43400 --- [nio-8197-exec-6] c.s.e.vue.controller.EmployeeController  : 1-------------findAllEmployees-----------------------------Wed Sep 18 20:33:50 KST 2019
2019-09-18 20:34:08.334  INFO 43400 --- [nio-8197-exec-7] c.s.e.vue.controller.EmployeeController  : 1-------------findAllEmployees-----------------------------Wed Sep 18 20:34:08 KST 2019
2019-09-18 20:34:08.346  INFO 43400 --- [nio-8197-exec-8] c.s.e.vue.controller.EmployeeController  : 4-------------findAllDepartments-----------------------------Wed Sep 18 20:34:08 KST 2019
2019-09-18 20:34:08.349  INFO 43400 --- [nio-8197-exec-9] c.s.e.vue.controller.EmployeeController  : 6-------------findAllTitles-----------------------------Wed Sep 18 20:34:08 KST 2019
2019-09-18 20:34:10.362  INFO 43400 --- [io-8197-exec-10] c.s.e.vue.controller.EmployeeController  : 1-------------findAllEmployees-----------------------------Wed Sep 18 20:34:10 KST 2019
2019-09-18 20:34:11.634  INFO 43400 --- [nio-8197-exec-1] c.s.e.vue.controller.EmployeeController  : 1-------------findAllEmployees-----------------------------Wed Sep 18 20:34:11 KST 2019
2019-09-18 20:34:12.523  INFO 43400 --- [nio-8197-exec-3] c.s.e.vue.controller.EmployeeController  : 1-------------findAllEmployees-----------------------------Wed Sep 18 20:34:12 KST 2019
2019-09-18 20:34:18.651  INFO 43400 --- [nio-8197-exec-2] c.s.e.vue.controller.EmployeeController  : 1-------------findAllEmployees-----------------------------Wed Sep 18 20:34:18 KST 2019
2019-09-18 20:34:26.538  INFO 43400 --- [nio-8197-exec-4] c.s.e.vue.controller.EmployeeController  : 1-------------findAllDepCounts-----------------------------Wed Sep 18 20:34:26 KST 2019
2019-09-18 20:34:27.832  INFO 43400 --- [nio-8197-exec-5] c.s.e.vue.controller.EmployeeController  : 1-------------findDepartmentsBydeptid-----------------------------Wed Sep 18 20:34:27 KST 2019
2019-09-18 20:34:27.844  INFO 43400 --- [nio-8197-exec-6] c.s.e.vue.controller.EmployeeController  : 1-------------findDepartmentsBydeptid-----------------------------Wed Sep 18 20:34:27 KST 2019
2019-09-18 20:34:27.895  INFO 43400 --- [nio-8197-exec-7] c.s.e.vue.controller.EmployeeController  : 1-------------findDepartmentsBydeptid-----------------------------Wed Sep 18 20:34:27 KST 2019
2019-09-18 20:34:28.076  INFO 43400 --- [nio-8197-exec-9] c.s.e.vue.controller.EmployeeController  : 1-------------findDepartmentsBydeptid-----------------------------Wed Sep 18 20:34:28 KST 2019
2019-09-18 20:34:28.476  INFO 43400 --- [nio-8197-exec-8] c.s.e.vue.controller.EmployeeController  : 1-------------findDepartmentsBydeptid-----------------------------Wed Sep 18 20:34:28 KST 2019
2019-09-18 20:34:28.493  INFO 43400 --- [io-8197-exec-10] c.s.e.vue.controller.EmployeeController  : 1-------------findDepartmentsBydeptid-----------------------------Wed Sep 18 20:34:28 KST 2019
2019-09-18 20:34:28.526  INFO 43400 --- [nio-8197-exec-1] c.s.e.vue.controller.EmployeeController  : 1-------------findDepartmentsBydeptid-----------------------------Wed Sep 18 20:34:28 KST 2019
2019-09-18 20:34:28.565  INFO 43400 --- [nio-8197-exec-3] c.s.e.vue.controller.EmployeeController  : 1-------------findDepartmentsBydeptid-----------------------------Wed Sep 18 20:34:28 KST 2019
2019-09-18 20:34:28.576  INFO 43400 --- [nio-8197-exec-2] c.s.e.vue.controller.EmployeeController  : 1-------------findDepartmentsBydeptid-----------------------------Wed Sep 18 20:34:28 KST 2019
2019-09-18 20:34:28.628  INFO 43400 --- [nio-8197-exec-4] c.s.e.vue.controller.EmployeeController  : 1-------------findDepartmentsBydeptid-----------------------------Wed Sep 18 20:34:28 KST 2019
2019-09-18 20:34:28.645  INFO 43400 --- [nio-8197-exec-5] c.s.e.vue.controller.EmployeeController  : 1-------------findDepartmentsBydeptid-----------------------------Wed Sep 18 20:34:28 KST 2019
2019-09-18 20:34:28.673  INFO 43400 --- [nio-8197-exec-6] c.s.e.vue.controller.EmployeeController  : 1-------------findDepartmentsBydeptid-----------------------------Wed Sep 18 20:34:28 KST 2019
2019-09-18 20:34:28.758  INFO 43400 --- [nio-8197-exec-7] c.s.e.vue.controller.EmployeeController  : 1-------------findDepartmentsBydeptid-----------------------------Wed Sep 18 20:34:28 KST 2019
2019-09-18 20:34:28.806  INFO 43400 --- [nio-8197-exec-9] c.s.e.vue.controller.EmployeeController  : 1-------------findDepartmentsBydeptid-----------------------------Wed Sep 18 20:34:28 KST 2019
2019-09-18 20:34:28.835  INFO 43400 --- [nio-8197-exec-8] c.s.e.vue.controller.EmployeeController  : 1-------------findDepartmentsBydeptid-----------------------------Wed Sep 18 20:34:28 KST 2019
2019-09-18 20:34:28.998  INFO 43400 --- [io-8197-exec-10] c.s.e.vue.controller.EmployeeController  : 1-------------findDepartmentsBydeptid-----------------------------Wed Sep 18 20:34:28 KST 2019
2019-09-18 20:34:29.015  INFO 43400 --- [nio-8197-exec-1] c.s.e.vue.controller.EmployeeController  : 1-------------findDepartmentsBydeptid-----------------------------Wed Sep 18 20:34:29 KST 2019
2019-09-18 20:34:29.041  INFO 43400 --- [nio-8197-exec-3] c.s.e.vue.controller.EmployeeController  : 1-------------findDepartmentsBydeptid-----------------------------Wed Sep 18 20:34:29 KST 2019
2019-09-18 20:34:29.059  INFO 43400 --- [nio-8197-exec-2] c.s.e.vue.controller.EmployeeController  : 1-------------findDepartmentsBydeptid-----------------------------Wed Sep 18 20:34:29 KST 2019
2019-09-18 20:34:29.074  INFO 43400 --- [nio-8197-exec-4] c.s.e.vue.controller.EmployeeController  : 1-------------findDepartmentsBydeptid-----------------------------Wed Sep 18 20:34:29 KST 2019
2019-09-18 20:34:29.151  INFO 43400 --- [nio-8197-exec-5] c.s.e.vue.controller.EmployeeController  : 1-------------findDepartmentsBydeptid-----------------------------Wed Sep 18 20:34:29 KST 2019
2019-09-18 20:34:29.179  INFO 43400 --- [nio-8197-exec-6] c.s.e.vue.controller.EmployeeController  : 1-------------findDepartmentsBydeptid-----------------------------Wed Sep 18 20:34:29 KST 2019
2019-09-18 20:34:29.187  INFO 43400 --- [nio-8197-exec-7] c.s.e.vue.controller.EmployeeController  : 1-------------findDepartmentsBydeptid-----------------------------Wed Sep 18 20:34:29 KST 2019
2019-09-18 20:34:29.203  INFO 43400 --- [nio-8197-exec-9] c.s.e.vue.controller.EmployeeController  : 1-------------findDepartmentsBydeptid-----------------------------Wed Sep 18 20:34:29 KST 2019
2019-09-18 20:34:29.213  INFO 43400 --- [nio-8197-exec-8] c.s.e.vue.controller.EmployeeController  : 1-------------findDepartmentsBydeptid-----------------------------Wed Sep 18 20:34:29 KST 2019
2019-09-18 20:34:29.313  INFO 43400 --- [io-8197-exec-10] c.s.e.vue.controller.EmployeeController  : 1-------------findDepartmentsBydeptid-----------------------------Wed Sep 18 20:34:29 KST 2019
2019-09-18 20:34:29.409  INFO 43400 --- [nio-8197-exec-1] c.s.e.vue.controller.EmployeeController  : 1-------------findDepartmentsBydeptid-----------------------------Wed Sep 18 20:34:29 KST 2019
2019-09-18 20:34:29.757  INFO 43400 --- [nio-8197-exec-3] c.s.e.vue.controller.EmployeeController  : 1-------------findDepartmentsBydeptid-----------------------------Wed Sep 18 20:34:29 KST 2019
2019-09-18 20:34:30.625  INFO 43400 --- [nio-8197-exec-2] c.s.e.vue.controller.EmployeeController  : 1-------------findDepartmentsBydeptid-----------------------------Wed Sep 18 20:34:30 KST 2019
2019-09-18 20:34:30.711  INFO 43400 --- [nio-8197-exec-5] c.s.e.vue.controller.EmployeeController  : 1-------------findDepartmentsBydeptid-----------------------------Wed Sep 18 20:34:30 KST 2019
2019-09-18 20:34:31.683  INFO 43400 --- [nio-8197-exec-6] c.s.e.vue.controller.EmployeeController  : 1-------------findDepartmentsBydeptid-----------------------------Wed Sep 18 20:34:31 KST 2019
2019-09-18 20:34:31.759  INFO 43400 --- [nio-8197-exec-7] c.s.e.vue.controller.EmployeeController  : 1-------------findDepartmentsBydeptid-----------------------------Wed Sep 18 20:34:31 KST 2019
2019-09-18 20:34:31.807  INFO 43400 --- [nio-8197-exec-4] c.s.e.vue.controller.EmployeeController  : 1-------------findDepartmentsBydeptid-----------------------------Wed Sep 18 20:34:31 KST 2019
2019-09-18 20:34:31.857  INFO 43400 --- [nio-8197-exec-9] c.s.e.vue.controller.EmployeeController  : 1-------------findDepartmentsBydeptid-----------------------------Wed Sep 18 20:34:31 KST 2019
2019-09-18 20:34:33.441  INFO 43400 --- [nio-8197-exec-8] c.s.e.vue.controller.EmployeeController  : 1-------------findDepartmentsBydeptid-----------------------------Wed Sep 18 20:34:33 KST 2019
2019-09-18 20:34:33.458  INFO 43400 --- [io-8197-exec-10] c.s.e.vue.controller.EmployeeController  : 1-------------findDepartmentsBydeptid-----------------------------Wed Sep 18 20:34:33 KST 2019
2019-09-18 20:34:33.540  INFO 43400 --- [nio-8197-exec-1] c.s.e.vue.controller.EmployeeController  : 1-------------findDepartmentsBydeptid-----------------------------Wed Sep 18 20:34:33 KST 2019
2019-09-18 20:34:33.760  INFO 43400 --- [nio-8197-exec-3] c.s.e.vue.controller.EmployeeController  : 1-------------findDepartmentsBydeptid-----------------------------Wed Sep 18 20:34:33 KST 2019
2019-09-18 20:34:34.696  INFO 43400 --- [nio-8197-exec-2] c.s.e.vue.controller.EmployeeController  : 1-------------findDepartmentsBydeptid-----------------------------Wed Sep 18 20:34:34 KST 2019
2019-09-18 20:34:34.719  INFO 43400 --- [nio-8197-exec-5] c.s.e.vue.controller.EmployeeController  : 1-------------findDepartmentsBydeptid-----------------------------Wed Sep 18 20:34:34 KST 2019
2019-09-18 20:34:34.756  INFO 43400 --- [nio-8197-exec-6] c.s.e.vue.controller.EmployeeController  : 1-------------findDepartmentsBydeptid-----------------------------Wed Sep 18 20:34:34 KST 2019
2019-09-18 20:34:34.807  INFO 43400 --- [nio-8197-exec-7] c.s.e.vue.controller.EmployeeController  : 1-------------findDepartmentsBydeptid-----------------------------Wed Sep 18 20:34:34 KST 2019
2019-09-18 20:34:34.856  INFO 43400 --- [nio-8197-exec-4] c.s.e.vue.controller.EmployeeController  : 1-------------findDepartmentsBydeptid-----------------------------Wed Sep 18 20:34:34 KST 2019
2019-09-18 20:34:34.940  INFO 43400 --- [nio-8197-exec-9] c.s.e.vue.controller.EmployeeController  : 1-------------findDepartmentsBydeptid-----------------------------Wed Sep 18 20:34:34 KST 2019
2019-09-18 20:34:35.251  INFO 43400 --- [nio-8197-exec-8] c.s.e.vue.controller.EmployeeController  : 1-------------findDepartmentsBydeptid-----------------------------Wed Sep 18 20:34:35 KST 2019
2019-09-18 20:34:35.308  INFO 43400 --- [io-8197-exec-10] c.s.e.vue.controller.EmployeeController  : 1-------------findDepartmentsBydeptid-----------------------------Wed Sep 18 20:34:35 KST 2019
2019-09-18 20:34:35.339  INFO 43400 --- [nio-8197-exec-1] c.s.e.vue.controller.EmployeeController  : 1-------------findDepartmentsBydeptid-----------------------------Wed Sep 18 20:34:35 KST 2019
2019-09-18 20:34:35.360  INFO 43400 --- [nio-8197-exec-3] c.s.e.vue.controller.EmployeeController  : 1-------------findDepartmentsBydeptid-----------------------------Wed Sep 18 20:34:35 KST 2019
2019-09-18 20:34:35.424  INFO 43400 --- [nio-8197-exec-2] c.s.e.vue.controller.EmployeeController  : 1-------------findDepartmentsBydeptid-----------------------------Wed Sep 18 20:34:35 KST 2019
2019-09-18 20:34:37.393  INFO 43400 --- [nio-8197-exec-5] c.s.e.vue.controller.EmployeeController  : 1-------------findDepartmentsBydeptid-----------------------------Wed Sep 18 20:34:37 KST 2019
2019-09-18 20:34:39.490  INFO 43400 --- [nio-8197-exec-6] c.s.e.vue.controller.EmployeeController  : 1-------------findDepartmentsBydeptid-----------------------------Wed Sep 18 20:34:39 KST 2019
2019-09-18 20:34:39.522  INFO 43400 --- [nio-8197-exec-7] c.s.e.vue.controller.EmployeeController  : 1-------------findDepartmentsBydeptid-----------------------------Wed Sep 18 20:34:39 KST 2019
2019-09-18 20:34:39.606  INFO 43400 --- [nio-8197-exec-4] c.s.e.vue.controller.EmployeeController  : 1-------------findDepartmentsBydeptid-----------------------------Wed Sep 18 20:34:39 KST 2019
2019-09-18 20:34:39.711  INFO 43400 --- [nio-8197-exec-9] c.s.e.vue.controller.EmployeeController  : 1-------------findDepartmentsBydeptid-----------------------------Wed Sep 18 20:34:39 KST 2019
2019-09-18 20:34:39.842  INFO 43400 --- [nio-8197-exec-8] c.s.e.vue.controller.EmployeeController  : 1-------------findDepartmentsBydeptid-----------------------------Wed Sep 18 20:34:39 KST 2019
2019-09-18 20:34:40.322  INFO 43400 --- [io-8197-exec-10] c.s.e.vue.controller.EmployeeController  : 1-------------findDepartmentsBydeptid-----------------------------Wed Sep 18 20:34:40 KST 2019
2019-09-18 20:34:40.423  INFO 43400 --- [nio-8197-exec-1] c.s.e.vue.controller.EmployeeController  : 1-------------findDepartmentsBydeptid-----------------------------Wed Sep 18 20:34:40 KST 2019
2019-09-18 20:34:40.487  INFO 43400 --- [nio-8197-exec-3] c.s.e.vue.controller.EmployeeController  : 1-------------findDepartmentsBydeptid-----------------------------Wed Sep 18 20:34:40 KST 2019
2019-09-18 20:34:40.505  INFO 43400 --- [nio-8197-exec-2] c.s.e.vue.controller.EmployeeController  : 1-------------findDepartmentsBydeptid-----------------------------Wed Sep 18 20:34:40 KST 2019
2019-09-18 20:34:40.524  INFO 43400 --- [nio-8197-exec-5] c.s.e.vue.controller.EmployeeController  : 1-------------findDepartmentsBydeptid-----------------------------Wed Sep 18 20:34:40 KST 2019
2019-09-18 20:34:40.572  INFO 43400 --- [nio-8197-exec-6] c.s.e.vue.controller.EmployeeController  : 1-------------findDepartmentsBydeptid-----------------------------Wed Sep 18 20:34:40 KST 2019
2019-09-18 20:34:40.590  INFO 43400 --- [nio-8197-exec-7] c.s.e.vue.controller.EmployeeController  : 1-------------findDepartmentsBydeptid-----------------------------Wed Sep 18 20:34:40 KST 2019
2019-09-18 20:34:40.605  INFO 43400 --- [nio-8197-exec-4] c.s.e.vue.controller.EmployeeController  : 1-------------findDepartmentsBydeptid-----------------------------Wed Sep 18 20:34:40 KST 2019
2019-09-18 20:34:40.654  INFO 43400 --- [nio-8197-exec-9] c.s.e.vue.controller.EmployeeController  : 1-------------findDepartmentsBydeptid-----------------------------Wed Sep 18 20:34:40 KST 2019
2019-09-18 20:34:40.774  INFO 43400 --- [nio-8197-exec-8] c.s.e.vue.controller.EmployeeController  : 1-------------findDepartmentsBydeptid-----------------------------Wed Sep 18 20:34:40 KST 2019
2019-09-18 20:34:40.872  INFO 43400 --- [io-8197-exec-10] c.s.e.vue.controller.EmployeeController  : 1-------------findDepartmentsBydeptid-----------------------------Wed Sep 18 20:34:40 KST 2019
2019-09-18 20:34:40.888  INFO 43400 --- [nio-8197-exec-1] c.s.e.vue.controller.EmployeeController  : 1-------------findDepartmentsBydeptid-----------------------------Wed Sep 18 20:34:40 KST 2019
2019-09-18 20:34:41.023  INFO 43400 --- [nio-8197-exec-3] c.s.e.vue.controller.EmployeeController  : 1-------------findDepartmentsBydeptid-----------------------------Wed Sep 18 20:34:41 KST 2019
2019-09-18 20:34:41.040  INFO 43400 --- [nio-8197-exec-2] c.s.e.vue.controller.EmployeeController  : 1-------------findDepartmentsBydeptid-----------------------------Wed Sep 18 20:34:41 KST 2019
2019-09-18 20:34:41.104  INFO 43400 --- [nio-8197-exec-5] c.s.e.vue.controller.EmployeeController  : 1-------------findDepartmentsBydeptid-----------------------------Wed Sep 18 20:34:41 KST 2019
2019-09-18 20:34:41.142  INFO 43400 --- [nio-8197-exec-6] c.s.e.vue.controller.EmployeeController  : 1-------------findDepartmentsBydeptid-----------------------------Wed Sep 18 20:34:41 KST 2019
2019-09-18 20:34:41.156  INFO 43400 --- [nio-8197-exec-7] c.s.e.vue.controller.EmployeeController  : 1-------------findDepartmentsBydeptid-----------------------------Wed Sep 18 20:34:41 KST 2019
2019-09-18 20:34:41.254  INFO 43400 --- [nio-8197-exec-4] c.s.e.vue.controller.EmployeeController  : 1-------------findDepartmentsBydeptid-----------------------------Wed Sep 18 20:34:41 KST 2019
2019-09-18 20:34:41.321  INFO 43400 --- [nio-8197-exec-9] c.s.e.vue.controller.EmployeeController  : 1-------------findDepartmentsBydeptid-----------------------------Wed Sep 18 20:34:41 KST 2019
2019-09-18 20:34:41.340  INFO 43400 --- [nio-8197-exec-8] c.s.e.vue.controller.EmployeeController  : 1-------------findDepartmentsBydeptid-----------------------------Wed Sep 18 20:34:41 KST 2019
2019-09-18 20:34:41.406  INFO 43400 --- [io-8197-exec-10] c.s.e.vue.controller.EmployeeController  : 1-------------findDepartmentsBydeptid-----------------------------Wed Sep 18 20:34:41 KST 2019
2019-09-18 20:34:41.423  INFO 43400 --- [nio-8197-exec-1] c.s.e.vue.controller.EmployeeController  : 1-------------findDepartmentsBydeptid-----------------------------Wed Sep 18 20:34:41 KST 2019
2019-09-18 20:34:41.439  INFO 43400 --- [nio-8197-exec-3] c.s.e.vue.controller.EmployeeController  : 1-------------findDepartmentsBydeptid-----------------------------Wed Sep 18 20:34:41 KST 2019
2019-09-18 20:34:41.693  INFO 43400 --- [nio-8197-exec-2] c.s.e.vue.controller.EmployeeController  : 1-------------findDepartmentsBydeptid-----------------------------Wed Sep 18 20:34:41 KST 2019
2019-09-18 20:34:41.724  INFO 43400 --- [nio-8197-exec-5] c.s.e.vue.controller.EmployeeController  : 1-------------findDepartmentsBydeptid-----------------------------Wed Sep 18 20:34:41 KST 2019
2019-09-18 20:34:41.755  INFO 43400 --- [nio-8197-exec-6] c.s.e.vue.controller.EmployeeController  : 1-------------findDepartmentsBydeptid-----------------------------Wed Sep 18 20:34:41 KST 2019
2019-09-18 20:34:41.772  INFO 43400 --- [nio-8197-exec-7] c.s.e.vue.controller.EmployeeController  : 1-------------findDepartmentsBydeptid-----------------------------Wed Sep 18 20:34:41 KST 2019
2019-09-18 20:34:41.789  INFO 43400 --- [nio-8197-exec-4] c.s.e.vue.controller.EmployeeController  : 1-------------findDepartmentsBydeptid-----------------------------Wed Sep 18 20:34:41 KST 2019
2019-09-18 20:34:41.822  INFO 43400 --- [nio-8197-exec-9] c.s.e.vue.controller.EmployeeController  : 1-------------findDepartmentsBydeptid-----------------------------Wed Sep 18 20:34:41 KST 2019
2019-09-18 20:34:41.840  INFO 43400 --- [nio-8197-exec-8] c.s.e.vue.controller.EmployeeController  : 1-------------findDepartmentsBydeptid-----------------------------Wed Sep 18 20:34:41 KST 2019
2019-09-18 20:34:41.906  INFO 43400 --- [io-8197-exec-10] c.s.e.vue.controller.EmployeeController  : 1-------------findDepartmentsBydeptid-----------------------------Wed Sep 18 20:34:41 KST 2019
2019-09-18 20:34:41.929  INFO 43400 --- [nio-8197-exec-1] c.s.e.vue.controller.EmployeeController  : 1-------------findDepartmentsBydeptid-----------------------------Wed Sep 18 20:34:41 KST 2019
2019-09-18 20:34:42.040  INFO 43400 --- [nio-8197-exec-3] c.s.e.vue.controller.EmployeeController  : 1-------------findDepartmentsBydeptid-----------------------------Wed Sep 18 20:34:42 KST 2019
2019-09-18 20:34:42.143  INFO 43400 --- [nio-8197-exec-2] c.s.e.vue.controller.EmployeeController  : 1-------------findDepartmentsBydeptid-----------------------------Wed Sep 18 20:34:42 KST 2019
2019-09-18 20:34:42.289  INFO 43400 --- [nio-8197-exec-5] c.s.e.vue.controller.EmployeeController  : 1-------------findDepartmentsBydeptid-----------------------------Wed Sep 18 20:34:42 KST 2019
2019-09-18 20:34:43.438  INFO 43400 --- [nio-8197-exec-6] c.s.e.vue.controller.EmployeeController  : 1-------------findDepartmentsBydeptid-----------------------------Wed Sep 18 20:34:43 KST 2019
2019-09-18 20:34:43.456  INFO 43400 --- [nio-8197-exec-7] c.s.e.vue.controller.EmployeeController  : 1-------------findDepartmentsBydeptid-----------------------------Wed Sep 18 20:34:43 KST 2019
2019-09-18 20:34:43.490  INFO 43400 --- [nio-8197-exec-4] c.s.e.vue.controller.EmployeeController  : 1-------------findDepartmentsBydeptid-----------------------------Wed Sep 18 20:34:43 KST 2019
2019-09-18 20:34:43.555  INFO 43400 --- [nio-8197-exec-9] c.s.e.vue.controller.EmployeeController  : 1-------------findDepartmentsBydeptid-----------------------------Wed Sep 18 20:34:43 KST 2019
2019-09-18 20:34:43.587  INFO 43400 --- [nio-8197-exec-8] c.s.e.vue.controller.EmployeeController  : 1-------------findDepartmentsBydeptid-----------------------------Wed Sep 18 20:34:43 KST 2019
2019-09-18 20:34:43.604  INFO 43400 --- [io-8197-exec-10] c.s.e.vue.controller.EmployeeController  : 1-------------findDepartmentsBydeptid-----------------------------Wed Sep 18 20:34:43 KST 2019
2019-09-18 20:34:43.637  INFO 43400 --- [nio-8197-exec-1] c.s.e.vue.controller.EmployeeController  : 1-------------findDepartmentsBydeptid-----------------------------Wed Sep 18 20:34:43 KST 2019
2019-09-18 20:34:43.708  INFO 43400 --- [nio-8197-exec-3] c.s.e.vue.controller.EmployeeController  : 1-------------findDepartmentsBydeptid-----------------------------Wed Sep 18 20:34:43 KST 2019
2019-09-18 20:34:43.871  INFO 43400 --- [nio-8197-exec-2] c.s.e.vue.controller.EmployeeController  : 1-------------findDepartmentsBydeptid-----------------------------Wed Sep 18 20:34:43 KST 2019
2019-09-18 20:34:43.905  INFO 43400 --- [nio-8197-exec-5] c.s.e.vue.controller.EmployeeController  : 1-------------findDepartmentsBydeptid-----------------------------Wed Sep 18 20:34:43 KST 2019
2019-09-18 20:34:44.044  INFO 43400 --- [nio-8197-exec-6] c.s.e.vue.controller.EmployeeController  : 1-------------findDepartmentsBydeptid-----------------------------Wed Sep 18 20:34:44 KST 2019
2019-09-18 20:34:44.057  INFO 43400 --- [nio-8197-exec-7] c.s.e.vue.controller.EmployeeController  : 1-------------findDepartmentsBydeptid-----------------------------Wed Sep 18 20:34:44 KST 2019
2019-09-18 20:34:44.073  INFO 43400 --- [nio-8197-exec-4] c.s.e.vue.controller.EmployeeController  : 1-------------findDepartmentsBydeptid-----------------------------Wed Sep 18 20:34:44 KST 2019
2019-09-18 20:34:44.107  INFO 43400 --- [nio-8197-exec-9] c.s.e.vue.controller.EmployeeController  : 1-------------findDepartmentsBydeptid-----------------------------Wed Sep 18 20:34:44 KST 2019
2019-09-18 20:34:44.123  INFO 43400 --- [nio-8197-exec-8] c.s.e.vue.controller.EmployeeController  : 1-------------findDepartmentsBydeptid-----------------------------Wed Sep 18 20:34:44 KST 2019
2019-09-18 20:34:44.195  INFO 43400 --- [io-8197-exec-10] c.s.e.vue.controller.EmployeeController  : 1-------------findDepartmentsBydeptid-----------------------------Wed Sep 18 20:34:44 KST 2019
2019-09-18 20:34:44.229  INFO 43400 --- [nio-8197-exec-1] c.s.e.vue.controller.EmployeeController  : 1-------------findDepartmentsBydeptid-----------------------------Wed Sep 18 20:34:44 KST 2019
2019-09-18 20:34:44.255  INFO 43400 --- [nio-8197-exec-3] c.s.e.vue.controller.EmployeeController  : 1-------------findDepartmentsBydeptid-----------------------------Wed Sep 18 20:34:44 KST 2019
2019-09-18 20:34:44.271  INFO 43400 --- [nio-8197-exec-2] c.s.e.vue.controller.EmployeeController  : 1-------------findDepartmentsBydeptid-----------------------------Wed Sep 18 20:34:44 KST 2019
2019-09-18 20:34:44.289  INFO 43400 --- [nio-8197-exec-5] c.s.e.vue.controller.EmployeeController  : 1-------------findDepartmentsBydeptid-----------------------------Wed Sep 18 20:34:44 KST 2019
2019-09-18 20:34:44.360  INFO 43400 --- [nio-8197-exec-6] c.s.e.vue.controller.EmployeeController  : 1-------------findDepartmentsBydeptid-----------------------------Wed Sep 18 20:34:44 KST 2019
2019-09-18 20:34:44.387  INFO 43400 --- [nio-8197-exec-7] c.s.e.vue.controller.EmployeeController  : 1-------------findDepartmentsBydeptid-----------------------------Wed Sep 18 20:34:44 KST 2019
2019-09-18 20:34:44.511  INFO 43400 --- [nio-8197-exec-4] c.s.e.vue.controller.EmployeeController  : 1-------------findDepartmentsBydeptid-----------------------------Wed Sep 18 20:34:44 KST 2019
2019-09-18 20:34:44.543  INFO 43400 --- [nio-8197-exec-9] c.s.e.vue.controller.EmployeeController  : 1-------------findDepartmentsBydeptid-----------------------------Wed Sep 18 20:34:44 KST 2019
2019-09-18 20:34:44.553  INFO 43400 --- [nio-8197-exec-8] c.s.e.vue.controller.EmployeeController  : 1-------------findDepartmentsBydeptid-----------------------------Wed Sep 18 20:34:44 KST 2019
2019-09-18 20:34:44.647  INFO 43400 --- [io-8197-exec-10] c.s.e.vue.controller.EmployeeController  : 1-------------findDepartmentsBydeptid-----------------------------Wed Sep 18 20:34:44 KST 2019
2019-09-18 20:34:44.670  INFO 43400 --- [nio-8197-exec-1] c.s.e.vue.controller.EmployeeController  : 1-------------findDepartmentsBydeptid-----------------------------Wed Sep 18 20:34:44 KST 2019
2019-09-18 20:34:44.787  INFO 43400 --- [nio-8197-exec-3] c.s.e.vue.controller.EmployeeController  : 1-------------findDepartmentsBydeptid-----------------------------Wed Sep 18 20:34:44 KST 2019
2019-09-18 20:34:44.805  INFO 43400 --- [nio-8197-exec-2] c.s.e.vue.controller.EmployeeController  : 1-------------findDepartmentsBydeptid-----------------------------Wed Sep 18 20:34:44 KST 2019
2019-09-18 20:34:44.845  INFO 43400 --- [nio-8197-exec-5] c.s.e.vue.controller.EmployeeController  : 1-------------findDepartmentsBydeptid-----------------------------Wed Sep 18 20:34:44 KST 2019
2019-09-18 20:34:44.940  INFO 43400 --- [nio-8197-exec-6] c.s.e.vue.controller.EmployeeController  : 1-------------findDepartmentsBydeptid-----------------------------Wed Sep 18 20:34:44 KST 2019
2019-09-18 20:34:44.947  INFO 43400 --- [nio-8197-exec-7] c.s.e.vue.controller.EmployeeController  : 1-------------findDepartmentsBydeptid-----------------------------Wed Sep 18 20:34:44 KST 2019
2019-09-18 20:34:44.962  INFO 43400 --- [nio-8197-exec-4] c.s.e.vue.controller.EmployeeController  : 1-------------findDepartmentsBydeptid-----------------------------Wed Sep 18 20:34:44 KST 2019
2019-09-18 20:34:44.973  INFO 43400 --- [nio-8197-exec-9] c.s.e.vue.controller.EmployeeController  : 1-------------findDepartmentsBydeptid-----------------------------Wed Sep 18 20:34:44 KST 2019
2019-09-18 20:34:44.991  INFO 43400 --- [nio-8197-exec-8] c.s.e.vue.controller.EmployeeController  : 1-------------findDepartmentsBydeptid-----------------------------Wed Sep 18 20:34:44 KST 2019
2019-09-18 20:34:45.009  INFO 43400 --- [io-8197-exec-10] c.s.e.vue.controller.EmployeeController  : 1-------------findDepartmentsBydeptid-----------------------------Wed Sep 18 20:34:45 KST 2019
2019-09-18 20:34:45.079  INFO 43400 --- [nio-8197-exec-1] c.s.e.vue.controller.EmployeeController  : 1-------------findDepartmentsBydeptid-----------------------------Wed Sep 18 20:34:45 KST 2019
2019-09-18 20:34:45.104  INFO 43400 --- [nio-8197-exec-3] c.s.e.vue.controller.EmployeeController  : 1-------------findDepartmentsBydeptid-----------------------------Wed Sep 18 20:34:45 KST 2019
2019-09-18 20:34:45.138  INFO 43400 --- [nio-8197-exec-2] c.s.e.vue.controller.EmployeeController  : 1-------------findDepartmentsBydeptid-----------------------------Wed Sep 18 20:34:45 KST 2019
2019-09-18 20:34:45.155  INFO 43400 --- [nio-8197-exec-5] c.s.e.vue.controller.EmployeeController  : 1-------------findDepartmentsBydeptid-----------------------------Wed Sep 18 20:34:45 KST 2019
2019-09-18 20:34:45.171  INFO 43400 --- [nio-8197-exec-6] c.s.e.vue.controller.EmployeeController  : 1-------------findDepartmentsBydeptid-----------------------------Wed Sep 18 20:34:45 KST 2019
2019-09-18 20:34:45.255  INFO 43400 --- [nio-8197-exec-7] c.s.e.vue.controller.EmployeeController  : 1-------------findDepartmentsBydeptid-----------------------------Wed Sep 18 20:34:45 KST 2019
2019-09-18 20:34:45.289  INFO 43400 --- [nio-8197-exec-4] c.s.e.vue.controller.EmployeeController  : 1-------------findDepartmentsBydeptid-----------------------------Wed Sep 18 20:34:45 KST 2019
2019-09-18 20:34:45.338  INFO 43400 --- [nio-8197-exec-9] c.s.e.vue.controller.EmployeeController  : 1-------------findDepartmentsBydeptid-----------------------------Wed Sep 18 20:34:45 KST 2019
2019-09-18 20:34:45.355  INFO 43400 --- [nio-8197-exec-8] c.s.e.vue.controller.EmployeeController  : 1-------------findDepartmentsBydeptid-----------------------------Wed Sep 18 20:34:45 KST 2019
2019-09-18 20:34:45.372  INFO 43400 --- [io-8197-exec-10] c.s.e.vue.controller.EmployeeController  : 1-------------findDepartmentsBydeptid-----------------------------Wed Sep 18 20:34:45 KST 2019
2019-09-18 20:34:45.388  INFO 43400 --- [nio-8197-exec-1] c.s.e.vue.controller.EmployeeController  : 1-------------findDepartmentsBydeptid-----------------------------Wed Sep 18 20:34:45 KST 2019
2019-09-18 20:34:45.455  INFO 43400 --- [nio-8197-exec-3] c.s.e.vue.controller.EmployeeController  : 1-------------findDepartmentsBydeptid-----------------------------Wed Sep 18 20:34:45 KST 2019
2019-09-18 20:34:45.503  INFO 43400 --- [nio-8197-exec-2] c.s.e.vue.controller.EmployeeController  : 1-------------findDepartmentsBydeptid-----------------------------Wed Sep 18 20:34:45 KST 2019
2019-09-18 20:34:45.554  INFO 43400 --- [nio-8197-exec-5] c.s.e.vue.controller.EmployeeController  : 1-------------findDepartmentsBydeptid-----------------------------Wed Sep 18 20:34:45 KST 2019
2019-09-18 20:34:45.640  INFO 43400 --- [nio-8197-exec-6] c.s.e.vue.controller.EmployeeController  : 1-------------findDepartmentsBydeptid-----------------------------Wed Sep 18 20:34:45 KST 2019
2019-09-18 20:34:46.171  INFO 43400 --- [nio-8197-exec-7] c.s.e.vue.controller.EmployeeController  : 1-------------findDepartmentsBydeptid-----------------------------Wed Sep 18 20:34:46 KST 2019
2019-09-18 20:34:46.464  INFO 43400 --- [nio-8197-exec-4] c.s.e.vue.controller.EmployeeController  : 1-------------findDepartmentsBydeptid-----------------------------Wed Sep 18 20:34:46 KST 2019
2019-09-18 20:34:46.556  INFO 43400 --- [nio-8197-exec-9] c.s.e.vue.controller.EmployeeController  : 1-------------findDepartmentsBydeptid-----------------------------Wed Sep 18 20:34:46 KST 2019
2019-09-18 20:34:46.804  INFO 43400 --- [nio-8197-exec-8] c.s.e.vue.controller.EmployeeController  : 1-------------findDepartmentsBydeptid-----------------------------Wed Sep 18 20:34:46 KST 2019
2019-09-18 20:34:46.871  INFO 43400 --- [io-8197-exec-10] c.s.e.vue.controller.EmployeeController  : 1-------------findDepartmentsBydeptid-----------------------------Wed Sep 18 20:34:46 KST 2019
2019-09-18 20:34:46.921  INFO 43400 --- [nio-8197-exec-1] c.s.e.vue.controller.EmployeeController  : 1-------------findDepartmentsBydeptid-----------------------------Wed Sep 18 20:34:46 KST 2019
2019-09-18 20:34:46.955  INFO 43400 --- [nio-8197-exec-3] c.s.e.vue.controller.EmployeeController  : 1-------------findDepartmentsBydeptid-----------------------------Wed Sep 18 20:34:46 KST 2019
2019-09-18 20:34:46.987  INFO 43400 --- [nio-8197-exec-2] c.s.e.vue.controller.EmployeeController  : 1-------------findDepartmentsBydeptid-----------------------------Wed Sep 18 20:34:46 KST 2019
2019-09-18 20:34:47.005  INFO 43400 --- [nio-8197-exec-5] c.s.e.vue.controller.EmployeeController  : 1-------------findDepartmentsBydeptid-----------------------------Wed Sep 18 20:34:47 KST 2019
2019-09-18 20:34:47.023  INFO 43400 --- [nio-8197-exec-6] c.s.e.vue.controller.EmployeeController  : 1-------------findDepartmentsBydeptid-----------------------------Wed Sep 18 20:34:47 KST 2019
2019-09-18 20:34:47.055  INFO 43400 --- [nio-8197-exec-7] c.s.e.vue.controller.EmployeeController  : 1-------------findDepartmentsBydeptid-----------------------------Wed Sep 18 20:34:47 KST 2019
2019-09-18 20:34:47.139  INFO 43400 --- [nio-8197-exec-4] c.s.e.vue.controller.EmployeeController  : 1-------------findDepartmentsBydeptid-----------------------------Wed Sep 18 20:34:47 KST 2019
2019-09-18 20:34:47.171  INFO 43400 --- [nio-8197-exec-9] c.s.e.vue.controller.EmployeeController  : 1-------------findDepartmentsBydeptid-----------------------------Wed Sep 18 20:34:47 KST 2019
2019-09-18 20:34:47.188  INFO 43400 --- [nio-8197-exec-8] c.s.e.vue.controller.EmployeeController  : 1-------------findDepartmentsBydeptid-----------------------------Wed Sep 18 20:34:47 KST 2019
2019-09-18 20:34:47.204  INFO 43400 --- [io-8197-exec-10] c.s.e.vue.controller.EmployeeController  : 1-------------findDepartmentsBydeptid-----------------------------Wed Sep 18 20:34:47 KST 2019
2019-09-18 20:34:47.238  INFO 43400 --- [nio-8197-exec-1] c.s.e.vue.controller.EmployeeController  : 1-------------findDepartmentsBydeptid-----------------------------Wed Sep 18 20:34:47 KST 2019
2019-09-18 20:34:47.306  INFO 43400 --- [nio-8197-exec-3] c.s.e.vue.controller.EmployeeController  : 1-------------findDepartmentsBydeptid-----------------------------Wed Sep 18 20:34:47 KST 2019
2019-09-18 20:34:47.355  INFO 43400 --- [nio-8197-exec-2] c.s.e.vue.controller.EmployeeController  : 1-------------findDepartmentsBydeptid-----------------------------Wed Sep 18 20:34:47 KST 2019
2019-09-18 20:34:47.370  INFO 43400 --- [nio-8197-exec-5] c.s.e.vue.controller.EmployeeController  : 1-------------findDepartmentsBydeptid-----------------------------Wed Sep 18 20:34:47 KST 2019
2019-09-18 20:34:47.405  INFO 43400 --- [nio-8197-exec-6] c.s.e.vue.controller.EmployeeController  : 1-------------findDepartmentsBydeptid-----------------------------Wed Sep 18 20:34:47 KST 2019
2019-09-18 20:34:47.474  INFO 43400 --- [nio-8197-exec-7] c.s.e.vue.controller.EmployeeController  : 1-------------findDepartmentsBydeptid-----------------------------Wed Sep 18 20:34:47 KST 2019
2019-09-18 20:34:47.520  INFO 43400 --- [nio-8197-exec-4] c.s.e.vue.controller.EmployeeController  : 1-------------findDepartmentsBydeptid-----------------------------Wed Sep 18 20:34:47 KST 2019
2019-09-18 20:34:47.536  INFO 43400 --- [nio-8197-exec-9] c.s.e.vue.controller.EmployeeController  : 1-------------findDepartmentsBydeptid-----------------------------Wed Sep 18 20:34:47 KST 2019
2019-09-18 20:34:47.661  INFO 43400 --- [nio-8197-exec-8] c.s.e.vue.controller.EmployeeController  : 1-------------findDepartmentsBydeptid-----------------------------Wed Sep 18 20:34:47 KST 2019
2019-09-18 20:34:47.673  INFO 43400 --- [io-8197-exec-10] c.s.e.vue.controller.EmployeeController  : 1-------------findDepartmentsBydeptid-----------------------------Wed Sep 18 20:34:47 KST 2019
2019-09-18 20:34:47.689  INFO 43400 --- [nio-8197-exec-1] c.s.e.vue.controller.EmployeeController  : 1-------------findDepartmentsBydeptid-----------------------------Wed Sep 18 20:34:47 KST 2019
2019-09-18 20:34:47.704  INFO 43400 --- [nio-8197-exec-3] c.s.e.vue.controller.EmployeeController  : 1-------------findDepartmentsBydeptid-----------------------------Wed Sep 18 20:34:47 KST 2019
2019-09-18 20:34:47.722  INFO 43400 --- [nio-8197-exec-2] c.s.e.vue.controller.EmployeeController  : 1-------------findDepartmentsBydeptid-----------------------------Wed Sep 18 20:34:47 KST 2019
2019-09-18 20:34:47.737  INFO 43400 --- [nio-8197-exec-5] c.s.e.vue.controller.EmployeeController  : 1-------------findDepartmentsBydeptid-----------------------------Wed Sep 18 20:34:47 KST 2019
2019-09-18 20:34:47.770  INFO 43400 --- [nio-8197-exec-6] c.s.e.vue.controller.EmployeeController  : 1-------------findDepartmentsBydeptid-----------------------------Wed Sep 18 20:34:47 KST 2019
2019-09-18 20:34:47.808  INFO 43400 --- [nio-8197-exec-7] c.s.e.vue.controller.EmployeeController  : 1-------------findDepartmentsBydeptid-----------------------------Wed Sep 18 20:34:47 KST 2019
2019-09-18 20:34:48.907  INFO 43400 --- [nio-8197-exec-4] c.s.e.vue.controller.EmployeeController  : 1-------------findDepartmentsBydeptid-----------------------------Wed Sep 18 20:34:48 KST 2019
2019-09-18 20:34:48.936  INFO 43400 --- [nio-8197-exec-9] c.s.e.vue.controller.EmployeeController  : 1-------------findDepartmentsBydeptid-----------------------------Wed Sep 18 20:34:48 KST 2019
2019-09-18 20:34:48.969  INFO 43400 --- [nio-8197-exec-8] c.s.e.vue.controller.EmployeeController  : 1-------------findDepartmentsBydeptid-----------------------------Wed Sep 18 20:34:48 KST 2019
2019-09-18 20:34:49.052  INFO 43400 --- [io-8197-exec-10] c.s.e.vue.controller.EmployeeController  : 1-------------findDepartmentsBydeptid-----------------------------Wed Sep 18 20:34:49 KST 2019
2019-09-18 20:34:49.087  INFO 43400 --- [nio-8197-exec-1] c.s.e.vue.controller.EmployeeController  : 1-------------findDepartmentsBydeptid-----------------------------Wed Sep 18 20:34:49 KST 2019
2019-09-18 20:34:49.119  INFO 43400 --- [nio-8197-exec-3] c.s.e.vue.controller.EmployeeController  : 1-------------findDepartmentsBydeptid-----------------------------Wed Sep 18 20:34:49 KST 2019
2019-09-18 20:34:49.189  INFO 43400 --- [nio-8197-exec-2] c.s.e.vue.controller.EmployeeController  : 1-------------findDepartmentsBydeptid-----------------------------Wed Sep 18 20:34:49 KST 2019
2019-09-18 20:34:49.204  INFO 43400 --- [nio-8197-exec-5] c.s.e.vue.controller.EmployeeController  : 1-------------findDepartmentsBydeptid-----------------------------Wed Sep 18 20:34:49 KST 2019
2019-09-18 20:34:49.237  INFO 43400 --- [nio-8197-exec-6] c.s.e.vue.controller.EmployeeController  : 1-------------findDepartmentsBydeptid-----------------------------Wed Sep 18 20:34:49 KST 2019
2019-09-18 20:34:49.309  INFO 43400 --- [nio-8197-exec-7] c.s.e.vue.controller.EmployeeController  : 1-------------findDepartmentsBydeptid-----------------------------Wed Sep 18 20:34:49 KST 2019
2019-09-18 20:34:49.402  INFO 43400 --- [nio-8197-exec-4] c.s.e.vue.controller.EmployeeController  : 1-------------findDepartmentsBydeptid-----------------------------Wed Sep 18 20:34:49 KST 2019
2019-09-18 20:34:49.437  INFO 43400 --- [nio-8197-exec-9] c.s.e.vue.controller.EmployeeController  : 1-------------findDepartmentsBydeptid-----------------------------Wed Sep 18 20:34:49 KST 2019
2019-09-18 20:34:49.853  INFO 43400 --- [nio-8197-exec-8] c.s.e.vue.controller.EmployeeController  : 1-------------findDepartmentsBydeptid-----------------------------Wed Sep 18 20:34:49 KST 2019
2019-09-18 20:34:50.070  INFO 43400 --- [io-8197-exec-10] c.s.e.vue.controller.EmployeeController  : 1-------------findDepartmentsBydeptid-----------------------------Wed Sep 18 20:34:50 KST 2019
2019-09-18 20:34:50.221  INFO 43400 --- [nio-8197-exec-1] c.s.e.vue.controller.EmployeeController  : 1-------------findDepartmentsBydeptid-----------------------------Wed Sep 18 20:34:50 KST 2019
2019-09-18 20:34:50.238  INFO 43400 --- [nio-8197-exec-3] c.s.e.vue.controller.EmployeeController  : 1-------------findDepartmentsBydeptid-----------------------------Wed Sep 18 20:34:50 KST 2019
2019-09-18 20:34:50.271  INFO 43400 --- [nio-8197-exec-2] c.s.e.vue.controller.EmployeeController  : 1-------------findDepartmentsBydeptid-----------------------------Wed Sep 18 20:34:50 KST 2019
2019-09-18 20:34:50.336  INFO 43400 --- [nio-8197-exec-5] c.s.e.vue.controller.EmployeeController  : 1-------------findDepartmentsBydeptid-----------------------------Wed Sep 18 20:34:50 KST 2019
2019-09-18 20:34:50.388  INFO 43400 --- [nio-8197-exec-6] c.s.e.vue.controller.EmployeeController  : 1-------------findDepartmentsBydeptid-----------------------------Wed Sep 18 20:34:50 KST 2019
2019-09-18 20:34:50.436  INFO 43400 --- [nio-8197-exec-7] c.s.e.vue.controller.EmployeeController  : 1-------------findDepartmentsBydeptid-----------------------------Wed Sep 18 20:34:50 KST 2019
2019-09-18 20:34:50.638  INFO 43400 --- [nio-8197-exec-4] c.s.e.vue.controller.EmployeeController  : 1-------------findDepartmentsBydeptid-----------------------------Wed Sep 18 20:34:50 KST 2019
2019-09-18 20:34:51.072  INFO 43400 --- [nio-8197-exec-9] c.s.e.vue.controller.EmployeeController  : 1-------------findDepartmentsBydeptid-----------------------------Wed Sep 18 20:34:51 KST 2019
2019-09-18 20:34:51.187  INFO 43400 --- [nio-8197-exec-8] c.s.e.vue.controller.EmployeeController  : 1-------------findDepartmentsBydeptid-----------------------------Wed Sep 18 20:34:51 KST 2019
2019-09-18 20:34:51.270  INFO 43400 --- [io-8197-exec-10] c.s.e.vue.controller.EmployeeController  : 1-------------findDepartmentsBydeptid-----------------------------Wed Sep 18 20:34:51 KST 2019
2019-09-18 20:34:51.318  INFO 43400 --- [nio-8197-exec-1] c.s.e.vue.controller.EmployeeController  : 1-------------findDepartmentsBydeptid-----------------------------Wed Sep 18 20:34:51 KST 2019
2019-09-18 20:34:51.570  INFO 43400 --- [nio-8197-exec-3] c.s.e.vue.controller.EmployeeController  : 1-------------findDepartmentsBydeptid-----------------------------Wed Sep 18 20:34:51 KST 2019
2019-09-18 20:34:51.603  INFO 43400 --- [nio-8197-exec-2] c.s.e.vue.controller.EmployeeController  : 1-------------findDepartmentsBydeptid-----------------------------Wed Sep 18 20:34:51 KST 2019
2019-09-18 20:34:51.804  INFO 43400 --- [nio-8197-exec-5] c.s.e.vue.controller.EmployeeController  : 1-------------findDepartmentsBydeptid-----------------------------Wed Sep 18 20:34:51 KST 2019
2019-09-18 20:34:51.902  INFO 43400 --- [nio-8197-exec-6] c.s.e.vue.controller.EmployeeController  : 1-------------findDepartmentsBydeptid-----------------------------Wed Sep 18 20:34:51 KST 2019
2019-09-18 20:34:55.027  INFO 43400 --- [nio-8197-exec-7] c.s.e.vue.controller.EmployeeController  : 1-------------findAllEmployees-----------------------------Wed Sep 18 20:34:55 KST 2019
2019-09-18 20:34:58.516  INFO 43400 --- [nio-8197-exec-4] c.s.e.vue.controller.EmployeeController  : 1-------------findAllEmployees-----------------------------Wed Sep 18 20:34:58 KST 2019
2019-09-18 20:35:00.348  INFO 43400 --- [nio-8197-exec-9] c.s.e.vue.controller.EmployeeController  : 1-------------findAllEmployees-----------------------------Wed Sep 18 20:35:00 KST 2019
2019-09-18 20:35:03.351  INFO 43400 --- [nio-8197-exec-8] c.s.e.vue.controller.EmployeeController  : 1-------------findAllEmployees-----------------------------Wed Sep 18 20:35:03 KST 2019
2019-09-18 20:35:06.043  INFO 43400 --- [io-8197-exec-10] c.s.e.vue.controller.EmployeeController  : 1-------------findAllEmployees-----------------------------Wed Sep 18 20:35:06 KST 2019
2019-09-18 20:35:06.045  INFO 43400 --- [nio-8197-exec-1] c.s.e.vue.controller.EmployeeController  : 4-------------findAllDepartments-----------------------------Wed Sep 18 20:35:06 KST 2019
2019-09-18 20:35:06.065  INFO 43400 --- [nio-8197-exec-3] c.s.e.vue.controller.EmployeeController  : 6-------------findAllTitles-----------------------------Wed Sep 18 20:35:06 KST 2019
2019-09-18 20:35:16.730  INFO 43400 --- [nio-8197-exec-2] c.s.e.vue.controller.EmployeeController  : 1-------------findAllEmployees-----------------------------Wed Sep 18 20:35:16 KST 2019
2019-09-18 20:35:21.846  INFO 43400 --- [nio-8197-exec-6] c.s.e.vue.controller.EmployeeController  : 1-------------findAllEmployees-----------------------------Wed Sep 18 20:35:21 KST 2019
2019-09-18 20:35:21.850  INFO 43400 --- [nio-8197-exec-5] c.s.e.vue.controller.EmployeeController  : 1-------------findEmployeesByManagerId-----------------------------Wed Sep 18 20:35:21 KST 2019
2019-09-18 20:35:34.880  INFO 43400 --- [nio-8197-exec-7] c.s.e.vue.controller.EmployeeController  : 1-------------findAllEmployees-----------------------------Wed Sep 18 20:35:34 KST 2019
2019-09-18 20:35:38.433  INFO 43400 --- [nio-8197-exec-4] c.s.e.vue.controller.EmployeeController  : 1-------------findAllEmployees-----------------------------Wed Sep 18 20:35:38 KST 2019
2019-09-18 20:35:38.771  INFO 43400 --- [nio-8197-exec-9] c.s.e.vue.controller.EmployeeController  : 1-------------findEmployeesByManagerId-----------------------------Wed Sep 18 20:35:38 KST 2019
2019-09-18 20:57:51.471  INFO 43400 --- [nio-8197-exec-3] c.s.e.vue.controller.EmployeeController  : 1-------------findAllDepCounts-----------------------------Wed Sep 18 20:57:51 KST 2019
2019-09-18 20:57:52.528  INFO 43400 --- [nio-8197-exec-2] c.s.e.vue.controller.EmployeeController  : 1-------------findAllEmployees-----------------------------Wed Sep 18 20:57:52 KST 2019
2019-09-18 20:57:53.379  INFO 43400 --- [nio-8197-exec-6] c.s.e.vue.controller.EmployeeController  : 1-------------findAllEmployees-----------------------------Wed Sep 18 20:57:53 KST 2019
2019-09-18 20:57:53.835  INFO 43400 --- [nio-8197-exec-5] c.s.e.vue.controller.EmployeeController  : 1-------------findAllEmployees-----------------------------Wed Sep 18 20:57:53 KST 2019
2019-09-18 20:57:54.366  INFO 43400 --- [nio-8197-exec-7] c.s.e.vue.controller.EmployeeController  : 1-------------findAllEmployees-----------------------------Wed Sep 18 20:57:54 KST 2019
2019-09-18 20:57:54.379  INFO 43400 --- [nio-8197-exec-4] c.s.e.vue.controller.EmployeeController  : 4-------------findAllDepartments-----------------------------Wed Sep 18 20:57:54 KST 2019
2019-09-18 20:57:54.382  INFO 43400 --- [nio-8197-exec-9] c.s.e.vue.controller.EmployeeController  : 6-------------findAllTitles-----------------------------Wed Sep 18 20:57:54 KST 2019
2019-09-18 20:57:55.155  INFO 43400 --- [nio-8197-exec-8] c.s.e.vue.controller.EmployeeController  : 1-------------findAllDepCounts-----------------------------Wed Sep 18 20:57:55 KST 2019
2019-09-18 20:57:56.585  INFO 43400 --- [io-8197-exec-10] c.s.e.vue.controller.EmployeeController  : 1-------------findAllEmployees-----------------------------Wed Sep 18 20:57:56 KST 2019
2019-09-18 20:57:56.587  INFO 43400 --- [nio-8197-exec-1] c.s.e.vue.controller.EmployeeController  : 4-------------findAllDepartments-----------------------------Wed Sep 18 20:57:56 KST 2019
2019-09-18 20:57:56.592  INFO 43400 --- [nio-8197-exec-3] c.s.e.vue.controller.EmployeeController  : 6-------------findAllTitles-----------------------------Wed Sep 18 20:57:56 KST 2019
2019-09-18 20:57:57.018  INFO 43400 --- [nio-8197-exec-2] c.s.e.vue.controller.EmployeeController  : 1-------------findAllEmployees-----------------------------Wed Sep 18 20:57:57 KST 2019
2019-09-18 20:57:57.433  INFO 43400 --- [nio-8197-exec-6] c.s.e.vue.controller.EmployeeController  : 1-------------findAllEmployees-----------------------------Wed Sep 18 20:57:57 KST 2019
2019-09-18 20:57:57.919  INFO 43400 --- [nio-8197-exec-5] c.s.e.vue.controller.EmployeeController  : 1-------------findAllEmployees-----------------------------Wed Sep 18 20:57:57 KST 2019
2019-09-18 20:59:40.374  INFO 43400 --- [nio-8197-exec-8] c.s.e.vue.controller.EmployeeController  : 1-------------findAllEmployees-----------------------------Wed Sep 18 20:59:40 KST 2019
2019-09-18 20:59:40.383  INFO 43400 --- [io-8197-exec-10] c.s.e.vue.controller.EmployeeController  : 1-------------findAllEmployees-----------------------------Wed Sep 18 20:59:40 KST 2019
2019-09-18 21:54:55.651  INFO 43400 --- [nio-8197-exec-2] c.s.e.vue.controller.EmployeeController  : 4-------------findAllDepartments-----------------------------Wed Sep 18 21:54:55 KST 2019
2019-09-18 21:54:55.651  INFO 43400 --- [nio-8197-exec-3] c.s.e.vue.controller.EmployeeController  : 1-------------findAllEmployees-----------------------------Wed Sep 18 21:54:55 KST 2019
2019-09-18 21:54:55.652  INFO 43400 --- [nio-8197-exec-6] c.s.e.vue.controller.EmployeeController  : 6-------------findAllTitles-----------------------------Wed Sep 18 21:54:55 KST 2019
2019-09-18 22:12:22.660  WARN 43400 --- [l-1 housekeeper] com.zaxxer.hikari.pool.HikariPool        : HikariPool-1 - Thread starvation or clock leap detected (housekeeper delta=12m38s730ms942µs300ns).
2019-09-18 22:46:56.072  INFO 43400 --- [nio-8197-exec-9] c.s.e.vue.controller.EmployeeController  : 1-------------findAllEmployees-----------------------------Wed Sep 18 22:46:56 KST 2019
2019-09-18 22:46:59.217  INFO 43400 --- [nio-8197-exec-8] c.s.e.vue.controller.EmployeeController  : 1-------------findAllEmployees-----------------------------Wed Sep 18 22:46:59 KST 2019
2019-09-18 22:47:11.147  INFO 43400 --- [nio-8197-exec-1] c.s.e.vue.controller.EmployeeController  : 1-------------findAllEmployees-----------------------------Wed Sep 18 22:47:11 KST 2019
2019-09-18 22:51:46.338  INFO 43400 --- [nio-8197-exec-6] c.s.e.vue.controller.EmployeeController  : 1-------------findAllEmployees-----------------------------Wed Sep 18 22:51:46 KST 2019
2019-09-18 22:51:50.475  INFO 43400 --- [nio-8197-exec-3] c.s.e.vue.controller.EmployeeController  : 1-------------findAllEmployees-----------------------------Wed Sep 18 22:51:50 KST 2019
2019-09-18 22:56:50.147  INFO 43400 --- [nio-8197-exec-4] c.s.e.vue.controller.EmployeeController  : 1-------------findAllEmployees-----------------------------Wed Sep 18 22:56:50 KST 2019
2019-09-18 22:57:53.240  INFO 43400 --- [nio-8197-exec-9] c.s.e.vue.controller.EmployeeController  : 1-------------findAllEmployees-----------------------------Wed Sep 18 22:57:53 KST 2019
2019-09-18 22:57:56.371  INFO 43400 --- [io-8197-exec-10] c.s.e.vue.controller.EmployeeController  : 1-------------findAllEmployees-----------------------------Wed Sep 18 22:57:56 KST 2019
2019-09-18 23:00:38.931  INFO 43400 --- [nio-8197-exec-2] c.s.e.vue.controller.EmployeeController  : 1-------------findAllEmployees-----------------------------Wed Sep 18 23:00:38 KST 2019
2019-09-18 23:17:15.989  INFO 43400 --- [nio-8197-exec-3] c.s.e.vue.controller.EmployeeController  : 1-------------findAllEmployees-----------------------------Wed Sep 18 23:17:15 KST 2019
2019-09-18 23:17:16.845  INFO 43400 --- [nio-8197-exec-5] c.s.e.vue.controller.EmployeeController  : 1-------------findAllEmployees-----------------------------Wed Sep 18 23:17:16 KST 2019
2019-09-18 23:17:24.832  INFO 43400 --- [io-8197-exec-10] c.s.e.vue.controller.EmployeeController  : 3-------------findLikeEmployees-----------------------------Wed Sep 18 23:17:24 KST 2019
2019-09-18 23:17:24.852  INFO 43400 --- [nio-8197-exec-1] c.s.e.vue.controller.EmployeeController  : 3-------------findLikeEmployees-----------------------------Wed Sep 18 23:17:24 KST 2019
2019-09-18 23:17:28.674  INFO 43400 --- [nio-8197-exec-2] c.s.e.vue.controller.EmployeeController  : 1-------------findAllDepCounts-----------------------------Wed Sep 18 23:17:28 KST 2019
2019-09-18 23:17:30.207  INFO 43400 --- [nio-8197-exec-6] c.s.e.vue.controller.EmployeeController  : 1-------------findAllEmployees-----------------------------Wed Sep 18 23:17:30 KST 2019
2019-09-18 23:17:31.526  INFO 43400 --- [nio-8197-exec-3] c.s.e.vue.controller.EmployeeController  : 1-------------findAllEmployees-----------------------------Wed Sep 18 23:17:31 KST 2019
2019-09-18 23:17:32.300  INFO 43400 --- [nio-8197-exec-5] c.s.e.vue.controller.EmployeeController  : 1-------------findAllEmployees-----------------------------Wed Sep 18 23:17:32 KST 2019
2019-09-18 23:17:33.296  INFO 43400 --- [nio-8197-exec-4] c.s.e.vue.controller.EmployeeController  : 1-------------findAllEmployees-----------------------------Wed Sep 18 23:17:33 KST 2019
2019-09-18 23:17:36.166  INFO 43400 --- [io-8197-exec-10] c.s.e.vue.controller.EmployeeController  : 3-------------findLikeEmployees-----------------------------Wed Sep 18 23:17:36 KST 2019
2019-09-18 23:17:36.173  INFO 43400 --- [nio-8197-exec-1] c.s.e.vue.controller.EmployeeController  : 3-------------findLikeEmployees-----------------------------Wed Sep 18 23:17:36 KST 2019
2019-09-18 23:22:01.681  INFO 43400 --- [nio-8197-exec-6] c.s.e.vue.controller.EmployeeController  : 1-------------findAllEmployees-----------------------------Wed Sep 18 23:22:01 KST 2019
2019-09-18 23:22:01.697  INFO 43400 --- [nio-8197-exec-3] c.s.e.vue.controller.EmployeeController  : 4-------------findAllDepartments-----------------------------Wed Sep 18 23:22:01 KST 2019
2019-09-18 23:22:01.700  INFO 43400 --- [nio-8197-exec-5] c.s.e.vue.controller.EmployeeController  : 6-------------findAllTitles-----------------------------Wed Sep 18 23:22:01 KST 2019
2019-09-18 23:22:02.622  INFO 43400 --- [nio-8197-exec-4] c.s.e.vue.controller.EmployeeController  : 1-------------findAllEmployees-----------------------------Wed Sep 18 23:22:02 KST 2019
2019-09-18 23:22:03.070  INFO 43400 --- [nio-8197-exec-7] c.s.e.vue.controller.EmployeeController  : 1-------------findAllEmployees-----------------------------Wed Sep 18 23:22:03 KST 2019
2019-09-18 23:22:05.144  INFO 43400 --- [nio-8197-exec-9] c.s.e.vue.controller.EmployeeController  : 1-------------findAllEmployees-----------------------------Wed Sep 18 23:22:05 KST 2019
2019-09-18 23:22:08.822  INFO 43400 --- [io-8197-exec-10] c.s.e.vue.controller.EmployeeController  : 3-------------findLikeEmployees-----------------------------Wed Sep 18 23:22:08 KST 2019
2019-09-18 23:22:08.943  INFO 43400 --- [nio-8197-exec-1] c.s.e.vue.controller.EmployeeController  : 3-------------findLikeEmployees-----------------------------Wed Sep 18 23:22:08 KST 2019
2019-09-18 23:22:09.104  INFO 43400 --- [nio-8197-exec-2] c.s.e.vue.controller.EmployeeController  : 3-------------findLikeEmployees-----------------------------Wed Sep 18 23:22:09 KST 2019
2019-09-18 23:22:09.655  INFO 43400 --- [nio-8197-exec-3] c.s.e.vue.controller.EmployeeController  : 3-------------findLikeEmployees-----------------------------Wed Sep 18 23:22:09 KST 2019
2019-09-18 23:22:09.848  INFO 43400 --- [nio-8197-exec-6] c.s.e.vue.controller.EmployeeController  : 3-------------findLikeEmployees-----------------------------Wed Sep 18 23:22:09 KST 2019
2019-09-18 23:22:11.325  INFO 43400 --- [nio-8197-exec-1] c.s.e.vue.controller.EmployeeController  : 3-------------findLikeEmployees-----------------------------Wed Sep 18 23:22:11 KST 2019
2019-09-18 23:22:11.339  INFO 43400 --- [nio-8197-exec-2] c.s.e.vue.controller.EmployeeController  : 3-------------findLikeEmployees-----------------------------Wed Sep 18 23:22:11 KST 2019
2019-09-18 23:22:16.210  INFO 43400 --- [nio-8197-exec-3] c.s.e.vue.controller.EmployeeController  : 3-------------findLikeEmployees-----------------------------Wed Sep 18 23:22:16 KST 2019
2019-09-18 23:22:16.228  INFO 43400 --- [nio-8197-exec-6] c.s.e.vue.controller.EmployeeController  : 3-------------findLikeEmployees-----------------------------Wed Sep 18 23:22:16 KST 2019
2019-09-18 23:22:16.594  INFO 43400 --- [nio-8197-exec-5] c.s.e.vue.controller.EmployeeController  : 3-------------findLikeEmployees-----------------------------Wed Sep 18 23:22:16 KST 2019
2019-09-18 23:22:16.817  INFO 43400 --- [nio-8197-exec-4] c.s.e.vue.controller.EmployeeController  : 3-------------findLikeEmployees-----------------------------Wed Sep 18 23:22:16 KST 2019
2019-09-18 23:22:16.831  INFO 43400 --- [nio-8197-exec-7] c.s.e.vue.controller.EmployeeController  : 3-------------findLikeEmployees-----------------------------Wed Sep 18 23:22:16 KST 2019
2019-09-18 23:32:11.506  INFO 43400 --- [nio-8197-exec-1] c.s.e.vue.controller.EmployeeController  : 1-------------findAllEmployees-----------------------------Wed Sep 18 23:32:11 KST 2019
2019-09-18 23:32:51.577  INFO 43400 --- [nio-8197-exec-3] c.s.e.vue.controller.EmployeeController  : 1-------------findAllEmployees-----------------------------Wed Sep 18 23:32:51 KST 2019
2019-09-18 23:33:31.254  INFO 43400 --- [nio-8197-exec-5] c.s.e.vue.controller.EmployeeController  : 1-------------findAllEmployees-----------------------------Wed Sep 18 23:33:31 KST 2019
2019-09-18 23:33:56.951  INFO 43400 --- [nio-8197-exec-7] c.s.e.vue.controller.EmployeeController  : 1-------------findAllEmployees-----------------------------Wed Sep 18 23:33:56 KST 2019
2019-09-18 23:35:02.030  INFO 43400 --- [io-8197-exec-10] c.s.e.vue.controller.EmployeeController  : 3-------------findLikeEmployees-----------------------------Wed Sep 18 23:35:02 KST 2019
2019-09-18 23:35:02.189  INFO 43400 --- [nio-8197-exec-1] c.s.e.vue.controller.EmployeeController  : 3-------------findLikeEmployees-----------------------------Wed Sep 18 23:35:02 KST 2019
2019-09-18 23:35:02.259  INFO 43400 --- [nio-8197-exec-2] c.s.e.vue.controller.EmployeeController  : 3-------------findLikeEmployees-----------------------------Wed Sep 18 23:35:02 KST 2019
2019-09-18 23:35:03.226  INFO 43400 --- [nio-8197-exec-3] c.s.e.vue.controller.EmployeeController  : 3-------------findLikeEmployees-----------------------------Wed Sep 18 23:35:03 KST 2019
2019-09-18 23:35:03.395  INFO 43400 --- [nio-8197-exec-6] c.s.e.vue.controller.EmployeeController  : 3-------------findLikeEmployees-----------------------------Wed Sep 18 23:35:03 KST 2019
2019-09-18 23:35:05.970  INFO 43400 --- [nio-8197-exec-2] c.s.e.vue.controller.EmployeeController  : 3-------------findLikeEmployees-----------------------------Wed Sep 18 23:35:05 KST 2019
2019-09-18 23:35:05.977  INFO 43400 --- [nio-8197-exec-3] c.s.e.vue.controller.EmployeeController  : 3-------------findLikeEmployees-----------------------------Wed Sep 18 23:35:05 KST 2019
2019-09-18 23:39:00.323  INFO 43400 --- [nio-8197-exec-5] c.s.e.vue.controller.EmployeeController  : 3-------------findLikeEmployees-----------------------------Wed Sep 18 23:39:00 KST 2019
2019-09-18 23:39:10.709  INFO 43400 --- [nio-8197-exec-7] c.s.e.vue.controller.EmployeeController  : 3-------------findLikeEmployees-----------------------------Wed Sep 18 23:39:10 KST 2019
2019-09-18 23:39:14.411  INFO 43400 --- [nio-8197-exec-9] c.s.e.vue.controller.EmployeeController  : 3-------------findLikeEmployees-----------------------------Wed Sep 18 23:39:14 KST 2019
2019-09-18 23:51:57.146  INFO 43400 --- [io-8197-exec-10] c.s.e.vue.controller.EmployeeController  : 1-------------findAllEmployees-----------------------------Wed Sep 18 23:51:57 KST 2019
2019-09-18 23:52:03.911  INFO 43400 --- [nio-8197-exec-1] c.s.e.vue.controller.EmployeeController  : 1-------------findAllEmployees-----------------------------Wed Sep 18 23:52:03 KST 2019
2019-09-18 23:52:09.560  INFO 43400 --- [nio-8197-exec-3] c.s.e.vue.controller.EmployeeController  : 1-------------findAllEmployees-----------------------------Wed Sep 18 23:52:09 KST 2019
2019-09-18 23:53:16.288  INFO 43400 --- [nio-8197-exec-5] c.s.e.vue.controller.EmployeeController  : 1-------------findAllEmployees-----------------------------Wed Sep 18 23:53:16 KST 2019
2019-09-18 23:53:54.017  INFO 43400 --- [nio-8197-exec-7] c.s.e.vue.controller.EmployeeController  : 1-------------findAllEmployees-----------------------------Wed Sep 18 23:53:54 KST 2019
2019-09-18 23:54:57.310  INFO 43400 --- [nio-8197-exec-8] c.s.e.vue.controller.EmployeeController  : 1-------------findAllEmployees-----------------------------Wed Sep 18 23:54:57 KST 2019
2019-09-18 23:56:04.209  INFO 43400 --- [nio-8197-exec-1] c.s.e.vue.controller.EmployeeController  : 1-------------findAllEmployees-----------------------------Wed Sep 18 23:56:04 KST 2019
2019-09-18 23:59:02.611  INFO 43400 --- [nio-8197-exec-3] c.s.e.vue.controller.EmployeeController  : 1-------------findAllEmployees-----------------------------Wed Sep 18 23:59:02 KST 2019
2019-09-18 23:59:09.254  INFO 43400 --- [nio-8197-exec-6] c.s.e.vue.controller.EmployeeController  : 1-------------findAllEmployees-----------------------------Wed Sep 18 23:59:09 KST 2019
2019-09-18 23:59:14.664  INFO 43400 --- [nio-8197-exec-4] c.s.e.vue.controller.EmployeeController  : 1-------------findAllEmployees-----------------------------Wed Sep 18 23:59:14 KST 2019
2019-09-18 23:59:15.350  INFO 43400 --- [nio-8197-exec-7] c.s.e.vue.controller.EmployeeController  : 1-------------findAllEmployees-----------------------------Wed Sep 18 23:59:15 KST 2019
2019-09-18 23:59:16.599  INFO 43400 --- [nio-8197-exec-9] c.s.e.vue.controller.EmployeeController  : 1-------------findAllEmployees-----------------------------Wed Sep 18 23:59:16 KST 2019
2019-09-18 23:59:18.623  INFO 43400 --- [nio-8197-exec-8] c.s.e.vue.controller.EmployeeController  : 1-------------findAllEmployees-----------------------------Wed Sep 18 23:59:18 KST 2019
2019-09-18 23:59:20.617  INFO 43400 --- [nio-8197-exec-1] c.s.e.vue.controller.EmployeeController  : 1-------------findAllEmployees-----------------------------Wed Sep 18 23:59:20 KST 2019
2019-09-18 23:59:23.005  INFO 43400 --- [nio-8197-exec-2] c.s.e.vue.controller.EmployeeController  : 1-------------findAllEmployees-----------------------------Wed Sep 18 23:59:23 KST 2019
2019-09-18 23:59:25.639  INFO 43400 --- [nio-8197-exec-3] c.s.e.vue.controller.EmployeeController  : 1-------------findAllEmployees-----------------------------Wed Sep 18 23:59:25 KST 2019
2019-09-18 23:59:28.414  INFO 43400 --- [nio-8197-exec-6] c.s.e.vue.controller.EmployeeController  : 1-------------findAllEmployees-----------------------------Wed Sep 18 23:59:28 KST 2019
2019-09-18 23:59:30.243  INFO 43400 --- [nio-8197-exec-5] c.s.e.vue.controller.EmployeeController  : 1-------------findAllEmployees-----------------------------Wed Sep 18 23:59:30 KST 2019
2019-09-18 23:59:32.133  INFO 43400 --- [nio-8197-exec-7] c.s.e.vue.controller.EmployeeController  : 1-------------findAllEmployees-----------------------------Wed Sep 18 23:59:32 KST 2019
