2019-10-17 00:24:45.545  WARN 8728 --- [l-2 housekeeper] com.zaxxer.hikari.pool.HikariPool        : HikariPool-2 - Thread starvation or clock leap detected (housekeeper delta=20m17s239ms34µs100ns).
2019-10-17 01:05:16.493  INFO 8728 --- [nio-8197-exec-2] c.s.e.vue.controller.EmployeeController  : 1-------------findAllEmployees-----------------------------Thu Oct 17 01:05:16 KST 2019
2019-10-17 01:05:17.580  INFO 8728 --- [nio-8197-exec-6] c.s.e.vue.controller.EmployeeController  : 1-------------findAllEmployees-----------------------------Thu Oct 17 01:05:17 KST 2019
2019-10-17 01:05:17.588  INFO 8728 --- [nio-8197-exec-8] c.s.e.vue.controller.EmployeeController  : 4-------------findAllDepartments-----------------------------Thu Oct 17 01:05:17 KST 2019
2019-10-17 01:05:17.592  INFO 8728 --- [nio-8197-exec-7] c.s.e.vue.controller.EmployeeController  : 6-------------findAllTitles-----------------------------Thu Oct 17 01:05:17 KST 2019
2019-10-17 01:12:44.866  INFO 8728 --- [nio-8197-exec-4] c.s.e.vue.controller.EmployeeController  : 1-------------findAllEmployees-----------------------------Thu Oct 17 01:12:44 KST 2019
2019-10-17 01:12:44.871  INFO 8728 --- [nio-8197-exec-9] c.s.e.vue.controller.EmployeeController  : 6-------------findAllTitles-----------------------------Thu Oct 17 01:12:44 KST 2019
2019-10-17 01:12:44.875  INFO 8728 --- [nio-8197-exec-3] c.s.e.vue.controller.EmployeeController  : 4-------------findAllDepartments-----------------------------Thu Oct 17 01:12:44 KST 2019
2019-10-17 01:12:45.863  INFO 8728 --- [nio-8197-exec-2] c.s.e.vue.controller.EmployeeController  : 1-------------findAllEmployees-----------------------------Thu Oct 17 01:12:45 KST 2019
2019-10-17 01:21:01.429  INFO 8728 --- [io-8197-exec-10] c.s.e.vue.controller.EmployeeController  : 1-------------findAllEmployees-----------------------------Thu Oct 17 01:21:01 KST 2019
2019-10-17 01:21:04.534  INFO 8728 --- [nio-8197-exec-1] c.s.e.vue.controller.EmployeeController  : 1-------------findAllEmployees-----------------------------Thu Oct 17 01:21:04 KST 2019
2019-10-17 01:21:07.717  INFO 8728 --- [nio-8197-exec-5] c.s.e.vue.controller.EmployeeController  : 1-------------findAllEmployees-----------------------------Thu Oct 17 01:21:07 KST 2019
2019-10-17 01:21:08.903  INFO 8728 --- [nio-8197-exec-4] c.s.e.vue.controller.EmployeeController  : 1-------------findAllDepCounts-----------------------------Thu Oct 17 01:21:08 KST 2019
2019-10-17 01:21:08.903  INFO 8728 --- [nio-8197-exec-9] c.s.e.vue.controller.EmployeeController  : 1-------------findAllDeptEmps2-----------------------------Thu Oct 17 01:21:08 KST 2019
2019-10-17 01:21:15.974  INFO 8728 --- [nio-8197-exec-3] c.s.e.vue.controller.EmployeeController  : 1-------------findAllEmployees-----------------------------Thu Oct 17 01:21:15 KST 2019
2019-10-17 01:21:21.412  INFO 8728 --- [nio-8197-exec-2] c.s.e.vue.controller.EmployeeController  : 1-------------findAllEmployees-----------------------------Thu Oct 17 01:21:21 KST 2019
2019-10-17 01:21:27.386  INFO 8728 --- [nio-8197-exec-6] c.s.e.vue.controller.EmployeeController  : 1-------------findAllEmployees-----------------------------Thu Oct 17 01:21:27 KST 2019
2019-10-17 01:22:13.693  INFO 8728 --- [nio-8197-exec-7] c.s.e.vue.controller.EmployeeController  : 1-------------findAllEmployees-----------------------------Thu Oct 17 01:22:13 KST 2019
2019-10-17 01:23:13.845  INFO 8728 --- [nio-8197-exec-1] c.s.e.vue.controller.EmployeeController  : 1-------------findAllEmployees-----------------------------Thu Oct 17 01:23:13 KST 2019
2019-10-17 01:23:55.848  INFO 8728 --- [nio-8197-exec-5] c.s.e.vue.controller.EmployeeController  : 1-------------findAllEmployees-----------------------------Thu Oct 17 01:23:55 KST 2019
2019-10-17 01:26:09.920  INFO 8728 --- [nio-8197-exec-9] c.s.e.vue.controller.EmployeeController  : 1-------------findAllEmployees-----------------------------Thu Oct 17 01:26:09 KST 2019
2019-10-17 01:31:34.940  INFO 8728 --- [nio-8197-exec-2] c.s.e.vue.controller.EmployeeController  : 1-------------findAllEmployees-----------------------------Thu Oct 17 01:31:34 KST 2019
2019-10-17 01:31:38.508  INFO 8728 --- [nio-8197-exec-6] c.s.e.vue.controller.EmployeeController  : 1-------------findAllEmployees-----------------------------Thu Oct 17 01:31:38 KST 2019
2019-10-17 01:31:44.101  INFO 8728 --- [nio-8197-exec-8] c.s.e.vue.controller.EmployeeController  : 1-------------findAllEmployees-----------------------------Thu Oct 17 01:31:44 KST 2019
2019-10-17 01:32:23.860  INFO 8728 --- [nio-8197-exec-7] c.s.e.vue.controller.EmployeeController  : 1-------------findAllEmployees-----------------------------Thu Oct 17 01:32:23 KST 2019
2019-10-17 01:32:27.462  INFO 8728 --- [io-8197-exec-10] c.s.e.vue.controller.EmployeeController  : 1-------------findAllEmployees-----------------------------Thu Oct 17 01:32:27 KST 2019
2019-10-17 01:32:29.416  INFO 8728 --- [nio-8197-exec-1] c.s.e.vue.controller.EmployeeController  : 1-------------findAllEmployees-----------------------------Thu Oct 17 01:32:29 KST 2019
2019-10-17 01:32:30.256  INFO 8728 --- [nio-8197-exec-5] c.s.e.vue.controller.EmployeeController  : 1-------------findAllEmployees-----------------------------Thu Oct 17 01:32:30 KST 2019
2019-10-17 01:32:30.259  INFO 8728 --- [nio-8197-exec-4] c.s.e.vue.controller.EmployeeController  : 4-------------findAllDepartments-----------------------------Thu Oct 17 01:32:30 KST 2019
2019-10-17 01:32:30.264  INFO 8728 --- [nio-8197-exec-9] c.s.e.vue.controller.EmployeeController  : 6-------------findAllTitles-----------------------------Thu Oct 17 01:32:30 KST 2019
2019-10-17 01:32:30.946  INFO 8728 --- [nio-8197-exec-3] c.s.e.vue.controller.EmployeeController  : 1-------------findAllEmployees-----------------------------Thu Oct 17 01:32:30 KST 2019
2019-10-17 01:32:32.615  INFO 8728 --- [nio-8197-exec-2] c.s.e.vue.controller.EmployeeController  : 1-------------findAllEmployees-----------------------------Thu Oct 17 01:32:32 KST 2019
2019-10-17 02:30:21.441  INFO 8728 --- [io-8197-exec-10] c.s.e.vue.controller.EmployeeController  : 1-------------findAllEmployees-----------------------------Thu Oct 17 02:30:21 KST 2019
2019-10-17 02:30:25.622  INFO 8728 --- [nio-8197-exec-1] c.s.e.vue.controller.EmployeeController  : 1-------------findAllDeptEmps2-----------------------------Thu Oct 17 02:30:25 KST 2019
2019-10-17 02:30:25.635  INFO 8728 --- [nio-8197-exec-5] c.s.e.vue.controller.EmployeeController  : 1-------------findAllDepCounts-----------------------------Thu Oct 17 02:30:25 KST 2019
2019-10-17 02:30:27.010  INFO 8728 --- [nio-8197-exec-4] c.s.e.vue.controller.EmployeeController  : 1-------------findEmployeeById-----------------------------Thu Oct 17 02:30:27 KST 2019
2019-10-17 02:30:27.278  INFO 8728 --- [nio-8197-exec-9] c.s.e.vue.controller.EmployeeController  : 1-------------findEmployeeById-----------------------------Thu Oct 17 02:30:27 KST 2019
2019-10-17 02:30:27.474  INFO 8728 --- [nio-8197-exec-3] c.s.e.vue.controller.EmployeeController  : 1-------------findEmployeeById-----------------------------Thu Oct 17 02:30:27 KST 2019
2019-10-17 02:30:27.499  INFO 8728 --- [nio-8197-exec-2] c.s.e.vue.controller.EmployeeController  : 1-------------findEmployeeById-----------------------------Thu Oct 17 02:30:27 KST 2019
2019-10-17 02:30:27.576  INFO 8728 --- [nio-8197-exec-6] c.s.e.vue.controller.EmployeeController  : 1-------------findEmployeeById-----------------------------Thu Oct 17 02:30:27 KST 2019
2019-10-17 02:30:27.692  INFO 8728 --- [nio-8197-exec-8] c.s.e.vue.controller.EmployeeController  : 1-------------findEmployeeById-----------------------------Thu Oct 17 02:30:27 KST 2019
2019-10-17 02:30:27.709  INFO 8728 --- [nio-8197-exec-7] c.s.e.vue.controller.EmployeeController  : 1-------------findEmployeeById-----------------------------Thu Oct 17 02:30:27 KST 2019
2019-10-17 02:30:27.745  INFO 8728 --- [io-8197-exec-10] c.s.e.vue.controller.EmployeeController  : 1-------------findEmployeeById-----------------------------Thu Oct 17 02:30:27 KST 2019
2019-10-17 02:30:27.791  INFO 8728 --- [nio-8197-exec-5] c.s.e.vue.controller.EmployeeController  : 1-------------findEmployeeById-----------------------------Thu Oct 17 02:30:27 KST 2019
2019-10-17 02:30:27.809  INFO 8728 --- [nio-8197-exec-1] c.s.e.vue.controller.EmployeeController  : 1-------------findEmployeeById-----------------------------Thu Oct 17 02:30:27 KST 2019
2019-10-17 02:30:28.694  INFO 8728 --- [nio-8197-exec-4] c.s.e.vue.controller.EmployeeController  : 1-------------findAllEmployees-----------------------------Thu Oct 17 02:30:28 KST 2019
2019-10-17 02:33:31.328  INFO 8728 --- [nio-8197-exec-2] c.s.e.vue.controller.EmployeeController  : 1-------------findAllEmployees-----------------------------Thu Oct 17 02:33:31 KST 2019
2019-10-17 02:39:33.071  INFO 8728 --- [nio-8197-exec-8] c.s.e.vue.controller.EmployeeController  : 1-------------findAllEmployees-----------------------------Thu Oct 17 02:39:33 KST 2019
2019-10-17 02:40:46.760  INFO 8728 --- [io-8197-exec-10] c.s.e.vue.controller.EmployeeController  : 1-------------findAllEmployees-----------------------------Thu Oct 17 02:40:46 KST 2019
2019-10-17 02:44:54.698  INFO 8728 --- [nio-8197-exec-1] c.s.e.vue.controller.EmployeeController  : 1-------------findAllEmployees-----------------------------Thu Oct 17 02:44:54 KST 2019
2019-10-17 02:44:57.997  INFO 8728 --- [nio-8197-exec-4] c.s.e.vue.controller.EmployeeController  : 1-------------findAllEmployees-----------------------------Thu Oct 17 02:44:57 KST 2019
2019-10-17 02:44:57.999  INFO 8728 --- [nio-8197-exec-9] c.s.e.vue.controller.EmployeeController  : 4-------------findAllDepartments-----------------------------Thu Oct 17 02:44:57 KST 2019
2019-10-17 02:44:58.002  INFO 8728 --- [nio-8197-exec-3] c.s.e.vue.controller.EmployeeController  : 6-------------findAllTitles-----------------------------Thu Oct 17 02:44:58 KST 2019
2019-10-17 02:44:59.813  INFO 8728 --- [nio-8197-exec-2] c.s.e.vue.controller.EmployeeController  : 1-------------findAllEmployees-----------------------------Thu Oct 17 02:44:59 KST 2019
2019-10-17 02:45:00.262  INFO 8728 --- [nio-8197-exec-6] c.s.e.vue.controller.EmployeeController  : 1-------------findAllDepCounts-----------------------------Thu Oct 17 02:45:00 KST 2019
2019-10-17 02:45:00.695  INFO 8728 --- [nio-8197-exec-8] c.s.e.vue.controller.EmployeeController  : 1-------------findAllDeptEmps2-----------------------------Thu Oct 17 02:45:00 KST 2019
2019-10-17 02:45:00.703  INFO 8728 --- [nio-8197-exec-7] c.s.e.vue.controller.EmployeeController  : 1-------------findAllDepCounts-----------------------------Thu Oct 17 02:45:00 KST 2019
2019-10-17 02:45:02.218  INFO 8728 --- [io-8197-exec-10] c.s.e.vue.controller.EmployeeController  : 1-------------findAllDepCounts-----------------------------Thu Oct 17 02:45:02 KST 2019
2019-10-17 02:45:05.189  INFO 8728 --- [nio-8197-exec-5] c.s.e.vue.controller.EmployeeController  : 1-------------findDepartmentsBydeptid-----------------------------Thu Oct 17 02:45:05 KST 2019
2019-10-17 02:45:05.197  INFO 8728 --- [nio-8197-exec-1] c.s.e.vue.controller.EmployeeController  : 1-------------findDepartmentsBydeptid-----------------------------Thu Oct 17 02:45:05 KST 2019
2019-10-17 02:51:47.865  INFO 8728 --- [nio-8197-exec-2] c.s.e.vue.controller.EmployeeController  : 1-------------findAllEmployees-----------------------------Thu Oct 17 02:51:47 KST 2019
2019-10-17 02:51:52.229  INFO 8728 --- [nio-8197-exec-6] c.s.e.vue.controller.EmployeeController  : 1-------------findAllDeptEmps2-----------------------------Thu Oct 17 02:51:52 KST 2019
2019-10-17 02:51:52.231  INFO 8728 --- [nio-8197-exec-8] c.s.e.vue.controller.EmployeeController  : 1-------------findAllDepCounts-----------------------------Thu Oct 17 02:51:52 KST 2019
2019-10-17 02:51:55.280  INFO 8728 --- [nio-8197-exec-7] c.s.e.vue.controller.EmployeeController  : 1-------------findAllDeptEmps2-----------------------------Thu Oct 17 02:51:55 KST 2019
2019-10-17 02:51:55.280  INFO 8728 --- [io-8197-exec-10] c.s.e.vue.controller.EmployeeController  : 1-------------findAllDepCounts-----------------------------Thu Oct 17 02:51:55 KST 2019
2019-10-17 02:52:17.170  INFO 8728 --- [nio-8197-exec-5] c.s.e.vue.controller.EmployeeController  : 1-------------findAllEmployees-----------------------------Thu Oct 17 02:52:17 KST 2019
2019-10-17 02:52:31.381  INFO 8728 --- [nio-8197-exec-1] c.s.e.vue.controller.EmployeeController  : 1-------------findAllEmployees-----------------------------Thu Oct 17 02:52:31 KST 2019
2019-10-17 08:52:48.888  WARN 8728 --- [l-2 housekeeper] com.zaxxer.hikari.pool.HikariPool        : HikariPool-2 - Thread starvation or clock leap detected (housekeeper delta=4h43m55s997ms473µs600ns).
2019-10-17 21:47:37.811  WARN 8728 --- [l-2 housekeeper] com.zaxxer.hikari.pool.HikariPool        : HikariPool-2 - Thread starvation or clock leap detected (housekeeper delta=1h44m39s867ms87µs600ns).
2019-10-17 22:05:54.117  INFO 8728 --- [nio-8197-exec-9] c.s.e.vue.controller.EmployeeController  : 1-------------findAllEmployees-----------------------------Thu Oct 17 22:05:54 KST 2019
2019-10-17 22:06:20.192  INFO 8728 --- [nio-8197-exec-2] c.s.e.vue.controller.EmployeeController  : 1-------------findAllEmployees-----------------------------Thu Oct 17 22:06:20 KST 2019
2019-10-17 22:06:24.044  INFO 8728 --- [nio-8197-exec-8] c.s.e.vue.controller.EmployeeController  : 1-------------findAllDepCounts-----------------------------Thu Oct 17 22:06:24 KST 2019
2019-10-17 22:06:24.045  INFO 8728 --- [nio-8197-exec-6] c.s.e.vue.controller.EmployeeController  : 1-------------findAllDeptEmps2-----------------------------Thu Oct 17 22:06:24 KST 2019
2019-10-17 22:06:26.566  INFO 8728 --- [io-8197-exec-10] c.s.e.vue.controller.EmployeeController  : 1-------------findEmployeeById-----------------------------Thu Oct 17 22:06:26 KST 2019
2019-10-17 22:06:26.599  INFO 8728 --- [nio-8197-exec-7] c.s.e.vue.controller.EmployeeController  : 1-------------findEmployeeById-----------------------------Thu Oct 17 22:06:26 KST 2019
2019-10-17 22:06:26.617  INFO 8728 --- [nio-8197-exec-5] c.s.e.vue.controller.EmployeeController  : 1-------------findEmployeeById-----------------------------Thu Oct 17 22:06:26 KST 2019
2019-10-17 22:06:26.698  INFO 8728 --- [nio-8197-exec-1] c.s.e.vue.controller.EmployeeController  : 1-------------findEmployeeById-----------------------------Thu Oct 17 22:06:26 KST 2019
2019-10-17 22:06:28.372  INFO 8728 --- [nio-8197-exec-4] c.s.e.vue.controller.EmployeeController  : 1-------------findEmployeeById-----------------------------Thu Oct 17 22:06:28 KST 2019
2019-10-17 22:06:28.463  INFO 8728 --- [nio-8197-exec-3] c.s.e.vue.controller.EmployeeController  : 1-------------findEmployeeById-----------------------------Thu Oct 17 22:06:28 KST 2019
2019-10-17 22:06:28.729  INFO 8728 --- [nio-8197-exec-9] c.s.e.vue.controller.EmployeeController  : 1-------------findEmployeeById-----------------------------Thu Oct 17 22:06:28 KST 2019
2019-10-17 22:06:28.962  INFO 8728 --- [nio-8197-exec-2] c.s.e.vue.controller.EmployeeController  : 1-------------findEmployeeById-----------------------------Thu Oct 17 22:06:28 KST 2019
2019-10-17 22:06:29.171  INFO 8728 --- [nio-8197-exec-8] c.s.e.vue.controller.EmployeeController  : 1-------------findEmployeeById-----------------------------Thu Oct 17 22:06:29 KST 2019
2019-10-17 22:06:29.199  INFO 8728 --- [nio-8197-exec-6] c.s.e.vue.controller.EmployeeController  : 1-------------findEmployeeById-----------------------------Thu Oct 17 22:06:29 KST 2019
2019-10-17 22:06:29.248  INFO 8728 --- [io-8197-exec-10] c.s.e.vue.controller.EmployeeController  : 1-------------findEmployeeById-----------------------------Thu Oct 17 22:06:29 KST 2019
2019-10-17 22:06:29.586  INFO 8728 --- [nio-8197-exec-7] c.s.e.vue.controller.EmployeeController  : 1-------------findEmployeeById-----------------------------Thu Oct 17 22:06:29 KST 2019
2019-10-17 22:06:29.630  INFO 8728 --- [nio-8197-exec-5] c.s.e.vue.controller.EmployeeController  : 1-------------findEmployeeById-----------------------------Thu Oct 17 22:06:29 KST 2019
2019-10-17 22:06:29.680  INFO 8728 --- [nio-8197-exec-1] c.s.e.vue.controller.EmployeeController  : 1-------------findEmployeeById-----------------------------Thu Oct 17 22:06:29 KST 2019
2019-10-17 22:06:29.879  INFO 8728 --- [nio-8197-exec-4] c.s.e.vue.controller.EmployeeController  : 1-------------findEmployeeById-----------------------------Thu Oct 17 22:06:29 KST 2019
2019-10-17 22:06:30.162  INFO 8728 --- [nio-8197-exec-3] c.s.e.vue.controller.EmployeeController  : 1-------------findEmployeeById-----------------------------Thu Oct 17 22:06:30 KST 2019
2019-10-17 22:06:30.329  INFO 8728 --- [nio-8197-exec-9] c.s.e.vue.controller.EmployeeController  : 1-------------findEmployeeById-----------------------------Thu Oct 17 22:06:30 KST 2019
2019-10-17 22:06:30.706  INFO 8728 --- [nio-8197-exec-2] c.s.e.vue.controller.EmployeeController  : 1-------------findEmployeeById-----------------------------Thu Oct 17 22:06:30 KST 2019
2019-10-17 22:06:30.813  INFO 8728 --- [nio-8197-exec-8] c.s.e.vue.controller.EmployeeController  : 1-------------findEmployeeById-----------------------------Thu Oct 17 22:06:30 KST 2019
2019-10-17 22:06:30.861  INFO 8728 --- [nio-8197-exec-6] c.s.e.vue.controller.EmployeeController  : 1-------------findEmployeeById-----------------------------Thu Oct 17 22:06:30 KST 2019
2019-10-17 22:06:30.913  INFO 8728 --- [io-8197-exec-10] c.s.e.vue.controller.EmployeeController  : 1-------------findEmployeeById-----------------------------Thu Oct 17 22:06:30 KST 2019
2019-10-17 22:06:30.931  INFO 8728 --- [nio-8197-exec-7] c.s.e.vue.controller.EmployeeController  : 1-------------findEmployeeById-----------------------------Thu Oct 17 22:06:30 KST 2019
2019-10-17 22:06:30.963  INFO 8728 --- [nio-8197-exec-5] c.s.e.vue.controller.EmployeeController  : 1-------------findEmployeeById-----------------------------Thu Oct 17 22:06:30 KST 2019
2019-10-17 22:06:31.063  INFO 8728 --- [nio-8197-exec-1] c.s.e.vue.controller.EmployeeController  : 1-------------findEmployeeById-----------------------------Thu Oct 17 22:06:31 KST 2019
2019-10-17 22:06:31.530  INFO 8728 --- [nio-8197-exec-4] c.s.e.vue.controller.EmployeeController  : 1-------------findEmployeeById-----------------------------Thu Oct 17 22:06:31 KST 2019
2019-10-17 22:06:31.578  INFO 8728 --- [nio-8197-exec-3] c.s.e.vue.controller.EmployeeController  : 1-------------findEmployeeById-----------------------------Thu Oct 17 22:06:31 KST 2019
2019-10-17 22:06:31.935  INFO 8728 --- [nio-8197-exec-9] c.s.e.vue.controller.EmployeeController  : 1-------------findEmployeeById-----------------------------Thu Oct 17 22:06:31 KST 2019
2019-10-17 22:06:32.763  INFO 8728 --- [nio-8197-exec-2] c.s.e.vue.controller.EmployeeController  : 1-------------findAllDepCounts-----------------------------Thu Oct 17 22:06:32 KST 2019
2019-10-17 22:06:33.122  INFO 8728 --- [nio-8197-exec-8] c.s.e.vue.controller.EmployeeController  : 1-------------findDepartmentsBydeptid-----------------------------Thu Oct 17 22:06:33 KST 2019
2019-10-17 22:06:33.182  INFO 8728 --- [nio-8197-exec-6] c.s.e.vue.controller.EmployeeController  : 1-------------findDepartmentsBydeptid-----------------------------Thu Oct 17 22:06:33 KST 2019
2019-10-17 22:06:33.244  INFO 8728 --- [io-8197-exec-10] c.s.e.vue.controller.EmployeeController  : 1-------------findDepartmentsBydeptid-----------------------------Thu Oct 17 22:06:33 KST 2019
2019-10-17 22:06:33.297  INFO 8728 --- [nio-8197-exec-7] c.s.e.vue.controller.EmployeeController  : 1-------------findDepartmentsBydeptid-----------------------------Thu Oct 17 22:06:33 KST 2019
2019-10-17 22:06:33.422  INFO 8728 --- [nio-8197-exec-5] c.s.e.vue.controller.EmployeeController  : 1-------------findDepartmentsBydeptid-----------------------------Thu Oct 17 22:06:33 KST 2019
2019-10-17 22:06:33.558  INFO 8728 --- [nio-8197-exec-1] c.s.e.vue.controller.EmployeeController  : 1-------------findDepartmentsBydeptid-----------------------------Thu Oct 17 22:06:33 KST 2019
2019-10-17 22:06:33.679  INFO 8728 --- [nio-8197-exec-4] c.s.e.vue.controller.EmployeeController  : 1-------------findDepartmentsBydeptid-----------------------------Thu Oct 17 22:06:33 KST 2019
2019-10-17 22:06:33.763  INFO 8728 --- [nio-8197-exec-3] c.s.e.vue.controller.EmployeeController  : 1-------------findDepartmentsBydeptid-----------------------------Thu Oct 17 22:06:33 KST 2019
2019-10-17 22:06:34.134  INFO 8728 --- [nio-8197-exec-9] c.s.e.vue.controller.EmployeeController  : 1-------------findDepartmentsBydeptid-----------------------------Thu Oct 17 22:06:34 KST 2019
2019-10-17 22:06:34.154  INFO 8728 --- [nio-8197-exec-2] c.s.e.vue.controller.EmployeeController  : 1-------------findDepartmentsBydeptid-----------------------------Thu Oct 17 22:06:34 KST 2019
2019-10-17 22:06:34.930  INFO 8728 --- [nio-8197-exec-8] c.s.e.vue.controller.EmployeeController  : 1-------------findDepartmentsBydeptid-----------------------------Thu Oct 17 22:06:34 KST 2019
2019-10-17 22:06:35.194  INFO 8728 --- [nio-8197-exec-6] c.s.e.vue.controller.EmployeeController  : 1-------------findDepartmentsBydeptid-----------------------------Thu Oct 17 22:06:35 KST 2019
2019-10-17 22:06:35.230  INFO 8728 --- [io-8197-exec-10] c.s.e.vue.controller.EmployeeController  : 1-------------findDepartmentsBydeptid-----------------------------Thu Oct 17 22:06:35 KST 2019
2019-10-17 22:06:35.300  INFO 8728 --- [nio-8197-exec-7] c.s.e.vue.controller.EmployeeController  : 1-------------findDepartmentsBydeptid-----------------------------Thu Oct 17 22:06:35 KST 2019
2019-10-17 22:06:35.963  INFO 8728 --- [nio-8197-exec-5] c.s.e.vue.controller.EmployeeController  : 1-------------findAllEmployees-----------------------------Thu Oct 17 22:06:35 KST 2019
2019-10-17 22:06:38.962  INFO 8728 --- [nio-8197-exec-1] c.s.e.vue.controller.EmployeeController  : 1-------------findAllEmployees-----------------------------Thu Oct 17 22:06:38 KST 2019
2019-10-17 22:06:38.963  INFO 8728 --- [nio-8197-exec-3] c.s.e.vue.controller.EmployeeController  : 6-------------findAllTitles-----------------------------Thu Oct 17 22:06:38 KST 2019
2019-10-17 22:06:38.969  INFO 8728 --- [nio-8197-exec-4] c.s.e.vue.controller.EmployeeController  : 4-------------findAllDepartments-----------------------------Thu Oct 17 22:06:38 KST 2019
2019-10-17 22:06:39.421  INFO 8728 --- [nio-8197-exec-9] c.s.e.vue.controller.EmployeeController  : 1-------------findAllEmployees-----------------------------Thu Oct 17 22:06:39 KST 2019
2019-10-17 22:06:42.697  INFO 8728 --- [nio-8197-exec-2] c.s.e.vue.controller.EmployeeController  : 1-------------findEmployeeById-----------------------------Thu Oct 17 22:06:42 KST 2019
2019-10-17 22:06:42.724  INFO 8728 --- [nio-8197-exec-8] c.s.e.vue.controller.EmployeeController  : 1-------------findEmployeesByManagerId-----------------------------Thu Oct 17 22:06:42 KST 2019
2019-10-17 22:06:45.760  INFO 8728 --- [nio-8197-exec-6] c.s.e.vue.controller.EmployeeController  : 1-------------findEmployeeById-----------------------------Thu Oct 17 22:06:45 KST 2019
2019-10-17 22:06:45.779  INFO 8728 --- [io-8197-exec-10] c.s.e.vue.controller.EmployeeController  : 1-------------findAllEmployees-----------------------------Thu Oct 17 22:06:45 KST 2019
2019-10-17 22:06:45.780  INFO 8728 --- [nio-8197-exec-7] c.s.e.vue.controller.EmployeeController  : 4-------------findAllDepartments-----------------------------Thu Oct 17 22:06:45 KST 2019
2019-10-17 22:06:45.781  INFO 8728 --- [nio-8197-exec-5] c.s.e.vue.controller.EmployeeController  : 6-------------findAllTitles-----------------------------Thu Oct 17 22:06:45 KST 2019
