2019-09-25 01:30:24.865  WARN 17948 --- [l-2 housekeeper] com.zaxxer.hikari.pool.HikariPool        : HikariPool-2 - Thread starvation or clock leap detected (housekeeper delta=1h31m8s381ms986µs).
2019-09-25 01:44:29.647  INFO 17948 --- [nio-8197-exec-9] c.s.e.vue.controller.EmployeeController  : 1-------------findAllEmployees-----------------------------Wed Sep 25 01:44:29 KST 2019
2019-09-25 01:44:32.395  INFO 17948 --- [nio-8197-exec-4] c.s.e.vue.controller.EmployeeController  : 1-------------findAllEmployees-----------------------------Wed Sep 25 01:44:32 KST 2019
2019-09-25 01:44:32.395  INFO 17948 --- [nio-8197-exec-8] c.s.e.vue.controller.EmployeeController  : 1-------------findEmployeesByManagerId-----------------------------Wed Sep 25 01:44:32 KST 2019
2019-09-25 01:44:40.308  INFO 17948 --- [nio-8197-exec-3] c.s.e.vue.controller.EmployeeController  : 1-------------findAllEmployees-----------------------------Wed Sep 25 01:44:40 KST 2019
2019-09-25 01:44:40.309  INFO 17948 --- [nio-8197-exec-7] c.s.e.vue.controller.EmployeeController  : 1-------------findAllEmployees-----------------------------Wed Sep 25 01:44:40 KST 2019
2019-09-25 01:44:40.317  INFO 17948 --- [nio-8197-exec-3] c.s.e.vue.controller.EmployeeController  : 4-------------findAllDepartments-----------------------------Wed Sep 25 01:44:40 KST 2019
2019-09-25 01:44:40.353  INFO 17948 --- [nio-8197-exec-2] c.s.e.vue.controller.EmployeeController  : 6-------------findAllTitles-----------------------------Wed Sep 25 01:44:40 KST 2019
2019-09-25 01:49:06.216  INFO 17948 --- [nio-8197-exec-4] c.s.e.vue.controller.EmployeeController  : 1-------------findAllEmployees-----------------------------Wed Sep 25 01:49:06 KST 2019
2019-09-25 01:49:06.221  INFO 17948 --- [nio-8197-exec-4] c.s.e.vue.controller.EmployeeController  : 1-------------findAllEmployees-----------------------------Wed Sep 25 01:49:06 KST 2019
2019-09-25 01:49:06.251  INFO 17948 --- [io-8197-exec-10] c.s.e.vue.controller.EmployeeController  : 4-------------findAllDepartments-----------------------------Wed Sep 25 01:49:06 KST 2019
2019-09-25 01:49:06.267  INFO 17948 --- [nio-8197-exec-3] c.s.e.vue.controller.EmployeeController  : 6-------------findAllTitles-----------------------------Wed Sep 25 01:49:06 KST 2019
2019-09-25 01:50:24.245  INFO 17948 --- [nio-8197-exec-5] c.s.e.vue.controller.EmployeeController  : 1-------------findAllEmployees-----------------------------Wed Sep 25 01:50:24 KST 2019
2019-09-25 01:50:24.247  INFO 17948 --- [nio-8197-exec-9] c.s.e.vue.controller.EmployeeController  : 1-------------findAllEmployees-----------------------------Wed Sep 25 01:50:24 KST 2019
2019-09-25 01:50:24.249  INFO 17948 --- [nio-8197-exec-4] c.s.e.vue.controller.EmployeeController  : 4-------------findAllDepartments-----------------------------Wed Sep 25 01:50:24 KST 2019
2019-09-25 01:50:24.258  INFO 17948 --- [nio-8197-exec-8] c.s.e.vue.controller.EmployeeController  : 6-------------findAllTitles-----------------------------Wed Sep 25 01:50:24 KST 2019
2019-09-25 01:51:31.391  INFO 17948 --- [nio-8197-exec-2] c.s.e.vue.controller.EmployeeController  : 1-------------findAllEmployees-----------------------------Wed Sep 25 01:51:31 KST 2019
2019-09-25 01:51:31.394  INFO 17948 --- [nio-8197-exec-1] c.s.e.vue.controller.EmployeeController  : 1-------------findAllEmployees-----------------------------Wed Sep 25 01:51:31 KST 2019
2019-09-25 01:51:31.400  INFO 17948 --- [nio-8197-exec-6] c.s.e.vue.controller.EmployeeController  : 4-------------findAllDepartments-----------------------------Wed Sep 25 01:51:31 KST 2019
2019-09-25 01:51:31.406  INFO 17948 --- [nio-8197-exec-5] c.s.e.vue.controller.EmployeeController  : 6-------------findAllTitles-----------------------------Wed Sep 25 01:51:31 KST 2019
2019-09-25 01:51:34.414  INFO 17948 --- [nio-8197-exec-4] c.s.e.vue.controller.EmployeeController  : 1-------------findAllEmployees-----------------------------Wed Sep 25 01:51:34 KST 2019
2019-09-25 01:51:34.416  INFO 17948 --- [nio-8197-exec-9] c.s.e.vue.controller.EmployeeController  : 1-------------findAllEmployees-----------------------------Wed Sep 25 01:51:34 KST 2019
2019-09-25 01:51:34.419  INFO 17948 --- [nio-8197-exec-8] c.s.e.vue.controller.EmployeeController  : 4-------------findAllDepartments-----------------------------Wed Sep 25 01:51:34 KST 2019
2019-09-25 01:51:34.429  INFO 17948 --- [io-8197-exec-10] c.s.e.vue.controller.EmployeeController  : 6-------------findAllTitles-----------------------------Wed Sep 25 01:51:34 KST 2019
2019-09-25 01:51:36.477  INFO 17948 --- [nio-8197-exec-3] c.s.e.vue.controller.EmployeeController  : 1-------------findAllEmployees-----------------------------Wed Sep 25 01:51:36 KST 2019
2019-09-25 01:51:38.254  INFO 17948 --- [nio-8197-exec-7] c.s.e.vue.controller.EmployeeController  : 1-------------findAllEmployees-----------------------------Wed Sep 25 01:51:38 KST 2019
2019-09-25 01:51:40.632  INFO 17948 --- [nio-8197-exec-2] c.s.e.vue.controller.EmployeeController  : 1-------------findAllEmployees-----------------------------Wed Sep 25 01:51:40 KST 2019
2019-09-25 01:51:40.641  INFO 17948 --- [nio-8197-exec-1] c.s.e.vue.controller.EmployeeController  : 1-------------findEmployeesByManagerId-----------------------------Wed Sep 25 01:51:40 KST 2019
2019-09-25 01:51:42.906  INFO 17948 --- [nio-8197-exec-6] c.s.e.vue.controller.EmployeeController  : 1-------------findAllEmployees-----------------------------Wed Sep 25 01:51:42 KST 2019
2019-09-25 01:51:42.910  INFO 17948 --- [nio-8197-exec-5] c.s.e.vue.controller.EmployeeController  : 1-------------findAllEmployees-----------------------------Wed Sep 25 01:51:42 KST 2019
2019-09-25 01:51:42.921  INFO 17948 --- [nio-8197-exec-4] c.s.e.vue.controller.EmployeeController  : 4-------------findAllDepartments-----------------------------Wed Sep 25 01:51:42 KST 2019
2019-09-25 01:51:42.952  INFO 17948 --- [nio-8197-exec-9] c.s.e.vue.controller.EmployeeController  : 6-------------findAllTitles-----------------------------Wed Sep 25 01:51:42 KST 2019
2019-09-25 02:05:32.492  INFO 17948 --- [nio-8197-exec-2] c.s.e.vue.controller.EmployeeController  : 1-------------findAllEmployees-----------------------------Wed Sep 25 02:05:32 KST 2019
2019-09-25 02:05:35.166  INFO 17948 --- [nio-8197-exec-1] c.s.e.vue.controller.EmployeeController  : 1-------------findAllEmployees-----------------------------Wed Sep 25 02:05:35 KST 2019
2019-09-25 02:05:35.171  INFO 17948 --- [nio-8197-exec-6] c.s.e.vue.controller.EmployeeController  : 1-------------findEmployeesByManagerId-----------------------------Wed Sep 25 02:05:35 KST 2019
2019-09-25 02:05:38.829  INFO 17948 --- [nio-8197-exec-4] c.s.e.vue.controller.EmployeeController  : 1-------------findAllEmployees-----------------------------Wed Sep 25 02:05:38 KST 2019
2019-09-25 02:05:38.830  INFO 17948 --- [nio-8197-exec-5] c.s.e.vue.controller.EmployeeController  : 1-------------findAllEmployees-----------------------------Wed Sep 25 02:05:38 KST 2019
2019-09-25 02:05:38.835  INFO 17948 --- [nio-8197-exec-9] c.s.e.vue.controller.EmployeeController  : 4-------------findAllDepartments-----------------------------Wed Sep 25 02:05:38 KST 2019
2019-09-25 02:05:38.839  INFO 17948 --- [io-8197-exec-10] c.s.e.vue.controller.EmployeeController  : 6-------------findAllTitles-----------------------------Wed Sep 25 02:05:38 KST 2019
2019-09-25 02:06:07.514  INFO 17948 --- [nio-8197-exec-8] c.s.e.vue.controller.EmployeeController  : 1-------------findAllEmployees-----------------------------Wed Sep 25 02:06:07 KST 2019
2019-09-25 02:06:07.515  INFO 17948 --- [nio-8197-exec-7] c.s.e.vue.controller.EmployeeController  : 1-------------findAllEmployees-----------------------------Wed Sep 25 02:06:07 KST 2019
2019-09-25 02:06:07.518  INFO 17948 --- [nio-8197-exec-3] c.s.e.vue.controller.EmployeeController  : 4-------------findAllDepartments-----------------------------Wed Sep 25 02:06:07 KST 2019
2019-09-25 02:06:07.525  INFO 17948 --- [nio-8197-exec-2] c.s.e.vue.controller.EmployeeController  : 6-------------findAllTitles-----------------------------Wed Sep 25 02:06:07 KST 2019
2019-09-25 02:06:10.068  INFO 17948 --- [nio-8197-exec-1] c.s.e.vue.controller.EmployeeController  : 1-------------findAllEmployees-----------------------------Wed Sep 25 02:06:10 KST 2019
2019-09-25 02:06:13.233  INFO 17948 --- [nio-8197-exec-6] c.s.e.vue.controller.EmployeeController  : 1-------------findAllEmployees-----------------------------Wed Sep 25 02:06:13 KST 2019
2019-09-25 02:06:13.233  INFO 17948 --- [nio-8197-exec-5] c.s.e.vue.controller.EmployeeController  : 1-------------findEmployeesByManagerId-----------------------------Wed Sep 25 02:06:13 KST 2019
2019-09-25 02:06:14.781  INFO 17948 --- [nio-8197-exec-4] c.s.e.vue.controller.EmployeeController  : 1-------------findAllEmployees-----------------------------Wed Sep 25 02:06:14 KST 2019
2019-09-25 02:06:14.783  INFO 17948 --- [nio-8197-exec-9] c.s.e.vue.controller.EmployeeController  : 1-------------findEmployeesByManagerId-----------------------------Wed Sep 25 02:06:14 KST 2019
2019-09-25 02:06:15.671  INFO 17948 --- [io-8197-exec-10] c.s.e.vue.controller.EmployeeController  : 1-------------findAllEmployees-----------------------------Wed Sep 25 02:06:15 KST 2019
2019-09-25 02:06:16.740  INFO 17948 --- [nio-8197-exec-8] c.s.e.vue.controller.EmployeeController  : 1-------------findAllEmployees-----------------------------Wed Sep 25 02:06:16 KST 2019
2019-09-25 02:06:20.588  INFO 17948 --- [nio-8197-exec-3] c.s.e.vue.controller.EmployeeController  : 1-------------findAllEmployees-----------------------------Wed Sep 25 02:06:20 KST 2019
2019-09-25 02:06:20.589  INFO 17948 --- [nio-8197-exec-7] c.s.e.vue.controller.EmployeeController  : 1-------------findEmployeesByManagerId-----------------------------Wed Sep 25 02:06:20 KST 2019
2019-09-25 02:06:23.281  INFO 17948 --- [nio-8197-exec-2] c.s.e.vue.controller.EmployeeController  : 1-------------findAllEmployees-----------------------------Wed Sep 25 02:06:23 KST 2019
2019-09-25 02:06:23.295  INFO 17948 --- [nio-8197-exec-1] c.s.e.vue.controller.EmployeeController  : 1-------------findAllEmployees-----------------------------Wed Sep 25 02:06:23 KST 2019
2019-09-25 02:06:23.297  INFO 17948 --- [nio-8197-exec-6] c.s.e.vue.controller.EmployeeController  : 4-------------findAllDepartments-----------------------------Wed Sep 25 02:06:23 KST 2019
2019-09-25 02:06:23.298  INFO 17948 --- [nio-8197-exec-5] c.s.e.vue.controller.EmployeeController  : 6-------------findAllTitles-----------------------------Wed Sep 25 02:06:23 KST 2019
2019-09-25 15:03:03.903  WARN 17948 --- [l-2 housekeeper] com.zaxxer.hikari.pool.HikariPool        : HikariPool-2 - Thread starvation or clock leap detected (housekeeper delta=12h56m14s842ms274µs500ns).
2019-09-25 18:24:43.272  WARN 17948 --- [l-2 housekeeper] com.zaxxer.hikari.pool.HikariPool        : HikariPool-2 - Thread starvation or clock leap detected (housekeeper delta=1h58m9s765ms411µs700ns).
2019-09-25 21:20:29.598  WARN 17948 --- [l-2 housekeeper] com.zaxxer.hikari.pool.HikariPool        : HikariPool-2 - Thread starvation or clock leap detected (housekeeper delta=2h22m46s53ms85µs700ns).
2019-09-25 21:21:52.819  INFO 17948 --- [nio-8197-exec-3] c.s.e.vue.controller.EmployeeController  : 1-------------findAllEmployees-----------------------------Wed Sep 25 21:21:52 KST 2019
2019-09-25 22:07:37.005  INFO 11872 --- [  restartedMain] ConfigServletWebServerApplicationContext : Refreshing org.springframework.boot.web.servlet.context.AnnotationConfigServletWebServerApplicationContext@7afbb4d2: startup date [Wed Sep 25 22:07:37 KST 2019]; root of context hierarchy
2019-09-25 22:07:39.249  WARN 11872 --- [  restartedMain] o.m.s.mapper.ClassPathMapperScanner      : No MyBatis mapper was found in '[com.ssafy.edu.vue]' package. Please check your configuration.
2019-09-25 22:07:39.938  INFO 11872 --- [  restartedMain] trationDelegate$BeanPostProcessorChecker : Bean 'org.springframework.transaction.annotation.ProxyTransactionManagementConfiguration' of type [org.springframework.transaction.annotation.ProxyTransactionManagementConfiguration$$EnhancerBySpringCGLIB$$fc5a675a] is not eligible for getting processed by all BeanPostProcessors (for example: not eligible for auto-proxying)
2019-09-25 22:07:40.011  INFO 11872 --- [  restartedMain] trationDelegate$BeanPostProcessorChecker : Bean 'org.springframework.hateoas.config.HateoasConfiguration' of type [org.springframework.hateoas.config.HateoasConfiguration$$EnhancerBySpringCGLIB$$7bdab48c] is not eligible for getting processed by all BeanPostProcessors (for example: not eligible for auto-proxying)
2019-09-25 22:07:41.193  INFO 11872 --- [  restartedMain] o.s.b.w.embedded.tomcat.TomcatWebServer  : Tomcat initialized with port(s): 8197 (http)
2019-09-25 22:07:41.389  INFO 11872 --- [ost-startStop-1] o.s.web.context.ContextLoader            : Root WebApplicationContext: initialization completed in 4384 ms
2019-09-25 22:07:41.504  INFO 11872 --- [ost-startStop-1] o.s.b.w.servlet.ServletRegistrationBean  : Servlet dispatcherServlet mapped to [/]
2019-09-25 22:07:41.513  INFO 11872 --- [ost-startStop-1] o.s.b.w.servlet.FilterRegistrationBean   : Mapping filter: 'characterEncodingFilter' to: [/*]
2019-09-25 22:07:41.513  INFO 11872 --- [ost-startStop-1] o.s.b.w.servlet.FilterRegistrationBean   : Mapping filter: 'hiddenHttpMethodFilter' to: [/*]
2019-09-25 22:07:41.513  INFO 11872 --- [ost-startStop-1] o.s.b.w.servlet.FilterRegistrationBean   : Mapping filter: 'httpPutFormContentFilter' to: [/*]
2019-09-25 22:07:41.514  INFO 11872 --- [ost-startStop-1] o.s.b.w.servlet.FilterRegistrationBean   : Mapping filter: 'requestContextFilter' to: [/*]
2019-09-25 22:07:43.651  INFO 11872 --- [  restartedMain] s.w.s.m.m.a.RequestMappingHandlerMapping : Mapped "{[/api/findLikeEmployees/{name}],methods=[GET]}" onto public org.springframework.http.ResponseEntity<java.util.List<com.ssafy.edu.vue.dto.EmployeeDto>> com.ssafy.edu.vue.controller.EmployeeController.findLikeEmployees(java.lang.String) throws java.lang.Exception
2019-09-25 22:07:43.654  INFO 11872 --- [  restartedMain] s.w.s.m.m.a.RequestMappingHandlerMapping : Mapped "{[/api/findAllDepartments],methods=[GET]}" onto public org.springframework.http.ResponseEntity<java.util.List<com.ssafy.edu.vue.dto.DepartmentDto>> com.ssafy.edu.vue.controller.EmployeeController.findAllDepartments() throws java.lang.Exception
2019-09-25 22:07:43.655  INFO 11872 --- [  restartedMain] s.w.s.m.m.a.RequestMappingHandlerMapping : Mapped "{[/api/findEmployeesByManagerId/{manager_id}],methods=[GET]}" onto public org.springframework.http.ResponseEntity<java.util.List<com.ssafy.edu.vue.dto.EmployeeDto>> com.ssafy.edu.vue.controller.EmployeeController.findEmployeesByManagerId(int) throws java.lang.Exception
2019-09-25 22:07:43.655  INFO 11872 --- [  restartedMain] s.w.s.m.m.a.RequestMappingHandlerMapping : Mapped "{[/api/getEmployeesTotal],methods=[GET]}" onto public org.springframework.http.ResponseEntity<com.ssafy.edu.vue.help.NumberResult> com.ssafy.edu.vue.controller.EmployeeController.getEmployeesTotal() throws java.lang.Exception
2019-09-25 22:07:43.656  INFO 11872 --- [  restartedMain] s.w.s.m.m.a.RequestMappingHandlerMapping : Mapped "{[/api/findDepartmentsBydeptid/{dept_id}],methods=[GET]}" onto public org.springframework.http.ResponseEntity<java.util.List<com.ssafy.edu.vue.dto.EmployeeDto>> com.ssafy.edu.vue.controller.EmployeeController.findDepartmentsBydeptid(int) throws java.lang.Exception
2019-09-25 22:07:43.657  INFO 11872 --- [  restartedMain] s.w.s.m.m.a.RequestMappingHandlerMapping : Mapped "{[/api/findDepartmentsByname/{name}],methods=[GET]}" onto public org.springframework.http.ResponseEntity<java.util.List<com.ssafy.edu.vue.dto.EmployeeDto>> com.ssafy.edu.vue.controller.EmployeeController.findDepartmentsByname(java.lang.String) throws java.lang.Exception
2019-09-25 22:07:43.659  INFO 11872 --- [  restartedMain] s.w.s.m.m.a.RequestMappingHandlerMapping : Mapped "{[/api/findAllTitles],methods=[GET]}" onto public org.springframework.http.ResponseEntity<java.util.List<com.ssafy.edu.vue.dto.EmployeeDto>> com.ssafy.edu.vue.controller.EmployeeController.findAllTitles() throws java.lang.Exception
2019-09-25 22:07:43.660  INFO 11872 --- [  restartedMain] s.w.s.m.m.a.RequestMappingHandlerMapping : Mapped "{[/api/findAllEmployees],methods=[GET]}" onto public org.springframework.http.ResponseEntity<java.util.List<com.ssafy.edu.vue.dto.EmployeeDto>> com.ssafy.edu.vue.controller.EmployeeController.findAllEmployees() throws java.lang.Exception
2019-09-25 22:07:43.661  INFO 11872 --- [  restartedMain] s.w.s.m.m.a.RequestMappingHandlerMapping : Mapped "{[/api/findEmployeeById/{id}],methods=[GET]}" onto public org.springframework.http.ResponseEntity<com.ssafy.edu.vue.dto.EmployeeDto> com.ssafy.edu.vue.controller.EmployeeController.findEmployeeById(int) throws java.lang.Exception
2019-09-25 22:07:43.662  INFO 11872 --- [  restartedMain] s.w.s.m.m.a.RequestMappingHandlerMapping : Mapped "{[/api/updateEmployee],methods=[POST]}" onto public org.springframework.http.ResponseEntity<com.ssafy.edu.vue.help.BoolResult> com.ssafy.edu.vue.controller.EmployeeController.updateEmployee(com.ssafy.edu.vue.dto.EmployeeDto) throws java.lang.Exception
2019-09-25 22:07:43.663  INFO 11872 --- [  restartedMain] s.w.s.m.m.a.RequestMappingHandlerMapping : Mapped "{[/api/deleteEmployee/{employeeId}],methods=[POST]}" onto public org.springframework.http.ResponseEntity<com.ssafy.edu.vue.help.BoolResult> com.ssafy.edu.vue.controller.EmployeeController.deleteEmployee(int) throws java.lang.Exception
2019-09-25 22:07:43.663  INFO 11872 --- [  restartedMain] s.w.s.m.m.a.RequestMappingHandlerMapping : Mapped "{[/api/findAllDepCounts],methods=[GET]}" onto public org.springframework.http.ResponseEntity<java.util.List<com.ssafy.edu.vue.dto.DepCountDto>> com.ssafy.edu.vue.controller.EmployeeController.findAllDepCounts() throws java.lang.Exception
2019-09-25 22:07:43.664  INFO 11872 --- [  restartedMain] s.w.s.m.m.a.RequestMappingHandlerMapping : Mapped "{[/api/addEmployee],methods=[POST]}" onto public org.springframework.http.ResponseEntity<com.ssafy.edu.vue.help.NumberResult> com.ssafy.edu.vue.controller.EmployeeController.addEmployee(com.ssafy.edu.vue.dto.EmployeeDto) throws java.lang.Exception
2019-09-25 22:07:43.666  INFO 11872 --- [  restartedMain] s.w.s.m.m.a.RequestMappingHandlerMapping : Mapped "{[/v2/api-docs],methods=[GET],produces=[application/json || application/hal+json]}" onto public org.springframework.http.ResponseEntity<springfox.documentation.spring.web.json.Json> springfox.documentation.swagger2.web.Swagger2Controller.getDocumentation(java.lang.String,javax.servlet.http.HttpServletRequest)
2019-09-25 22:07:43.671  INFO 11872 --- [  restartedMain] s.w.s.m.m.a.RequestMappingHandlerMapping : Mapped "{[/configuration/security]}" onto org.springframework.http.ResponseEntity<springfox.documentation.swagger.web.SecurityConfiguration> springfox.documentation.swagger.web.ApiResourceController.securityConfiguration()
2019-09-25 22:07:43.672  INFO 11872 --- [  restartedMain] s.w.s.m.m.a.RequestMappingHandlerMapping : Mapped "{[/configuration/ui]}" onto org.springframework.http.ResponseEntity<springfox.documentation.swagger.web.UiConfiguration> springfox.documentation.swagger.web.ApiResourceController.uiConfiguration()
2019-09-25 22:07:43.674  INFO 11872 --- [  restartedMain] s.w.s.m.m.a.RequestMappingHandlerMapping : Mapped "{[/swagger-resources]}" onto org.springframework.http.ResponseEntity<java.util.List<springfox.documentation.swagger.web.SwaggerResource>> springfox.documentation.swagger.web.ApiResourceController.swaggerResources()
2019-09-25 22:07:43.679  INFO 11872 --- [  restartedMain] s.w.s.m.m.a.RequestMappingHandlerMapping : Mapped "{[/error]}" onto public org.springframework.http.ResponseEntity<java.util.Map<java.lang.String, java.lang.Object>> org.springframework.boot.autoconfigure.web.servlet.error.BasicErrorController.error(javax.servlet.http.HttpServletRequest)
2019-09-25 22:07:43.680  INFO 11872 --- [  restartedMain] s.w.s.m.m.a.RequestMappingHandlerMapping : Mapped "{[/error],produces=[text/html]}" onto public org.springframework.web.servlet.ModelAndView org.springframework.boot.autoconfigure.web.servlet.error.BasicErrorController.errorHtml(javax.servlet.http.HttpServletRequest,javax.servlet.http.HttpServletResponse)
2019-09-25 22:07:44.315  INFO 11872 --- [  restartedMain] o.s.w.s.handler.SimpleUrlHandlerMapping  : Mapped URL path [/**/favicon.ico] onto handler of type [class org.springframework.web.servlet.resource.ResourceHttpRequestHandler]
2019-09-25 22:07:44.542  INFO 11872 --- [  restartedMain] s.w.s.m.m.a.RequestMappingHandlerAdapter : Looking for @ControllerAdvice: org.springframework.boot.web.servlet.context.AnnotationConfigServletWebServerApplicationContext@7afbb4d2: startup date [Wed Sep 25 22:07:37 KST 2019]; root of context hierarchy
2019-09-25 22:07:44.668  INFO 11872 --- [  restartedMain] o.s.w.s.handler.SimpleUrlHandlerMapping  : Mapped URL path [/webjars/**] onto handler of type [class org.springframework.web.servlet.resource.ResourceHttpRequestHandler]
2019-09-25 22:07:44.668  INFO 11872 --- [  restartedMain] o.s.w.s.handler.SimpleUrlHandlerMapping  : Mapped URL path [/**] onto handler of type [class org.springframework.web.servlet.resource.ResourceHttpRequestHandler]
2019-09-25 22:07:44.715  INFO 11872 --- [  restartedMain] .m.m.a.ExceptionHandlerExceptionResolver : Detected @ExceptionHandler methods in repositoryRestExceptionHandler
2019-09-25 22:07:45.134  INFO 11872 --- [  restartedMain] o.s.d.r.w.RepositoryRestHandlerAdapter   : Looking for @ControllerAdvice: org.springframework.boot.web.servlet.context.AnnotationConfigServletWebServerApplicationContext@7afbb4d2: startup date [Wed Sep 25 22:07:37 KST 2019]; root of context hierarchy
2019-09-25 22:07:45.162  INFO 11872 --- [  restartedMain] o.s.d.r.w.RepositoryRestHandlerMapping   : Mapped "{[/{repository}],methods=[HEAD],produces=[application/hal+json || application/json]}" onto public org.springframework.http.ResponseEntity<?> org.springframework.data.rest.webmvc.RepositoryEntityController.headCollectionResource(org.springframework.data.rest.webmvc.RootResourceInformation,org.springframework.data.rest.webmvc.support.DefaultedPageable) throws org.springframework.web.HttpRequestMethodNotSupportedException
2019-09-25 22:07:45.167  INFO 11872 --- [  restartedMain] o.s.d.r.w.RepositoryRestHandlerMapping   : Mapped "{[/{repository}],methods=[GET],produces=[application/hal+json || application/json]}" onto public org.springframework.hateoas.Resources<?> org.springframework.data.rest.webmvc.RepositoryEntityController.getCollectionResource(org.springframework.data.rest.webmvc.RootResourceInformation,org.springframework.data.rest.webmvc.support.DefaultedPageable,org.springframework.data.domain.Sort,org.springframework.data.rest.webmvc.PersistentEntityResourceAssembler) throws org.springframework.data.rest.webmvc.ResourceNotFoundException,org.springframework.web.HttpRequestMethodNotSupportedException
2019-09-25 22:07:45.168  INFO 11872 --- [  restartedMain] o.s.d.r.w.RepositoryRestHandlerMapping   : Mapped "{[/{repository}],methods=[GET],produces=[application/x-spring-data-compact+json || text/uri-list]}" onto public org.springframework.hateoas.Resources<?> org.springframework.data.rest.webmvc.RepositoryEntityController.getCollectionResourceCompact(org.springframework.data.rest.webmvc.RootResourceInformation,org.springframework.data.rest.webmvc.support.DefaultedPageable,org.springframework.data.domain.Sort,org.springframework.data.rest.webmvc.PersistentEntityResourceAssembler) throws org.springframework.data.rest.webmvc.ResourceNotFoundException,org.springframework.web.HttpRequestMethodNotSupportedException
2019-09-25 22:07:45.169  INFO 11872 --- [  restartedMain] o.s.d.r.w.RepositoryRestHandlerMapping   : Mapped "{[/{repository}],methods=[OPTIONS],produces=[application/hal+json || application/json]}" onto public org.springframework.http.ResponseEntity<?> org.springframework.data.rest.webmvc.RepositoryEntityController.optionsForCollectionResource(org.springframework.data.rest.webmvc.RootResourceInformation)
2019-09-25 22:07:45.170  INFO 11872 --- [  restartedMain] o.s.d.r.w.RepositoryRestHandlerMapping   : Mapped "{[/{repository}/{id}],methods=[HEAD],produces=[application/hal+json || application/json]}" onto public org.springframework.http.ResponseEntity<?> org.springframework.data.rest.webmvc.RepositoryEntityController.headForItemResource(org.springframework.data.rest.webmvc.RootResourceInformation,java.io.Serializable,org.springframework.data.rest.webmvc.PersistentEntityResourceAssembler) throws org.springframework.web.HttpRequestMethodNotSupportedException
2019-09-25 22:07:45.171  INFO 11872 --- [  restartedMain] o.s.d.r.w.RepositoryRestHandlerMapping   : Mapped "{[/{repository}/{id}],methods=[OPTIONS],produces=[application/hal+json || application/json]}" onto public org.springframework.http.ResponseEntity<?> org.springframework.data.rest.webmvc.RepositoryEntityController.optionsForItemResource(org.springframework.data.rest.webmvc.RootResourceInformation)
2019-09-25 22:07:45.171  INFO 11872 --- [  restartedMain] o.s.d.r.w.RepositoryRestHandlerMapping   : Mapped "{[/{repository}],methods=[POST],produces=[application/hal+json || application/json]}" onto public org.springframework.http.ResponseEntity<org.springframework.hateoas.ResourceSupport> org.springframework.data.rest.webmvc.RepositoryEntityController.postCollectionResource(org.springframework.data.rest.webmvc.RootResourceInformation,org.springframework.data.rest.webmvc.PersistentEntityResource,org.springframework.data.rest.webmvc.PersistentEntityResourceAssembler,java.lang.String) throws org.springframework.web.HttpRequestMethodNotSupportedException
2019-09-25 22:07:45.172  INFO 11872 --- [  restartedMain] o.s.d.r.w.RepositoryRestHandlerMapping   : Mapped "{[/{repository}/{id}],methods=[DELETE],produces=[application/hal+json || application/json]}" onto public org.springframework.http.ResponseEntity<?> org.springframework.data.rest.webmvc.RepositoryEntityController.deleteItemResource(org.springframework.data.rest.webmvc.RootResourceInformation,java.io.Serializable,org.springframework.data.rest.webmvc.support.ETag) throws org.springframework.data.rest.webmvc.ResourceNotFoundException,org.springframework.web.HttpRequestMethodNotSupportedException
2019-09-25 22:07:45.172  INFO 11872 --- [  restartedMain] o.s.d.r.w.RepositoryRestHandlerMapping   : Mapped "{[/{repository}/{id}],methods=[PATCH],produces=[application/hal+json || application/json]}" onto public org.springframework.http.ResponseEntity<org.springframework.hateoas.ResourceSupport> org.springframework.data.rest.webmvc.RepositoryEntityController.patchItemResource(org.springframework.data.rest.webmvc.RootResourceInformation,org.springframework.data.rest.webmvc.PersistentEntityResource,java.io.Serializable,org.springframework.data.rest.webmvc.PersistentEntityResourceAssembler,org.springframework.data.rest.webmvc.support.ETag,java.lang.String) throws org.springframework.web.HttpRequestMethodNotSupportedException,org.springframework.data.rest.webmvc.ResourceNotFoundException
2019-09-25 22:07:45.173  INFO 11872 --- [  restartedMain] o.s.d.r.w.RepositoryRestHandlerMapping   : Mapped "{[/{repository}/{id}],methods=[PUT],produces=[application/hal+json || application/json]}" onto public org.springframework.http.ResponseEntity<? extends org.springframework.hateoas.ResourceSupport> org.springframework.data.rest.webmvc.RepositoryEntityController.putItemResource(org.springframework.data.rest.webmvc.RootResourceInformation,org.springframework.data.rest.webmvc.PersistentEntityResource,java.io.Serializable,org.springframework.data.rest.webmvc.PersistentEntityResourceAssembler,org.springframework.data.rest.webmvc.support.ETag,java.lang.String) throws org.springframework.web.HttpRequestMethodNotSupportedException
2019-09-25 22:07:45.175  INFO 11872 --- [  restartedMain] o.s.d.r.w.RepositoryRestHandlerMapping   : Mapped "{[/{repository}/{id}],methods=[GET],produces=[application/hal+json || application/json]}" onto public org.springframework.http.ResponseEntity<org.springframework.hateoas.Resource<?>> org.springframework.data.rest.webmvc.RepositoryEntityController.getItemResource(org.springframework.data.rest.webmvc.RootResourceInformation,java.io.Serializable,org.springframework.data.rest.webmvc.PersistentEntityResourceAssembler,org.springframework.http.HttpHeaders) throws org.springframework.web.HttpRequestMethodNotSupportedException
2019-09-25 22:07:45.178  INFO 11872 --- [  restartedMain] o.s.d.r.w.RepositoryRestHandlerMapping   : Mapped "{[/{repository}/{id}/{property}/{propertyId}],methods=[DELETE],produces=[application/hal+json || application/json]}" onto public org.springframework.http.ResponseEntity<org.springframework.hateoas.ResourceSupport> org.springframework.data.rest.webmvc.RepositoryPropertyReferenceController.deletePropertyReferenceId(org.springframework.data.rest.webmvc.RootResourceInformation,java.io.Serializable,java.lang.String,java.lang.String) throws java.lang.Exception
2019-09-25 22:07:45.181  INFO 11872 --- [  restartedMain] o.s.d.r.w.RepositoryRestHandlerMapping   : Mapped "{[/{repository}/{id}/{property}],methods=[DELETE],produces=[application/hal+json || application/json]}" onto public org.springframework.http.ResponseEntity<? extends org.springframework.hateoas.ResourceSupport> org.springframework.data.rest.webmvc.RepositoryPropertyReferenceController.deletePropertyReference(org.springframework.data.rest.webmvc.RootResourceInformation,java.io.Serializable,java.lang.String) throws java.lang.Exception
2019-09-25 22:07:45.183  INFO 11872 --- [  restartedMain] o.s.d.r.w.RepositoryRestHandlerMapping   : Mapped "{[/{repository}/{id}/{property}],methods=[GET],produces=[application/hal+json || application/json]}" onto public org.springframework.http.ResponseEntity<org.springframework.hateoas.ResourceSupport> org.springframework.data.rest.webmvc.RepositoryPropertyReferenceController.followPropertyReference(org.springframework.data.rest.webmvc.RootResourceInformation,java.io.Serializable,java.lang.String,org.springframework.data.rest.webmvc.PersistentEntityResourceAssembler) throws java.lang.Exception
2019-09-25 22:07:45.183  INFO 11872 --- [  restartedMain] o.s.d.r.w.RepositoryRestHandlerMapping   : Mapped "{[/{repository}/{id}/{property}/{propertyId}],methods=[GET],produces=[application/hal+json || application/json]}" onto public org.springframework.http.ResponseEntity<org.springframework.hateoas.ResourceSupport> org.springframework.data.rest.webmvc.RepositoryPropertyReferenceController.followPropertyReference(org.springframework.data.rest.webmvc.RootResourceInformation,java.io.Serializable,java.lang.String,java.lang.String,org.springframework.data.rest.webmvc.PersistentEntityResourceAssembler) throws java.lang.Exception
2019-09-25 22:07:45.184  INFO 11872 --- [  restartedMain] o.s.d.r.w.RepositoryRestHandlerMapping   : Mapped "{[/{repository}/{id}/{property}],methods=[GET],produces=[application/x-spring-data-compact+json || text/uri-list]}" onto public org.springframework.http.ResponseEntity<org.springframework.hateoas.ResourceSupport> org.springframework.data.rest.webmvc.RepositoryPropertyReferenceController.followPropertyReferenceCompact(org.springframework.data.rest.webmvc.RootResourceInformation,java.io.Serializable,java.lang.String,org.springframework.data.rest.webmvc.PersistentEntityResourceAssembler) throws java.lang.Exception
2019-09-25 22:07:45.185  INFO 11872 --- [  restartedMain] o.s.d.r.w.RepositoryRestHandlerMapping   : Mapped "{[/{repository}/{id}/{property}],methods=[PATCH || PUT || POST],consumes=[application/json || application/x-spring-data-compact+json || text/uri-list],produces=[application/hal+json || application/json]}" onto public org.springframework.http.ResponseEntity<? extends org.springframework.hateoas.ResourceSupport> org.springframework.data.rest.webmvc.RepositoryPropertyReferenceController.createPropertyReference(org.springframework.data.rest.webmvc.RootResourceInformation,org.springframework.http.HttpMethod,org.springframework.hateoas.Resources<java.lang.Object>,java.io.Serializable,java.lang.String) throws java.lang.Exception
2019-09-25 22:07:45.186  INFO 11872 --- [  restartedMain] o.s.d.r.w.RepositoryRestHandlerMapping   : Mapped "{[/{repository}/search],methods=[OPTIONS],produces=[application/hal+json || application/json]}" onto public org.springframework.http.HttpEntity<?> org.springframework.data.rest.webmvc.RepositorySearchController.optionsForSearches(org.springframework.data.rest.webmvc.RootResourceInformation)
2019-09-25 22:07:45.188  INFO 11872 --- [  restartedMain] o.s.d.r.w.RepositoryRestHandlerMapping   : Mapped "{[/{repository}/search/{search}],methods=[GET],produces=[application/x-spring-data-compact+json]}" onto public org.springframework.hateoas.ResourceSupport org.springframework.data.rest.webmvc.RepositorySearchController.executeSearchCompact(org.springframework.data.rest.webmvc.RootResourceInformation,org.springframework.http.HttpHeaders,org.springframework.util.MultiValueMap<java.lang.String, java.lang.Object>,java.lang.String,java.lang.String,org.springframework.data.rest.webmvc.support.DefaultedPageable,org.springframework.data.domain.Sort,org.springframework.data.rest.webmvc.PersistentEntityResourceAssembler)
2019-09-25 22:07:45.189  INFO 11872 --- [  restartedMain] o.s.d.r.w.RepositoryRestHandlerMapping   : Mapped "{[/{repository}/search],methods=[HEAD],produces=[application/hal+json || application/json]}" onto public org.springframework.http.HttpEntity<?> org.springframework.data.rest.webmvc.RepositorySearchController.headForSearches(org.springframework.data.rest.webmvc.RootResourceInformation)
2019-09-25 22:07:45.189  INFO 11872 --- [  restartedMain] o.s.d.r.w.RepositoryRestHandlerMapping   : Mapped "{[/{repository}/search],methods=[GET],produces=[application/hal+json || application/json]}" onto public org.springframework.data.rest.webmvc.RepositorySearchesResource org.springframework.data.rest.webmvc.RepositorySearchController.listSearches(org.springframework.data.rest.webmvc.RootResourceInformation)
2019-09-25 22:07:45.189  INFO 11872 --- [  restartedMain] o.s.d.r.w.RepositoryRestHandlerMapping   : Mapped "{[/{repository}/search/{search}],methods=[OPTIONS],produces=[application/hal+json || application/json]}" onto public org.springframework.http.ResponseEntity<java.lang.Object> org.springframework.data.rest.webmvc.RepositorySearchController.optionsForSearch(org.springframework.data.rest.webmvc.RootResourceInformation,java.lang.String)
2019-09-25 22:07:45.190  INFO 11872 --- [  restartedMain] o.s.d.r.w.RepositoryRestHandlerMapping   : Mapped "{[/{repository}/search/{search}],methods=[GET],produces=[application/hal+json || application/json]}" onto public org.springframework.http.ResponseEntity<?> org.springframework.data.rest.webmvc.RepositorySearchController.executeSearch(org.springframework.data.rest.webmvc.RootResourceInformation,org.springframework.util.MultiValueMap<java.lang.String, java.lang.Object>,java.lang.String,org.springframework.data.rest.webmvc.support.DefaultedPageable,org.springframework.data.domain.Sort,org.springframework.data.rest.webmvc.PersistentEntityResourceAssembler,org.springframework.http.HttpHeaders)
2019-09-25 22:07:45.190  INFO 11872 --- [  restartedMain] o.s.d.r.w.RepositoryRestHandlerMapping   : Mapped "{[/{repository}/search/{search}],methods=[HEAD],produces=[application/hal+json || application/json]}" onto public org.springframework.http.ResponseEntity<java.lang.Object> org.springframework.data.rest.webmvc.RepositorySearchController.headForSearch(org.springframework.data.rest.webmvc.RootResourceInformation,java.lang.String)
2019-09-25 22:07:45.191  INFO 11872 --- [  restartedMain] o.s.d.r.w.RepositoryRestHandlerMapping   : Mapped "{[/ || ],methods=[HEAD],produces=[application/hal+json || application/json]}" onto public org.springframework.http.ResponseEntity<?> org.springframework.data.rest.webmvc.RepositoryController.headForRepositories()
2019-09-25 22:07:45.194  INFO 11872 --- [  restartedMain] o.s.d.r.w.RepositoryRestHandlerMapping   : Mapped "{[/ || ],methods=[OPTIONS],produces=[application/hal+json || application/json]}" onto public org.springframework.http.HttpEntity<?> org.springframework.data.rest.webmvc.RepositoryController.optionsForRepositories()
2019-09-25 22:07:45.194  INFO 11872 --- [  restartedMain] o.s.d.r.w.RepositoryRestHandlerMapping   : Mapped "{[/ || ],methods=[GET],produces=[application/hal+json || application/json]}" onto public org.springframework.http.HttpEntity<org.springframework.data.rest.webmvc.RepositoryLinksResource> org.springframework.data.rest.webmvc.RepositoryController.listRepositories()
2019-09-25 22:07:45.202  INFO 11872 --- [  restartedMain] o.s.d.r.w.BasePathAwareHandlerMapping    : Mapped "{[/profile],methods=[GET]}" onto org.springframework.http.HttpEntity<org.springframework.hateoas.ResourceSupport> org.springframework.data.rest.webmvc.ProfileController.listAllFormsOfMetadata()
2019-09-25 22:07:45.202  INFO 11872 --- [  restartedMain] o.s.d.r.w.BasePathAwareHandlerMapping    : Mapped "{[/profile],methods=[OPTIONS]}" onto public org.springframework.http.HttpEntity<?> org.springframework.data.rest.webmvc.ProfileController.profileOptions()
2019-09-25 22:07:45.203  INFO 11872 --- [  restartedMain] o.s.d.r.w.BasePathAwareHandlerMapping    : Mapped "{[/profile/{repository}],methods=[GET],produces=[application/schema+json]}" onto public org.springframework.http.HttpEntity<org.springframework.data.rest.webmvc.json.JsonSchema> org.springframework.data.rest.webmvc.RepositorySchemaController.schema(org.springframework.data.rest.webmvc.RootResourceInformation)
2019-09-25 22:07:45.204  INFO 11872 --- [  restartedMain] o.s.d.r.w.BasePathAwareHandlerMapping    : Mapped "{[/profile/{repository}],methods=[GET],produces=[application/alps+json || */*]}" onto org.springframework.http.HttpEntity<org.springframework.data.rest.webmvc.RootResourceInformation> org.springframework.data.rest.webmvc.alps.AlpsController.descriptor(org.springframework.data.rest.webmvc.RootResourceInformation)
2019-09-25 22:07:45.204  INFO 11872 --- [  restartedMain] o.s.d.r.w.BasePathAwareHandlerMapping    : Mapped "{[/profile/{repository}],methods=[OPTIONS],produces=[application/alps+json]}" onto org.springframework.http.HttpEntity<?> org.springframework.data.rest.webmvc.alps.AlpsController.alpsOptions()
2019-09-25 22:07:45.563  WARN 11872 --- [  restartedMain] o.s.b.d.a.OptionalLiveReloadServer       : Unable to start LiveReload server
2019-09-25 22:07:45.625  INFO 11872 --- [  restartedMain] o.s.j.e.a.AnnotationMBeanExporter        : Registering beans for JMX exposure on startup
2019-09-25 22:07:45.630  INFO 11872 --- [  restartedMain] o.s.j.e.a.AnnotationMBeanExporter        : Bean with name 'dataSource' has been autodetected for JMX exposure
2019-09-25 22:07:45.641  INFO 11872 --- [  restartedMain] o.s.j.e.a.AnnotationMBeanExporter        : Located MBean 'dataSource': registering with JMX server as MBean [com.zaxxer.hikari:name=dataSource,type=HikariDataSource]
2019-09-25 22:07:46.394  INFO 11872 --- [  restartedMain] o.s.b.w.embedded.tomcat.TomcatWebServer  : Tomcat started on port(s): 8197 (http) with context path '/ssafyvue'
2019-09-25 22:07:47.091  INFO 11872 --- [io-8197-exec-10] o.s.web.servlet.DispatcherServlet        : FrameworkServlet 'dispatcherServlet': initialization started
2019-09-25 22:07:47.174  INFO 11872 --- [io-8197-exec-10] o.s.web.servlet.DispatcherServlet        : FrameworkServlet 'dispatcherServlet': initialization completed in 83 ms
2019-09-25 22:07:47.326  INFO 11872 --- [io-8197-exec-10] c.s.e.vue.controller.EmployeeController  : 1-------------findAllEmployees-----------------------------Wed Sep 25 22:07:47 KST 2019
2019-09-25 22:08:19.610  INFO 11872 --- [nio-8197-exec-9] c.s.e.vue.controller.EmployeeController  : 1-------------findAllEmployees-----------------------------Wed Sep 25 22:08:19 KST 2019
2019-09-25 22:08:19.610  INFO 11872 --- [nio-8197-exec-8] c.s.e.vue.controller.EmployeeController  : 4-------------findAllDepartments-----------------------------Wed Sep 25 22:08:19 KST 2019
2019-09-25 22:08:19.643  INFO 11872 --- [nio-8197-exec-7] c.s.e.vue.controller.EmployeeController  : 6-------------findAllTitles-----------------------------Wed Sep 25 22:08:19 KST 2019
2019-09-25 22:08:34.750  INFO 11872 --- [nio-8197-exec-6] c.s.e.vue.controller.EmployeeController  : 1-------------findAllEmployees-----------------------------Wed Sep 25 22:08:34 KST 2019
2019-09-25 22:08:35.908  INFO 11872 --- [nio-8197-exec-5] c.s.e.vue.controller.EmployeeController  : 1-------------findAllDepCounts-----------------------------Wed Sep 25 22:08:35 KST 2019
2019-09-25 22:08:36.724  INFO 11872 --- [nio-8197-exec-4] c.s.e.vue.controller.EmployeeController  : 1-------------findDepartmentsBydeptid-----------------------------Wed Sep 25 22:08:36 KST 2019
2019-09-25 22:08:36.763  INFO 11872 --- [nio-8197-exec-3] c.s.e.vue.controller.EmployeeController  : 1-------------findDepartmentsBydeptid-----------------------------Wed Sep 25 22:08:36 KST 2019
2019-09-25 22:08:37.270  INFO 11872 --- [nio-8197-exec-2] c.s.e.vue.controller.EmployeeController  : 1-------------findDepartmentsBydeptid-----------------------------Wed Sep 25 22:08:37 KST 2019
2019-09-25 22:08:37.286  INFO 11872 --- [nio-8197-exec-1] c.s.e.vue.controller.EmployeeController  : 1-------------findDepartmentsBydeptid-----------------------------Wed Sep 25 22:08:37 KST 2019
2019-09-25 22:08:37.612  INFO 11872 --- [io-8197-exec-10] c.s.e.vue.controller.EmployeeController  : 1-------------findDepartmentsBydeptid-----------------------------Wed Sep 25 22:08:37 KST 2019
2019-09-25 22:08:37.632  INFO 11872 --- [nio-8197-exec-8] c.s.e.vue.controller.EmployeeController  : 1-------------findDepartmentsBydeptid-----------------------------Wed Sep 25 22:08:37 KST 2019
2019-09-25 22:08:37.659  INFO 11872 --- [nio-8197-exec-9] c.s.e.vue.controller.EmployeeController  : 1-------------findDepartmentsBydeptid-----------------------------Wed Sep 25 22:08:37 KST 2019
2019-09-25 22:08:37.687  INFO 11872 --- [nio-8197-exec-7] c.s.e.vue.controller.EmployeeController  : 1-------------findDepartmentsBydeptid-----------------------------Wed Sep 25 22:08:37 KST 2019
2019-09-25 22:08:37.707  INFO 11872 --- [nio-8197-exec-6] c.s.e.vue.controller.EmployeeController  : 1-------------findDepartmentsBydeptid-----------------------------Wed Sep 25 22:08:37 KST 2019
2019-09-25 22:08:37.884  INFO 11872 --- [nio-8197-exec-5] c.s.e.vue.controller.EmployeeController  : 1-------------findDepartmentsBydeptid-----------------------------Wed Sep 25 22:08:37 KST 2019
2019-09-25 22:08:37.920  INFO 11872 --- [nio-8197-exec-4] c.s.e.vue.controller.EmployeeController  : 1-------------findDepartmentsBydeptid-----------------------------Wed Sep 25 22:08:37 KST 2019
2019-09-25 22:08:37.936  INFO 11872 --- [nio-8197-exec-3] c.s.e.vue.controller.EmployeeController  : 1-------------findDepartmentsBydeptid-----------------------------Wed Sep 25 22:08:37 KST 2019
2019-09-25 22:08:37.956  INFO 11872 --- [nio-8197-exec-2] c.s.e.vue.controller.EmployeeController  : 1-------------findDepartmentsBydeptid-----------------------------Wed Sep 25 22:08:37 KST 2019
2019-09-25 22:08:37.986  INFO 11872 --- [nio-8197-exec-1] c.s.e.vue.controller.EmployeeController  : 1-------------findDepartmentsBydeptid-----------------------------Wed Sep 25 22:08:37 KST 2019
2019-09-25 22:08:38.005  INFO 11872 --- [io-8197-exec-10] c.s.e.vue.controller.EmployeeController  : 1-------------findDepartmentsBydeptid-----------------------------Wed Sep 25 22:08:38 KST 2019
2019-09-25 22:08:39.792  INFO 11872 --- [nio-8197-exec-8] c.s.e.vue.controller.EmployeeController  : 1-------------findDepartmentsBydeptid-----------------------------Wed Sep 25 22:08:39 KST 2019
2019-09-25 22:08:39.969  INFO 11872 --- [nio-8197-exec-9] c.s.e.vue.controller.EmployeeController  : 1-------------findDepartmentsBydeptid-----------------------------Wed Sep 25 22:08:39 KST 2019
2019-09-25 22:08:40.054  INFO 11872 --- [nio-8197-exec-7] c.s.e.vue.controller.EmployeeController  : 1-------------findDepartmentsBydeptid-----------------------------Wed Sep 25 22:08:40 KST 2019
2019-09-25 22:08:40.099  INFO 11872 --- [nio-8197-exec-6] c.s.e.vue.controller.EmployeeController  : 1-------------findDepartmentsBydeptid-----------------------------Wed Sep 25 22:08:40 KST 2019
2019-09-25 22:08:40.215  INFO 11872 --- [nio-8197-exec-5] c.s.e.vue.controller.EmployeeController  : 1-------------findDepartmentsBydeptid-----------------------------Wed Sep 25 22:08:40 KST 2019
2019-09-25 22:08:40.240  INFO 11872 --- [nio-8197-exec-4] c.s.e.vue.controller.EmployeeController  : 1-------------findDepartmentsBydeptid-----------------------------Wed Sep 25 22:08:40 KST 2019
2019-09-25 22:08:40.256  INFO 11872 --- [nio-8197-exec-3] c.s.e.vue.controller.EmployeeController  : 1-------------findDepartmentsBydeptid-----------------------------Wed Sep 25 22:08:40 KST 2019
2019-09-25 22:08:40.283  INFO 11872 --- [nio-8197-exec-2] c.s.e.vue.controller.EmployeeController  : 1-------------findDepartmentsBydeptid-----------------------------Wed Sep 25 22:08:40 KST 2019
2019-09-25 22:08:40.299  INFO 11872 --- [nio-8197-exec-1] c.s.e.vue.controller.EmployeeController  : 1-------------findDepartmentsBydeptid-----------------------------Wed Sep 25 22:08:40 KST 2019
2019-09-25 22:08:40.318  INFO 11872 --- [io-8197-exec-10] c.s.e.vue.controller.EmployeeController  : 1-------------findDepartmentsBydeptid-----------------------------Wed Sep 25 22:08:40 KST 2019
2019-09-25 22:08:40.424  INFO 11872 --- [nio-8197-exec-8] c.s.e.vue.controller.EmployeeController  : 1-------------findDepartmentsBydeptid-----------------------------Wed Sep 25 22:08:40 KST 2019
2019-09-25 22:08:40.656  INFO 11872 --- [nio-8197-exec-9] c.s.e.vue.controller.EmployeeController  : 1-------------findDepartmentsBydeptid-----------------------------Wed Sep 25 22:08:40 KST 2019
2019-09-25 22:08:40.944  INFO 11872 --- [nio-8197-exec-7] c.s.e.vue.controller.EmployeeController  : 1-------------findDepartmentsBydeptid-----------------------------Wed Sep 25 22:08:40 KST 2019
2019-09-25 22:08:41.207  INFO 11872 --- [nio-8197-exec-6] c.s.e.vue.controller.EmployeeController  : 1-------------findDepartmentsBydeptid-----------------------------Wed Sep 25 22:08:41 KST 2019
2019-09-25 22:08:41.358  INFO 11872 --- [nio-8197-exec-5] c.s.e.vue.controller.EmployeeController  : 1-------------findDepartmentsBydeptid-----------------------------Wed Sep 25 22:08:41 KST 2019
2019-09-25 22:08:41.654  INFO 11872 --- [nio-8197-exec-4] c.s.e.vue.controller.EmployeeController  : 1-------------findDepartmentsBydeptid-----------------------------Wed Sep 25 22:08:41 KST 2019
2019-09-25 22:08:42.135  INFO 11872 --- [nio-8197-exec-3] c.s.e.vue.controller.EmployeeController  : 1-------------findDepartmentsBydeptid-----------------------------Wed Sep 25 22:08:42 KST 2019
2019-09-25 22:08:42.169  INFO 11872 --- [nio-8197-exec-2] c.s.e.vue.controller.EmployeeController  : 1-------------findDepartmentsBydeptid-----------------------------Wed Sep 25 22:08:42 KST 2019
2019-09-25 22:08:42.250  INFO 11872 --- [nio-8197-exec-1] c.s.e.vue.controller.EmployeeController  : 1-------------findDepartmentsBydeptid-----------------------------Wed Sep 25 22:08:42 KST 2019
2019-09-25 22:08:42.288  INFO 11872 --- [io-8197-exec-10] c.s.e.vue.controller.EmployeeController  : 1-------------findDepartmentsBydeptid-----------------------------Wed Sep 25 22:08:42 KST 2019
2019-09-25 22:08:42.317  INFO 11872 --- [nio-8197-exec-8] c.s.e.vue.controller.EmployeeController  : 1-------------findDepartmentsBydeptid-----------------------------Wed Sep 25 22:08:42 KST 2019
2019-09-25 22:08:42.371  INFO 11872 --- [nio-8197-exec-9] c.s.e.vue.controller.EmployeeController  : 1-------------findDepartmentsBydeptid-----------------------------Wed Sep 25 22:08:42 KST 2019
2019-09-25 22:08:42.490  INFO 11872 --- [nio-8197-exec-7] c.s.e.vue.controller.EmployeeController  : 1-------------findDepartmentsBydeptid-----------------------------Wed Sep 25 22:08:42 KST 2019
2019-09-25 22:08:42.746  INFO 11872 --- [nio-8197-exec-6] c.s.e.vue.controller.EmployeeController  : 1-------------findDepartmentsBydeptid-----------------------------Wed Sep 25 22:08:42 KST 2019
2019-09-25 22:08:42.767  INFO 11872 --- [nio-8197-exec-5] c.s.e.vue.controller.EmployeeController  : 1-------------findDepartmentsBydeptid-----------------------------Wed Sep 25 22:08:42 KST 2019
2019-09-25 22:08:42.778  INFO 11872 --- [nio-8197-exec-4] c.s.e.vue.controller.EmployeeController  : 1-------------findDepartmentsBydeptid-----------------------------Wed Sep 25 22:08:42 KST 2019
2019-09-25 22:08:42.806  INFO 11872 --- [nio-8197-exec-3] c.s.e.vue.controller.EmployeeController  : 1-------------findDepartmentsBydeptid-----------------------------Wed Sep 25 22:08:42 KST 2019
2019-09-25 22:08:42.821  INFO 11872 --- [nio-8197-exec-2] c.s.e.vue.controller.EmployeeController  : 1-------------findDepartmentsBydeptid-----------------------------Wed Sep 25 22:08:42 KST 2019
2019-09-25 22:08:42.836  INFO 11872 --- [nio-8197-exec-1] c.s.e.vue.controller.EmployeeController  : 1-------------findDepartmentsBydeptid-----------------------------Wed Sep 25 22:08:42 KST 2019
2019-09-25 22:08:43.059  INFO 11872 --- [io-8197-exec-10] c.s.e.vue.controller.EmployeeController  : 1-------------findDepartmentsBydeptid-----------------------------Wed Sep 25 22:08:43 KST 2019
2019-09-25 22:08:43.083  INFO 11872 --- [nio-8197-exec-8] c.s.e.vue.controller.EmployeeController  : 1-------------findDepartmentsBydeptid-----------------------------Wed Sep 25 22:08:43 KST 2019
2019-09-25 22:08:43.096  INFO 11872 --- [nio-8197-exec-9] c.s.e.vue.controller.EmployeeController  : 1-------------findDepartmentsBydeptid-----------------------------Wed Sep 25 22:08:43 KST 2019
2019-09-25 22:08:43.112  INFO 11872 --- [nio-8197-exec-7] c.s.e.vue.controller.EmployeeController  : 1-------------findDepartmentsBydeptid-----------------------------Wed Sep 25 22:08:43 KST 2019
2019-09-25 22:08:43.128  INFO 11872 --- [nio-8197-exec-6] c.s.e.vue.controller.EmployeeController  : 1-------------findDepartmentsBydeptid-----------------------------Wed Sep 25 22:08:43 KST 2019
2019-09-25 22:08:43.147  INFO 11872 --- [nio-8197-exec-5] c.s.e.vue.controller.EmployeeController  : 1-------------findDepartmentsBydeptid-----------------------------Wed Sep 25 22:08:43 KST 2019
2019-09-25 22:08:43.252  INFO 11872 --- [nio-8197-exec-4] c.s.e.vue.controller.EmployeeController  : 1-------------findDepartmentsBydeptid-----------------------------Wed Sep 25 22:08:43 KST 2019
2019-09-25 22:08:43.285  INFO 11872 --- [nio-8197-exec-3] c.s.e.vue.controller.EmployeeController  : 1-------------findDepartmentsBydeptid-----------------------------Wed Sep 25 22:08:43 KST 2019
2019-09-25 22:08:43.361  INFO 11872 --- [nio-8197-exec-2] c.s.e.vue.controller.EmployeeController  : 1-------------findDepartmentsBydeptid-----------------------------Wed Sep 25 22:08:43 KST 2019
2019-09-25 22:08:43.402  INFO 11872 --- [nio-8197-exec-1] c.s.e.vue.controller.EmployeeController  : 1-------------findDepartmentsBydeptid-----------------------------Wed Sep 25 22:08:43 KST 2019
2019-09-25 22:08:43.415  INFO 11872 --- [io-8197-exec-10] c.s.e.vue.controller.EmployeeController  : 1-------------findDepartmentsBydeptid-----------------------------Wed Sep 25 22:08:43 KST 2019
2019-09-25 22:08:43.427  INFO 11872 --- [nio-8197-exec-8] c.s.e.vue.controller.EmployeeController  : 1-------------findDepartmentsBydeptid-----------------------------Wed Sep 25 22:08:43 KST 2019
2019-09-25 22:08:43.446  INFO 11872 --- [nio-8197-exec-9] c.s.e.vue.controller.EmployeeController  : 1-------------findDepartmentsBydeptid-----------------------------Wed Sep 25 22:08:43 KST 2019
2019-09-25 22:08:43.497  INFO 11872 --- [nio-8197-exec-7] c.s.e.vue.controller.EmployeeController  : 1-------------findDepartmentsBydeptid-----------------------------Wed Sep 25 22:08:43 KST 2019
2019-09-25 22:08:43.750  INFO 11872 --- [nio-8197-exec-6] c.s.e.vue.controller.EmployeeController  : 1-------------findDepartmentsBydeptid-----------------------------Wed Sep 25 22:08:43 KST 2019
2019-09-25 22:08:43.924  INFO 11872 --- [nio-8197-exec-5] c.s.e.vue.controller.EmployeeController  : 1-------------findDepartmentsBydeptid-----------------------------Wed Sep 25 22:08:43 KST 2019
2019-09-25 22:08:44.047  INFO 11872 --- [nio-8197-exec-4] c.s.e.vue.controller.EmployeeController  : 1-------------findDepartmentsBydeptid-----------------------------Wed Sep 25 22:08:44 KST 2019
2019-09-25 22:08:44.112  INFO 11872 --- [nio-8197-exec-3] c.s.e.vue.controller.EmployeeController  : 1-------------findDepartmentsBydeptid-----------------------------Wed Sep 25 22:08:44 KST 2019
2019-09-25 22:08:44.450  INFO 11872 --- [nio-8197-exec-2] c.s.e.vue.controller.EmployeeController  : 1-------------findDepartmentsBydeptid-----------------------------Wed Sep 25 22:08:44 KST 2019
2019-09-25 22:08:50.603  INFO 11872 --- [nio-8197-exec-1] c.s.e.vue.controller.EmployeeController  : 1-------------findDepartmentsBydeptid-----------------------------Wed Sep 25 22:08:50 KST 2019
2019-09-25 22:08:50.632  INFO 11872 --- [io-8197-exec-10] c.s.e.vue.controller.EmployeeController  : 1-------------findDepartmentsBydeptid-----------------------------Wed Sep 25 22:08:50 KST 2019
2019-09-25 22:08:51.211  INFO 11872 --- [nio-8197-exec-8] c.s.e.vue.controller.EmployeeController  : 1-------------findAllEmployees-----------------------------Wed Sep 25 22:08:51 KST 2019
2019-09-25 22:09:11.848  INFO 11872 --- [nio-8197-exec-9] c.s.e.vue.controller.EmployeeController  : 1-------------findAllEmployees-----------------------------Wed Sep 25 22:09:11 KST 2019
2019-09-25 22:09:11.865  INFO 11872 --- [nio-8197-exec-7] c.s.e.vue.controller.EmployeeController  : 4-------------findAllDepartments-----------------------------Wed Sep 25 22:09:11 KST 2019
2019-09-25 22:09:11.880  INFO 11872 --- [nio-8197-exec-6] c.s.e.vue.controller.EmployeeController  : 6-------------findAllTitles-----------------------------Wed Sep 25 22:09:11 KST 2019
2019-09-25 22:09:12.925  INFO 11872 --- [nio-8197-exec-5] c.s.e.vue.controller.EmployeeController  : 1-------------findAllEmployees-----------------------------Wed Sep 25 22:09:12 KST 2019
2019-09-25 22:09:40.644  INFO 11872 --- [nio-8197-exec-4] c.s.e.vue.controller.EmployeeController  : 1-------------findAllEmployees-----------------------------Wed Sep 25 22:09:40 KST 2019
2019-09-25 22:09:40.647  INFO 11872 --- [nio-8197-exec-3] c.s.e.vue.controller.EmployeeController  : 4-------------findAllDepartments-----------------------------Wed Sep 25 22:09:40 KST 2019
2019-09-25 22:09:40.649  INFO 11872 --- [nio-8197-exec-2] c.s.e.vue.controller.EmployeeController  : 6-------------findAllTitles-----------------------------Wed Sep 25 22:09:40 KST 2019
2019-09-25 22:09:42.159  INFO 11872 --- [nio-8197-exec-1] c.s.e.vue.controller.EmployeeController  : 1-------------findAllEmployees-----------------------------Wed Sep 25 22:09:42 KST 2019
2019-09-25 22:09:43.373  INFO 11872 --- [nio-8197-exec-8] c.s.e.vue.controller.EmployeeController  : 4-------------findAllDepartments-----------------------------Wed Sep 25 22:09:43 KST 2019
2019-09-25 22:09:43.371  INFO 11872 --- [io-8197-exec-10] c.s.e.vue.controller.EmployeeController  : 1-------------findAllEmployees-----------------------------Wed Sep 25 22:09:43 KST 2019
2019-09-25 22:09:43.389  INFO 11872 --- [nio-8197-exec-9] c.s.e.vue.controller.EmployeeController  : 6-------------findAllTitles-----------------------------Wed Sep 25 22:09:43 KST 2019
2019-09-25 22:09:44.678  INFO 11872 --- [nio-8197-exec-7] c.s.e.vue.controller.EmployeeController  : 1-------------findAllEmployees-----------------------------Wed Sep 25 22:09:44 KST 2019
2019-09-25 22:09:45.260  INFO 11872 --- [nio-8197-exec-6] c.s.e.vue.controller.EmployeeController  : 1-------------findAllEmployees-----------------------------Wed Sep 25 22:09:45 KST 2019
2019-09-25 22:09:45.274  INFO 11872 --- [nio-8197-exec-5] c.s.e.vue.controller.EmployeeController  : 4-------------findAllDepartments-----------------------------Wed Sep 25 22:09:45 KST 2019
2019-09-25 22:09:45.274  INFO 11872 --- [nio-8197-exec-3] c.s.e.vue.controller.EmployeeController  : 6-------------findAllTitles-----------------------------Wed Sep 25 22:09:45 KST 2019
2019-09-25 22:09:46.562  INFO 11872 --- [nio-8197-exec-4] c.s.e.vue.controller.EmployeeController  : 1-------------findAllEmployees-----------------------------Wed Sep 25 22:09:46 KST 2019
2019-09-25 22:09:47.406  INFO 11872 --- [nio-8197-exec-2] c.s.e.vue.controller.EmployeeController  : 1-------------findAllDepCounts-----------------------------Wed Sep 25 22:09:47 KST 2019
2019-09-25 22:09:48.331  INFO 11872 --- [nio-8197-exec-1] c.s.e.vue.controller.EmployeeController  : 1-------------findAllEmployees-----------------------------Wed Sep 25 22:09:48 KST 2019
2019-09-25 22:09:49.913  INFO 11872 --- [nio-8197-exec-8] c.s.e.vue.controller.EmployeeController  : 1-------------findAllEmployees-----------------------------Wed Sep 25 22:09:49 KST 2019
2019-09-25 22:09:52.489  INFO 11872 --- [io-8197-exec-10] c.s.e.vue.controller.EmployeeController  : 1-------------findAllEmployees-----------------------------Wed Sep 25 22:09:52 KST 2019
2019-09-25 22:09:58.413  INFO 11872 --- [nio-8197-exec-9] c.s.e.vue.controller.EmployeeController  : 1-------------findAllEmployees-----------------------------Wed Sep 25 22:09:58 KST 2019
2019-09-25 22:10:00.895  INFO 11872 --- [nio-8197-exec-7] c.s.e.vue.controller.EmployeeController  : 1-------------findAllEmployees-----------------------------Wed Sep 25 22:10:00 KST 2019
2019-09-25 22:10:06.442  INFO 11872 --- [nio-8197-exec-6] c.s.e.vue.controller.EmployeeController  : 3-------------findLikeEmployees-----------------------------Wed Sep 25 22:10:06 KST 2019
2019-09-25 22:10:10.203  INFO 11872 --- [nio-8197-exec-5] c.s.e.vue.controller.EmployeeController  : 1-------------findAllEmployees-----------------------------Wed Sep 25 22:10:10 KST 2019
2019-09-25 22:10:10.204  INFO 11872 --- [nio-8197-exec-3] c.s.e.vue.controller.EmployeeController  : 4-------------findAllDepartments-----------------------------Wed Sep 25 22:10:10 KST 2019
2019-09-25 22:10:10.213  INFO 11872 --- [nio-8197-exec-4] c.s.e.vue.controller.EmployeeController  : 6-------------findAllTitles-----------------------------Wed Sep 25 22:10:10 KST 2019
2019-09-25 22:10:15.132  INFO 11872 --- [nio-8197-exec-2] c.s.e.vue.controller.EmployeeController  : 1-------------findAllEmployees-----------------------------Wed Sep 25 22:10:15 KST 2019
2019-09-25 22:10:20.437  INFO 11872 --- [nio-8197-exec-1] c.s.e.vue.controller.EmployeeController  : 1-------------findAllEmployees-----------------------------Wed Sep 25 22:10:20 KST 2019
2019-09-25 22:10:20.457  INFO 11872 --- [nio-8197-exec-8] c.s.e.vue.controller.EmployeeController  : 1-------------findEmployeesByManagerId-----------------------------Wed Sep 25 22:10:20 KST 2019
2019-09-25 22:10:23.594  INFO 11872 --- [io-8197-exec-10] c.s.e.vue.controller.EmployeeController  : 1-------------findAllEmployees-----------------------------Wed Sep 25 22:10:23 KST 2019
2019-09-25 22:10:23.596  INFO 11872 --- [nio-8197-exec-9] c.s.e.vue.controller.EmployeeController  : 1-------------findAllEmployees-----------------------------Wed Sep 25 22:10:23 KST 2019
2019-09-25 22:10:23.609  INFO 11872 --- [nio-8197-exec-7] c.s.e.vue.controller.EmployeeController  : 4-------------findAllDepartments-----------------------------Wed Sep 25 22:10:23 KST 2019
2019-09-25 22:10:23.619  INFO 11872 --- [nio-8197-exec-6] c.s.e.vue.controller.EmployeeController  : 6-------------findAllTitles-----------------------------Wed Sep 25 22:10:23 KST 2019
2019-09-25 22:10:26.014  INFO 11872 --- [nio-8197-exec-5] c.s.e.vue.controller.EmployeeController  : 1-------------findEmployeesByManagerId-----------------------------Wed Sep 25 22:10:26 KST 2019
2019-09-25 22:10:26.015  INFO 11872 --- [nio-8197-exec-3] c.s.e.vue.controller.EmployeeController  : 1-------------findAllEmployees-----------------------------Wed Sep 25 22:10:26 KST 2019
2019-09-25 22:10:29.712  INFO 11872 --- [nio-8197-exec-4] c.s.e.vue.controller.EmployeeController  : 1-------------findAllEmployees-----------------------------Wed Sep 25 22:10:29 KST 2019
2019-09-25 22:10:29.720  INFO 11872 --- [nio-8197-exec-2] c.s.e.vue.controller.EmployeeController  : 1-------------findAllEmployees-----------------------------Wed Sep 25 22:10:29 KST 2019
2019-09-25 22:10:29.733  INFO 11872 --- [nio-8197-exec-1] c.s.e.vue.controller.EmployeeController  : 4-------------findAllDepartments-----------------------------Wed Sep 25 22:10:29 KST 2019
2019-09-25 22:10:29.735  INFO 11872 --- [nio-8197-exec-8] c.s.e.vue.controller.EmployeeController  : 6-------------findAllTitles-----------------------------Wed Sep 25 22:10:29 KST 2019
2019-09-25 22:14:26.934  INFO 11872 --- [nio-8197-exec-5] c.s.e.vue.controller.EmployeeController  : 1-------------findAllEmployees-----------------------------Wed Sep 25 22:14:26 KST 2019
2019-09-25 22:14:26.937  INFO 11872 --- [nio-8197-exec-3] c.s.e.vue.controller.EmployeeController  : 1-------------findAllEmployees-----------------------------Wed Sep 25 22:14:26 KST 2019
2019-09-25 22:14:26.952  INFO 11872 --- [nio-8197-exec-4] c.s.e.vue.controller.EmployeeController  : 4-------------findAllDepartments-----------------------------Wed Sep 25 22:14:26 KST 2019
2019-09-25 22:14:26.970  INFO 11872 --- [nio-8197-exec-2] c.s.e.vue.controller.EmployeeController  : 6-------------findAllTitles-----------------------------Wed Sep 25 22:14:26 KST 2019
2019-09-25 22:14:40.697  INFO 11872 --- [nio-8197-exec-1] c.s.e.vue.controller.EmployeeController  : 1-------------findAllEmployees-----------------------------Wed Sep 25 22:14:40 KST 2019
2019-09-25 22:14:40.701  INFO 11872 --- [nio-8197-exec-8] c.s.e.vue.controller.EmployeeController  : 1-------------findAllEmployees-----------------------------Wed Sep 25 22:14:40 KST 2019
2019-09-25 22:14:40.709  INFO 11872 --- [nio-8197-exec-6] c.s.e.vue.controller.EmployeeController  : 4-------------findAllDepartments-----------------------------Wed Sep 25 22:14:40 KST 2019
2019-09-25 22:14:40.732  INFO 11872 --- [nio-8197-exec-9] c.s.e.vue.controller.EmployeeController  : 6-------------findAllTitles-----------------------------Wed Sep 25 22:14:40 KST 2019
2019-09-25 22:14:42.968  INFO 11872 --- [nio-8197-exec-3] c.s.e.vue.controller.EmployeeController  : 1-------------findAllEmployees-----------------------------Wed Sep 25 22:14:42 KST 2019
2019-09-25 22:14:42.971  INFO 11872 --- [nio-8197-exec-4] c.s.e.vue.controller.EmployeeController  : 1-------------findAllEmployees-----------------------------Wed Sep 25 22:14:42 KST 2019
2019-09-25 22:14:42.978  INFO 11872 --- [nio-8197-exec-2] c.s.e.vue.controller.EmployeeController  : 4-------------findAllDepartments-----------------------------Wed Sep 25 22:14:42 KST 2019
2019-09-25 22:14:42.992  INFO 11872 --- [nio-8197-exec-1] c.s.e.vue.controller.EmployeeController  : 6-------------findAllTitles-----------------------------Wed Sep 25 22:14:42 KST 2019
2019-09-25 22:14:45.183  INFO 11872 --- [nio-8197-exec-6] c.s.e.vue.controller.EmployeeController  : 1-------------findAllEmployees-----------------------------Wed Sep 25 22:14:45 KST 2019
2019-09-25 22:14:45.184  INFO 11872 --- [nio-8197-exec-8] c.s.e.vue.controller.EmployeeController  : 1-------------findAllEmployees-----------------------------Wed Sep 25 22:14:45 KST 2019
2019-09-25 22:14:45.192  INFO 11872 --- [nio-8197-exec-9] c.s.e.vue.controller.EmployeeController  : 4-------------findAllDepartments-----------------------------Wed Sep 25 22:14:45 KST 2019
2019-09-25 22:14:45.284  INFO 11872 --- [nio-8197-exec-7] c.s.e.vue.controller.EmployeeController  : 6-------------findAllTitles-----------------------------Wed Sep 25 22:14:45 KST 2019
2019-09-25 22:14:46.467  INFO 11872 --- [nio-8197-exec-5] c.s.e.vue.controller.EmployeeController  : 1-------------findAllEmployees-----------------------------Wed Sep 25 22:14:46 KST 2019
2019-09-25 22:14:47.853  INFO 11872 --- [io-8197-exec-10] c.s.e.vue.controller.EmployeeController  : 1-------------findAllEmployees-----------------------------Wed Sep 25 22:14:47 KST 2019
2019-09-25 22:14:51.319  INFO 11872 --- [nio-8197-exec-3] c.s.e.vue.controller.EmployeeController  : 1-------------findAllEmployees-----------------------------Wed Sep 25 22:14:51 KST 2019
2019-09-25 22:14:51.319  INFO 11872 --- [nio-8197-exec-4] c.s.e.vue.controller.EmployeeController  : 1-------------findEmployeesByManagerId-----------------------------Wed Sep 25 22:14:51 KST 2019
2019-09-25 22:14:54.316  INFO 11872 --- [nio-8197-exec-2] c.s.e.vue.controller.EmployeeController  : 1-------------findAllEmployees-----------------------------Wed Sep 25 22:14:54 KST 2019
2019-09-25 22:14:54.316  INFO 11872 --- [nio-8197-exec-1] c.s.e.vue.controller.EmployeeController  : 1-------------findAllEmployees-----------------------------Wed Sep 25 22:14:54 KST 2019
2019-09-25 22:14:54.328  INFO 11872 --- [nio-8197-exec-8] c.s.e.vue.controller.EmployeeController  : 4-------------findAllDepartments-----------------------------Wed Sep 25 22:14:54 KST 2019
2019-09-25 22:14:54.337  INFO 11872 --- [nio-8197-exec-6] c.s.e.vue.controller.EmployeeController  : 6-------------findAllTitles-----------------------------Wed Sep 25 22:14:54 KST 2019
2019-09-25 22:15:46.075  INFO 11872 --- [nio-8197-exec-9] c.s.e.vue.controller.EmployeeController  : 1-------------findAllEmployees-----------------------------Wed Sep 25 22:15:46 KST 2019
2019-09-25 22:15:46.089  INFO 11872 --- [nio-8197-exec-5] c.s.e.vue.controller.EmployeeController  : 4-------------findAllDepartments-----------------------------Wed Sep 25 22:15:46 KST 2019
2019-09-25 22:15:46.095  INFO 11872 --- [nio-8197-exec-7] c.s.e.vue.controller.EmployeeController  : 1-------------findAllEmployees-----------------------------Wed Sep 25 22:15:46 KST 2019
2019-09-25 22:15:46.110  INFO 11872 --- [io-8197-exec-10] c.s.e.vue.controller.EmployeeController  : 6-------------findAllTitles-----------------------------Wed Sep 25 22:15:46 KST 2019
2019-09-25 22:16:33.294  INFO 11872 --- [nio-8197-exec-3] c.s.e.vue.controller.EmployeeController  : 1-------------findAllEmployees-----------------------------Wed Sep 25 22:16:33 KST 2019
2019-09-25 22:16:33.301  INFO 11872 --- [nio-8197-exec-4] c.s.e.vue.controller.EmployeeController  : 1-------------findAllEmployees-----------------------------Wed Sep 25 22:16:33 KST 2019
2019-09-25 22:16:33.311  INFO 11872 --- [nio-8197-exec-4] c.s.e.vue.controller.EmployeeController  : 4-------------findAllDepartments-----------------------------Wed Sep 25 22:16:33 KST 2019
2019-09-25 22:16:33.319  INFO 11872 --- [nio-8197-exec-1] c.s.e.vue.controller.EmployeeController  : 6-------------findAllTitles-----------------------------Wed Sep 25 22:16:33 KST 2019
2019-09-25 22:16:36.149  INFO 11872 --- [nio-8197-exec-8] c.s.e.vue.controller.EmployeeController  : 1-------------findAllEmployees-----------------------------Wed Sep 25 22:16:36 KST 2019
2019-09-25 22:16:36.162  INFO 11872 --- [nio-8197-exec-6] c.s.e.vue.controller.EmployeeController  : 1-------------findAllEmployees-----------------------------Wed Sep 25 22:16:36 KST 2019
2019-09-25 22:16:36.162  INFO 11872 --- [nio-8197-exec-9] c.s.e.vue.controller.EmployeeController  : 4-------------findAllDepartments-----------------------------Wed Sep 25 22:16:36 KST 2019
2019-09-25 22:16:36.192  INFO 11872 --- [nio-8197-exec-5] c.s.e.vue.controller.EmployeeController  : 6-------------findAllTitles-----------------------------Wed Sep 25 22:16:36 KST 2019
2019-09-25 22:16:37.184  INFO 11872 --- [nio-8197-exec-7] c.s.e.vue.controller.EmployeeController  : 1-------------findAllEmployees-----------------------------Wed Sep 25 22:16:37 KST 2019
2019-09-25 22:16:39.855  INFO 11872 --- [io-8197-exec-10] c.s.e.vue.controller.EmployeeController  : 1-------------findAllEmployees-----------------------------Wed Sep 25 22:16:39 KST 2019
2019-09-25 22:16:42.420  INFO 11872 --- [nio-8197-exec-3] c.s.e.vue.controller.EmployeeController  : 1-------------findEmployeesByManagerId-----------------------------Wed Sep 25 22:16:42 KST 2019
2019-09-25 22:16:42.435  INFO 11872 --- [nio-8197-exec-2] c.s.e.vue.controller.EmployeeController  : 1-------------findAllEmployees-----------------------------Wed Sep 25 22:16:42 KST 2019
2019-09-25 22:16:45.095  INFO 11872 --- [nio-8197-exec-4] c.s.e.vue.controller.EmployeeController  : 1-------------findAllEmployees-----------------------------Wed Sep 25 22:16:45 KST 2019
2019-09-25 22:16:45.097  INFO 11872 --- [nio-8197-exec-1] c.s.e.vue.controller.EmployeeController  : 1-------------findAllEmployees-----------------------------Wed Sep 25 22:16:45 KST 2019
2019-09-25 22:16:45.102  INFO 11872 --- [nio-8197-exec-4] c.s.e.vue.controller.EmployeeController  : 6-------------findAllTitles-----------------------------Wed Sep 25 22:16:45 KST 2019
2019-09-25 22:16:45.105  INFO 11872 --- [nio-8197-exec-8] c.s.e.vue.controller.EmployeeController  : 4-------------findAllDepartments-----------------------------Wed Sep 25 22:16:45 KST 2019
2019-09-25 22:17:21.399  INFO 11872 --- [nio-8197-exec-6] c.s.e.vue.controller.EmployeeController  : 1-------------findAllEmployees-----------------------------Wed Sep 25 22:17:21 KST 2019
2019-09-25 22:17:21.404  INFO 11872 --- [nio-8197-exec-5] c.s.e.vue.controller.EmployeeController  : 1-------------findAllEmployees-----------------------------Wed Sep 25 22:17:21 KST 2019
2019-09-25 22:17:21.415  INFO 11872 --- [nio-8197-exec-7] c.s.e.vue.controller.EmployeeController  : 4-------------findAllDepartments-----------------------------Wed Sep 25 22:17:21 KST 2019
2019-09-25 22:17:21.436  INFO 11872 --- [io-8197-exec-10] c.s.e.vue.controller.EmployeeController  : 6-------------findAllTitles-----------------------------Wed Sep 25 22:17:21 KST 2019
2019-09-25 22:17:23.293  INFO 11872 --- [nio-8197-exec-3] c.s.e.vue.controller.EmployeeController  : 1-------------findAllEmployees-----------------------------Wed Sep 25 22:17:23 KST 2019
2019-09-25 22:17:23.299  INFO 11872 --- [nio-8197-exec-2] c.s.e.vue.controller.EmployeeController  : 1-------------findEmployeesByManagerId-----------------------------Wed Sep 25 22:17:23 KST 2019
2019-09-25 22:17:53.986  INFO 11872 --- [nio-8197-exec-1] c.s.e.vue.controller.EmployeeController  : 1-------------findAllEmployees-----------------------------Wed Sep 25 22:17:53 KST 2019
2019-09-25 22:17:53.989  INFO 11872 --- [nio-8197-exec-4] c.s.e.vue.controller.EmployeeController  : 1-------------findEmployeesByManagerId-----------------------------Wed Sep 25 22:17:53 KST 2019
2019-09-25 22:17:56.250  INFO 11872 --- [nio-8197-exec-9] c.s.e.vue.controller.EmployeeController  : 1-------------findAllEmployees-----------------------------Wed Sep 25 22:17:56 KST 2019
2019-09-25 22:17:57.343  INFO 11872 --- [nio-8197-exec-8] c.s.e.vue.controller.EmployeeController  : 1-------------findAllEmployees-----------------------------Wed Sep 25 22:17:57 KST 2019
2019-09-25 22:26:41.703  INFO 11872 --- [nio-8197-exec-3] c.s.e.vue.controller.EmployeeController  : 1-------------findAllEmployees-----------------------------Wed Sep 25 22:26:41 KST 2019
2019-09-25 22:29:26.459  INFO 11872 --- [nio-8197-exec-1] c.s.e.vue.controller.EmployeeController  : 1-------------findAllEmployees-----------------------------Wed Sep 25 22:29:26 KST 2019
2019-09-25 22:29:28.561  INFO 11872 --- [nio-8197-exec-9] c.s.e.vue.controller.EmployeeController  : 1-------------findAllEmployees-----------------------------Wed Sep 25 22:29:28 KST 2019
2019-09-25 22:29:28.564  INFO 11872 --- [nio-8197-exec-8] c.s.e.vue.controller.EmployeeController  : 1-------------findEmployeesByManagerId-----------------------------Wed Sep 25 22:29:28 KST 2019
2019-09-25 22:29:31.936  INFO 11872 --- [nio-8197-exec-6] c.s.e.vue.controller.EmployeeController  : 1-------------findAllEmployees-----------------------------Wed Sep 25 22:29:31 KST 2019
2019-09-25 22:29:31.937  INFO 11872 --- [nio-8197-exec-5] c.s.e.vue.controller.EmployeeController  : 1-------------findAllEmployees-----------------------------Wed Sep 25 22:29:31 KST 2019
2019-09-25 22:29:31.953  INFO 11872 --- [nio-8197-exec-7] c.s.e.vue.controller.EmployeeController  : 4-------------findAllDepartments-----------------------------Wed Sep 25 22:29:31 KST 2019
2019-09-25 22:29:31.953  INFO 11872 --- [io-8197-exec-10] c.s.e.vue.controller.EmployeeController  : 6-------------findAllTitles-----------------------------Wed Sep 25 22:29:31 KST 2019
2019-09-25 23:05:26.585  INFO 11872 --- [nio-8197-exec-9] c.s.e.vue.controller.EmployeeController  : 6-------------findAllTitles-----------------------------Wed Sep 25 23:05:26 KST 2019
2019-09-25 23:05:26.588  INFO 11872 --- [nio-8197-exec-8] c.s.e.vue.controller.EmployeeController  : 4-------------findAllDepartments-----------------------------Wed Sep 25 23:05:26 KST 2019
2019-09-25 23:05:26.588  INFO 11872 --- [nio-8197-exec-6] c.s.e.vue.controller.EmployeeController  : 1-------------findAllEmployees-----------------------------Wed Sep 25 23:05:26 KST 2019
2019-09-25 23:05:26.593  INFO 11872 --- [nio-8197-exec-5] c.s.e.vue.controller.EmployeeController  : 1-------------findAllEmployees-----------------------------Wed Sep 25 23:05:26 KST 2019
2019-09-25 23:05:28.322  INFO 11872 --- [nio-8197-exec-7] c.s.e.vue.controller.EmployeeController  : 1-------------findAllEmployees-----------------------------Wed Sep 25 23:05:28 KST 2019
2019-09-25 23:05:29.596  INFO 11872 --- [io-8197-exec-10] c.s.e.vue.controller.EmployeeController  : 1-------------findAllEmployees-----------------------------Wed Sep 25 23:05:29 KST 2019
2019-09-25 23:05:32.371  INFO 11872 --- [nio-8197-exec-8] c.s.e.vue.controller.EmployeeController  : 1-------------findAllEmployees-----------------------------Wed Sep 25 23:05:32 KST 2019
2019-09-25 23:05:32.374  INFO 11872 --- [nio-8197-exec-9] c.s.e.vue.controller.EmployeeController  : 4-------------findAllDepartments-----------------------------Wed Sep 25 23:05:32 KST 2019
2019-09-25 23:05:32.374  INFO 11872 --- [nio-8197-exec-6] c.s.e.vue.controller.EmployeeController  : 6-------------findAllTitles-----------------------------Wed Sep 25 23:05:32 KST 2019
2019-09-25 23:06:10.146  INFO 11872 --- [nio-8197-exec-7] c.s.e.vue.controller.EmployeeController  : 5-------------addEmployee-----------------------------Wed Sep 25 23:06:10 KST 2019
2019-09-25 23:06:10.146  INFO 11872 --- [nio-8197-exec-7] c.s.e.vue.controller.EmployeeController  : 5-------------addEmployee-----------------------------EmployeeDto [id=0, name=장삼봉, mailid=jsb2@naver.com, start_date=2019-09-01, manager_id=20, title=사원, dept_id=118, salary=10000.0, commission_pct=0.0]
2019-09-25 23:06:10.212  INFO 11872 --- [nio-8197-exec-7] c.s.e.vue.controller.EmployeeController  : 5-------------addEmployee-------id------------------30
2019-09-25 23:06:24.011  INFO 11872 --- [io-8197-exec-10] c.s.e.vue.controller.EmployeeController  : 1-------------findAllEmployees-----------------------------Wed Sep 25 23:06:24 KST 2019
2019-09-25 23:06:34.371  INFO 11872 --- [nio-8197-exec-4] c.s.e.vue.controller.EmployeeController  : 1-------------findAllEmployees-----------------------------Wed Sep 25 23:06:34 KST 2019
2019-09-25 23:06:34.378  INFO 11872 --- [nio-8197-exec-2] c.s.e.vue.controller.EmployeeController  : 4-------------findAllDepartments-----------------------------Wed Sep 25 23:06:34 KST 2019
2019-09-25 23:06:34.391  INFO 11872 --- [nio-8197-exec-8] c.s.e.vue.controller.EmployeeController  : 6-------------findAllTitles-----------------------------Wed Sep 25 23:06:34 KST 2019
2019-09-25 23:06:35.688  INFO 11872 --- [nio-8197-exec-6] c.s.e.vue.controller.EmployeeController  : 1-------------findAllEmployees-----------------------------Wed Sep 25 23:06:35 KST 2019
2019-09-25 23:06:36.583  INFO 11872 --- [nio-8197-exec-9] c.s.e.vue.controller.EmployeeController  : 1-------------findAllEmployees-----------------------------Wed Sep 25 23:06:36 KST 2019
2019-09-25 23:06:36.592  INFO 11872 --- [nio-8197-exec-5] c.s.e.vue.controller.EmployeeController  : 4-------------findAllDepartments-----------------------------Wed Sep 25 23:06:36 KST 2019
2019-09-25 23:06:36.594  INFO 11872 --- [nio-8197-exec-7] c.s.e.vue.controller.EmployeeController  : 6-------------findAllTitles-----------------------------Wed Sep 25 23:06:36 KST 2019
2019-09-25 23:06:39.311  INFO 11872 --- [io-8197-exec-10] c.s.e.vue.controller.EmployeeController  : 1-------------findAllEmployees-----------------------------Wed Sep 25 23:06:39 KST 2019
2019-09-25 23:09:40.586  INFO 11872 --- [nio-8197-exec-2] c.s.e.vue.controller.EmployeeController  : 1-------------findAllEmployees-----------------------------Wed Sep 25 23:09:40 KST 2019
2019-09-25 23:09:40.601  INFO 11872 --- [nio-8197-exec-6] c.s.e.vue.controller.EmployeeController  : 6-------------findAllTitles-----------------------------Wed Sep 25 23:09:40 KST 2019
2019-09-25 23:09:40.601  INFO 11872 --- [nio-8197-exec-8] c.s.e.vue.controller.EmployeeController  : 4-------------findAllDepartments-----------------------------Wed Sep 25 23:09:40 KST 2019
2019-09-25 23:09:44.264  INFO 11872 --- [nio-8197-exec-9] c.s.e.vue.controller.EmployeeController  : 1-------------findAllEmployees-----------------------------Wed Sep 25 23:09:44 KST 2019
2019-09-25 23:09:45.355  INFO 11872 --- [nio-8197-exec-5] c.s.e.vue.controller.EmployeeController  : 1-------------findAllEmployees-----------------------------Wed Sep 25 23:09:45 KST 2019
2019-09-25 23:09:45.367  INFO 11872 --- [nio-8197-exec-7] c.s.e.vue.controller.EmployeeController  : 4-------------findAllDepartments-----------------------------Wed Sep 25 23:09:45 KST 2019
2019-09-25 23:09:45.370  INFO 11872 --- [io-8197-exec-10] c.s.e.vue.controller.EmployeeController  : 6-------------findAllTitles-----------------------------Wed Sep 25 23:09:45 KST 2019
2019-09-25 23:11:02.554  INFO 11872 --- [nio-8197-exec-8] c.s.e.vue.controller.EmployeeController  : 1-------------findAllEmployees-----------------------------Wed Sep 25 23:11:02 KST 2019
2019-09-25 23:11:02.568  INFO 11872 --- [nio-8197-exec-2] c.s.e.vue.controller.EmployeeController  : 4-------------findAllDepartments-----------------------------Wed Sep 25 23:11:02 KST 2019
2019-09-25 23:11:02.583  INFO 11872 --- [nio-8197-exec-6] c.s.e.vue.controller.EmployeeController  : 6-------------findAllTitles-----------------------------Wed Sep 25 23:11:02 KST 2019
2019-09-25 23:11:05.226  INFO 11872 --- [nio-8197-exec-9] c.s.e.vue.controller.EmployeeController  : 1-------------findAllEmployees-----------------------------Wed Sep 25 23:11:05 KST 2019
2019-09-25 23:11:05.230  INFO 11872 --- [nio-8197-exec-5] c.s.e.vue.controller.EmployeeController  : 4-------------findAllDepartments-----------------------------Wed Sep 25 23:11:05 KST 2019
2019-09-25 23:11:05.262  INFO 11872 --- [nio-8197-exec-7] c.s.e.vue.controller.EmployeeController  : 6-------------findAllTitles-----------------------------Wed Sep 25 23:11:05 KST 2019
2019-09-25 23:11:09.300  INFO 11872 --- [io-8197-exec-10] c.s.e.vue.controller.EmployeeController  : 1-------------findAllEmployees-----------------------------Wed Sep 25 23:11:09 KST 2019
2019-09-25 23:11:10.146  INFO 11872 --- [nio-8197-exec-3] c.s.e.vue.controller.EmployeeController  : 1-------------findAllEmployees-----------------------------Wed Sep 25 23:11:10 KST 2019
2019-09-25 23:11:10.149  INFO 11872 --- [nio-8197-exec-1] c.s.e.vue.controller.EmployeeController  : 4-------------findAllDepartments-----------------------------Wed Sep 25 23:11:10 KST 2019
2019-09-25 23:11:10.158  INFO 11872 --- [nio-8197-exec-4] c.s.e.vue.controller.EmployeeController  : 6-------------findAllTitles-----------------------------Wed Sep 25 23:11:10 KST 2019
2019-09-25 23:12:21.240  INFO 11872 --- [nio-8197-exec-9] c.s.e.vue.controller.EmployeeController  : 1-------------findAllEmployees-----------------------------Wed Sep 25 23:12:21 KST 2019
2019-09-25 23:12:21.242  INFO 11872 --- [nio-8197-exec-5] c.s.e.vue.controller.EmployeeController  : 4-------------findAllDepartments-----------------------------Wed Sep 25 23:12:21 KST 2019
2019-09-25 23:12:21.257  INFO 11872 --- [nio-8197-exec-7] c.s.e.vue.controller.EmployeeController  : 6-------------findAllTitles-----------------------------Wed Sep 25 23:12:21 KST 2019
2019-09-25 23:12:23.194  INFO 11872 --- [io-8197-exec-10] c.s.e.vue.controller.EmployeeController  : 1-------------findAllEmployees-----------------------------Wed Sep 25 23:12:23 KST 2019
2019-09-25 23:12:24.625  INFO 11872 --- [nio-8197-exec-3] c.s.e.vue.controller.EmployeeController  : 1-------------findAllEmployees-----------------------------Wed Sep 25 23:12:24 KST 2019
2019-09-25 23:12:27.372  INFO 11872 --- [nio-8197-exec-1] c.s.e.vue.controller.EmployeeController  : 1-------------findAllEmployees-----------------------------Wed Sep 25 23:12:27 KST 2019
2019-09-25 23:12:27.377  INFO 11872 --- [nio-8197-exec-4] c.s.e.vue.controller.EmployeeController  : 1-------------findEmployeesByManagerId-----------------------------Wed Sep 25 23:12:27 KST 2019
2019-09-25 23:12:29.774  INFO 11872 --- [nio-8197-exec-8] c.s.e.vue.controller.EmployeeController  : 1-------------findAllEmployees-----------------------------Wed Sep 25 23:12:29 KST 2019
2019-09-25 23:12:29.777  INFO 11872 --- [nio-8197-exec-6] c.s.e.vue.controller.EmployeeController  : 1-------------findAllEmployees-----------------------------Wed Sep 25 23:12:29 KST 2019
2019-09-25 23:12:29.780  INFO 11872 --- [nio-8197-exec-9] c.s.e.vue.controller.EmployeeController  : 6-------------findAllTitles-----------------------------Wed Sep 25 23:12:29 KST 2019
2019-09-25 23:12:29.783  INFO 11872 --- [nio-8197-exec-2] c.s.e.vue.controller.EmployeeController  : 4-------------findAllDepartments-----------------------------Wed Sep 25 23:12:29 KST 2019
2019-09-25 23:13:59.467  INFO 11872 --- [nio-8197-exec-2] c.s.e.vue.controller.EmployeeController  : 1-------------findAllEmployees-----------------------------Wed Sep 25 23:13:59 KST 2019
2019-09-25 23:14:12.966  INFO 11872 --- [nio-8197-exec-5] c.s.e.vue.controller.EmployeeController  : 1-------------findAllEmployees-----------------------------Wed Sep 25 23:14:12 KST 2019
2019-09-25 23:41:31.919  INFO 11872 --- [nio-8197-exec-7] c.s.e.vue.controller.EmployeeController  : 1-------------findAllEmployees-----------------------------Wed Sep 25 23:41:31 KST 2019
2019-09-25 23:42:08.591  INFO 11872 --- [nio-8197-exec-1] c.s.e.vue.controller.EmployeeController  : 1-------------findAllEmployees-----------------------------Wed Sep 25 23:42:08 KST 2019
2019-09-25 23:42:08.604  INFO 11872 --- [nio-8197-exec-3] c.s.e.vue.controller.EmployeeController  : 1-------------findEmployeesByManagerId-----------------------------Wed Sep 25 23:42:08 KST 2019
2019-09-25 23:42:10.984  INFO 11872 --- [nio-8197-exec-8] c.s.e.vue.controller.EmployeeController  : 1-------------findAllEmployees-----------------------------Wed Sep 25 23:42:10 KST 2019
2019-09-25 23:42:10.991  INFO 11872 --- [nio-8197-exec-4] c.s.e.vue.controller.EmployeeController  : 1-------------findAllEmployees-----------------------------Wed Sep 25 23:42:10 KST 2019
2019-09-25 23:42:11.000  INFO 11872 --- [nio-8197-exec-4] c.s.e.vue.controller.EmployeeController  : 4-------------findAllDepartments-----------------------------Wed Sep 25 23:42:11 KST 2019
2019-09-25 23:42:11.011  INFO 11872 --- [nio-8197-exec-6] c.s.e.vue.controller.EmployeeController  : 6-------------findAllTitles-----------------------------Wed Sep 25 23:42:11 KST 2019
2019-09-25 23:49:12.085  INFO 11872 --- [nio-8197-exec-3] c.s.e.vue.controller.EmployeeController  : 1-------------findAllEmployees-----------------------------Wed Sep 25 23:49:12 KST 2019
2019-09-25 23:49:12.086  INFO 11872 --- [nio-8197-exec-1] c.s.e.vue.controller.EmployeeController  : 1-------------findAllEmployees-----------------------------Wed Sep 25 23:49:12 KST 2019
2019-09-25 23:49:12.137  INFO 11872 --- [nio-8197-exec-8] c.s.e.vue.controller.EmployeeController  : 4-------------findAllDepartments-----------------------------Wed Sep 25 23:49:12 KST 2019
2019-09-25 23:49:12.137  INFO 11872 --- [nio-8197-exec-4] c.s.e.vue.controller.EmployeeController  : 6-------------findAllTitles-----------------------------Wed Sep 25 23:49:12 KST 2019
2019-09-25 23:49:18.041  INFO 11872 --- [nio-8197-exec-2] c.s.e.vue.controller.EmployeeController  : 1-------------findAllEmployees-----------------------------Wed Sep 25 23:49:18 KST 2019
2019-09-25 23:49:18.051  INFO 11872 --- [nio-8197-exec-6] c.s.e.vue.controller.EmployeeController  : 1-------------findAllEmployees-----------------------------Wed Sep 25 23:49:18 KST 2019
2019-09-25 23:49:18.052  INFO 11872 --- [nio-8197-exec-5] c.s.e.vue.controller.EmployeeController  : 4-------------findAllDepartments-----------------------------Wed Sep 25 23:49:18 KST 2019
2019-09-25 23:49:18.061  INFO 11872 --- [nio-8197-exec-9] c.s.e.vue.controller.EmployeeController  : 6-------------findAllTitles-----------------------------Wed Sep 25 23:49:18 KST 2019
2019-09-25 23:49:20.107  INFO 11872 --- [io-8197-exec-10] c.s.e.vue.controller.EmployeeController  : 1-------------findAllEmployees-----------------------------Wed Sep 25 23:49:20 KST 2019
2019-09-25 23:49:22.147  INFO 11872 --- [nio-8197-exec-7] c.s.e.vue.controller.EmployeeController  : 1-------------findAllEmployees-----------------------------Wed Sep 25 23:49:22 KST 2019
2019-09-25 23:49:25.180  INFO 11872 --- [nio-8197-exec-3] c.s.e.vue.controller.EmployeeController  : 1-------------findAllEmployees-----------------------------Wed Sep 25 23:49:25 KST 2019
2019-09-25 23:49:25.181  INFO 11872 --- [nio-8197-exec-1] c.s.e.vue.controller.EmployeeController  : 1-------------findEmployeesByManagerId-----------------------------Wed Sep 25 23:49:25 KST 2019
2019-09-25 23:49:27.880  INFO 11872 --- [nio-8197-exec-8] c.s.e.vue.controller.EmployeeController  : 1-------------findAllEmployees-----------------------------Wed Sep 25 23:49:27 KST 2019
2019-09-25 23:49:27.895  INFO 11872 --- [nio-8197-exec-5] c.s.e.vue.controller.EmployeeController  : 6-------------findAllTitles-----------------------------Wed Sep 25 23:49:27 KST 2019
2019-09-25 23:49:27.895  INFO 11872 --- [nio-8197-exec-2] c.s.e.vue.controller.EmployeeController  : 4-------------findAllDepartments-----------------------------Wed Sep 25 23:49:27 KST 2019
2019-09-25 23:49:27.895  INFO 11872 --- [nio-8197-exec-4] c.s.e.vue.controller.EmployeeController  : 1-------------findAllEmployees-----------------------------Wed Sep 25 23:49:27 KST 2019
2019-09-25 23:50:11.685  INFO 11872 --- [nio-8197-exec-6] c.s.e.vue.controller.EmployeeController  : 1-------------findAllEmployees-----------------------------Wed Sep 25 23:50:11 KST 2019
2019-09-25 23:50:13.838  INFO 11872 --- [io-8197-exec-10] c.s.e.vue.controller.EmployeeController  : 1-------------findAllEmployees-----------------------------Wed Sep 25 23:50:13 KST 2019
2019-09-25 23:50:13.838  INFO 11872 --- [nio-8197-exec-9] c.s.e.vue.controller.EmployeeController  : 1-------------findEmployeesByManagerId-----------------------------Wed Sep 25 23:50:13 KST 2019
2019-09-25 23:50:16.325  INFO 11872 --- [nio-8197-exec-7] c.s.e.vue.controller.EmployeeController  : 1-------------findAllEmployees-----------------------------Wed Sep 25 23:50:16 KST 2019
2019-09-25 23:50:16.327  INFO 11872 --- [nio-8197-exec-3] c.s.e.vue.controller.EmployeeController  : 1-------------findAllEmployees-----------------------------Wed Sep 25 23:50:16 KST 2019
2019-09-25 23:50:16.339  INFO 11872 --- [nio-8197-exec-1] c.s.e.vue.controller.EmployeeController  : 4-------------findAllDepartments-----------------------------Wed Sep 25 23:50:16 KST 2019
2019-09-25 23:50:16.347  INFO 11872 --- [nio-8197-exec-8] c.s.e.vue.controller.EmployeeController  : 6-------------findAllTitles-----------------------------Wed Sep 25 23:50:16 KST 2019
2019-09-25 23:50:19.010  INFO 11872 --- [nio-8197-exec-5] c.s.e.vue.controller.EmployeeController  : 1-------------findAllEmployees-----------------------------Wed Sep 25 23:50:19 KST 2019
2019-09-25 23:50:19.021  INFO 11872 --- [nio-8197-exec-2] c.s.e.vue.controller.EmployeeController  : 4-------------findAllDepartments-----------------------------Wed Sep 25 23:50:19 KST 2019
2019-09-25 23:50:19.032  INFO 11872 --- [nio-8197-exec-4] c.s.e.vue.controller.EmployeeController  : 6-------------findAllTitles-----------------------------Wed Sep 25 23:50:19 KST 2019
2019-09-25 23:50:30.841  INFO 11872 --- [nio-8197-exec-6] c.s.e.vue.controller.EmployeeController  : 1-------------findAllEmployees-----------------------------Wed Sep 25 23:50:30 KST 2019
2019-09-25 23:50:32.433  INFO 11872 --- [io-8197-exec-10] c.s.e.vue.controller.EmployeeController  : 1-------------findAllEmployees-----------------------------Wed Sep 25 23:50:32 KST 2019
2019-09-25 23:50:32.456  INFO 11872 --- [io-8197-exec-10] c.s.e.vue.controller.EmployeeController  : 6-------------findAllTitles-----------------------------Wed Sep 25 23:50:32 KST 2019
2019-09-25 23:50:32.457  INFO 11872 --- [nio-8197-exec-9] c.s.e.vue.controller.EmployeeController  : 4-------------findAllDepartments-----------------------------Wed Sep 25 23:50:32 KST 2019
2019-09-25 23:50:34.095  INFO 11872 --- [nio-8197-exec-3] c.s.e.vue.controller.EmployeeController  : 1-------------findAllEmployees-----------------------------Wed Sep 25 23:50:34 KST 2019
2019-09-25 23:50:35.259  INFO 11872 --- [nio-8197-exec-1] c.s.e.vue.controller.EmployeeController  : 1-------------findAllDepCounts-----------------------------Wed Sep 25 23:50:35 KST 2019
2019-09-25 23:50:36.606  INFO 11872 --- [nio-8197-exec-8] c.s.e.vue.controller.EmployeeController  : 1-------------findDepartmentsBydeptid-----------------------------Wed Sep 25 23:50:36 KST 2019
2019-09-25 23:50:36.641  INFO 11872 --- [nio-8197-exec-5] c.s.e.vue.controller.EmployeeController  : 1-------------findDepartmentsBydeptid-----------------------------Wed Sep 25 23:50:36 KST 2019
2019-09-25 23:50:37.020  INFO 11872 --- [nio-8197-exec-2] c.s.e.vue.controller.EmployeeController  : 1-------------findDepartmentsBydeptid-----------------------------Wed Sep 25 23:50:37 KST 2019
2019-09-25 23:50:37.109  INFO 11872 --- [nio-8197-exec-4] c.s.e.vue.controller.EmployeeController  : 1-------------findDepartmentsBydeptid-----------------------------Wed Sep 25 23:50:37 KST 2019
2019-09-25 23:50:37.140  INFO 11872 --- [nio-8197-exec-6] c.s.e.vue.controller.EmployeeController  : 1-------------findDepartmentsBydeptid-----------------------------Wed Sep 25 23:50:37 KST 2019
2019-09-25 23:50:37.237  INFO 11872 --- [nio-8197-exec-7] c.s.e.vue.controller.EmployeeController  : 1-------------findDepartmentsBydeptid-----------------------------Wed Sep 25 23:50:37 KST 2019
2019-09-25 23:50:37.387  INFO 11872 --- [io-8197-exec-10] c.s.e.vue.controller.EmployeeController  : 1-------------findDepartmentsBydeptid-----------------------------Wed Sep 25 23:50:37 KST 2019
2019-09-25 23:50:37.464  INFO 11872 --- [nio-8197-exec-9] c.s.e.vue.controller.EmployeeController  : 1-------------findDepartmentsBydeptid-----------------------------Wed Sep 25 23:50:37 KST 2019
2019-09-25 23:50:37.531  INFO 11872 --- [nio-8197-exec-3] c.s.e.vue.controller.EmployeeController  : 1-------------findDepartmentsBydeptid-----------------------------Wed Sep 25 23:50:37 KST 2019
2019-09-25 23:50:37.558  INFO 11872 --- [nio-8197-exec-1] c.s.e.vue.controller.EmployeeController  : 1-------------findDepartmentsBydeptid-----------------------------Wed Sep 25 23:50:37 KST 2019
2019-09-25 23:50:37.588  INFO 11872 --- [nio-8197-exec-8] c.s.e.vue.controller.EmployeeController  : 1-------------findDepartmentsBydeptid-----------------------------Wed Sep 25 23:50:37 KST 2019
2019-09-25 23:50:37.622  INFO 11872 --- [nio-8197-exec-5] c.s.e.vue.controller.EmployeeController  : 1-------------findDepartmentsBydeptid-----------------------------Wed Sep 25 23:50:37 KST 2019
2019-09-25 23:50:37.673  INFO 11872 --- [nio-8197-exec-2] c.s.e.vue.controller.EmployeeController  : 1-------------findDepartmentsBydeptid-----------------------------Wed Sep 25 23:50:37 KST 2019
2019-09-25 23:50:37.712  INFO 11872 --- [nio-8197-exec-4] c.s.e.vue.controller.EmployeeController  : 1-------------findDepartmentsBydeptid-----------------------------Wed Sep 25 23:50:37 KST 2019
2019-09-25 23:50:37.744  INFO 11872 --- [nio-8197-exec-6] c.s.e.vue.controller.EmployeeController  : 1-------------findDepartmentsBydeptid-----------------------------Wed Sep 25 23:50:37 KST 2019
2019-09-25 23:50:39.033  INFO 11872 --- [nio-8197-exec-7] c.s.e.vue.controller.EmployeeController  : 1-------------findAllEmployees-----------------------------Wed Sep 25 23:50:39 KST 2019
2019-09-25 23:50:39.424  INFO 11872 --- [io-8197-exec-10] c.s.e.vue.controller.EmployeeController  : 4-------------findAllDepartments-----------------------------Wed Sep 25 23:50:39 KST 2019
2019-09-25 23:50:39.430  INFO 11872 --- [nio-8197-exec-9] c.s.e.vue.controller.EmployeeController  : 6-------------findAllTitles-----------------------------Wed Sep 25 23:50:39 KST 2019
2019-09-25 23:56:52.549  INFO 11872 --- [nio-8197-exec-2] c.s.e.vue.controller.EmployeeController  : 1-------------findAllEmployees-----------------------------Wed Sep 25 23:56:52 KST 2019
2019-09-25 23:56:52.549  INFO 11872 --- [nio-8197-exec-4] c.s.e.vue.controller.EmployeeController  : 4-------------findAllDepartments-----------------------------Wed Sep 25 23:56:52 KST 2019
2019-09-25 23:56:52.549  INFO 11872 --- [nio-8197-exec-6] c.s.e.vue.controller.EmployeeController  : 6-------------findAllTitles-----------------------------Wed Sep 25 23:56:52 KST 2019
2019-09-25 23:57:07.290  INFO 11872 --- [nio-8197-exec-7] c.s.e.vue.controller.EmployeeController  : 1-------------findAllEmployees-----------------------------Wed Sep 25 23:57:07 KST 2019
2019-09-25 23:57:07.298  INFO 11872 --- [io-8197-exec-10] c.s.e.vue.controller.EmployeeController  : 4-------------findAllDepartments-----------------------------Wed Sep 25 23:57:07 KST 2019
2019-09-25 23:57:07.304  INFO 11872 --- [io-8197-exec-10] c.s.e.vue.controller.EmployeeController  : 6-------------findAllTitles-----------------------------Wed Sep 25 23:57:07 KST 2019
2019-09-25 23:57:09.726  INFO 11872 --- [nio-8197-exec-3] c.s.e.vue.controller.EmployeeController  : 1-------------findAllEmployees-----------------------------Wed Sep 25 23:57:09 KST 2019
2019-09-25 23:57:09.737  INFO 11872 --- [nio-8197-exec-1] c.s.e.vue.controller.EmployeeController  : 4-------------findAllDepartments-----------------------------Wed Sep 25 23:57:09 KST 2019
2019-09-25 23:57:09.744  INFO 11872 --- [nio-8197-exec-8] c.s.e.vue.controller.EmployeeController  : 6-------------findAllTitles-----------------------------Wed Sep 25 23:57:09 KST 2019
2019-09-25 23:57:11.579  INFO 11872 --- [nio-8197-exec-5] c.s.e.vue.controller.EmployeeController  : 1-------------findAllEmployees-----------------------------Wed Sep 25 23:57:11 KST 2019
2019-09-25 23:57:14.319  INFO 11872 --- [nio-8197-exec-4] c.s.e.vue.controller.EmployeeController  : 1-------------findAllEmployees-----------------------------Wed Sep 25 23:57:14 KST 2019
2019-09-25 23:57:14.320  INFO 11872 --- [nio-8197-exec-6] c.s.e.vue.controller.EmployeeController  : 1-------------findEmployeesByManagerId-----------------------------Wed Sep 25 23:57:14 KST 2019
2019-09-25 23:57:16.865  INFO 11872 --- [nio-8197-exec-2] c.s.e.vue.controller.EmployeeController  : 1-------------findAllEmployees-----------------------------Wed Sep 25 23:57:16 KST 2019
2019-09-25 23:57:16.878  INFO 11872 --- [io-8197-exec-10] c.s.e.vue.controller.EmployeeController  : 4-------------findAllDepartments-----------------------------Wed Sep 25 23:57:16 KST 2019
2019-09-25 23:57:16.878  INFO 11872 --- [nio-8197-exec-7] c.s.e.vue.controller.EmployeeController  : 1-------------findAllEmployees-----------------------------Wed Sep 25 23:57:16 KST 2019
2019-09-25 23:57:16.883  INFO 11872 --- [nio-8197-exec-9] c.s.e.vue.controller.EmployeeController  : 6-------------findAllTitles-----------------------------Wed Sep 25 23:57:16 KST 2019
2019-09-25 23:57:20.031  INFO 11872 --- [nio-8197-exec-3] c.s.e.vue.controller.EmployeeController  : 1-------------findAllEmployees-----------------------------Wed Sep 25 23:57:20 KST 2019
2019-09-25 23:57:20.038  INFO 11872 --- [nio-8197-exec-1] c.s.e.vue.controller.EmployeeController  : 4-------------findAllDepartments-----------------------------Wed Sep 25 23:57:20 KST 2019
2019-09-25 23:57:20.040  INFO 11872 --- [nio-8197-exec-8] c.s.e.vue.controller.EmployeeController  : 6-------------findAllTitles-----------------------------Wed Sep 25 23:57:20 KST 2019
2019-09-25 23:57:59.631  INFO 11872 --- [nio-8197-exec-5] c.s.e.vue.controller.EmployeeController  : 5-------------addEmployee-----------------------------Wed Sep 25 23:57:59 KST 2019
2019-09-25 23:57:59.631  INFO 11872 --- [nio-8197-exec-5] c.s.e.vue.controller.EmployeeController  : 5-------------addEmployee-----------------------------EmployeeDto [id=0, name=임팔라, mailid=impa@naver.com, start_date=2019-09-02, manager_id=21, title=사원, dept_id=101, salary=10000.0, commission_pct=0.0]
2019-09-25 23:57:59.690  INFO 11872 --- [nio-8197-exec-5] c.s.e.vue.controller.EmployeeController  : 5-------------addEmployee-------id------------------31
2019-09-25 23:58:58.192  INFO 11872 --- [io-8197-exec-10] c.s.e.vue.controller.EmployeeController  : 1-------------findAllEmployees-----------------------------Wed Sep 25 23:58:58 KST 2019
2019-09-25 23:58:58.194  INFO 11872 --- [nio-8197-exec-7] c.s.e.vue.controller.EmployeeController  : 4-------------findAllDepartments-----------------------------Wed Sep 25 23:58:58 KST 2019
2019-09-25 23:58:58.211  INFO 11872 --- [nio-8197-exec-9] c.s.e.vue.controller.EmployeeController  : 6-------------findAllTitles-----------------------------Wed Sep 25 23:58:58 KST 2019
2019-09-25 23:59:01.105  INFO 11872 --- [nio-8197-exec-3] c.s.e.vue.controller.EmployeeController  : 1-------------findAllEmployees-----------------------------Wed Sep 25 23:59:01 KST 2019
2019-09-25 23:59:01.107  INFO 11872 --- [nio-8197-exec-1] c.s.e.vue.controller.EmployeeController  : 4-------------findAllDepartments-----------------------------Wed Sep 25 23:59:01 KST 2019
2019-09-25 23:59:01.114  INFO 11872 --- [nio-8197-exec-8] c.s.e.vue.controller.EmployeeController  : 6-------------findAllTitles-----------------------------Wed Sep 25 23:59:01 KST 2019
2019-09-25 23:59:33.736  INFO 11872 --- [nio-8197-exec-5] c.s.e.vue.controller.EmployeeController  : 5-------------addEmployee-----------------------------Wed Sep 25 23:59:33 KST 2019
2019-09-25 23:59:33.736  INFO 11872 --- [nio-8197-exec-5] c.s.e.vue.controller.EmployeeController  : 5-------------addEmployee-----------------------------EmployeeDto [id=0, name=학생관, mailid=hsg@naver.com, start_date=2019-09-03, manager_id=7, title=사원, dept_id=120, salary=100000.0, commission_pct=0.0]
2019-09-25 23:59:33.788  INFO 11872 --- [nio-8197-exec-5] c.s.e.vue.controller.EmployeeController  : 5-------------addEmployee-------id------------------32
