2019-10-13 12:25:57.299 DEBUG 13876 --- [kground-preinit] .h.v.m.ResourceBundleMessageInterpolator : Loaded expression factory via original TCCL
2019-10-13 12:25:57.593  INFO 13876 --- [  restartedMain] ConfigServletWebServerApplicationContext : Refreshing org.springframework.boot.web.servlet.context.AnnotationConfigServletWebServerApplicationContext@4d9cebae: startup date [Sun Oct 13 12:25:57 KST 2019]; root of context hierarchy
2019-10-13 12:25:59.746  WARN 13876 --- [  restartedMain] o.m.s.mapper.ClassPathMapperScanner      : No MyBatis mapper was found in '[com.ssafy.edu.vue]' package. Please check your configuration.
2019-10-13 12:26:00.529  INFO 13876 --- [  restartedMain] trationDelegate$BeanPostProcessorChecker : Bean 'org.springframework.transaction.annotation.ProxyTransactionManagementConfiguration' of type [org.springframework.transaction.annotation.ProxyTransactionManagementConfiguration$$EnhancerBySpringCGLIB$$b0059923] is not eligible for getting processed by all BeanPostProcessors (for example: not eligible for auto-proxying)
2019-10-13 12:26:00.611  INFO 13876 --- [  restartedMain] trationDelegate$BeanPostProcessorChecker : Bean 'org.springframework.hateoas.config.HateoasConfiguration' of type [org.springframework.hateoas.config.HateoasConfiguration$$EnhancerBySpringCGLIB$$2f85e655] is not eligible for getting processed by all BeanPostProcessors (for example: not eligible for auto-proxying)
2019-10-13 12:26:01.840  INFO 13876 --- [  restartedMain] o.s.b.w.embedded.tomcat.TomcatWebServer  : Tomcat initialized with port(s): 8197 (http)
2019-10-13 12:26:02.057  INFO 13876 --- [ost-startStop-1] o.s.web.context.ContextLoader            : Root WebApplicationContext: initialization completed in 4464 ms
2019-10-13 12:26:02.186  INFO 13876 --- [ost-startStop-1] o.s.b.w.servlet.ServletRegistrationBean  : Servlet dispatcherServlet mapped to [/]
2019-10-13 12:26:02.194  INFO 13876 --- [ost-startStop-1] o.s.b.w.servlet.FilterRegistrationBean   : Mapping filter: 'characterEncodingFilter' to: [/*]
2019-10-13 12:26:02.195  INFO 13876 --- [ost-startStop-1] o.s.b.w.servlet.FilterRegistrationBean   : Mapping filter: 'hiddenHttpMethodFilter' to: [/*]
2019-10-13 12:26:02.196  INFO 13876 --- [ost-startStop-1] o.s.b.w.servlet.FilterRegistrationBean   : Mapping filter: 'httpPutFormContentFilter' to: [/*]
2019-10-13 12:26:02.197  INFO 13876 --- [ost-startStop-1] o.s.b.w.servlet.FilterRegistrationBean   : Mapping filter: 'requestContextFilter' to: [/*]
2019-10-13 12:26:04.179  INFO 13876 --- [  restartedMain] s.w.s.m.m.a.RequestMappingHandlerMapping : Mapped "{[/api/findAllDepartments],methods=[GET]}" onto public org.springframework.http.ResponseEntity<java.util.List<com.ssafy.edu.vue.dto.DepartmentDto>> com.ssafy.edu.vue.controller.EmployeeController.findAllDepartments() throws java.lang.Exception
2019-10-13 12:26:04.182  INFO 13876 --- [  restartedMain] s.w.s.m.m.a.RequestMappingHandlerMapping : Mapped "{[/api/findDepartmentsByname/{name}],methods=[GET]}" onto public org.springframework.http.ResponseEntity<java.util.List<com.ssafy.edu.vue.dto.EmployeeDto>> com.ssafy.edu.vue.controller.EmployeeController.findDepartmentsByname(java.lang.String) throws java.lang.Exception
2019-10-13 12:26:04.183  INFO 13876 --- [  restartedMain] s.w.s.m.m.a.RequestMappingHandlerMapping : Mapped "{[/api/getEmployeesTotal],methods=[GET]}" onto public org.springframework.http.ResponseEntity<com.ssafy.edu.vue.help.NumberResult> com.ssafy.edu.vue.controller.EmployeeController.getEmployeesTotal() throws java.lang.Exception
2019-10-13 12:26:04.184  INFO 13876 --- [  restartedMain] s.w.s.m.m.a.RequestMappingHandlerMapping : Mapped "{[/api/findEmployeesByManagerId/{manager_id}],methods=[GET]}" onto public org.springframework.http.ResponseEntity<java.util.List<com.ssafy.edu.vue.dto.EmployeeDto>> com.ssafy.edu.vue.controller.EmployeeController.findEmployeesByManagerId(int) throws java.lang.Exception
2019-10-13 12:26:04.185  INFO 13876 --- [  restartedMain] s.w.s.m.m.a.RequestMappingHandlerMapping : Mapped "{[/api/findDepartmentsBydeptid/{dept_id}],methods=[GET]}" onto public org.springframework.http.ResponseEntity<java.util.List<com.ssafy.edu.vue.dto.EmployeeDto>> com.ssafy.edu.vue.controller.EmployeeController.findDepartmentsBydeptid(int) throws java.lang.Exception
2019-10-13 12:26:04.186  INFO 13876 --- [  restartedMain] s.w.s.m.m.a.RequestMappingHandlerMapping : Mapped "{[/api/findLikeEmployees/{name}],methods=[GET]}" onto public org.springframework.http.ResponseEntity<java.util.List<com.ssafy.edu.vue.dto.EmployeeDto>> com.ssafy.edu.vue.controller.EmployeeController.findLikeEmployees(java.lang.String) throws java.lang.Exception
2019-10-13 12:26:04.187  INFO 13876 --- [  restartedMain] s.w.s.m.m.a.RequestMappingHandlerMapping : Mapped "{[/api/findEmployeeById/{id}],methods=[GET]}" onto public org.springframework.http.ResponseEntity<com.ssafy.edu.vue.dto.EmployeeDto> com.ssafy.edu.vue.controller.EmployeeController.findEmployeeById(int) throws java.lang.Exception
2019-10-13 12:26:04.187  INFO 13876 --- [  restartedMain] s.w.s.m.m.a.RequestMappingHandlerMapping : Mapped "{[/api/findAllDeptEmps2],methods=[GET]}" onto public org.springframework.http.ResponseEntity<java.util.List<com.ssafy.edu.vue.dto.DeptEmpsDto>> com.ssafy.edu.vue.controller.EmployeeController.findAllDeptEmps2() throws java.lang.Exception
2019-10-13 12:26:04.188  INFO 13876 --- [  restartedMain] s.w.s.m.m.a.RequestMappingHandlerMapping : Mapped "{[/api/findAllTitles],methods=[GET]}" onto public org.springframework.http.ResponseEntity<java.util.List<com.ssafy.edu.vue.dto.EmployeeDto>> com.ssafy.edu.vue.controller.EmployeeController.findAllTitles() throws java.lang.Exception
2019-10-13 12:26:04.189  INFO 13876 --- [  restartedMain] s.w.s.m.m.a.RequestMappingHandlerMapping : Mapped "{[/api/findAllDepCounts],methods=[GET]}" onto public org.springframework.http.ResponseEntity<java.util.List<com.ssafy.edu.vue.dto.DepCountDto>> com.ssafy.edu.vue.controller.EmployeeController.findAllDepCounts() throws java.lang.Exception
2019-10-13 12:26:04.190  INFO 13876 --- [  restartedMain] s.w.s.m.m.a.RequestMappingHandlerMapping : Mapped "{[/api/addEmployee],methods=[POST]}" onto public org.springframework.http.ResponseEntity<com.ssafy.edu.vue.help.NumberResult> com.ssafy.edu.vue.controller.EmployeeController.addEmployee(com.ssafy.edu.vue.dto.EmployeeDto) throws java.lang.Exception
2019-10-13 12:26:04.191  INFO 13876 --- [  restartedMain] s.w.s.m.m.a.RequestMappingHandlerMapping : Mapped "{[/api/findAllEmployees],methods=[GET]}" onto public org.springframework.http.ResponseEntity<java.util.List<com.ssafy.edu.vue.dto.EmployeeDto>> com.ssafy.edu.vue.controller.EmployeeController.findAllEmployees() throws java.lang.Exception
2019-10-13 12:26:04.192  INFO 13876 --- [  restartedMain] s.w.s.m.m.a.RequestMappingHandlerMapping : Mapped "{[/api/deleteEmployee/{employeeId}],methods=[POST]}" onto public org.springframework.http.ResponseEntity<com.ssafy.edu.vue.help.BoolResult> com.ssafy.edu.vue.controller.EmployeeController.deleteEmployee(int) throws java.lang.Exception
2019-10-13 12:26:04.193  INFO 13876 --- [  restartedMain] s.w.s.m.m.a.RequestMappingHandlerMapping : Mapped "{[/api/findAllDeptEmps],methods=[GET]}" onto public org.springframework.http.ResponseEntity<java.util.List<com.ssafy.edu.vue.dto.DepartmentEmpDto>> com.ssafy.edu.vue.controller.EmployeeController.findAllDeptEmps() throws java.lang.Exception
2019-10-13 12:26:04.194  INFO 13876 --- [  restartedMain] s.w.s.m.m.a.RequestMappingHandlerMapping : Mapped "{[/api/updateEmployee],methods=[POST]}" onto public org.springframework.http.ResponseEntity<com.ssafy.edu.vue.help.BoolResult> com.ssafy.edu.vue.controller.EmployeeController.updateEmployee(com.ssafy.edu.vue.dto.EmployeeDto) throws java.lang.Exception
2019-10-13 12:26:04.196  INFO 13876 --- [  restartedMain] s.w.s.m.m.a.RequestMappingHandlerMapping : Mapped "{[/v2/api-docs],methods=[GET],produces=[application/json || application/hal+json]}" onto public org.springframework.http.ResponseEntity<springfox.documentation.spring.web.json.Json> springfox.documentation.swagger2.web.Swagger2Controller.getDocumentation(java.lang.String,javax.servlet.http.HttpServletRequest)
2019-10-13 12:26:04.200  INFO 13876 --- [  restartedMain] s.w.s.m.m.a.RequestMappingHandlerMapping : Mapped "{[/configuration/security]}" onto org.springframework.http.ResponseEntity<springfox.documentation.swagger.web.SecurityConfiguration> springfox.documentation.swagger.web.ApiResourceController.securityConfiguration()
2019-10-13 12:26:04.202  INFO 13876 --- [  restartedMain] s.w.s.m.m.a.RequestMappingHandlerMapping : Mapped "{[/configuration/ui]}" onto org.springframework.http.ResponseEntity<springfox.documentation.swagger.web.UiConfiguration> springfox.documentation.swagger.web.ApiResourceController.uiConfiguration()
2019-10-13 12:26:04.203  INFO 13876 --- [  restartedMain] s.w.s.m.m.a.RequestMappingHandlerMapping : Mapped "{[/swagger-resources]}" onto org.springframework.http.ResponseEntity<java.util.List<springfox.documentation.swagger.web.SwaggerResource>> springfox.documentation.swagger.web.ApiResourceController.swaggerResources()
2019-10-13 12:26:04.207  INFO 13876 --- [  restartedMain] s.w.s.m.m.a.RequestMappingHandlerMapping : Mapped "{[/error]}" onto public org.springframework.http.ResponseEntity<java.util.Map<java.lang.String, java.lang.Object>> org.springframework.boot.autoconfigure.web.servlet.error.BasicErrorController.error(javax.servlet.http.HttpServletRequest)
2019-10-13 12:26:04.208  INFO 13876 --- [  restartedMain] s.w.s.m.m.a.RequestMappingHandlerMapping : Mapped "{[/error],produces=[text/html]}" onto public org.springframework.web.servlet.ModelAndView org.springframework.boot.autoconfigure.web.servlet.error.BasicErrorController.errorHtml(javax.servlet.http.HttpServletRequest,javax.servlet.http.HttpServletResponse)
2019-10-13 12:26:04.722  INFO 13876 --- [  restartedMain] o.s.w.s.handler.SimpleUrlHandlerMapping  : Mapped URL path [/**/favicon.ico] onto handler of type [class org.springframework.web.servlet.resource.ResourceHttpRequestHandler]
2019-10-13 12:26:04.945  INFO 13876 --- [  restartedMain] s.w.s.m.m.a.RequestMappingHandlerAdapter : Looking for @ControllerAdvice: org.springframework.boot.web.servlet.context.AnnotationConfigServletWebServerApplicationContext@4d9cebae: startup date [Sun Oct 13 12:25:57 KST 2019]; root of context hierarchy
2019-10-13 12:26:05.052  INFO 13876 --- [  restartedMain] o.s.w.s.handler.SimpleUrlHandlerMapping  : Mapped URL path [/webjars/**] onto handler of type [class org.springframework.web.servlet.resource.ResourceHttpRequestHandler]
2019-10-13 12:26:05.058  INFO 13876 --- [  restartedMain] o.s.w.s.handler.SimpleUrlHandlerMapping  : Mapped URL path [/**] onto handler of type [class org.springframework.web.servlet.resource.ResourceHttpRequestHandler]
2019-10-13 12:26:05.095  INFO 13876 --- [  restartedMain] .m.m.a.ExceptionHandlerExceptionResolver : Detected @ExceptionHandler methods in repositoryRestExceptionHandler
2019-10-13 12:26:05.520  INFO 13876 --- [  restartedMain] o.s.d.r.w.RepositoryRestHandlerAdapter   : Looking for @ControllerAdvice: org.springframework.boot.web.servlet.context.AnnotationConfigServletWebServerApplicationContext@4d9cebae: startup date [Sun Oct 13 12:25:57 KST 2019]; root of context hierarchy
2019-10-13 12:26:05.549  INFO 13876 --- [  restartedMain] o.s.d.r.w.RepositoryRestHandlerMapping   : Mapped "{[/{repository}],methods=[GET],produces=[application/hal+json || application/json]}" onto public org.springframework.hateoas.Resources<?> org.springframework.data.rest.webmvc.RepositoryEntityController.getCollectionResource(org.springframework.data.rest.webmvc.RootResourceInformation,org.springframework.data.rest.webmvc.support.DefaultedPageable,org.springframework.data.domain.Sort,org.springframework.data.rest.webmvc.PersistentEntityResourceAssembler) throws org.springframework.data.rest.webmvc.ResourceNotFoundException,org.springframework.web.HttpRequestMethodNotSupportedException
2019-10-13 12:26:05.576  INFO 13876 --- [  restartedMain] o.s.d.r.w.RepositoryRestHandlerMapping   : Mapped "{[/{repository}/{id}],methods=[OPTIONS],produces=[application/hal+json || application/json]}" onto public org.springframework.http.ResponseEntity<?> org.springframework.data.rest.webmvc.RepositoryEntityController.optionsForItemResource(org.springframework.data.rest.webmvc.RootResourceInformation)
2019-10-13 12:26:05.577  INFO 13876 --- [  restartedMain] o.s.d.r.w.RepositoryRestHandlerMapping   : Mapped "{[/{repository}],methods=[POST],produces=[application/hal+json || application/json]}" onto public org.springframework.http.ResponseEntity<org.springframework.hateoas.ResourceSupport> org.springframework.data.rest.webmvc.RepositoryEntityController.postCollectionResource(org.springframework.data.rest.webmvc.RootResourceInformation,org.springframework.data.rest.webmvc.PersistentEntityResource,org.springframework.data.rest.webmvc.PersistentEntityResourceAssembler,java.lang.String) throws org.springframework.web.HttpRequestMethodNotSupportedException
2019-10-13 12:26:05.578  INFO 13876 --- [  restartedMain] o.s.d.r.w.RepositoryRestHandlerMapping   : Mapped "{[/{repository}/{id}],methods=[DELETE],produces=[application/hal+json || application/json]}" onto public org.springframework.http.ResponseEntity<?> org.springframework.data.rest.webmvc.RepositoryEntityController.deleteItemResource(org.springframework.data.rest.webmvc.RootResourceInformation,java.io.Serializable,org.springframework.data.rest.webmvc.support.ETag) throws org.springframework.data.rest.webmvc.ResourceNotFoundException,org.springframework.web.HttpRequestMethodNotSupportedException
2019-10-13 12:26:05.579  INFO 13876 --- [  restartedMain] o.s.d.r.w.RepositoryRestHandlerMapping   : Mapped "{[/{repository}],methods=[OPTIONS],produces=[application/hal+json || application/json]}" onto public org.springframework.http.ResponseEntity<?> org.springframework.data.rest.webmvc.RepositoryEntityController.optionsForCollectionResource(org.springframework.data.rest.webmvc.RootResourceInformation)
2019-10-13 12:26:05.579  INFO 13876 --- [  restartedMain] o.s.d.r.w.RepositoryRestHandlerMapping   : Mapped "{[/{repository}],methods=[HEAD],produces=[application/hal+json || application/json]}" onto public org.springframework.http.ResponseEntity<?> org.springframework.data.rest.webmvc.RepositoryEntityController.headCollectionResource(org.springframework.data.rest.webmvc.RootResourceInformation,org.springframework.data.rest.webmvc.support.DefaultedPageable) throws org.springframework.web.HttpRequestMethodNotSupportedException
2019-10-13 12:26:05.580  INFO 13876 --- [  restartedMain] o.s.d.r.w.RepositoryRestHandlerMapping   : Mapped "{[/{repository}/{id}],methods=[PATCH],produces=[application/hal+json || application/json]}" onto public org.springframework.http.ResponseEntity<org.springframework.hateoas.ResourceSupport> org.springframework.data.rest.webmvc.RepositoryEntityController.patchItemResource(org.springframework.data.rest.webmvc.RootResourceInformation,org.springframework.data.rest.webmvc.PersistentEntityResource,java.io.Serializable,org.springframework.data.rest.webmvc.PersistentEntityResourceAssembler,org.springframework.data.rest.webmvc.support.ETag,java.lang.String) throws org.springframework.web.HttpRequestMethodNotSupportedException,org.springframework.data.rest.webmvc.ResourceNotFoundException
2019-10-13 12:26:05.583  INFO 13876 --- [  restartedMain] o.s.d.r.w.RepositoryRestHandlerMapping   : Mapped "{[/{repository}],methods=[GET],produces=[application/x-spring-data-compact+json || text/uri-list]}" onto public org.springframework.hateoas.Resources<?> org.springframework.data.rest.webmvc.RepositoryEntityController.getCollectionResourceCompact(org.springframework.data.rest.webmvc.RootResourceInformation,org.springframework.data.rest.webmvc.support.DefaultedPageable,org.springframework.data.domain.Sort,org.springframework.data.rest.webmvc.PersistentEntityResourceAssembler) throws org.springframework.data.rest.webmvc.ResourceNotFoundException,org.springframework.web.HttpRequestMethodNotSupportedException
2019-10-13 12:26:05.583  INFO 13876 --- [  restartedMain] o.s.d.r.w.RepositoryRestHandlerMapping   : Mapped "{[/{repository}/{id}],methods=[HEAD],produces=[application/hal+json || application/json]}" onto public org.springframework.http.ResponseEntity<?> org.springframework.data.rest.webmvc.RepositoryEntityController.headForItemResource(org.springframework.data.rest.webmvc.RootResourceInformation,java.io.Serializable,org.springframework.data.rest.webmvc.PersistentEntityResourceAssembler) throws org.springframework.web.HttpRequestMethodNotSupportedException
2019-10-13 12:26:05.584  INFO 13876 --- [  restartedMain] o.s.d.r.w.RepositoryRestHandlerMapping   : Mapped "{[/{repository}/{id}],methods=[PUT],produces=[application/hal+json || application/json]}" onto public org.springframework.http.ResponseEntity<? extends org.springframework.hateoas.ResourceSupport> org.springframework.data.rest.webmvc.RepositoryEntityController.putItemResource(org.springframework.data.rest.webmvc.RootResourceInformation,org.springframework.data.rest.webmvc.PersistentEntityResource,java.io.Serializable,org.springframework.data.rest.webmvc.PersistentEntityResourceAssembler,org.springframework.data.rest.webmvc.support.ETag,java.lang.String) throws org.springframework.web.HttpRequestMethodNotSupportedException
2019-10-13 12:26:05.585  INFO 13876 --- [  restartedMain] o.s.d.r.w.RepositoryRestHandlerMapping   : Mapped "{[/{repository}/{id}],methods=[GET],produces=[application/hal+json || application/json]}" onto public org.springframework.http.ResponseEntity<org.springframework.hateoas.Resource<?>> org.springframework.data.rest.webmvc.RepositoryEntityController.getItemResource(org.springframework.data.rest.webmvc.RootResourceInformation,java.io.Serializable,org.springframework.data.rest.webmvc.PersistentEntityResourceAssembler,org.springframework.http.HttpHeaders) throws org.springframework.web.HttpRequestMethodNotSupportedException
2019-10-13 12:26:05.587  INFO 13876 --- [  restartedMain] o.s.d.r.w.RepositoryRestHandlerMapping   : Mapped "{[/{repository}/{id}/{property}],methods=[GET],produces=[application/hal+json || application/json]}" onto public org.springframework.http.ResponseEntity<org.springframework.hateoas.ResourceSupport> org.springframework.data.rest.webmvc.RepositoryPropertyReferenceController.followPropertyReference(org.springframework.data.rest.webmvc.RootResourceInformation,java.io.Serializable,java.lang.String,org.springframework.data.rest.webmvc.PersistentEntityResourceAssembler) throws java.lang.Exception
2019-10-13 12:26:05.588  INFO 13876 --- [  restartedMain] o.s.d.r.w.RepositoryRestHandlerMapping   : Mapped "{[/{repository}/{id}/{property}/{propertyId}],methods=[GET],produces=[application/hal+json || application/json]}" onto public org.springframework.http.ResponseEntity<org.springframework.hateoas.ResourceSupport> org.springframework.data.rest.webmvc.RepositoryPropertyReferenceController.followPropertyReference(org.springframework.data.rest.webmvc.RootResourceInformation,java.io.Serializable,java.lang.String,java.lang.String,org.springframework.data.rest.webmvc.PersistentEntityResourceAssembler) throws java.lang.Exception
2019-10-13 12:26:05.590  INFO 13876 --- [  restartedMain] o.s.d.r.w.RepositoryRestHandlerMapping   : Mapped "{[/{repository}/{id}/{property}],methods=[DELETE],produces=[application/hal+json || application/json]}" onto public org.springframework.http.ResponseEntity<? extends org.springframework.hateoas.ResourceSupport> org.springframework.data.rest.webmvc.RepositoryPropertyReferenceController.deletePropertyReference(org.springframework.data.rest.webmvc.RootResourceInformation,java.io.Serializable,java.lang.String) throws java.lang.Exception
2019-10-13 12:26:05.591  INFO 13876 --- [  restartedMain] o.s.d.r.w.RepositoryRestHandlerMapping   : Mapped "{[/{repository}/{id}/{property}/{propertyId}],methods=[DELETE],produces=[application/hal+json || application/json]}" onto public org.springframework.http.ResponseEntity<org.springframework.hateoas.ResourceSupport> org.springframework.data.rest.webmvc.RepositoryPropertyReferenceController.deletePropertyReferenceId(org.springframework.data.rest.webmvc.RootResourceInformation,java.io.Serializable,java.lang.String,java.lang.String) throws java.lang.Exception
2019-10-13 12:26:05.593  INFO 13876 --- [  restartedMain] o.s.d.r.w.RepositoryRestHandlerMapping   : Mapped "{[/{repository}/{id}/{property}],methods=[PATCH || PUT || POST],consumes=[application/json || application/x-spring-data-compact+json || text/uri-list],produces=[application/hal+json || application/json]}" onto public org.springframework.http.ResponseEntity<? extends org.springframework.hateoas.ResourceSupport> org.springframework.data.rest.webmvc.RepositoryPropertyReferenceController.createPropertyReference(org.springframework.data.rest.webmvc.RootResourceInformation,org.springframework.http.HttpMethod,org.springframework.hateoas.Resources<java.lang.Object>,java.io.Serializable,java.lang.String) throws java.lang.Exception
2019-10-13 12:26:05.594  INFO 13876 --- [  restartedMain] o.s.d.r.w.RepositoryRestHandlerMapping   : Mapped "{[/{repository}/{id}/{property}],methods=[GET],produces=[application/x-spring-data-compact+json || text/uri-list]}" onto public org.springframework.http.ResponseEntity<org.springframework.hateoas.ResourceSupport> org.springframework.data.rest.webmvc.RepositoryPropertyReferenceController.followPropertyReferenceCompact(org.springframework.data.rest.webmvc.RootResourceInformation,java.io.Serializable,java.lang.String,org.springframework.data.rest.webmvc.PersistentEntityResourceAssembler) throws java.lang.Exception
2019-10-13 12:26:05.598  INFO 13876 --- [  restartedMain] o.s.d.r.w.RepositoryRestHandlerMapping   : Mapped "{[/{repository}/search/{search}],methods=[GET],produces=[application/x-spring-data-compact+json]}" onto public org.springframework.hateoas.ResourceSupport org.springframework.data.rest.webmvc.RepositorySearchController.executeSearchCompact(org.springframework.data.rest.webmvc.RootResourceInformation,org.springframework.http.HttpHeaders,org.springframework.util.MultiValueMap<java.lang.String, java.lang.Object>,java.lang.String,java.lang.String,org.springframework.data.rest.webmvc.support.DefaultedPageable,org.springframework.data.domain.Sort,org.springframework.data.rest.webmvc.PersistentEntityResourceAssembler)
2019-10-13 12:26:05.599  INFO 13876 --- [  restartedMain] o.s.d.r.w.RepositoryRestHandlerMapping   : Mapped "{[/{repository}/search],methods=[OPTIONS],produces=[application/hal+json || application/json]}" onto public org.springframework.http.HttpEntity<?> org.springframework.data.rest.webmvc.RepositorySearchController.optionsForSearches(org.springframework.data.rest.webmvc.RootResourceInformation)
2019-10-13 12:26:05.600  INFO 13876 --- [  restartedMain] o.s.d.r.w.RepositoryRestHandlerMapping   : Mapped "{[/{repository}/search],methods=[GET],produces=[application/hal+json || application/json]}" onto public org.springframework.data.rest.webmvc.RepositorySearchesResource org.springframework.data.rest.webmvc.RepositorySearchController.listSearches(org.springframework.data.rest.webmvc.RootResourceInformation)
2019-10-13 12:26:05.600  INFO 13876 --- [  restartedMain] o.s.d.r.w.RepositoryRestHandlerMapping   : Mapped "{[/{repository}/search/{search}],methods=[GET],produces=[application/hal+json || application/json]}" onto public org.springframework.http.ResponseEntity<?> org.springframework.data.rest.webmvc.RepositorySearchController.executeSearch(org.springframework.data.rest.webmvc.RootResourceInformation,org.springframework.util.MultiValueMap<java.lang.String, java.lang.Object>,java.lang.String,org.springframework.data.rest.webmvc.support.DefaultedPageable,org.springframework.data.domain.Sort,org.springframework.data.rest.webmvc.PersistentEntityResourceAssembler,org.springframework.http.HttpHeaders)
2019-10-13 12:26:05.602  INFO 13876 --- [  restartedMain] o.s.d.r.w.RepositoryRestHandlerMapping   : Mapped "{[/{repository}/search/{search}],methods=[HEAD],produces=[application/hal+json || application/json]}" onto public org.springframework.http.ResponseEntity<java.lang.Object> org.springframework.data.rest.webmvc.RepositorySearchController.headForSearch(org.springframework.data.rest.webmvc.RootResourceInformation,java.lang.String)
2019-10-13 12:26:05.608  INFO 13876 --- [  restartedMain] o.s.d.r.w.RepositoryRestHandlerMapping   : Mapped "{[/{repository}/search/{search}],methods=[OPTIONS],produces=[application/hal+json || application/json]}" onto public org.springframework.http.ResponseEntity<java.lang.Object> org.springframework.data.rest.webmvc.RepositorySearchController.optionsForSearch(org.springframework.data.rest.webmvc.RootResourceInformation,java.lang.String)
2019-10-13 12:26:05.609  INFO 13876 --- [  restartedMain] o.s.d.r.w.RepositoryRestHandlerMapping   : Mapped "{[/{repository}/search],methods=[HEAD],produces=[application/hal+json || application/json]}" onto public org.springframework.http.HttpEntity<?> org.springframework.data.rest.webmvc.RepositorySearchController.headForSearches(org.springframework.data.rest.webmvc.RootResourceInformation)
2019-10-13 12:26:05.612  INFO 13876 --- [  restartedMain] o.s.d.r.w.RepositoryRestHandlerMapping   : Mapped "{[/ || ],methods=[OPTIONS],produces=[application/hal+json || application/json]}" onto public org.springframework.http.HttpEntity<?> org.springframework.data.rest.webmvc.RepositoryController.optionsForRepositories()
2019-10-13 12:26:05.614  INFO 13876 --- [  restartedMain] o.s.d.r.w.RepositoryRestHandlerMapping   : Mapped "{[/ || ],methods=[HEAD],produces=[application/hal+json || application/json]}" onto public org.springframework.http.ResponseEntity<?> org.springframework.data.rest.webmvc.RepositoryController.headForRepositories()
2019-10-13 12:26:05.615  INFO 13876 --- [  restartedMain] o.s.d.r.w.RepositoryRestHandlerMapping   : Mapped "{[/ || ],methods=[GET],produces=[application/hal+json || application/json]}" onto public org.springframework.http.HttpEntity<org.springframework.data.rest.webmvc.RepositoryLinksResource> org.springframework.data.rest.webmvc.RepositoryController.listRepositories()
2019-10-13 12:26:05.621  INFO 13876 --- [  restartedMain] o.s.d.r.w.BasePathAwareHandlerMapping    : Mapped "{[/profile],methods=[GET]}" onto org.springframework.http.HttpEntity<org.springframework.hateoas.ResourceSupport> org.springframework.data.rest.webmvc.ProfileController.listAllFormsOfMetadata()
2019-10-13 12:26:05.623  INFO 13876 --- [  restartedMain] o.s.d.r.w.BasePathAwareHandlerMapping    : Mapped "{[/profile],methods=[OPTIONS]}" onto public org.springframework.http.HttpEntity<?> org.springframework.data.rest.webmvc.ProfileController.profileOptions()
2019-10-13 12:26:05.624  INFO 13876 --- [  restartedMain] o.s.d.r.w.BasePathAwareHandlerMapping    : Mapped "{[/profile/{repository}],methods=[GET],produces=[application/schema+json]}" onto public org.springframework.http.HttpEntity<org.springframework.data.rest.webmvc.json.JsonSchema> org.springframework.data.rest.webmvc.RepositorySchemaController.schema(org.springframework.data.rest.webmvc.RootResourceInformation)
2019-10-13 12:26:05.624  INFO 13876 --- [  restartedMain] o.s.d.r.w.BasePathAwareHandlerMapping    : Mapped "{[/profile/{repository}],methods=[GET],produces=[application/alps+json || */*]}" onto org.springframework.http.HttpEntity<org.springframework.data.rest.webmvc.RootResourceInformation> org.springframework.data.rest.webmvc.alps.AlpsController.descriptor(org.springframework.data.rest.webmvc.RootResourceInformation)
2019-10-13 12:26:05.625  INFO 13876 --- [  restartedMain] o.s.d.r.w.BasePathAwareHandlerMapping    : Mapped "{[/profile/{repository}],methods=[OPTIONS],produces=[application/alps+json]}" onto org.springframework.http.HttpEntity<?> org.springframework.data.rest.webmvc.alps.AlpsController.alpsOptions()
2019-10-13 12:26:06.049  INFO 13876 --- [  restartedMain] o.s.b.d.a.OptionalLiveReloadServer       : LiveReload server is running on port 35729
2019-10-13 12:26:06.223  INFO 13876 --- [  restartedMain] o.s.j.e.a.AnnotationMBeanExporter        : Registering beans for JMX exposure on startup
2019-10-13 12:26:06.230  INFO 13876 --- [  restartedMain] o.s.j.e.a.AnnotationMBeanExporter        : Bean with name 'dataSource' has been autodetected for JMX exposure
2019-10-13 12:26:06.241  INFO 13876 --- [  restartedMain] o.s.j.e.a.AnnotationMBeanExporter        : Located MBean 'dataSource': registering with JMX server as MBean [com.zaxxer.hikari:name=dataSource,type=HikariDataSource]
2019-10-13 12:26:07.063  INFO 13876 --- [  restartedMain] o.s.b.w.embedded.tomcat.TomcatWebServer  : Tomcat started on port(s): 8197 (http) with context path '/ssafyvue'
2019-10-13 12:27:43.675  INFO 13876 --- [nio-8197-exec-2] o.s.web.servlet.DispatcherServlet        : FrameworkServlet 'dispatcherServlet': initialization started
2019-10-13 12:27:43.715  INFO 13876 --- [nio-8197-exec-2] o.s.web.servlet.DispatcherServlet        : FrameworkServlet 'dispatcherServlet': initialization completed in 38 ms
2019-10-13 12:32:52.544  INFO 13876 --- [nio-8197-exec-1] c.s.e.vue.controller.EmployeeController  : 1-------------findAllEmployees-----------------------------Sun Oct 13 12:32:52 KST 2019
2019-10-13 14:37:09.119  INFO 13876 --- [nio-8197-exec-5] c.s.e.vue.controller.EmployeeController  : 1-------------findAllEmployees-----------------------------Sun Oct 13 14:37:09 KST 2019
2019-10-13 14:37:10.563  INFO 13876 --- [nio-8197-exec-6] c.s.e.vue.controller.EmployeeController  : 1-------------findAllEmployees-----------------------------Sun Oct 13 14:37:10 KST 2019
2019-10-13 14:37:10.567  INFO 13876 --- [nio-8197-exec-7] c.s.e.vue.controller.EmployeeController  : 4-------------findAllDepartments-----------------------------Sun Oct 13 14:37:10 KST 2019
2019-10-13 14:37:10.573  INFO 13876 --- [nio-8197-exec-8] c.s.e.vue.controller.EmployeeController  : 6-------------findAllTitles-----------------------------Sun Oct 13 14:37:10 KST 2019
2019-10-13 14:38:53.098  INFO 13876 --- [nio-8197-exec-2] c.s.e.vue.controller.EmployeeController  : 1-------------findAllEmployees-----------------------------Sun Oct 13 14:38:53 KST 2019
2019-10-13 14:39:49.144  INFO 13876 --- [nio-8197-exec-5] c.s.e.vue.controller.EmployeeController  : 5-------------addEmployee-----------------------------Sun Oct 13 14:39:49 KST 2019
2019-10-13 14:39:49.145  INFO 13876 --- [nio-8197-exec-5] c.s.e.vue.controller.EmployeeController  : 5-------------addEmployee-----------------------------EmployeeDto [id=0, name=장싸피, mailid=jansssafy@naver.com, start_date=2019-07-07, manager_id=28, title=사원, dept_id=101, salary=20000.0, commission_pct=0.0]
2019-10-13 14:39:49.265  INFO 13876 --- [nio-8197-exec-5] c.s.e.vue.controller.EmployeeController  : 5-------------addEmployee-------id------------------31
2019-10-13 14:39:52.799  INFO 13876 --- [nio-8197-exec-6] c.s.e.vue.controller.EmployeeController  : 1-------------findAllEmployees-----------------------------Sun Oct 13 14:39:52 KST 2019
2019-10-13 14:40:02.958  INFO 13876 --- [nio-8197-exec-8] c.s.e.vue.controller.EmployeeController  : 1-------------findAllEmployees-----------------------------Sun Oct 13 14:40:02 KST 2019
2019-10-13 14:41:01.683  INFO 13876 --- [nio-8197-exec-7] c.s.e.vue.controller.EmployeeController  : 1-------------findAllEmployees-----------------------------Sun Oct 13 14:41:01 KST 2019
2019-10-13 14:43:58.782  INFO 13876 --- [io-8197-exec-10] c.s.e.vue.controller.EmployeeController  : 1-------------findAllEmployees-----------------------------Sun Oct 13 14:43:58 KST 2019
2019-10-13 14:44:04.268  INFO 13876 --- [nio-8197-exec-2] c.s.e.vue.controller.EmployeeController  : 1-------------findAllEmployees-----------------------------Sun Oct 13 14:44:04 KST 2019
2019-10-13 14:45:19.949  INFO 13876 --- [nio-8197-exec-4] c.s.e.vue.controller.EmployeeController  : 1-------------findAllEmployees-----------------------------Sun Oct 13 14:45:19 KST 2019
2019-10-13 14:52:21.839  INFO 13876 --- [nio-8197-exec-6] c.s.e.vue.controller.EmployeeController  : 1-------------findAllEmployees-----------------------------Sun Oct 13 14:52:21 KST 2019
2019-10-13 14:52:28.646  INFO 13876 --- [nio-8197-exec-8] c.s.e.vue.controller.EmployeeController  : 1-------------findAllEmployees-----------------------------Sun Oct 13 14:52:28 KST 2019
2019-10-13 14:52:31.958  INFO 13876 --- [nio-8197-exec-9] c.s.e.vue.controller.EmployeeController  : 1-------------findAllEmployees-----------------------------Sun Oct 13 14:52:31 KST 2019
2019-10-13 14:53:23.528  INFO 13876 --- [nio-8197-exec-1] c.s.e.vue.controller.EmployeeController  : 1-------------deleteEmployee-----------------------------Sun Oct 13 14:53:23 KST 2019
2019-10-13 14:53:23.528  INFO 13876 --- [nio-8197-exec-1] c.s.e.vue.controller.EmployeeController  : 1-------------deleteEmployee-----------------------------31
2019-10-13 14:53:25.183  INFO 13876 --- [nio-8197-exec-2] c.s.e.vue.controller.EmployeeController  : 1-------------findAllEmployees-----------------------------Sun Oct 13 14:53:25 KST 2019
2019-10-13 15:08:14.558  INFO 13876 --- [nio-8197-exec-4] c.s.e.vue.controller.EmployeeController  : 1-------------findAllEmployees-----------------------------Sun Oct 13 15:08:14 KST 2019
2019-10-13 15:08:55.243  INFO 13876 --- [nio-8197-exec-5] c.s.e.vue.controller.EmployeeController  : 1-------------findAllEmployees-----------------------------Sun Oct 13 15:08:55 KST 2019
2019-10-13 15:10:44.770  INFO 13876 --- [nio-8197-exec-8] c.s.e.vue.controller.EmployeeController  : 1-------------findAllEmployees-----------------------------Sun Oct 13 15:10:44 KST 2019
2019-10-13 15:10:44.780  INFO 13876 --- [nio-8197-exec-9] c.s.e.vue.controller.EmployeeController  : 6-------------findAllTitles-----------------------------Sun Oct 13 15:10:44 KST 2019
2019-10-13 15:10:44.796  INFO 13876 --- [nio-8197-exec-7] c.s.e.vue.controller.EmployeeController  : 4-------------findAllDepartments-----------------------------Sun Oct 13 15:10:44 KST 2019
2019-10-13 15:10:45.621  INFO 13876 --- [io-8197-exec-10] c.s.e.vue.controller.EmployeeController  : 1-------------findAllEmployees-----------------------------Sun Oct 13 15:10:45 KST 2019
2019-10-13 15:11:02.188  INFO 13876 --- [nio-8197-exec-1] c.s.e.vue.controller.EmployeeController  : 1-------------findAllEmployees-----------------------------Sun Oct 13 15:11:02 KST 2019
2019-10-13 15:11:03.834  INFO 13876 --- [nio-8197-exec-2] c.s.e.vue.controller.EmployeeController  : 1-------------findAllEmployees-----------------------------Sun Oct 13 15:11:03 KST 2019
2019-10-13 15:15:30.270  INFO 13876 --- [nio-8197-exec-6] c.s.e.vue.controller.EmployeeController  : 1-------------findAllEmployees-----------------------------Sun Oct 13 15:15:30 KST 2019
2019-10-13 15:16:10.349  INFO 13876 --- [nio-8197-exec-9] c.s.e.vue.controller.EmployeeController  : 1-------------findAllEmployees-----------------------------Sun Oct 13 15:16:10 KST 2019
2019-10-13 15:17:00.179  INFO 13876 --- [io-8197-exec-10] c.s.e.vue.controller.EmployeeController  : 1-------------findAllEmployees-----------------------------Sun Oct 13 15:17:00 KST 2019
2019-10-13 15:17:03.626  INFO 13876 --- [nio-8197-exec-2] c.s.e.vue.controller.EmployeeController  : 1-------------findEmployeeById-----------------------------Sun Oct 13 15:17:03 KST 2019
2019-10-13 15:17:03.630  INFO 13876 --- [nio-8197-exec-1] c.s.e.vue.controller.EmployeeController  : 1-------------findEmployeesByManagerId-----------------------------Sun Oct 13 15:17:03 KST 2019
2019-10-13 15:17:10.384  INFO 13876 --- [nio-8197-exec-3] c.s.e.vue.controller.EmployeeController  : 1-------------findAllEmployees-----------------------------Sun Oct 13 15:17:10 KST 2019
2019-10-13 15:18:37.464  INFO 13876 --- [nio-8197-exec-8] c.s.e.vue.controller.EmployeeController  : 1-------------findEmployeesByManagerId-----------------------------Sun Oct 13 15:18:37 KST 2019
2019-10-13 15:18:37.466  INFO 13876 --- [nio-8197-exec-9] c.s.e.vue.controller.EmployeeController  : 1-------------findEmployeeById-----------------------------Sun Oct 13 15:18:37 KST 2019
2019-10-13 15:18:45.588  INFO 13876 --- [nio-8197-exec-1] c.s.e.vue.controller.EmployeeController  : 1-------------findAllEmployees-----------------------------Sun Oct 13 15:18:45 KST 2019
2019-10-13 15:18:55.571  INFO 13876 --- [nio-8197-exec-4] c.s.e.vue.controller.EmployeeController  : 1-------------findEmployeeById-----------------------------Sun Oct 13 15:18:55 KST 2019
2019-10-13 15:18:55.577  INFO 13876 --- [nio-8197-exec-5] c.s.e.vue.controller.EmployeeController  : 1-------------findEmployeesByManagerId-----------------------------Sun Oct 13 15:18:55 KST 2019
2019-10-13 15:32:26.634  INFO 13876 --- [nio-8197-exec-9] c.s.e.vue.controller.EmployeeController  : 1-------------findEmployeeById-----------------------------Sun Oct 13 15:32:26 KST 2019
2019-10-13 15:32:26.641  INFO 13876 --- [nio-8197-exec-8] c.s.e.vue.controller.EmployeeController  : 1-------------findEmployeesByManagerId-----------------------------Sun Oct 13 15:32:26 KST 2019
2019-10-13 15:32:32.147  INFO 13876 --- [nio-8197-exec-7] c.s.e.vue.controller.EmployeeController  : 1-------------findEmployeeById-----------------------------Sun Oct 13 15:32:32 KST 2019
2019-10-13 15:32:32.150  INFO 13876 --- [io-8197-exec-10] c.s.e.vue.controller.EmployeeController  : 1-------------findEmployeesByManagerId-----------------------------Sun Oct 13 15:32:32 KST 2019
2019-10-13 15:32:33.553  INFO 13876 --- [nio-8197-exec-1] c.s.e.vue.controller.EmployeeController  : 1-------------findAllEmployees-----------------------------Sun Oct 13 15:32:33 KST 2019
2019-10-13 15:32:35.621  INFO 13876 --- [nio-8197-exec-2] c.s.e.vue.controller.EmployeeController  : 1-------------findAllEmployees-----------------------------Sun Oct 13 15:32:35 KST 2019
2019-10-13 15:40:31.575  INFO 13876 --- [nio-8197-exec-6] c.s.e.vue.controller.EmployeeController  : 1-------------findAllEmployees-----------------------------Sun Oct 13 15:40:31 KST 2019
2019-10-13 15:40:36.196  INFO 13876 --- [nio-8197-exec-8] c.s.e.vue.controller.EmployeeController  : 1-------------findEmployeeById-----------------------------Sun Oct 13 15:40:36 KST 2019
2019-10-13 15:40:36.211  INFO 13876 --- [nio-8197-exec-3] c.s.e.vue.controller.EmployeeController  : 1-------------findEmployeesByManagerId-----------------------------Sun Oct 13 15:40:36 KST 2019
2019-10-13 15:54:57.164  INFO 13876 --- [nio-8197-exec-1] c.s.e.vue.controller.EmployeeController  : 1-------------findEmployeesByManagerId-----------------------------Sun Oct 13 15:54:57 KST 2019
2019-10-13 15:54:57.164  INFO 13876 --- [io-8197-exec-10] c.s.e.vue.controller.EmployeeController  : 1-------------findEmployeeById-----------------------------Sun Oct 13 15:54:57 KST 2019
2019-10-13 15:54:58.982  INFO 13876 --- [nio-8197-exec-2] c.s.e.vue.controller.EmployeeController  : 1-------------findAllEmployees-----------------------------Sun Oct 13 15:54:58 KST 2019
2019-10-13 15:55:00.235  INFO 13876 --- [nio-8197-exec-4] c.s.e.vue.controller.EmployeeController  : 1-------------findAllEmployees-----------------------------Sun Oct 13 15:55:00 KST 2019
2019-10-13 15:55:30.673  INFO 13876 --- [nio-8197-exec-5] c.s.e.vue.controller.EmployeeController  : 1-------------findEmployeeById-----------------------------Sun Oct 13 15:55:30 KST 2019
2019-10-13 15:55:30.679  INFO 13876 --- [nio-8197-exec-6] c.s.e.vue.controller.EmployeeController  : 1-------------findEmployeesByManagerId-----------------------------Sun Oct 13 15:55:30 KST 2019
2019-10-13 15:55:34.729  INFO 13876 --- [nio-8197-exec-8] c.s.e.vue.controller.EmployeeController  : 1-------------findAllEmployees-----------------------------Sun Oct 13 15:55:34 KST 2019
2019-10-13 16:03:39.225  INFO 13876 --- [nio-8197-exec-7] c.s.e.vue.controller.EmployeeController  : 1-------------findAllEmployees-----------------------------Sun Oct 13 16:03:39 KST 2019
2019-10-13 16:05:40.807  INFO 13876 --- [nio-8197-exec-1] c.s.e.vue.controller.EmployeeController  : 1-------------findAllEmployees-----------------------------Sun Oct 13 16:05:40 KST 2019
2019-10-13 16:05:56.591  INFO 13876 --- [nio-8197-exec-2] c.s.e.vue.controller.EmployeeController  : 1-------------findAllEmployees-----------------------------Sun Oct 13 16:05:56 KST 2019
2019-10-13 16:06:02.403  INFO 13876 --- [nio-8197-exec-4] c.s.e.vue.controller.EmployeeController  : 3-------------findLikeEmployees-----------------------------Sun Oct 13 16:06:02 KST 2019
2019-10-13 16:06:04.894  INFO 13876 --- [nio-8197-exec-5] c.s.e.vue.controller.EmployeeController  : 1-------------findAllEmployees-----------------------------Sun Oct 13 16:06:04 KST 2019
2019-10-13 16:06:06.536  INFO 13876 --- [nio-8197-exec-6] c.s.e.vue.controller.EmployeeController  : 1-------------findEmployeeById-----------------------------Sun Oct 13 16:06:06 KST 2019
2019-10-13 16:55:00.478  INFO 13876 --- [nio-8197-exec-3] c.s.e.vue.controller.EmployeeController  : 1-------------findAllEmployees-----------------------------Sun Oct 13 16:55:00 KST 2019
2019-10-13 16:55:01.704  INFO 13876 --- [nio-8197-exec-9] c.s.e.vue.controller.EmployeeController  : 1-------------findAllEmployees-----------------------------Sun Oct 13 16:55:01 KST 2019
2019-10-13 16:55:25.094  INFO 13876 --- [nio-8197-exec-7] c.s.e.vue.controller.EmployeeController  : 3-------------findLikeEmployees-----------------------------Sun Oct 13 16:55:25 KST 2019
2019-10-13 16:55:54.200  INFO 13876 --- [io-8197-exec-10] c.s.e.vue.controller.EmployeeController  : 1-------------findAllEmployees-----------------------------Sun Oct 13 16:55:54 KST 2019
2019-10-13 16:55:57.008  INFO 13876 --- [nio-8197-exec-1] c.s.e.vue.controller.EmployeeController  : 1-------------findEmployeeById-----------------------------Sun Oct 13 16:55:57 KST 2019
2019-10-13 17:08:07.289  INFO 13876 --- [nio-8197-exec-4] c.s.e.vue.controller.EmployeeController  : 1-------------findAllEmployees-----------------------------Sun Oct 13 17:08:07 KST 2019
2019-10-13 17:08:08.536  INFO 13876 --- [nio-8197-exec-5] c.s.e.vue.controller.EmployeeController  : 1-------------findAllEmployees-----------------------------Sun Oct 13 17:08:08 KST 2019
2019-10-13 17:08:09.900  INFO 13876 --- [nio-8197-exec-6] c.s.e.vue.controller.EmployeeController  : 1-------------findAllEmployees-----------------------------Sun Oct 13 17:08:09 KST 2019
2019-10-13 17:08:11.411  INFO 13876 --- [nio-8197-exec-8] c.s.e.vue.controller.EmployeeController  : 1-------------findEmployeeById-----------------------------Sun Oct 13 17:08:11 KST 2019
2019-10-13 17:08:19.564  INFO 13876 --- [nio-8197-exec-3] c.s.e.vue.controller.EmployeeController  : 3-------------findLikeEmployees-----------------------------Sun Oct 13 17:08:19 KST 2019
2019-10-13 17:08:23.374  INFO 13876 --- [nio-8197-exec-9] c.s.e.vue.controller.EmployeeController  : 3-------------findLikeEmployees-----------------------------Sun Oct 13 17:08:23 KST 2019
2019-10-13 18:07:34.550  INFO 13876 --- [io-8197-exec-10] c.s.e.vue.controller.EmployeeController  : 1-------------findAllEmployees-----------------------------Sun Oct 13 18:07:34 KST 2019
2019-10-13 18:07:36.141  INFO 13876 --- [nio-8197-exec-1] c.s.e.vue.controller.EmployeeController  : 1-------------findAllEmployees-----------------------------Sun Oct 13 18:07:36 KST 2019
2019-10-13 18:07:36.949  INFO 13876 --- [nio-8197-exec-2] c.s.e.vue.controller.EmployeeController  : 1-------------findAllEmployees-----------------------------Sun Oct 13 18:07:36 KST 2019
2019-10-13 18:30:56.442  INFO 13876 --- [nio-8197-exec-5] c.s.e.vue.controller.EmployeeController  : 1-------------findAllEmployees-----------------------------Sun Oct 13 18:30:56 KST 2019
2019-10-13 18:30:59.277  INFO 13876 --- [nio-8197-exec-6] c.s.e.vue.controller.EmployeeController  : 1-------------findAllEmployees-----------------------------Sun Oct 13 18:30:59 KST 2019
2019-10-13 18:30:59.289  INFO 13876 --- [nio-8197-exec-6] c.s.e.vue.controller.EmployeeController  : 4-------------findAllDepartments-----------------------------Sun Oct 13 18:30:59 KST 2019
2019-10-13 18:30:59.290  INFO 13876 --- [nio-8197-exec-8] c.s.e.vue.controller.EmployeeController  : 6-------------findAllTitles-----------------------------Sun Oct 13 18:30:59 KST 2019
2019-10-13 18:31:03.140  INFO 13876 --- [nio-8197-exec-9] c.s.e.vue.controller.EmployeeController  : 1-------------findAllEmployees-----------------------------Sun Oct 13 18:31:03 KST 2019
2019-10-13 18:31:04.105  INFO 13876 --- [nio-8197-exec-7] c.s.e.vue.controller.EmployeeController  : 1-------------findAllEmployees-----------------------------Sun Oct 13 18:31:04 KST 2019
2019-10-13 18:31:04.123  INFO 13876 --- [nio-8197-exec-1] c.s.e.vue.controller.EmployeeController  : 6-------------findAllTitles-----------------------------Sun Oct 13 18:31:04 KST 2019
2019-10-13 18:31:04.125  INFO 13876 --- [io-8197-exec-10] c.s.e.vue.controller.EmployeeController  : 4-------------findAllDepartments-----------------------------Sun Oct 13 18:31:04 KST 2019
2019-10-13 18:31:05.100  INFO 13876 --- [nio-8197-exec-2] c.s.e.vue.controller.EmployeeController  : 1-------------findAllEmployees-----------------------------Sun Oct 13 18:31:05 KST 2019
2019-10-13 18:31:09.752  INFO 13876 --- [nio-8197-exec-4] c.s.e.vue.controller.EmployeeController  : 1-------------findAllEmployees-----------------------------Sun Oct 13 18:31:09 KST 2019
2019-10-13 18:31:09.766  INFO 13876 --- [nio-8197-exec-5] c.s.e.vue.controller.EmployeeController  : 4-------------findAllDepartments-----------------------------Sun Oct 13 18:31:09 KST 2019
2019-10-13 18:31:09.768  INFO 13876 --- [nio-8197-exec-3] c.s.e.vue.controller.EmployeeController  : 6-------------findAllTitles-----------------------------Sun Oct 13 18:31:09 KST 2019
2019-10-13 19:57:41.408  INFO 13876 --- [nio-8197-exec-7] c.s.e.vue.controller.EmployeeController  : 1-------------findAllEmployees-----------------------------Sun Oct 13 19:57:41 KST 2019
2019-10-13 19:57:42.583  INFO 13876 --- [nio-8197-exec-1] c.s.e.vue.controller.EmployeeController  : 1-------------findAllEmployees-----------------------------Sun Oct 13 19:57:42 KST 2019
2019-10-13 19:57:42.588  INFO 13876 --- [io-8197-exec-10] c.s.e.vue.controller.EmployeeController  : 4-------------findAllDepartments-----------------------------Sun Oct 13 19:57:42 KST 2019
2019-10-13 19:57:42.606  INFO 13876 --- [nio-8197-exec-1] c.s.e.vue.controller.EmployeeController  : 6-------------findAllTitles-----------------------------Sun Oct 13 19:57:42 KST 2019
2019-10-13 20:02:24.801  INFO 13876 --- [nio-8197-exec-6] c.s.e.vue.controller.EmployeeController  : 1-------------findAllEmployees-----------------------------Sun Oct 13 20:02:24 KST 2019
2019-10-13 20:02:25.661  INFO 13876 --- [nio-8197-exec-9] c.s.e.vue.controller.EmployeeController  : 1-------------findAllEmployees-----------------------------Sun Oct 13 20:02:25 KST 2019
2019-10-13 20:02:25.672  INFO 13876 --- [nio-8197-exec-8] c.s.e.vue.controller.EmployeeController  : 4-------------findAllDepartments-----------------------------Sun Oct 13 20:02:25 KST 2019
2019-10-13 20:02:25.673  INFO 13876 --- [nio-8197-exec-7] c.s.e.vue.controller.EmployeeController  : 6-------------findAllTitles-----------------------------Sun Oct 13 20:02:25 KST 2019
2019-10-13 20:02:54.989  INFO 13876 --- [nio-8197-exec-2] c.s.e.vue.controller.EmployeeController  : 1-------------findAllEmployees-----------------------------Sun Oct 13 20:02:54 KST 2019
2019-10-13 20:02:54.991  INFO 13876 --- [nio-8197-exec-1] c.s.e.vue.controller.EmployeeController  : 4-------------findAllDepartments-----------------------------Sun Oct 13 20:02:54 KST 2019
2019-10-13 20:02:54.998  INFO 13876 --- [io-8197-exec-10] c.s.e.vue.controller.EmployeeController  : 6-------------findAllTitles-----------------------------Sun Oct 13 20:02:54 KST 2019
2019-10-13 20:02:56.612  INFO 13876 --- [nio-8197-exec-3] c.s.e.vue.controller.EmployeeController  : 1-------------findAllEmployees-----------------------------Sun Oct 13 20:02:56 KST 2019
2019-10-13 20:02:56.614  INFO 13876 --- [nio-8197-exec-4] c.s.e.vue.controller.EmployeeController  : 4-------------findAllDepartments-----------------------------Sun Oct 13 20:02:56 KST 2019
2019-10-13 20:02:56.619  INFO 13876 --- [nio-8197-exec-5] c.s.e.vue.controller.EmployeeController  : 6-------------findAllTitles-----------------------------Sun Oct 13 20:02:56 KST 2019
2019-10-13 20:04:22.349  INFO 13876 --- [nio-8197-exec-1] c.s.e.vue.controller.EmployeeController  : 5-------------addEmployee-----------------------------Sun Oct 13 20:04:22 KST 2019
2019-10-13 20:04:22.349  INFO 13876 --- [nio-8197-exec-1] c.s.e.vue.controller.EmployeeController  : 5-------------addEmployee-----------------------------EmployeeDto [id=0, name=백소정, mailid=sojungback@naver.com, start_date=2019-05-06, manager_id=3, title=사원, dept_id=118, salary=20000.0, commission_pct=0.0]
2019-10-13 20:04:22.404  INFO 13876 --- [nio-8197-exec-1] c.s.e.vue.controller.EmployeeController  : 5-------------addEmployee-------id------------------31
2019-10-13 20:04:34.317  INFO 13876 --- [io-8197-exec-10] c.s.e.vue.controller.EmployeeController  : 1-------------findAllEmployees-----------------------------Sun Oct 13 20:04:34 KST 2019
2019-10-13 20:04:38.113  INFO 13876 --- [nio-8197-exec-2] c.s.e.vue.controller.EmployeeController  : 1-------------findAllEmployees-----------------------------Sun Oct 13 20:04:38 KST 2019
2019-10-13 20:04:38.124  INFO 13876 --- [nio-8197-exec-3] c.s.e.vue.controller.EmployeeController  : 4-------------findAllDepartments-----------------------------Sun Oct 13 20:04:38 KST 2019
2019-10-13 20:04:38.125  INFO 13876 --- [nio-8197-exec-4] c.s.e.vue.controller.EmployeeController  : 6-------------findAllTitles-----------------------------Sun Oct 13 20:04:38 KST 2019
2019-10-13 20:04:39.261  INFO 13876 --- [nio-8197-exec-5] c.s.e.vue.controller.EmployeeController  : 1-------------findAllEmployees-----------------------------Sun Oct 13 20:04:39 KST 2019
2019-10-13 20:04:40.772  INFO 13876 --- [nio-8197-exec-6] c.s.e.vue.controller.EmployeeController  : 1-------------findAllEmployees-----------------------------Sun Oct 13 20:04:40 KST 2019
2019-10-13 20:04:40.782  INFO 13876 --- [nio-8197-exec-9] c.s.e.vue.controller.EmployeeController  : 4-------------findAllDepartments-----------------------------Sun Oct 13 20:04:40 KST 2019
2019-10-13 20:04:40.793  INFO 13876 --- [nio-8197-exec-8] c.s.e.vue.controller.EmployeeController  : 6-------------findAllTitles-----------------------------Sun Oct 13 20:04:40 KST 2019
2019-10-13 20:06:45.341  INFO 13876 --- [nio-8197-exec-2] c.s.e.vue.controller.EmployeeController  : 5-------------addEmployee-----------------------------Sun Oct 13 20:06:45 KST 2019
2019-10-13 20:06:45.341  INFO 13876 --- [nio-8197-exec-2] c.s.e.vue.controller.EmployeeController  : 5-------------addEmployee-----------------------------EmployeeDto [id=0, name=허선, mailid=heosun@naver.com, start_date=2019-10-07, manager_id=27, title=사원, dept_id=118, salary=20000.0, commission_pct=0.0]
2019-10-13 20:06:45.377  INFO 13876 --- [nio-8197-exec-2] c.s.e.vue.controller.EmployeeController  : 5-------------addEmployee-------id------------------32
2019-10-13 20:34:22.259  INFO 13876 --- [nio-8197-exec-4] c.s.e.vue.controller.EmployeeController  : 1-------------findAllEmployees-----------------------------Sun Oct 13 20:34:22 KST 2019
2019-10-13 20:34:22.261  INFO 13876 --- [nio-8197-exec-5] c.s.e.vue.controller.EmployeeController  : 4-------------findAllDepartments-----------------------------Sun Oct 13 20:34:22 KST 2019
2019-10-13 20:34:22.267  INFO 13876 --- [nio-8197-exec-6] c.s.e.vue.controller.EmployeeController  : 6-------------findAllTitles-----------------------------Sun Oct 13 20:34:22 KST 2019
2019-10-13 20:34:59.944  INFO 13876 --- [nio-8197-exec-9] c.s.e.vue.controller.EmployeeController  : 1-------------findAllEmployees-----------------------------Sun Oct 13 20:34:59 KST 2019
2019-10-13 20:34:59.950  INFO 13876 --- [nio-8197-exec-8] c.s.e.vue.controller.EmployeeController  : 4-------------findAllDepartments-----------------------------Sun Oct 13 20:34:59 KST 2019
2019-10-13 20:34:59.951  INFO 13876 --- [nio-8197-exec-7] c.s.e.vue.controller.EmployeeController  : 6-------------findAllTitles-----------------------------Sun Oct 13 20:34:59 KST 2019
2019-10-13 20:35:03.166  INFO 13876 --- [nio-8197-exec-1] c.s.e.vue.controller.EmployeeController  : 1-------------findAllEmployees-----------------------------Sun Oct 13 20:35:03 KST 2019
2019-10-13 20:35:03.171  INFO 13876 --- [io-8197-exec-10] c.s.e.vue.controller.EmployeeController  : 6-------------findAllTitles-----------------------------Sun Oct 13 20:35:03 KST 2019
2019-10-13 20:35:03.176  INFO 13876 --- [nio-8197-exec-2] c.s.e.vue.controller.EmployeeController  : 4-------------findAllDepartments-----------------------------Sun Oct 13 20:35:03 KST 2019
2019-10-13 20:35:04.104  INFO 13876 --- [nio-8197-exec-3] c.s.e.vue.controller.EmployeeController  : 1-------------findAllEmployees-----------------------------Sun Oct 13 20:35:04 KST 2019
2019-10-13 20:35:07.908  INFO 13876 --- [nio-8197-exec-5] c.s.e.vue.controller.EmployeeController  : 1-------------findEmployeeById-----------------------------Sun Oct 13 20:35:07 KST 2019
2019-10-13 20:35:07.950  INFO 13876 --- [nio-8197-exec-4] c.s.e.vue.controller.EmployeeController  : 1-------------findEmployeesByManagerId-----------------------------Sun Oct 13 20:35:07 KST 2019
2019-10-13 20:35:10.513  INFO 13876 --- [nio-8197-exec-6] c.s.e.vue.controller.EmployeeController  : 1-------------findAllEmployees-----------------------------Sun Oct 13 20:35:10 KST 2019
2019-10-13 20:35:10.517  INFO 13876 --- [nio-8197-exec-9] c.s.e.vue.controller.EmployeeController  : 4-------------findAllDepartments-----------------------------Sun Oct 13 20:35:10 KST 2019
2019-10-13 20:35:10.525  INFO 13876 --- [nio-8197-exec-7] c.s.e.vue.controller.EmployeeController  : 6-------------findAllTitles-----------------------------Sun Oct 13 20:35:10 KST 2019
2019-10-13 20:35:14.375  INFO 13876 --- [nio-8197-exec-8] c.s.e.vue.controller.EmployeeController  : 3-------------findLikeEmployees-----------------------------Sun Oct 13 20:35:14 KST 2019
2019-10-13 20:35:15.711  INFO 13876 --- [nio-8197-exec-1] c.s.e.vue.controller.EmployeeController  : 1-------------findAllEmployees-----------------------------Sun Oct 13 20:35:15 KST 2019
2019-10-13 20:35:17.579  INFO 13876 --- [io-8197-exec-10] c.s.e.vue.controller.EmployeeController  : 1-------------findEmployeeById-----------------------------Sun Oct 13 20:35:17 KST 2019
2019-10-13 20:35:18.724  INFO 13876 --- [nio-8197-exec-2] c.s.e.vue.controller.EmployeeController  : 1-------------findAllDepCounts-----------------------------Sun Oct 13 20:35:18 KST 2019
2019-10-13 20:35:21.673  INFO 13876 --- [nio-8197-exec-3] c.s.e.vue.controller.EmployeeController  : 1-------------findDepartmentsBydeptid-----------------------------Sun Oct 13 20:35:21 KST 2019
2019-10-13 20:35:21.744  INFO 13876 --- [nio-8197-exec-5] c.s.e.vue.controller.EmployeeController  : 1-------------findDepartmentsBydeptid-----------------------------Sun Oct 13 20:35:21 KST 2019
2019-10-13 20:35:21.754  INFO 13876 --- [nio-8197-exec-4] c.s.e.vue.controller.EmployeeController  : 1-------------findDepartmentsBydeptid-----------------------------Sun Oct 13 20:35:21 KST 2019
2019-10-13 20:35:21.774  INFO 13876 --- [nio-8197-exec-6] c.s.e.vue.controller.EmployeeController  : 1-------------findDepartmentsBydeptid-----------------------------Sun Oct 13 20:35:21 KST 2019
2019-10-13 20:35:21.788  INFO 13876 --- [nio-8197-exec-9] c.s.e.vue.controller.EmployeeController  : 1-------------findDepartmentsBydeptid-----------------------------Sun Oct 13 20:35:21 KST 2019
2019-10-13 20:35:22.349  INFO 13876 --- [nio-8197-exec-7] c.s.e.vue.controller.EmployeeController  : 1-------------findDepartmentsBydeptid-----------------------------Sun Oct 13 20:35:22 KST 2019
2019-10-13 20:35:22.361  INFO 13876 --- [nio-8197-exec-8] c.s.e.vue.controller.EmployeeController  : 1-------------findDepartmentsBydeptid-----------------------------Sun Oct 13 20:35:22 KST 2019
2019-10-13 20:35:22.378  INFO 13876 --- [nio-8197-exec-1] c.s.e.vue.controller.EmployeeController  : 1-------------findDepartmentsBydeptid-----------------------------Sun Oct 13 20:35:22 KST 2019
2019-10-13 20:35:31.059  INFO 13876 --- [io-8197-exec-10] c.s.e.vue.controller.EmployeeController  : 1-------------findDepartmentsBydeptid-----------------------------Sun Oct 13 20:35:31 KST 2019
2019-10-13 20:35:31.068  INFO 13876 --- [nio-8197-exec-2] c.s.e.vue.controller.EmployeeController  : 1-------------findDepartmentsBydeptid-----------------------------Sun Oct 13 20:35:31 KST 2019
2019-10-13 20:35:31.075  INFO 13876 --- [nio-8197-exec-3] c.s.e.vue.controller.EmployeeController  : 1-------------findDepartmentsBydeptid-----------------------------Sun Oct 13 20:35:31 KST 2019
2019-10-13 20:35:33.631  INFO 13876 --- [nio-8197-exec-5] c.s.e.vue.controller.EmployeeController  : 1-------------findDepartmentsBydeptid-----------------------------Sun Oct 13 20:35:33 KST 2019
2019-10-13 20:35:34.114  INFO 13876 --- [nio-8197-exec-4] c.s.e.vue.controller.EmployeeController  : 1-------------findDepartmentsBydeptid-----------------------------Sun Oct 13 20:35:34 KST 2019
2019-10-13 20:35:34.140  INFO 13876 --- [nio-8197-exec-6] c.s.e.vue.controller.EmployeeController  : 1-------------findDepartmentsBydeptid-----------------------------Sun Oct 13 20:35:34 KST 2019
2019-10-13 20:35:34.870  INFO 13876 --- [nio-8197-exec-9] c.s.e.vue.controller.EmployeeController  : 1-------------findDepartmentsBydeptid-----------------------------Sun Oct 13 20:35:34 KST 2019
2019-10-13 20:35:35.132  INFO 13876 --- [nio-8197-exec-7] c.s.e.vue.controller.EmployeeController  : 1-------------findDepartmentsBydeptid-----------------------------Sun Oct 13 20:35:35 KST 2019
2019-10-13 20:35:35.394  INFO 13876 --- [nio-8197-exec-8] c.s.e.vue.controller.EmployeeController  : 1-------------findDepartmentsBydeptid-----------------------------Sun Oct 13 20:35:35 KST 2019
2019-10-13 20:35:35.411  INFO 13876 --- [nio-8197-exec-1] c.s.e.vue.controller.EmployeeController  : 1-------------findDepartmentsBydeptid-----------------------------Sun Oct 13 20:35:35 KST 2019
2019-10-13 20:35:35.455  INFO 13876 --- [io-8197-exec-10] c.s.e.vue.controller.EmployeeController  : 1-------------findDepartmentsBydeptid-----------------------------Sun Oct 13 20:35:35 KST 2019
2019-10-13 20:35:35.545  INFO 13876 --- [nio-8197-exec-2] c.s.e.vue.controller.EmployeeController  : 1-------------findDepartmentsBydeptid-----------------------------Sun Oct 13 20:35:35 KST 2019
2019-10-13 20:35:35.586  INFO 13876 --- [nio-8197-exec-3] c.s.e.vue.controller.EmployeeController  : 1-------------findDepartmentsBydeptid-----------------------------Sun Oct 13 20:35:35 KST 2019
2019-10-13 20:35:37.578  INFO 13876 --- [nio-8197-exec-5] c.s.e.vue.controller.EmployeeController  : 1-------------findDepartmentsBydeptid-----------------------------Sun Oct 13 20:35:37 KST 2019
2019-10-13 20:35:41.227  INFO 13876 --- [nio-8197-exec-4] c.s.e.vue.controller.EmployeeController  : 1-------------findDepartmentsBydeptid-----------------------------Sun Oct 13 20:35:41 KST 2019
2019-10-13 20:35:41.238  INFO 13876 --- [nio-8197-exec-6] c.s.e.vue.controller.EmployeeController  : 1-------------findDepartmentsBydeptid-----------------------------Sun Oct 13 20:35:41 KST 2019
2019-10-13 20:35:41.267  INFO 13876 --- [nio-8197-exec-9] c.s.e.vue.controller.EmployeeController  : 1-------------findDepartmentsBydeptid-----------------------------Sun Oct 13 20:35:41 KST 2019
2019-10-13 20:35:42.366  INFO 13876 --- [nio-8197-exec-7] c.s.e.vue.controller.EmployeeController  : 1-------------findDepartmentsBydeptid-----------------------------Sun Oct 13 20:35:42 KST 2019
2019-10-13 20:35:42.382  INFO 13876 --- [nio-8197-exec-8] c.s.e.vue.controller.EmployeeController  : 1-------------findDepartmentsBydeptid-----------------------------Sun Oct 13 20:35:42 KST 2019
2019-10-13 20:35:42.474  INFO 13876 --- [nio-8197-exec-1] c.s.e.vue.controller.EmployeeController  : 1-------------findDepartmentsBydeptid-----------------------------Sun Oct 13 20:35:42 KST 2019
2019-10-13 20:35:42.684  INFO 13876 --- [io-8197-exec-10] c.s.e.vue.controller.EmployeeController  : 1-------------findDepartmentsBydeptid-----------------------------Sun Oct 13 20:35:42 KST 2019
2019-10-13 20:35:43.549  INFO 13876 --- [nio-8197-exec-2] c.s.e.vue.controller.EmployeeController  : 1-------------findDepartmentsBydeptid-----------------------------Sun Oct 13 20:35:43 KST 2019
2019-10-13 20:35:43.633  INFO 13876 --- [nio-8197-exec-3] c.s.e.vue.controller.EmployeeController  : 1-------------findDepartmentsBydeptid-----------------------------Sun Oct 13 20:35:43 KST 2019
2019-10-13 21:39:44.454  INFO 13876 --- [nio-8197-exec-9] c.s.e.vue.controller.EmployeeController  : 1-------------findDepartmentsBydeptid-----------------------------Sun Oct 13 21:39:44 KST 2019
2019-10-13 21:39:44.572  INFO 13876 --- [nio-8197-exec-7] c.s.e.vue.controller.EmployeeController  : 1-------------findDepartmentsBydeptid-----------------------------Sun Oct 13 21:39:44 KST 2019
2019-10-13 21:39:44.637  INFO 13876 --- [nio-8197-exec-8] c.s.e.vue.controller.EmployeeController  : 1-------------findDepartmentsBydeptid-----------------------------Sun Oct 13 21:39:44 KST 2019
2019-10-13 21:39:44.939  INFO 13876 --- [nio-8197-exec-1] c.s.e.vue.controller.EmployeeController  : 1-------------findDepartmentsBydeptid-----------------------------Sun Oct 13 21:39:44 KST 2019
2019-10-13 21:39:44.952  INFO 13876 --- [io-8197-exec-10] c.s.e.vue.controller.EmployeeController  : 1-------------findDepartmentsBydeptid-----------------------------Sun Oct 13 21:39:44 KST 2019
2019-10-13 21:39:44.980  INFO 13876 --- [nio-8197-exec-2] c.s.e.vue.controller.EmployeeController  : 1-------------findDepartmentsBydeptid-----------------------------Sun Oct 13 21:39:44 KST 2019
2019-10-13 21:39:46.031  INFO 13876 --- [nio-8197-exec-3] c.s.e.vue.controller.EmployeeController  : 1-------------findDepartmentsBydeptid-----------------------------Sun Oct 13 21:39:46 KST 2019
2019-10-13 21:39:46.072  INFO 13876 --- [nio-8197-exec-5] c.s.e.vue.controller.EmployeeController  : 1-------------findDepartmentsBydeptid-----------------------------Sun Oct 13 21:39:46 KST 2019
2019-10-13 21:39:46.501  INFO 13876 --- [nio-8197-exec-4] c.s.e.vue.controller.EmployeeController  : 1-------------findAllDepCounts-----------------------------Sun Oct 13 21:39:46 KST 2019
2019-10-13 21:39:47.194  INFO 13876 --- [nio-8197-exec-6] c.s.e.vue.controller.EmployeeController  : 1-------------findDepartmentsBydeptid-----------------------------Sun Oct 13 21:39:47 KST 2019
2019-10-13 21:39:47.216  INFO 13876 --- [nio-8197-exec-9] c.s.e.vue.controller.EmployeeController  : 1-------------findDepartmentsBydeptid-----------------------------Sun Oct 13 21:39:47 KST 2019
2019-10-13 21:39:47.225  INFO 13876 --- [nio-8197-exec-7] c.s.e.vue.controller.EmployeeController  : 1-------------findDepartmentsBydeptid-----------------------------Sun Oct 13 21:39:47 KST 2019
2019-10-13 21:39:47.262  INFO 13876 --- [nio-8197-exec-8] c.s.e.vue.controller.EmployeeController  : 1-------------findDepartmentsBydeptid-----------------------------Sun Oct 13 21:39:47 KST 2019
2019-10-13 21:39:47.309  INFO 13876 --- [nio-8197-exec-1] c.s.e.vue.controller.EmployeeController  : 1-------------findDepartmentsBydeptid-----------------------------Sun Oct 13 21:39:47 KST 2019
2019-10-13 21:39:48.819  INFO 13876 --- [io-8197-exec-10] c.s.e.vue.controller.EmployeeController  : 1-------------findAllEmployees-----------------------------Sun Oct 13 21:39:48 KST 2019
2019-10-13 21:39:52.188  INFO 13876 --- [nio-8197-exec-2] c.s.e.vue.controller.EmployeeController  : 1-------------findAllDepCounts-----------------------------Sun Oct 13 21:39:52 KST 2019
2019-10-13 21:39:52.589  INFO 13876 --- [nio-8197-exec-3] c.s.e.vue.controller.EmployeeController  : 1-------------findDepartmentsBydeptid-----------------------------Sun Oct 13 21:39:52 KST 2019
2019-10-13 21:39:52.602  INFO 13876 --- [nio-8197-exec-5] c.s.e.vue.controller.EmployeeController  : 1-------------findDepartmentsBydeptid-----------------------------Sun Oct 13 21:39:52 KST 2019
2019-10-13 21:39:52.619  INFO 13876 --- [nio-8197-exec-4] c.s.e.vue.controller.EmployeeController  : 1-------------findDepartmentsBydeptid-----------------------------Sun Oct 13 21:39:52 KST 2019
2019-10-13 21:39:52.634  INFO 13876 --- [nio-8197-exec-6] c.s.e.vue.controller.EmployeeController  : 1-------------findDepartmentsBydeptid-----------------------------Sun Oct 13 21:39:52 KST 2019
2019-10-13 21:39:52.724  INFO 13876 --- [nio-8197-exec-9] c.s.e.vue.controller.EmployeeController  : 1-------------findDepartmentsBydeptid-----------------------------Sun Oct 13 21:39:52 KST 2019
2019-10-13 21:39:52.845  INFO 13876 --- [nio-8197-exec-7] c.s.e.vue.controller.EmployeeController  : 1-------------findDepartmentsBydeptid-----------------------------Sun Oct 13 21:39:52 KST 2019
2019-10-13 21:39:53.093  INFO 13876 --- [nio-8197-exec-8] c.s.e.vue.controller.EmployeeController  : 1-------------findDepartmentsBydeptid-----------------------------Sun Oct 13 21:39:53 KST 2019
2019-10-13 21:39:53.157  INFO 13876 --- [nio-8197-exec-1] c.s.e.vue.controller.EmployeeController  : 1-------------findDepartmentsBydeptid-----------------------------Sun Oct 13 21:39:53 KST 2019
2019-10-13 21:39:53.187  INFO 13876 --- [io-8197-exec-10] c.s.e.vue.controller.EmployeeController  : 1-------------findDepartmentsBydeptid-----------------------------Sun Oct 13 21:39:53 KST 2019
2019-10-13 21:39:53.281  INFO 13876 --- [nio-8197-exec-2] c.s.e.vue.controller.EmployeeController  : 1-------------findDepartmentsBydeptid-----------------------------Sun Oct 13 21:39:53 KST 2019
2019-10-13 21:39:53.295  INFO 13876 --- [nio-8197-exec-3] c.s.e.vue.controller.EmployeeController  : 1-------------findDepartmentsBydeptid-----------------------------Sun Oct 13 21:39:53 KST 2019
2019-10-13 21:39:53.317  INFO 13876 --- [nio-8197-exec-5] c.s.e.vue.controller.EmployeeController  : 1-------------findDepartmentsBydeptid-----------------------------Sun Oct 13 21:39:53 KST 2019
2019-10-13 21:39:53.397  INFO 13876 --- [nio-8197-exec-4] c.s.e.vue.controller.EmployeeController  : 1-------------findDepartmentsBydeptid-----------------------------Sun Oct 13 21:39:53 KST 2019
2019-10-13 21:39:53.435  INFO 13876 --- [nio-8197-exec-6] c.s.e.vue.controller.EmployeeController  : 1-------------findDepartmentsBydeptid-----------------------------Sun Oct 13 21:39:53 KST 2019
2019-10-13 21:39:53.534  INFO 13876 --- [nio-8197-exec-9] c.s.e.vue.controller.EmployeeController  : 1-------------findDepartmentsBydeptid-----------------------------Sun Oct 13 21:39:53 KST 2019
2019-10-13 21:39:56.807  INFO 13876 --- [nio-8197-exec-7] c.s.e.vue.controller.EmployeeController  : 1-------------findAllEmployees-----------------------------Sun Oct 13 21:39:56 KST 2019
2019-10-13 21:39:59.712  INFO 13876 --- [nio-8197-exec-8] c.s.e.vue.controller.EmployeeController  : 1-------------findEmployeeById-----------------------------Sun Oct 13 21:39:59 KST 2019
2019-10-13 21:39:59.742  INFO 13876 --- [nio-8197-exec-1] c.s.e.vue.controller.EmployeeController  : 1-------------findEmployeesByManagerId-----------------------------Sun Oct 13 21:39:59 KST 2019
