2019-10-06 01:10:33.091  INFO 30224 --- [nio-8197-exec-4] c.s.e.vue.controller.EmployeeController  : 1-------------findAllEmployees-----------------------------Sun Oct 06 01:10:33 KST 2019
2019-10-06 01:10:35.933  INFO 30224 --- [nio-8197-exec-9] c.s.e.vue.controller.EmployeeController  : 1-------------findAllEmployees-----------------------------Sun Oct 06 01:10:35 KST 2019
2019-10-06 01:11:04.065  INFO 30224 --- [nio-8197-exec-3] c.s.e.vue.controller.EmployeeController  : 1-------------findAllEmployees-----------------------------Sun Oct 06 01:11:04 KST 2019
2019-10-06 01:11:06.779  INFO 30224 --- [nio-8197-exec-2] c.s.e.vue.controller.EmployeeController  : 1-------------findAllEmployees-----------------------------Sun Oct 06 01:11:06 KST 2019
2019-10-06 01:11:47.667  INFO 30224 --- [nio-8197-exec-5] c.s.e.vue.controller.EmployeeController  : 1-------------findAllEmployees-----------------------------Sun Oct 06 01:11:47 KST 2019
2019-10-06 01:11:50.803  INFO 30224 --- [io-8197-exec-10] c.s.e.vue.controller.EmployeeController  : 1-------------findAllEmployees-----------------------------Sun Oct 06 01:11:50 KST 2019
2019-10-06 03:25:43.885  INFO 30224 --- [nio-8197-exec-7] c.s.e.vue.controller.EmployeeController  : 1-------------findAllEmployees-----------------------------Sun Oct 06 03:25:43 KST 2019
2019-10-06 03:26:16.848  INFO 30224 --- [nio-8197-exec-1] c.s.e.vue.controller.EmployeeController  : 1-------------findAllEmployees-----------------------------Sun Oct 06 03:26:16 KST 2019
2019-10-06 05:41:46.718  INFO 30224 --- [nio-8197-exec-9] c.s.e.vue.controller.EmployeeController  : 1-------------findAllEmployees-----------------------------Sun Oct 06 05:41:46 KST 2019
2019-10-06 05:41:51.748  INFO 30224 --- [nio-8197-exec-3] c.s.e.vue.controller.EmployeeController  : 1-------------findAllEmployees-----------------------------Sun Oct 06 05:41:51 KST 2019
2019-10-06 05:41:51.755  INFO 30224 --- [nio-8197-exec-2] c.s.e.vue.controller.EmployeeController  : 4-------------findAllDepartments-----------------------------Sun Oct 06 05:41:51 KST 2019
2019-10-06 05:41:51.756  INFO 30224 --- [nio-8197-exec-5] c.s.e.vue.controller.EmployeeController  : 6-------------findAllTitles-----------------------------Sun Oct 06 05:41:51 KST 2019
2019-10-06 05:41:53.380  INFO 30224 --- [io-8197-exec-10] c.s.e.vue.controller.EmployeeController  : 1-------------findAllEmployees-----------------------------Sun Oct 06 05:41:53 KST 2019
2019-10-06 05:41:54.002  INFO 30224 --- [nio-8197-exec-6] c.s.e.vue.controller.EmployeeController  : 1-------------findAllDepCounts-----------------------------Sun Oct 06 05:41:54 KST 2019
2019-10-06 05:51:01.522  INFO 30224 --- [nio-8197-exec-4] c.s.e.vue.controller.EmployeeController  : 1-------------findAllEmployees-----------------------------Sun Oct 06 05:51:01 KST 2019
2019-10-06 05:51:08.876  INFO 30224 --- [nio-8197-exec-9] c.s.e.vue.controller.EmployeeController  : 1-------------findAllEmployees-----------------------------Sun Oct 06 05:51:08 KST 2019
2019-10-06 05:51:08.880  INFO 30224 --- [nio-8197-exec-3] c.s.e.vue.controller.EmployeeController  : 1-------------findEmployeesByManagerId-----------------------------Sun Oct 06 05:51:08 KST 2019
2019-10-06 05:51:13.102  INFO 30224 --- [nio-8197-exec-2] c.s.e.vue.controller.EmployeeController  : 1-------------findAllEmployees-----------------------------Sun Oct 06 05:51:13 KST 2019
2019-10-06 05:51:13.113  INFO 30224 --- [nio-8197-exec-5] c.s.e.vue.controller.EmployeeController  : 1-------------findAllEmployees-----------------------------Sun Oct 06 05:51:13 KST 2019
2019-10-06 05:51:13.117  INFO 30224 --- [io-8197-exec-10] c.s.e.vue.controller.EmployeeController  : 4-------------findAllDepartments-----------------------------Sun Oct 06 05:51:13 KST 2019
2019-10-06 05:51:13.120  INFO 30224 --- [nio-8197-exec-6] c.s.e.vue.controller.EmployeeController  : 6-------------findAllTitles-----------------------------Sun Oct 06 05:51:13 KST 2019
2019-10-06 05:51:16.843  INFO 30224 --- [nio-8197-exec-8] c.s.e.vue.controller.EmployeeController  : 1-------------updateEmployee-----------------------------Sun Oct 06 05:51:16 KST 2019
2019-10-06 05:51:16.844  INFO 30224 --- [nio-8197-exec-8] c.s.e.vue.controller.EmployeeController  : 1-------------updateEmployee-----------------------------EmployeeDto [id=18, name=서정주, mailid=anozaki, start_date=1991-02-09, manager_id=7, title=사원, dept_id=111, salary=1200.0, commission_pct=0.0]
2019-10-06 05:51:22.094  INFO 30224 --- [nio-8197-exec-1] c.s.e.vue.controller.EmployeeController  : 1-------------findAllEmployees-----------------------------Sun Oct 06 05:51:22 KST 2019
2019-10-06 05:51:22.107  INFO 30224 --- [nio-8197-exec-4] c.s.e.vue.controller.EmployeeController  : 1-------------findEmployeesByManagerId-----------------------------Sun Oct 06 05:51:22 KST 2019
2019-10-06 05:51:23.434  INFO 30224 --- [nio-8197-exec-9] c.s.e.vue.controller.EmployeeController  : 1-------------findAllDepCounts-----------------------------Sun Oct 06 05:51:23 KST 2019
2019-10-06 05:51:23.959  INFO 30224 --- [nio-8197-exec-3] c.s.e.vue.controller.EmployeeController  : 1-------------findDepartmentsBydeptid-----------------------------Sun Oct 06 05:51:23 KST 2019
2019-10-06 05:51:24.241  INFO 30224 --- [nio-8197-exec-2] c.s.e.vue.controller.EmployeeController  : 1-------------findDepartmentsBydeptid-----------------------------Sun Oct 06 05:51:24 KST 2019
2019-10-06 05:51:24.536  INFO 30224 --- [nio-8197-exec-5] c.s.e.vue.controller.EmployeeController  : 1-------------findDepartmentsBydeptid-----------------------------Sun Oct 06 05:51:24 KST 2019
2019-10-06 05:51:24.568  INFO 30224 --- [io-8197-exec-10] c.s.e.vue.controller.EmployeeController  : 1-------------findDepartmentsBydeptid-----------------------------Sun Oct 06 05:51:24 KST 2019
2019-10-06 05:51:24.613  INFO 30224 --- [nio-8197-exec-6] c.s.e.vue.controller.EmployeeController  : 1-------------findDepartmentsBydeptid-----------------------------Sun Oct 06 05:51:24 KST 2019
2019-10-06 05:51:24.646  INFO 30224 --- [nio-8197-exec-7] c.s.e.vue.controller.EmployeeController  : 1-------------findDepartmentsBydeptid-----------------------------Sun Oct 06 05:51:24 KST 2019
2019-10-06 05:51:24.668  INFO 30224 --- [nio-8197-exec-8] c.s.e.vue.controller.EmployeeController  : 1-------------findDepartmentsBydeptid-----------------------------Sun Oct 06 05:51:24 KST 2019
2019-10-06 05:51:24.752  INFO 30224 --- [nio-8197-exec-1] c.s.e.vue.controller.EmployeeController  : 1-------------findDepartmentsBydeptid-----------------------------Sun Oct 06 05:51:24 KST 2019
2019-10-06 05:51:24.767  INFO 30224 --- [nio-8197-exec-4] c.s.e.vue.controller.EmployeeController  : 1-------------findDepartmentsBydeptid-----------------------------Sun Oct 06 05:51:24 KST 2019
2019-10-06 05:51:24.784  INFO 30224 --- [nio-8197-exec-9] c.s.e.vue.controller.EmployeeController  : 1-------------findDepartmentsBydeptid-----------------------------Sun Oct 06 05:51:24 KST 2019
2019-10-06 05:51:24.860  INFO 30224 --- [nio-8197-exec-3] c.s.e.vue.controller.EmployeeController  : 1-------------findDepartmentsBydeptid-----------------------------Sun Oct 06 05:51:24 KST 2019
2019-10-06 05:51:24.889  INFO 30224 --- [nio-8197-exec-2] c.s.e.vue.controller.EmployeeController  : 1-------------findDepartmentsBydeptid-----------------------------Sun Oct 06 05:51:24 KST 2019
2019-10-06 05:51:24.893  INFO 30224 --- [nio-8197-exec-5] c.s.e.vue.controller.EmployeeController  : 1-------------findDepartmentsBydeptid-----------------------------Sun Oct 06 05:51:24 KST 2019
2019-10-06 05:51:24.915  INFO 30224 --- [io-8197-exec-10] c.s.e.vue.controller.EmployeeController  : 1-------------findDepartmentsBydeptid-----------------------------Sun Oct 06 05:51:24 KST 2019
2019-10-06 05:51:24.985  INFO 30224 --- [nio-8197-exec-6] c.s.e.vue.controller.EmployeeController  : 1-------------findDepartmentsBydeptid-----------------------------Sun Oct 06 05:51:24 KST 2019
2019-10-06 05:51:25.007  INFO 30224 --- [nio-8197-exec-7] c.s.e.vue.controller.EmployeeController  : 1-------------findDepartmentsBydeptid-----------------------------Sun Oct 06 05:51:25 KST 2019
2019-10-06 05:51:25.022  INFO 30224 --- [nio-8197-exec-8] c.s.e.vue.controller.EmployeeController  : 1-------------findDepartmentsBydeptid-----------------------------Sun Oct 06 05:51:25 KST 2019
2019-10-06 05:51:25.030  INFO 30224 --- [nio-8197-exec-1] c.s.e.vue.controller.EmployeeController  : 1-------------findDepartmentsBydeptid-----------------------------Sun Oct 06 05:51:25 KST 2019
2019-10-06 05:51:26.367  INFO 30224 --- [nio-8197-exec-4] c.s.e.vue.controller.EmployeeController  : 1-------------findDepartmentsBydeptid-----------------------------Sun Oct 06 05:51:26 KST 2019
2019-10-06 05:51:26.375  INFO 30224 --- [nio-8197-exec-9] c.s.e.vue.controller.EmployeeController  : 1-------------findDepartmentsBydeptid-----------------------------Sun Oct 06 05:51:26 KST 2019
2019-10-06 05:51:26.392  INFO 30224 --- [nio-8197-exec-3] c.s.e.vue.controller.EmployeeController  : 1-------------findDepartmentsBydeptid-----------------------------Sun Oct 06 05:51:26 KST 2019
2019-10-06 05:51:26.400  INFO 30224 --- [nio-8197-exec-2] c.s.e.vue.controller.EmployeeController  : 1-------------findDepartmentsBydeptid-----------------------------Sun Oct 06 05:51:26 KST 2019
2019-10-06 05:51:26.413  INFO 30224 --- [nio-8197-exec-5] c.s.e.vue.controller.EmployeeController  : 1-------------findDepartmentsBydeptid-----------------------------Sun Oct 06 05:51:26 KST 2019
2019-10-06 05:51:26.438  INFO 30224 --- [io-8197-exec-10] c.s.e.vue.controller.EmployeeController  : 1-------------findDepartmentsBydeptid-----------------------------Sun Oct 06 05:51:26 KST 2019
2019-10-06 05:51:26.524  INFO 30224 --- [nio-8197-exec-6] c.s.e.vue.controller.EmployeeController  : 1-------------findDepartmentsBydeptid-----------------------------Sun Oct 06 05:51:26 KST 2019
2019-10-06 05:51:26.580  INFO 30224 --- [nio-8197-exec-7] c.s.e.vue.controller.EmployeeController  : 1-------------findDepartmentsBydeptid-----------------------------Sun Oct 06 05:51:26 KST 2019
2019-10-06 05:51:26.645  INFO 30224 --- [nio-8197-exec-8] c.s.e.vue.controller.EmployeeController  : 1-------------findDepartmentsBydeptid-----------------------------Sun Oct 06 05:51:26 KST 2019
2019-10-06 05:51:26.674  INFO 30224 --- [nio-8197-exec-1] c.s.e.vue.controller.EmployeeController  : 1-------------findDepartmentsBydeptid-----------------------------Sun Oct 06 05:51:26 KST 2019
2019-10-06 05:51:26.758  INFO 30224 --- [nio-8197-exec-4] c.s.e.vue.controller.EmployeeController  : 1-------------findDepartmentsBydeptid-----------------------------Sun Oct 06 05:51:26 KST 2019
2019-10-06 05:51:26.774  INFO 30224 --- [nio-8197-exec-9] c.s.e.vue.controller.EmployeeController  : 1-------------findDepartmentsBydeptid-----------------------------Sun Oct 06 05:51:26 KST 2019
2019-10-06 05:51:26.869  INFO 30224 --- [nio-8197-exec-3] c.s.e.vue.controller.EmployeeController  : 1-------------findDepartmentsBydeptid-----------------------------Sun Oct 06 05:51:26 KST 2019
2019-10-06 05:51:26.960  INFO 30224 --- [nio-8197-exec-2] c.s.e.vue.controller.EmployeeController  : 1-------------findDepartmentsBydeptid-----------------------------Sun Oct 06 05:51:26 KST 2019
2019-10-06 05:51:27.070  INFO 30224 --- [nio-8197-exec-5] c.s.e.vue.controller.EmployeeController  : 1-------------findDepartmentsBydeptid-----------------------------Sun Oct 06 05:51:27 KST 2019
2019-10-06 05:51:27.912  INFO 30224 --- [io-8197-exec-10] c.s.e.vue.controller.EmployeeController  : 1-------------findDepartmentsBydeptid-----------------------------Sun Oct 06 05:51:27 KST 2019
2019-10-06 05:51:27.930  INFO 30224 --- [nio-8197-exec-6] c.s.e.vue.controller.EmployeeController  : 1-------------findDepartmentsBydeptid-----------------------------Sun Oct 06 05:51:27 KST 2019
2019-10-06 05:51:27.947  INFO 30224 --- [nio-8197-exec-7] c.s.e.vue.controller.EmployeeController  : 1-------------findDepartmentsBydeptid-----------------------------Sun Oct 06 05:51:27 KST 2019
2019-10-06 05:51:28.101  INFO 30224 --- [nio-8197-exec-8] c.s.e.vue.controller.EmployeeController  : 1-------------findDepartmentsBydeptid-----------------------------Sun Oct 06 05:51:28 KST 2019
2019-10-06 05:51:28.615  INFO 30224 --- [nio-8197-exec-1] c.s.e.vue.controller.EmployeeController  : 1-------------findDepartmentsBydeptid-----------------------------Sun Oct 06 05:51:28 KST 2019
2019-10-06 07:01:56.474  INFO 30224 --- [nio-8197-exec-5] c.s.e.vue.controller.EmployeeController  : 1-------------findAllEmployees-----------------------------Sun Oct 06 07:01:56 KST 2019
2019-10-06 07:23:15.402  INFO 30224 --- [nio-8197-exec-6] c.s.e.vue.controller.EmployeeController  : 1-------------findAllEmployees-----------------------------Sun Oct 06 07:23:15 KST 2019
2019-10-06 07:23:20.431  INFO 30224 --- [nio-8197-exec-7] c.s.e.vue.controller.EmployeeController  : 1-------------findAllEmployees-----------------------------Sun Oct 06 07:23:20 KST 2019
2019-10-06 07:23:20.433  INFO 30224 --- [nio-8197-exec-1] c.s.e.vue.controller.EmployeeController  : 6-------------findAllTitles-----------------------------Sun Oct 06 07:23:20 KST 2019
2019-10-06 07:23:20.435  INFO 30224 --- [nio-8197-exec-8] c.s.e.vue.controller.EmployeeController  : 4-------------findAllDepartments-----------------------------Sun Oct 06 07:23:20 KST 2019
2019-10-06 07:23:22.714  INFO 30224 --- [nio-8197-exec-4] c.s.e.vue.controller.EmployeeController  : 1-------------findAllEmployees-----------------------------Sun Oct 06 07:23:22 KST 2019
2019-10-06 07:26:32.596  INFO 30224 --- [nio-8197-exec-5] c.s.e.vue.controller.EmployeeController  : 1-------------findAllEmployees-----------------------------Sun Oct 06 07:26:32 KST 2019
2019-10-06 07:26:35.257  INFO 30224 --- [io-8197-exec-10] c.s.e.vue.controller.EmployeeController  : 1-------------findAllEmployees-----------------------------Sun Oct 06 07:26:35 KST 2019
2019-10-06 07:26:35.263  INFO 30224 --- [nio-8197-exec-6] c.s.e.vue.controller.EmployeeController  : 4-------------findAllDepartments-----------------------------Sun Oct 06 07:26:35 KST 2019
2019-10-06 07:26:35.272  INFO 30224 --- [nio-8197-exec-7] c.s.e.vue.controller.EmployeeController  : 6-------------findAllTitles-----------------------------Sun Oct 06 07:26:35 KST 2019
2019-10-06 07:26:36.746  INFO 30224 --- [nio-8197-exec-1] c.s.e.vue.controller.EmployeeController  : 1-------------findAllEmployees-----------------------------Sun Oct 06 07:26:36 KST 2019
2019-10-06 07:26:37.321  INFO 30224 --- [nio-8197-exec-8] c.s.e.vue.controller.EmployeeController  : 1-------------findAllDepCounts-----------------------------Sun Oct 06 07:26:37 KST 2019
2019-10-06 07:26:38.118  INFO 30224 --- [nio-8197-exec-4] c.s.e.vue.controller.EmployeeController  : 1-------------findAllEmployees-----------------------------Sun Oct 06 07:26:38 KST 2019
2019-10-06 07:29:41.716  INFO 30224 --- [nio-8197-exec-5] c.s.e.vue.controller.EmployeeController  : 1-------------findAllEmployees-----------------------------Sun Oct 06 07:29:41 KST 2019
2019-10-06 07:50:02.321  WARN 30224 --- [l-2 housekeeper] com.zaxxer.hikari.pool.HikariPool        : HikariPool-2 - Thread starvation or clock leap detected (housekeeper delta=20m14s87ms475µs300ns).
2019-10-06 14:30:32.039  WARN 30224 --- [l-2 housekeeper] com.zaxxer.hikari.pool.HikariPool        : HikariPool-2 - Thread starvation or clock leap detected (housekeeper delta=6h28m36s77ms533µs500ns).
2019-10-06 14:32:50.622  INFO 30224 --- [nio-8197-exec-6] c.s.e.vue.controller.EmployeeController  : 1-------------findAllEmployees-----------------------------Sun Oct 06 14:32:50 KST 2019
2019-10-06 14:32:58.711  INFO 30224 --- [nio-8197-exec-1] c.s.e.vue.controller.EmployeeController  : 1-------------findAllEmployees-----------------------------Sun Oct 06 14:32:58 KST 2019
2019-10-06 14:35:45.067  INFO 30224 --- [nio-8197-exec-4] c.s.e.vue.controller.EmployeeController  : 1-------------findAllEmployees-----------------------------Sun Oct 06 14:35:45 KST 2019
2019-10-06 14:36:07.074  INFO 30224 --- [nio-8197-exec-3] c.s.e.vue.controller.EmployeeController  : 1-------------findAllEmployees-----------------------------Sun Oct 06 14:36:07 KST 2019
2019-10-06 14:36:16.874  INFO 30224 --- [nio-8197-exec-5] c.s.e.vue.controller.EmployeeController  : 1-------------findAllEmployees-----------------------------Sun Oct 06 14:36:16 KST 2019
2019-10-06 14:46:16.769  INFO 30224 --- [nio-8197-exec-6] c.s.e.vue.controller.EmployeeController  : 1-------------findAllEmployees-----------------------------Sun Oct 06 14:46:16 KST 2019
2019-10-06 14:53:32.676  INFO 30224 --- [nio-8197-exec-1] c.s.e.vue.controller.EmployeeController  : 1-------------findAllEmployees-----------------------------Sun Oct 06 14:53:32 KST 2019
2019-10-06 14:54:18.050  INFO 30224 --- [nio-8197-exec-8] c.s.e.vue.controller.EmployeeController  : 1-------------findAllEmployees-----------------------------Sun Oct 06 14:54:18 KST 2019
2019-10-06 14:56:08.987  INFO 30224 --- [nio-8197-exec-9] c.s.e.vue.controller.EmployeeController  : 1-------------findAllEmployees-----------------------------Sun Oct 06 14:56:08 KST 2019
2019-10-06 14:56:40.242  INFO 30224 --- [nio-8197-exec-3] c.s.e.vue.controller.EmployeeController  : 1-------------findAllEmployees-----------------------------Sun Oct 06 14:56:40 KST 2019
2019-10-06 15:10:15.812  INFO 30224 --- [nio-8197-exec-5] c.s.e.vue.controller.EmployeeController  : 1-------------findAllEmployees-----------------------------Sun Oct 06 15:10:15 KST 2019
2019-10-06 15:10:22.769  INFO 30224 --- [io-8197-exec-10] c.s.e.vue.controller.EmployeeController  : 1-------------findAllEmployees-----------------------------Sun Oct 06 15:10:22 KST 2019
2019-10-06 15:10:22.780  INFO 30224 --- [nio-8197-exec-6] c.s.e.vue.controller.EmployeeController  : 4-------------findAllDepartments-----------------------------Sun Oct 06 15:10:22 KST 2019
2019-10-06 15:10:22.783  INFO 30224 --- [nio-8197-exec-7] c.s.e.vue.controller.EmployeeController  : 6-------------findAllTitles-----------------------------Sun Oct 06 15:10:22 KST 2019
2019-10-06 15:10:24.437  INFO 30224 --- [nio-8197-exec-1] c.s.e.vue.controller.EmployeeController  : 1-------------findAllEmployees-----------------------------Sun Oct 06 15:10:24 KST 2019
2019-10-06 15:10:25.059  INFO 30224 --- [nio-8197-exec-8] c.s.e.vue.controller.EmployeeController  : 1-------------findAllDepCounts-----------------------------Sun Oct 06 15:10:25 KST 2019
2019-10-06 15:10:25.665  INFO 30224 --- [nio-8197-exec-4] c.s.e.vue.controller.EmployeeController  : 1-------------findDepartmentsBydeptid-----------------------------Sun Oct 06 15:10:25 KST 2019
2019-10-06 15:10:26.105  INFO 30224 --- [nio-8197-exec-9] c.s.e.vue.controller.EmployeeController  : 1-------------findDepartmentsBydeptid-----------------------------Sun Oct 06 15:10:26 KST 2019
2019-10-06 15:10:26.129  INFO 30224 --- [nio-8197-exec-3] c.s.e.vue.controller.EmployeeController  : 1-------------findDepartmentsBydeptid-----------------------------Sun Oct 06 15:10:26 KST 2019
2019-10-06 15:10:26.147  INFO 30224 --- [nio-8197-exec-2] c.s.e.vue.controller.EmployeeController  : 1-------------findDepartmentsBydeptid-----------------------------Sun Oct 06 15:10:26 KST 2019
2019-10-06 15:10:26.179  INFO 30224 --- [nio-8197-exec-5] c.s.e.vue.controller.EmployeeController  : 1-------------findDepartmentsBydeptid-----------------------------Sun Oct 06 15:10:26 KST 2019
2019-10-06 15:10:26.229  INFO 30224 --- [io-8197-exec-10] c.s.e.vue.controller.EmployeeController  : 1-------------findDepartmentsBydeptid-----------------------------Sun Oct 06 15:10:26 KST 2019
2019-10-06 15:10:26.244  INFO 30224 --- [nio-8197-exec-6] c.s.e.vue.controller.EmployeeController  : 1-------------findDepartmentsBydeptid-----------------------------Sun Oct 06 15:10:26 KST 2019
2019-10-06 15:10:26.277  INFO 30224 --- [nio-8197-exec-7] c.s.e.vue.controller.EmployeeController  : 1-------------findDepartmentsBydeptid-----------------------------Sun Oct 06 15:10:26 KST 2019
2019-10-06 15:10:26.400  INFO 30224 --- [nio-8197-exec-1] c.s.e.vue.controller.EmployeeController  : 1-------------findDepartmentsBydeptid-----------------------------Sun Oct 06 15:10:26 KST 2019
2019-10-06 15:10:26.413  INFO 30224 --- [nio-8197-exec-8] c.s.e.vue.controller.EmployeeController  : 1-------------findDepartmentsBydeptid-----------------------------Sun Oct 06 15:10:26 KST 2019
2019-10-06 15:10:26.424  INFO 30224 --- [nio-8197-exec-4] c.s.e.vue.controller.EmployeeController  : 1-------------findDepartmentsBydeptid-----------------------------Sun Oct 06 15:10:26 KST 2019
2019-10-06 15:10:26.430  INFO 30224 --- [nio-8197-exec-9] c.s.e.vue.controller.EmployeeController  : 1-------------findDepartmentsBydeptid-----------------------------Sun Oct 06 15:10:26 KST 2019
2019-10-06 15:10:26.451  INFO 30224 --- [nio-8197-exec-3] c.s.e.vue.controller.EmployeeController  : 1-------------findDepartmentsBydeptid-----------------------------Sun Oct 06 15:10:26 KST 2019
2019-10-06 15:10:26.476  INFO 30224 --- [nio-8197-exec-2] c.s.e.vue.controller.EmployeeController  : 1-------------findDepartmentsBydeptid-----------------------------Sun Oct 06 15:10:26 KST 2019
2019-10-06 15:10:26.505  INFO 30224 --- [nio-8197-exec-5] c.s.e.vue.controller.EmployeeController  : 1-------------findDepartmentsBydeptid-----------------------------Sun Oct 06 15:10:26 KST 2019
2019-10-06 15:10:26.521  INFO 30224 --- [io-8197-exec-10] c.s.e.vue.controller.EmployeeController  : 1-------------findDepartmentsBydeptid-----------------------------Sun Oct 06 15:10:26 KST 2019
2019-10-06 15:10:26.531  INFO 30224 --- [nio-8197-exec-6] c.s.e.vue.controller.EmployeeController  : 1-------------findDepartmentsBydeptid-----------------------------Sun Oct 06 15:10:26 KST 2019
2019-10-06 15:10:26.552  INFO 30224 --- [nio-8197-exec-7] c.s.e.vue.controller.EmployeeController  : 1-------------findDepartmentsBydeptid-----------------------------Sun Oct 06 15:10:26 KST 2019
2019-10-06 15:10:26.573  INFO 30224 --- [nio-8197-exec-1] c.s.e.vue.controller.EmployeeController  : 1-------------findDepartmentsBydeptid-----------------------------Sun Oct 06 15:10:26 KST 2019
2019-10-06 15:10:26.652  INFO 30224 --- [nio-8197-exec-8] c.s.e.vue.controller.EmployeeController  : 1-------------findDepartmentsBydeptid-----------------------------Sun Oct 06 15:10:26 KST 2019
2019-10-06 15:10:26.685  INFO 30224 --- [nio-8197-exec-4] c.s.e.vue.controller.EmployeeController  : 1-------------findDepartmentsBydeptid-----------------------------Sun Oct 06 15:10:26 KST 2019
2019-10-06 15:10:27.791  INFO 30224 --- [nio-8197-exec-9] c.s.e.vue.controller.EmployeeController  : 1-------------findDepartmentsBydeptid-----------------------------Sun Oct 06 15:10:27 KST 2019
2019-10-06 15:10:27.849  INFO 30224 --- [nio-8197-exec-3] c.s.e.vue.controller.EmployeeController  : 1-------------findDepartmentsBydeptid-----------------------------Sun Oct 06 15:10:27 KST 2019
2019-10-06 15:10:28.715  INFO 30224 --- [nio-8197-exec-2] c.s.e.vue.controller.EmployeeController  : 1-------------findAllEmployees-----------------------------Sun Oct 06 15:10:28 KST 2019
2019-10-06 15:10:31.511  INFO 30224 --- [nio-8197-exec-5] c.s.e.vue.controller.EmployeeController  : 1-------------findAllEmployees-----------------------------Sun Oct 06 15:10:31 KST 2019
2019-10-06 15:10:31.515  INFO 30224 --- [io-8197-exec-10] c.s.e.vue.controller.EmployeeController  : 1-------------findEmployeesByManagerId-----------------------------Sun Oct 06 15:10:31 KST 2019
2019-10-06 15:10:33.714  INFO 30224 --- [nio-8197-exec-6] c.s.e.vue.controller.EmployeeController  : 1-------------findAllEmployees-----------------------------Sun Oct 06 15:10:33 KST 2019
2019-10-06 15:10:33.738  INFO 30224 --- [nio-8197-exec-7] c.s.e.vue.controller.EmployeeController  : 1-------------findAllEmployees-----------------------------Sun Oct 06 15:10:33 KST 2019
2019-10-06 15:10:33.745  INFO 30224 --- [nio-8197-exec-1] c.s.e.vue.controller.EmployeeController  : 4-------------findAllDepartments-----------------------------Sun Oct 06 15:10:33 KST 2019
2019-10-06 15:10:33.748  INFO 30224 --- [nio-8197-exec-8] c.s.e.vue.controller.EmployeeController  : 6-------------findAllTitles-----------------------------Sun Oct 06 15:10:33 KST 2019
2019-10-06 15:10:39.737  INFO 30224 --- [nio-8197-exec-9] c.s.e.vue.controller.EmployeeController  : 1-------------updateEmployee-----------------------------Sun Oct 06 15:10:39 KST 2019
2019-10-06 15:10:39.737  INFO 30224 --- [nio-8197-exec-9] c.s.e.vue.controller.EmployeeController  : 1-------------updateEmployee-----------------------------EmployeeDto [id=2, name=손명성, mailid=2xxsig, start_date=1990-03-08, manager_id=26, title=기획부장, dept_id=110, salary=4000.0, commission_pct=0.0]
2019-10-06 15:10:43.710  INFO 30224 --- [nio-8197-exec-3] c.s.e.vue.controller.EmployeeController  : 1-------------findAllEmployees-----------------------------Sun Oct 06 15:10:43 KST 2019
2019-10-06 15:10:43.727  INFO 30224 --- [nio-8197-exec-2] c.s.e.vue.controller.EmployeeController  : 1-------------findEmployeesByManagerId-----------------------------Sun Oct 06 15:10:43 KST 2019
2019-10-06 15:10:46.456  INFO 30224 --- [nio-8197-exec-5] c.s.e.vue.controller.EmployeeController  : 1-------------findAllEmployees-----------------------------Sun Oct 06 15:10:46 KST 2019
2019-10-06 15:10:46.476  INFO 30224 --- [io-8197-exec-10] c.s.e.vue.controller.EmployeeController  : 1-------------findAllEmployees-----------------------------Sun Oct 06 15:10:46 KST 2019
2019-10-06 15:10:46.486  INFO 30224 --- [nio-8197-exec-6] c.s.e.vue.controller.EmployeeController  : 4-------------findAllDepartments-----------------------------Sun Oct 06 15:10:46 KST 2019
2019-10-06 15:10:46.486  INFO 30224 --- [nio-8197-exec-7] c.s.e.vue.controller.EmployeeController  : 6-------------findAllTitles-----------------------------Sun Oct 06 15:10:46 KST 2019
2019-10-06 15:11:04.640  INFO 30224 --- [nio-8197-exec-1] c.s.e.vue.controller.EmployeeController  : 1-------------findAllEmployees-----------------------------Sun Oct 06 15:11:04 KST 2019
2019-10-06 17:36:10.638  INFO 30224 --- [nio-8197-exec-3] c.s.e.vue.controller.EmployeeController  : 1-------------findAllEmployees-----------------------------Sun Oct 06 17:36:10 KST 2019
2019-10-06 17:36:15.759  INFO 30224 --- [nio-8197-exec-2] c.s.e.vue.controller.EmployeeController  : 1-------------findAllEmployees-----------------------------Sun Oct 06 17:36:15 KST 2019
2019-10-06 17:36:15.764  INFO 30224 --- [nio-8197-exec-5] c.s.e.vue.controller.EmployeeController  : 4-------------findAllDepartments-----------------------------Sun Oct 06 17:36:15 KST 2019
2019-10-06 17:36:15.770  INFO 30224 --- [io-8197-exec-10] c.s.e.vue.controller.EmployeeController  : 6-------------findAllTitles-----------------------------Sun Oct 06 17:36:15 KST 2019
2019-10-06 17:36:17.510  INFO 30224 --- [nio-8197-exec-6] c.s.e.vue.controller.EmployeeController  : 1-------------findAllEmployees-----------------------------Sun Oct 06 17:36:17 KST 2019
2019-10-06 19:50:32.729  WARN 30224 --- [l-2 housekeeper] com.zaxxer.hikari.pool.HikariPool        : HikariPool-2 - Thread starvation or clock leap detected (housekeeper delta=2h14m614ms42µs899ns).
2019-10-06 21:41:23.978  INFO 30224 --- [nio-8197-exec-4] c.s.e.vue.controller.EmployeeController  : 1-------------findAllEmployees-----------------------------Sun Oct 06 21:41:23 KST 2019
2019-10-06 21:41:29.761  INFO 30224 --- [nio-8197-exec-3] c.s.e.vue.controller.EmployeeController  : 1-------------findAllEmployees-----------------------------Sun Oct 06 21:41:29 KST 2019
2019-10-06 21:41:29.774  INFO 30224 --- [nio-8197-exec-2] c.s.e.vue.controller.EmployeeController  : 4-------------findAllDepartments-----------------------------Sun Oct 06 21:41:29 KST 2019
2019-10-06 21:41:29.787  INFO 30224 --- [nio-8197-exec-5] c.s.e.vue.controller.EmployeeController  : 6-------------findAllTitles-----------------------------Sun Oct 06 21:41:29 KST 2019
2019-10-06 21:41:30.206  INFO 30224 --- [io-8197-exec-10] c.s.e.vue.controller.EmployeeController  : 1-------------findAllEmployees-----------------------------Sun Oct 06 21:41:30 KST 2019
