2019-09-23 22:48:29.171  INFO 10416 --- [  restartedMain] ConfigServletWebServerApplicationContext : Refreshing org.springframework.boot.web.servlet.context.AnnotationConfigServletWebServerApplicationContext@764bba14: startup date [Mon Sep 23 22:48:29 KST 2019]; root of context hierarchy
2019-09-23 22:48:32.454  INFO 10416 --- [  restartedMain] trationDelegate$BeanPostProcessorChecker : Bean 'org.springframework.transaction.annotation.ProxyTransactionManagementConfiguration' of type [org.springframework.transaction.annotation.ProxyTransactionManagementConfiguration$$EnhancerBySpringCGLIB$$8dc1aa8f] is not eligible for getting processed by all BeanPostProcessors (for example: not eligible for auto-proxying)
2019-09-23 22:48:32.548  INFO 10416 --- [  restartedMain] trationDelegate$BeanPostProcessorChecker : Bean 'org.springframework.hateoas.config.HateoasConfiguration' of type [org.springframework.hateoas.config.HateoasConfiguration$$EnhancerBySpringCGLIB$$d41f7c1] is not eligible for getting processed by all BeanPostProcessors (for example: not eligible for auto-proxying)
2019-09-23 22:48:33.981  INFO 10416 --- [  restartedMain] o.s.b.w.embedded.tomcat.TomcatWebServer  : Tomcat initialized with port(s): 8197 (http)
2019-09-23 22:48:34.223  INFO 10416 --- [ost-startStop-1] o.s.web.context.ContextLoader            : Root WebApplicationContext: initialization completed in 5052 ms
2019-09-23 22:48:34.348  INFO 10416 --- [ost-startStop-1] o.s.b.w.servlet.ServletRegistrationBean  : Servlet dispatcherServlet mapped to [/]
2019-09-23 22:48:34.353  INFO 10416 --- [ost-startStop-1] o.s.b.w.servlet.FilterRegistrationBean   : Mapping filter: 'characterEncodingFilter' to: [/*]
2019-09-23 22:48:34.353  INFO 10416 --- [ost-startStop-1] o.s.b.w.servlet.FilterRegistrationBean   : Mapping filter: 'hiddenHttpMethodFilter' to: [/*]
2019-09-23 22:48:34.353  INFO 10416 --- [ost-startStop-1] o.s.b.w.servlet.FilterRegistrationBean   : Mapping filter: 'httpPutFormContentFilter' to: [/*]
2019-09-23 22:48:34.353  INFO 10416 --- [ost-startStop-1] o.s.b.w.servlet.FilterRegistrationBean   : Mapping filter: 'requestContextFilter' to: [/*]
2019-09-23 22:48:36.530  INFO 10416 --- [  restartedMain] s.w.s.m.m.a.RequestMappingHandlerMapping : Mapped "{[/api/findAllEmployees],methods=[GET]}" onto public org.springframework.http.ResponseEntity<java.util.List<com.ssafy.edu.vue.dto.EmployeeDto>> com.ssafy.edu.vue.controller.EmployeeController.findAllEmployees() throws java.lang.Exception
2019-09-23 22:48:36.533  INFO 10416 --- [  restartedMain] s.w.s.m.m.a.RequestMappingHandlerMapping : Mapped "{[/api/addEmployee],methods=[POST]}" onto public org.springframework.http.ResponseEntity<com.ssafy.edu.vue.help.NumberResult> com.ssafy.edu.vue.controller.EmployeeController.addEmployee(com.ssafy.edu.vue.dto.EmployeeDto) throws java.lang.Exception
2019-09-23 22:48:36.533  INFO 10416 --- [  restartedMain] s.w.s.m.m.a.RequestMappingHandlerMapping : Mapped "{[/api/findAllTitles],methods=[GET]}" onto public org.springframework.http.ResponseEntity<java.util.List<com.ssafy.edu.vue.dto.EmployeeDto>> com.ssafy.edu.vue.controller.EmployeeController.findAllTitles() throws java.lang.Exception
2019-09-23 22:48:36.534  INFO 10416 --- [  restartedMain] s.w.s.m.m.a.RequestMappingHandlerMapping : Mapped "{[/api/findAllDepCounts],methods=[GET]}" onto public org.springframework.http.ResponseEntity<java.util.List<com.ssafy.edu.vue.dto.DepCountDto>> com.ssafy.edu.vue.controller.EmployeeController.findAllDepCounts() throws java.lang.Exception
2019-09-23 22:48:36.535  INFO 10416 --- [  restartedMain] s.w.s.m.m.a.RequestMappingHandlerMapping : Mapped "{[/api/deleteEmployee/{employeeId}],methods=[POST]}" onto public org.springframework.http.ResponseEntity<com.ssafy.edu.vue.help.BoolResult> com.ssafy.edu.vue.controller.EmployeeController.deleteEmployee(int) throws java.lang.Exception
2019-09-23 22:48:36.536  INFO 10416 --- [  restartedMain] s.w.s.m.m.a.RequestMappingHandlerMapping : Mapped "{[/api/updateEmployee],methods=[POST]}" onto public org.springframework.http.ResponseEntity<com.ssafy.edu.vue.help.BoolResult> com.ssafy.edu.vue.controller.EmployeeController.updateEmployee(com.ssafy.edu.vue.dto.EmployeeDto) throws java.lang.Exception
2019-09-23 22:48:36.537  INFO 10416 --- [  restartedMain] s.w.s.m.m.a.RequestMappingHandlerMapping : Mapped "{[/api/findEmployeeById/{id}],methods=[GET]}" onto public org.springframework.http.ResponseEntity<com.ssafy.edu.vue.dto.EmployeeDto> com.ssafy.edu.vue.controller.EmployeeController.findEmployeeById(int) throws java.lang.Exception
2019-09-23 22:48:36.537  INFO 10416 --- [  restartedMain] s.w.s.m.m.a.RequestMappingHandlerMapping : Mapped "{[/api/getEmployeesTotal],methods=[GET]}" onto public org.springframework.http.ResponseEntity<com.ssafy.edu.vue.help.NumberResult> com.ssafy.edu.vue.controller.EmployeeController.getEmployeesTotal() throws java.lang.Exception
2019-09-23 22:48:36.538  INFO 10416 --- [  restartedMain] s.w.s.m.m.a.RequestMappingHandlerMapping : Mapped "{[/api/findLikeEmployees/{name}],methods=[GET]}" onto public org.springframework.http.ResponseEntity<java.util.List<com.ssafy.edu.vue.dto.EmployeeDto>> com.ssafy.edu.vue.controller.EmployeeController.findLikeEmployees(java.lang.String) throws java.lang.Exception
2019-09-23 22:48:36.539  INFO 10416 --- [  restartedMain] s.w.s.m.m.a.RequestMappingHandlerMapping : Mapped "{[/api/findAllDepartments],methods=[GET]}" onto public org.springframework.http.ResponseEntity<java.util.List<com.ssafy.edu.vue.dto.DepartmentDto>> com.ssafy.edu.vue.controller.EmployeeController.findAllDepartments() throws java.lang.Exception
2019-09-23 22:48:36.540  INFO 10416 --- [  restartedMain] s.w.s.m.m.a.RequestMappingHandlerMapping : Mapped "{[/api/findDepartmentsByname/{name}],methods=[GET]}" onto public org.springframework.http.ResponseEntity<java.util.List<com.ssafy.edu.vue.dto.EmployeeDto>> com.ssafy.edu.vue.controller.EmployeeController.findDepartmentsByname(java.lang.String) throws java.lang.Exception
2019-09-23 22:48:36.542  INFO 10416 --- [  restartedMain] s.w.s.m.m.a.RequestMappingHandlerMapping : Mapped "{[/api/findDepartmentsBydeptid/{dept_id}],methods=[GET]}" onto public org.springframework.http.ResponseEntity<java.util.List<com.ssafy.edu.vue.dto.EmployeeDto>> com.ssafy.edu.vue.controller.EmployeeController.findDepartmentsBydeptid(int) throws java.lang.Exception
2019-09-23 22:48:36.545  INFO 10416 --- [  restartedMain] s.w.s.m.m.a.RequestMappingHandlerMapping : Mapped "{[/api/findEmployeesByManagerId/{manager_id}],methods=[GET]}" onto public org.springframework.http.ResponseEntity<java.util.List<com.ssafy.edu.vue.dto.EmployeeDto>> com.ssafy.edu.vue.controller.EmployeeController.findEmployeesByManagerId(int) throws java.lang.Exception
2019-09-23 22:48:36.547  INFO 10416 --- [  restartedMain] s.w.s.m.m.a.RequestMappingHandlerMapping : Mapped "{[/v2/api-docs],methods=[GET],produces=[application/json || application/hal+json]}" onto public org.springframework.http.ResponseEntity<springfox.documentation.spring.web.json.Json> springfox.documentation.swagger2.web.Swagger2Controller.getDocumentation(java.lang.String,javax.servlet.http.HttpServletRequest)
2019-09-23 22:48:36.551  INFO 10416 --- [  restartedMain] s.w.s.m.m.a.RequestMappingHandlerMapping : Mapped "{[/configuration/security]}" onto org.springframework.http.ResponseEntity<springfox.documentation.swagger.web.SecurityConfiguration> springfox.documentation.swagger.web.ApiResourceController.securityConfiguration()
2019-09-23 22:48:36.552  INFO 10416 --- [  restartedMain] s.w.s.m.m.a.RequestMappingHandlerMapping : Mapped "{[/swagger-resources]}" onto org.springframework.http.ResponseEntity<java.util.List<springfox.documentation.swagger.web.SwaggerResource>> springfox.documentation.swagger.web.ApiResourceController.swaggerResources()
2019-09-23 22:48:36.553  INFO 10416 --- [  restartedMain] s.w.s.m.m.a.RequestMappingHandlerMapping : Mapped "{[/configuration/ui]}" onto org.springframework.http.ResponseEntity<springfox.documentation.swagger.web.UiConfiguration> springfox.documentation.swagger.web.ApiResourceController.uiConfiguration()
2019-09-23 22:48:36.557  INFO 10416 --- [  restartedMain] s.w.s.m.m.a.RequestMappingHandlerMapping : Mapped "{[/error]}" onto public org.springframework.http.ResponseEntity<java.util.Map<java.lang.String, java.lang.Object>> org.springframework.boot.autoconfigure.web.servlet.error.BasicErrorController.error(javax.servlet.http.HttpServletRequest)
2019-09-23 22:48:36.558  INFO 10416 --- [  restartedMain] s.w.s.m.m.a.RequestMappingHandlerMapping : Mapped "{[/error],produces=[text/html]}" onto public org.springframework.web.servlet.ModelAndView org.springframework.boot.autoconfigure.web.servlet.error.BasicErrorController.errorHtml(javax.servlet.http.HttpServletRequest,javax.servlet.http.HttpServletResponse)
2019-09-23 22:48:37.030  INFO 10416 --- [  restartedMain] o.s.w.s.handler.SimpleUrlHandlerMapping  : Mapped URL path [/**/favicon.ico] onto handler of type [class org.springframework.web.servlet.resource.ResourceHttpRequestHandler]
2019-09-23 22:48:37.337  INFO 10416 --- [  restartedMain] s.w.s.m.m.a.RequestMappingHandlerAdapter : Looking for @ControllerAdvice: org.springframework.boot.web.servlet.context.AnnotationConfigServletWebServerApplicationContext@764bba14: startup date [Mon Sep 23 22:48:29 KST 2019]; root of context hierarchy
2019-09-23 22:48:37.466  INFO 10416 --- [  restartedMain] o.s.w.s.handler.SimpleUrlHandlerMapping  : Mapped URL path [/webjars/**] onto handler of type [class org.springframework.web.servlet.resource.ResourceHttpRequestHandler]
2019-09-23 22:48:37.467  INFO 10416 --- [  restartedMain] o.s.w.s.handler.SimpleUrlHandlerMapping  : Mapped URL path [/**] onto handler of type [class org.springframework.web.servlet.resource.ResourceHttpRequestHandler]
2019-09-23 22:48:37.500  INFO 10416 --- [  restartedMain] .m.m.a.ExceptionHandlerExceptionResolver : Detected @ExceptionHandler methods in repositoryRestExceptionHandler
2019-09-23 22:48:37.826  INFO 10416 --- [  restartedMain] o.s.d.r.w.RepositoryRestHandlerAdapter   : Looking for @ControllerAdvice: org.springframework.boot.web.servlet.context.AnnotationConfigServletWebServerApplicationContext@764bba14: startup date [Mon Sep 23 22:48:29 KST 2019]; root of context hierarchy
2019-09-23 22:48:37.846  INFO 10416 --- [  restartedMain] o.s.d.r.w.RepositoryRestHandlerMapping   : Mapped "{[/{repository}],methods=[GET],produces=[application/hal+json || application/json]}" onto public org.springframework.hateoas.Resources<?> org.springframework.data.rest.webmvc.RepositoryEntityController.getCollectionResource(org.springframework.data.rest.webmvc.RootResourceInformation,org.springframework.data.rest.webmvc.support.DefaultedPageable,org.springframework.data.domain.Sort,org.springframework.data.rest.webmvc.PersistentEntityResourceAssembler) throws org.springframework.data.rest.webmvc.ResourceNotFoundException,org.springframework.web.HttpRequestMethodNotSupportedException
2019-09-23 22:48:37.846  INFO 10416 --- [  restartedMain] o.s.d.r.w.RepositoryRestHandlerMapping   : Mapped "{[/{repository}/{id}],methods=[PATCH],produces=[application/hal+json || application/json]}" onto public org.springframework.http.ResponseEntity<org.springframework.hateoas.ResourceSupport> org.springframework.data.rest.webmvc.RepositoryEntityController.patchItemResource(org.springframework.data.rest.webmvc.RootResourceInformation,org.springframework.data.rest.webmvc.PersistentEntityResource,java.io.Serializable,org.springframework.data.rest.webmvc.PersistentEntityResourceAssembler,org.springframework.data.rest.webmvc.support.ETag,java.lang.String) throws org.springframework.web.HttpRequestMethodNotSupportedException,org.springframework.data.rest.webmvc.ResourceNotFoundException
2019-09-23 22:48:37.847  INFO 10416 --- [  restartedMain] o.s.d.r.w.RepositoryRestHandlerMapping   : Mapped "{[/{repository}/{id}],methods=[DELETE],produces=[application/hal+json || application/json]}" onto public org.springframework.http.ResponseEntity<?> org.springframework.data.rest.webmvc.RepositoryEntityController.deleteItemResource(org.springframework.data.rest.webmvc.RootResourceInformation,java.io.Serializable,org.springframework.data.rest.webmvc.support.ETag) throws org.springframework.data.rest.webmvc.ResourceNotFoundException,org.springframework.web.HttpRequestMethodNotSupportedException
2019-09-23 22:48:37.848  INFO 10416 --- [  restartedMain] o.s.d.r.w.RepositoryRestHandlerMapping   : Mapped "{[/{repository}/{id}],methods=[HEAD],produces=[application/hal+json || application/json]}" onto public org.springframework.http.ResponseEntity<?> org.springframework.data.rest.webmvc.RepositoryEntityController.headForItemResource(org.springframework.data.rest.webmvc.RootResourceInformation,java.io.Serializable,org.springframework.data.rest.webmvc.PersistentEntityResourceAssembler) throws org.springframework.web.HttpRequestMethodNotSupportedException
2019-09-23 22:48:37.848  INFO 10416 --- [  restartedMain] o.s.d.r.w.RepositoryRestHandlerMapping   : Mapped "{[/{repository}],methods=[HEAD],produces=[application/hal+json || application/json]}" onto public org.springframework.http.ResponseEntity<?> org.springframework.data.rest.webmvc.RepositoryEntityController.headCollectionResource(org.springframework.data.rest.webmvc.RootResourceInformation,org.springframework.data.rest.webmvc.support.DefaultedPageable) throws org.springframework.web.HttpRequestMethodNotSupportedException
2019-09-23 22:48:37.849  INFO 10416 --- [  restartedMain] o.s.d.r.w.RepositoryRestHandlerMapping   : Mapped "{[/{repository}],methods=[OPTIONS],produces=[application/hal+json || application/json]}" onto public org.springframework.http.ResponseEntity<?> org.springframework.data.rest.webmvc.RepositoryEntityController.optionsForCollectionResource(org.springframework.data.rest.webmvc.RootResourceInformation)
2019-09-23 22:48:37.850  INFO 10416 --- [  restartedMain] o.s.d.r.w.RepositoryRestHandlerMapping   : Mapped "{[/{repository}],methods=[POST],produces=[application/hal+json || application/json]}" onto public org.springframework.http.ResponseEntity<org.springframework.hateoas.ResourceSupport> org.springframework.data.rest.webmvc.RepositoryEntityController.postCollectionResource(org.springframework.data.rest.webmvc.RootResourceInformation,org.springframework.data.rest.webmvc.PersistentEntityResource,org.springframework.data.rest.webmvc.PersistentEntityResourceAssembler,java.lang.String) throws org.springframework.web.HttpRequestMethodNotSupportedException
2019-09-23 22:48:37.850  INFO 10416 --- [  restartedMain] o.s.d.r.w.RepositoryRestHandlerMapping   : Mapped "{[/{repository}/{id}],methods=[OPTIONS],produces=[application/hal+json || application/json]}" onto public org.springframework.http.ResponseEntity<?> org.springframework.data.rest.webmvc.RepositoryEntityController.optionsForItemResource(org.springframework.data.rest.webmvc.RootResourceInformation)
2019-09-23 22:48:37.851  INFO 10416 --- [  restartedMain] o.s.d.r.w.RepositoryRestHandlerMapping   : Mapped "{[/{repository}],methods=[GET],produces=[application/x-spring-data-compact+json || text/uri-list]}" onto public org.springframework.hateoas.Resources<?> org.springframework.data.rest.webmvc.RepositoryEntityController.getCollectionResourceCompact(org.springframework.data.rest.webmvc.RootResourceInformation,org.springframework.data.rest.webmvc.support.DefaultedPageable,org.springframework.data.domain.Sort,org.springframework.data.rest.webmvc.PersistentEntityResourceAssembler) throws org.springframework.data.rest.webmvc.ResourceNotFoundException,org.springframework.web.HttpRequestMethodNotSupportedException
2019-09-23 22:48:37.852  INFO 10416 --- [  restartedMain] o.s.d.r.w.RepositoryRestHandlerMapping   : Mapped "{[/{repository}/{id}],methods=[PUT],produces=[application/hal+json || application/json]}" onto public org.springframework.http.ResponseEntity<? extends org.springframework.hateoas.ResourceSupport> org.springframework.data.rest.webmvc.RepositoryEntityController.putItemResource(org.springframework.data.rest.webmvc.RootResourceInformation,org.springframework.data.rest.webmvc.PersistentEntityResource,java.io.Serializable,org.springframework.data.rest.webmvc.PersistentEntityResourceAssembler,org.springframework.data.rest.webmvc.support.ETag,java.lang.String) throws org.springframework.web.HttpRequestMethodNotSupportedException
2019-09-23 22:48:37.852  INFO 10416 --- [  restartedMain] o.s.d.r.w.RepositoryRestHandlerMapping   : Mapped "{[/{repository}/{id}],methods=[GET],produces=[application/hal+json || application/json]}" onto public org.springframework.http.ResponseEntity<org.springframework.hateoas.Resource<?>> org.springframework.data.rest.webmvc.RepositoryEntityController.getItemResource(org.springframework.data.rest.webmvc.RootResourceInformation,java.io.Serializable,org.springframework.data.rest.webmvc.PersistentEntityResourceAssembler,org.springframework.http.HttpHeaders) throws org.springframework.web.HttpRequestMethodNotSupportedException
2019-09-23 22:48:37.857  INFO 10416 --- [  restartedMain] o.s.d.r.w.RepositoryRestHandlerMapping   : Mapped "{[/{repository}/{id}/{property}],methods=[DELETE],produces=[application/hal+json || application/json]}" onto public org.springframework.http.ResponseEntity<? extends org.springframework.hateoas.ResourceSupport> org.springframework.data.rest.webmvc.RepositoryPropertyReferenceController.deletePropertyReference(org.springframework.data.rest.webmvc.RootResourceInformation,java.io.Serializable,java.lang.String) throws java.lang.Exception
2019-09-23 22:48:37.859  INFO 10416 --- [  restartedMain] o.s.d.r.w.RepositoryRestHandlerMapping   : Mapped "{[/{repository}/{id}/{property}],methods=[GET],produces=[application/x-spring-data-compact+json || text/uri-list]}" onto public org.springframework.http.ResponseEntity<org.springframework.hateoas.ResourceSupport> org.springframework.data.rest.webmvc.RepositoryPropertyReferenceController.followPropertyReferenceCompact(org.springframework.data.rest.webmvc.RootResourceInformation,java.io.Serializable,java.lang.String,org.springframework.data.rest.webmvc.PersistentEntityResourceAssembler) throws java.lang.Exception
2019-09-23 22:48:37.863  INFO 10416 --- [  restartedMain] o.s.d.r.w.RepositoryRestHandlerMapping   : Mapped "{[/{repository}/{id}/{property}],methods=[PATCH || PUT || POST],consumes=[application/json || application/x-spring-data-compact+json || text/uri-list],produces=[application/hal+json || application/json]}" onto public org.springframework.http.ResponseEntity<? extends org.springframework.hateoas.ResourceSupport> org.springframework.data.rest.webmvc.RepositoryPropertyReferenceController.createPropertyReference(org.springframework.data.rest.webmvc.RootResourceInformation,org.springframework.http.HttpMethod,org.springframework.hateoas.Resources<java.lang.Object>,java.io.Serializable,java.lang.String) throws java.lang.Exception
2019-09-23 22:48:37.863  INFO 10416 --- [  restartedMain] o.s.d.r.w.RepositoryRestHandlerMapping   : Mapped "{[/{repository}/{id}/{property}/{propertyId}],methods=[GET],produces=[application/hal+json || application/json]}" onto public org.springframework.http.ResponseEntity<org.springframework.hateoas.ResourceSupport> org.springframework.data.rest.webmvc.RepositoryPropertyReferenceController.followPropertyReference(org.springframework.data.rest.webmvc.RootResourceInformation,java.io.Serializable,java.lang.String,java.lang.String,org.springframework.data.rest.webmvc.PersistentEntityResourceAssembler) throws java.lang.Exception
2019-09-23 22:48:37.864  INFO 10416 --- [  restartedMain] o.s.d.r.w.RepositoryRestHandlerMapping   : Mapped "{[/{repository}/{id}/{property}],methods=[GET],produces=[application/hal+json || application/json]}" onto public org.springframework.http.ResponseEntity<org.springframework.hateoas.ResourceSupport> org.springframework.data.rest.webmvc.RepositoryPropertyReferenceController.followPropertyReference(org.springframework.data.rest.webmvc.RootResourceInformation,java.io.Serializable,java.lang.String,org.springframework.data.rest.webmvc.PersistentEntityResourceAssembler) throws java.lang.Exception
2019-09-23 22:48:37.865  INFO 10416 --- [  restartedMain] o.s.d.r.w.RepositoryRestHandlerMapping   : Mapped "{[/{repository}/{id}/{property}/{propertyId}],methods=[DELETE],produces=[application/hal+json || application/json]}" onto public org.springframework.http.ResponseEntity<org.springframework.hateoas.ResourceSupport> org.springframework.data.rest.webmvc.RepositoryPropertyReferenceController.deletePropertyReferenceId(org.springframework.data.rest.webmvc.RootResourceInformation,java.io.Serializable,java.lang.String,java.lang.String) throws java.lang.Exception
2019-09-23 22:48:37.867  INFO 10416 --- [  restartedMain] o.s.d.r.w.RepositoryRestHandlerMapping   : Mapped "{[/{repository}/search],methods=[OPTIONS],produces=[application/hal+json || application/json]}" onto public org.springframework.http.HttpEntity<?> org.springframework.data.rest.webmvc.RepositorySearchController.optionsForSearches(org.springframework.data.rest.webmvc.RootResourceInformation)
2019-09-23 22:48:37.868  INFO 10416 --- [  restartedMain] o.s.d.r.w.RepositoryRestHandlerMapping   : Mapped "{[/{repository}/search/{search}],methods=[GET],produces=[application/x-spring-data-compact+json]}" onto public org.springframework.hateoas.ResourceSupport org.springframework.data.rest.webmvc.RepositorySearchController.executeSearchCompact(org.springframework.data.rest.webmvc.RootResourceInformation,org.springframework.http.HttpHeaders,org.springframework.util.MultiValueMap<java.lang.String, java.lang.Object>,java.lang.String,java.lang.String,org.springframework.data.rest.webmvc.support.DefaultedPageable,org.springframework.data.domain.Sort,org.springframework.data.rest.webmvc.PersistentEntityResourceAssembler)
2019-09-23 22:48:37.869  INFO 10416 --- [  restartedMain] o.s.d.r.w.RepositoryRestHandlerMapping   : Mapped "{[/{repository}/search/{search}],methods=[GET],produces=[application/hal+json || application/json]}" onto public org.springframework.http.ResponseEntity<?> org.springframework.data.rest.webmvc.RepositorySearchController.executeSearch(org.springframework.data.rest.webmvc.RootResourceInformation,org.springframework.util.MultiValueMap<java.lang.String, java.lang.Object>,java.lang.String,org.springframework.data.rest.webmvc.support.DefaultedPageable,org.springframework.data.domain.Sort,org.springframework.data.rest.webmvc.PersistentEntityResourceAssembler,org.springframework.http.HttpHeaders)
2019-09-23 22:48:37.869  INFO 10416 --- [  restartedMain] o.s.d.r.w.RepositoryRestHandlerMapping   : Mapped "{[/{repository}/search],methods=[GET],produces=[application/hal+json || application/json]}" onto public org.springframework.data.rest.webmvc.RepositorySearchesResource org.springframework.data.rest.webmvc.RepositorySearchController.listSearches(org.springframework.data.rest.webmvc.RootResourceInformation)
2019-09-23 22:48:37.870  INFO 10416 --- [  restartedMain] o.s.d.r.w.RepositoryRestHandlerMapping   : Mapped "{[/{repository}/search],methods=[HEAD],produces=[application/hal+json || application/json]}" onto public org.springframework.http.HttpEntity<?> org.springframework.data.rest.webmvc.RepositorySearchController.headForSearches(org.springframework.data.rest.webmvc.RootResourceInformation)
2019-09-23 22:48:37.870  INFO 10416 --- [  restartedMain] o.s.d.r.w.RepositoryRestHandlerMapping   : Mapped "{[/{repository}/search/{search}],methods=[OPTIONS],produces=[application/hal+json || application/json]}" onto public org.springframework.http.ResponseEntity<java.lang.Object> org.springframework.data.rest.webmvc.RepositorySearchController.optionsForSearch(org.springframework.data.rest.webmvc.RootResourceInformation,java.lang.String)
2019-09-23 22:48:37.870  INFO 10416 --- [  restartedMain] o.s.d.r.w.RepositoryRestHandlerMapping   : Mapped "{[/{repository}/search/{search}],methods=[HEAD],produces=[application/hal+json || application/json]}" onto public org.springframework.http.ResponseEntity<java.lang.Object> org.springframework.data.rest.webmvc.RepositorySearchController.headForSearch(org.springframework.data.rest.webmvc.RootResourceInformation,java.lang.String)
2019-09-23 22:48:37.872  INFO 10416 --- [  restartedMain] o.s.d.r.w.RepositoryRestHandlerMapping   : Mapped "{[/ || ],methods=[HEAD],produces=[application/hal+json || application/json]}" onto public org.springframework.http.ResponseEntity<?> org.springframework.data.rest.webmvc.RepositoryController.headForRepositories()
2019-09-23 22:48:37.916  INFO 10416 --- [  restartedMain] o.s.d.r.w.RepositoryRestHandlerMapping   : Mapped "{[/ || ],methods=[OPTIONS],produces=[application/hal+json || application/json]}" onto public org.springframework.http.HttpEntity<?> org.springframework.data.rest.webmvc.RepositoryController.optionsForRepositories()
2019-09-23 22:48:37.917  INFO 10416 --- [  restartedMain] o.s.d.r.w.RepositoryRestHandlerMapping   : Mapped "{[/ || ],methods=[GET],produces=[application/hal+json || application/json]}" onto public org.springframework.http.HttpEntity<org.springframework.data.rest.webmvc.RepositoryLinksResource> org.springframework.data.rest.webmvc.RepositoryController.listRepositories()
2019-09-23 22:48:37.928  INFO 10416 --- [  restartedMain] o.s.d.r.w.BasePathAwareHandlerMapping    : Mapped "{[/profile],methods=[GET]}" onto org.springframework.http.HttpEntity<org.springframework.hateoas.ResourceSupport> org.springframework.data.rest.webmvc.ProfileController.listAllFormsOfMetadata()
2019-09-23 22:48:37.928  INFO 10416 --- [  restartedMain] o.s.d.r.w.BasePathAwareHandlerMapping    : Mapped "{[/profile],methods=[OPTIONS]}" onto public org.springframework.http.HttpEntity<?> org.springframework.data.rest.webmvc.ProfileController.profileOptions()
2019-09-23 22:48:37.931  INFO 10416 --- [  restartedMain] o.s.d.r.w.BasePathAwareHandlerMapping    : Mapped "{[/profile/{repository}],methods=[GET],produces=[application/schema+json]}" onto public org.springframework.http.HttpEntity<org.springframework.data.rest.webmvc.json.JsonSchema> org.springframework.data.rest.webmvc.RepositorySchemaController.schema(org.springframework.data.rest.webmvc.RootResourceInformation)
2019-09-23 22:48:37.933  INFO 10416 --- [  restartedMain] o.s.d.r.w.BasePathAwareHandlerMapping    : Mapped "{[/profile/{repository}],methods=[GET],produces=[application/alps+json || */*]}" onto org.springframework.http.HttpEntity<org.springframework.data.rest.webmvc.RootResourceInformation> org.springframework.data.rest.webmvc.alps.AlpsController.descriptor(org.springframework.data.rest.webmvc.RootResourceInformation)
2019-09-23 22:48:37.933  INFO 10416 --- [  restartedMain] o.s.d.r.w.BasePathAwareHandlerMapping    : Mapped "{[/profile/{repository}],methods=[OPTIONS],produces=[application/alps+json]}" onto org.springframework.http.HttpEntity<?> org.springframework.data.rest.webmvc.alps.AlpsController.alpsOptions()
2019-09-23 22:48:38.267  INFO 10416 --- [  restartedMain] o.s.b.d.a.OptionalLiveReloadServer       : LiveReload server is running on port 35729
2019-09-23 22:48:38.333  INFO 10416 --- [  restartedMain] o.s.j.e.a.AnnotationMBeanExporter        : Registering beans for JMX exposure on startup
2019-09-23 22:48:38.336  INFO 10416 --- [  restartedMain] o.s.j.e.a.AnnotationMBeanExporter        : Bean with name 'dataSource' has been autodetected for JMX exposure
2019-09-23 22:48:38.345  INFO 10416 --- [  restartedMain] o.s.j.e.a.AnnotationMBeanExporter        : Located MBean 'dataSource': registering with JMX server as MBean [com.zaxxer.hikari:name=dataSource,type=HikariDataSource]
2019-09-23 22:48:38.771  INFO 10416 --- [  restartedMain] o.s.b.w.embedded.tomcat.TomcatWebServer  : Tomcat started on port(s): 8197 (http) with context path '/ssafyvue'
2019-09-23 22:52:00.558  INFO 10416 --- [nio-8197-exec-1] o.s.web.servlet.DispatcherServlet        : FrameworkServlet 'dispatcherServlet': initialization started
2019-09-23 22:52:00.605  INFO 10416 --- [nio-8197-exec-1] o.s.web.servlet.DispatcherServlet        : FrameworkServlet 'dispatcherServlet': initialization completed in 47 ms
2019-09-23 22:52:00.704  INFO 10416 --- [nio-8197-exec-1] c.s.e.vue.controller.EmployeeController  : 1-------------findAllEmployees-----------------------------Mon Sep 23 22:52:00 KST 2019
2019-09-23 22:52:08.250  INFO 10416 --- [nio-8197-exec-2] c.s.e.vue.controller.EmployeeController  : 1-------------findAllEmployees-----------------------------Mon Sep 23 22:52:08 KST 2019
2019-09-23 22:52:08.251  INFO 10416 --- [nio-8197-exec-3] c.s.e.vue.controller.EmployeeController  : 1-------------findEmployeesByManagerId-----------------------------Mon Sep 23 22:52:08 KST 2019
2019-09-23 22:52:15.920  INFO 10416 --- [nio-8197-exec-5] c.s.e.vue.controller.EmployeeController  : 4-------------findAllDepartments-----------------------------Mon Sep 23 22:52:15 KST 2019
2019-09-23 22:52:15.921  INFO 10416 --- [nio-8197-exec-6] c.s.e.vue.controller.EmployeeController  : 6-------------findAllTitles-----------------------------Mon Sep 23 22:52:15 KST 2019
2019-09-23 22:52:15.924  INFO 10416 --- [nio-8197-exec-4] c.s.e.vue.controller.EmployeeController  : 1-------------findAllEmployees-----------------------------Mon Sep 23 22:52:15 KST 2019
2019-09-23 22:52:32.167  INFO 10416 --- [nio-8197-exec-7] c.s.e.vue.controller.EmployeeController  : 1-------------findAllEmployees-----------------------------Mon Sep 23 22:52:32 KST 2019
2019-09-23 22:52:34.076  INFO 10416 --- [nio-8197-exec-8] c.s.e.vue.controller.EmployeeController  : 1-------------findAllDepCounts-----------------------------Mon Sep 23 22:52:34 KST 2019
2019-09-23 22:52:35.173  INFO 10416 --- [nio-8197-exec-9] c.s.e.vue.controller.EmployeeController  : 1-------------findDepartmentsBydeptid-----------------------------Mon Sep 23 22:52:35 KST 2019
2019-09-23 22:52:35.203  INFO 10416 --- [io-8197-exec-10] c.s.e.vue.controller.EmployeeController  : 1-------------findDepartmentsBydeptid-----------------------------Mon Sep 23 22:52:35 KST 2019
2019-09-23 22:52:35.252  INFO 10416 --- [nio-8197-exec-1] c.s.e.vue.controller.EmployeeController  : 1-------------findDepartmentsBydeptid-----------------------------Mon Sep 23 22:52:35 KST 2019
2019-09-23 22:52:35.931  INFO 10416 --- [nio-8197-exec-3] c.s.e.vue.controller.EmployeeController  : 1-------------findDepartmentsBydeptid-----------------------------Mon Sep 23 22:52:35 KST 2019
2019-09-23 22:52:35.942  INFO 10416 --- [nio-8197-exec-2] c.s.e.vue.controller.EmployeeController  : 1-------------findDepartmentsBydeptid-----------------------------Mon Sep 23 22:52:35 KST 2019
2019-09-23 22:52:35.957  INFO 10416 --- [nio-8197-exec-5] c.s.e.vue.controller.EmployeeController  : 1-------------findDepartmentsBydeptid-----------------------------Mon Sep 23 22:52:35 KST 2019
2019-09-23 22:52:36.034  INFO 10416 --- [nio-8197-exec-6] c.s.e.vue.controller.EmployeeController  : 1-------------findDepartmentsBydeptid-----------------------------Mon Sep 23 22:52:36 KST 2019
2019-09-23 22:52:36.055  INFO 10416 --- [nio-8197-exec-4] c.s.e.vue.controller.EmployeeController  : 1-------------findDepartmentsBydeptid-----------------------------Mon Sep 23 22:52:36 KST 2019
2019-09-23 22:52:36.087  INFO 10416 --- [nio-8197-exec-7] c.s.e.vue.controller.EmployeeController  : 1-------------findDepartmentsBydeptid-----------------------------Mon Sep 23 22:52:36 KST 2019
2019-09-23 22:52:36.119  INFO 10416 --- [nio-8197-exec-8] c.s.e.vue.controller.EmployeeController  : 1-------------findDepartmentsBydeptid-----------------------------Mon Sep 23 22:52:36 KST 2019
2019-09-23 22:52:36.153  INFO 10416 --- [nio-8197-exec-9] c.s.e.vue.controller.EmployeeController  : 1-------------findDepartmentsBydeptid-----------------------------Mon Sep 23 22:52:36 KST 2019
2019-09-23 22:52:36.212  INFO 10416 --- [io-8197-exec-10] c.s.e.vue.controller.EmployeeController  : 1-------------findDepartmentsBydeptid-----------------------------Mon Sep 23 22:52:36 KST 2019
2019-09-23 22:52:36.237  INFO 10416 --- [nio-8197-exec-1] c.s.e.vue.controller.EmployeeController  : 1-------------findDepartmentsBydeptid-----------------------------Mon Sep 23 22:52:36 KST 2019
2019-09-23 22:52:36.257  INFO 10416 --- [nio-8197-exec-3] c.s.e.vue.controller.EmployeeController  : 1-------------findDepartmentsBydeptid-----------------------------Mon Sep 23 22:52:36 KST 2019
2019-09-23 22:52:36.284  INFO 10416 --- [nio-8197-exec-2] c.s.e.vue.controller.EmployeeController  : 1-------------findDepartmentsBydeptid-----------------------------Mon Sep 23 22:52:36 KST 2019
2019-09-23 22:52:38.176  INFO 10416 --- [nio-8197-exec-5] c.s.e.vue.controller.EmployeeController  : 1-------------findDepartmentsBydeptid-----------------------------Mon Sep 23 22:52:38 KST 2019
2019-09-23 22:52:38.195  INFO 10416 --- [nio-8197-exec-6] c.s.e.vue.controller.EmployeeController  : 1-------------findDepartmentsBydeptid-----------------------------Mon Sep 23 22:52:38 KST 2019
2019-09-23 22:52:38.213  INFO 10416 --- [nio-8197-exec-4] c.s.e.vue.controller.EmployeeController  : 1-------------findDepartmentsBydeptid-----------------------------Mon Sep 23 22:52:38 KST 2019
2019-09-23 22:52:38.234  INFO 10416 --- [nio-8197-exec-7] c.s.e.vue.controller.EmployeeController  : 1-------------findDepartmentsBydeptid-----------------------------Mon Sep 23 22:52:38 KST 2019
2019-09-23 22:52:38.266  INFO 10416 --- [nio-8197-exec-8] c.s.e.vue.controller.EmployeeController  : 1-------------findDepartmentsBydeptid-----------------------------Mon Sep 23 22:52:38 KST 2019
2019-09-23 22:52:38.333  INFO 10416 --- [nio-8197-exec-9] c.s.e.vue.controller.EmployeeController  : 1-------------findDepartmentsBydeptid-----------------------------Mon Sep 23 22:52:38 KST 2019
2019-09-23 22:52:38.391  INFO 10416 --- [io-8197-exec-10] c.s.e.vue.controller.EmployeeController  : 1-------------findDepartmentsBydeptid-----------------------------Mon Sep 23 22:52:38 KST 2019
2019-09-23 22:52:38.506  INFO 10416 --- [nio-8197-exec-1] c.s.e.vue.controller.EmployeeController  : 1-------------findDepartmentsBydeptid-----------------------------Mon Sep 23 22:52:38 KST 2019
2019-09-23 22:52:38.573  INFO 10416 --- [nio-8197-exec-3] c.s.e.vue.controller.EmployeeController  : 1-------------findDepartmentsBydeptid-----------------------------Mon Sep 23 22:52:38 KST 2019
2019-09-23 22:52:38.591  INFO 10416 --- [nio-8197-exec-2] c.s.e.vue.controller.EmployeeController  : 1-------------findDepartmentsBydeptid-----------------------------Mon Sep 23 22:52:38 KST 2019
2019-09-23 22:52:38.604  INFO 10416 --- [nio-8197-exec-5] c.s.e.vue.controller.EmployeeController  : 1-------------findDepartmentsBydeptid-----------------------------Mon Sep 23 22:52:38 KST 2019
2019-09-23 22:52:38.633  INFO 10416 --- [nio-8197-exec-6] c.s.e.vue.controller.EmployeeController  : 1-------------findDepartmentsBydeptid-----------------------------Mon Sep 23 22:52:38 KST 2019
2019-09-23 22:52:38.651  INFO 10416 --- [nio-8197-exec-4] c.s.e.vue.controller.EmployeeController  : 1-------------findDepartmentsBydeptid-----------------------------Mon Sep 23 22:52:38 KST 2019
2019-09-23 22:52:38.802  INFO 10416 --- [nio-8197-exec-7] c.s.e.vue.controller.EmployeeController  : 1-------------findDepartmentsBydeptid-----------------------------Mon Sep 23 22:52:38 KST 2019
2019-09-23 22:52:39.098  INFO 10416 --- [nio-8197-exec-8] c.s.e.vue.controller.EmployeeController  : 1-------------findDepartmentsBydeptid-----------------------------Mon Sep 23 22:52:39 KST 2019
2019-09-23 22:52:39.799  INFO 10416 --- [nio-8197-exec-9] c.s.e.vue.controller.EmployeeController  : 1-------------findDepartmentsBydeptid-----------------------------Mon Sep 23 22:52:39 KST 2019
2019-09-23 22:52:39.833  INFO 10416 --- [io-8197-exec-10] c.s.e.vue.controller.EmployeeController  : 1-------------findDepartmentsBydeptid-----------------------------Mon Sep 23 22:52:39 KST 2019
2019-09-23 22:52:39.850  INFO 10416 --- [nio-8197-exec-1] c.s.e.vue.controller.EmployeeController  : 1-------------findDepartmentsBydeptid-----------------------------Mon Sep 23 22:52:39 KST 2019
2019-09-23 22:52:39.900  INFO 10416 --- [nio-8197-exec-3] c.s.e.vue.controller.EmployeeController  : 1-------------findDepartmentsBydeptid-----------------------------Mon Sep 23 22:52:39 KST 2019
2019-09-23 22:52:40.142  INFO 10416 --- [nio-8197-exec-2] c.s.e.vue.controller.EmployeeController  : 1-------------findDepartmentsBydeptid-----------------------------Mon Sep 23 22:52:40 KST 2019
2019-09-23 22:52:40.327  INFO 10416 --- [nio-8197-exec-5] c.s.e.vue.controller.EmployeeController  : 1-------------findDepartmentsBydeptid-----------------------------Mon Sep 23 22:52:40 KST 2019
2019-09-23 22:52:40.366  INFO 10416 --- [nio-8197-exec-6] c.s.e.vue.controller.EmployeeController  : 1-------------findDepartmentsBydeptid-----------------------------Mon Sep 23 22:52:40 KST 2019
2019-09-23 22:52:40.617  INFO 10416 --- [nio-8197-exec-4] c.s.e.vue.controller.EmployeeController  : 1-------------findDepartmentsBydeptid-----------------------------Mon Sep 23 22:52:40 KST 2019
2019-09-23 22:52:40.636  INFO 10416 --- [nio-8197-exec-7] c.s.e.vue.controller.EmployeeController  : 1-------------findDepartmentsBydeptid-----------------------------Mon Sep 23 22:52:40 KST 2019
2019-09-23 22:52:40.699  INFO 10416 --- [nio-8197-exec-8] c.s.e.vue.controller.EmployeeController  : 1-------------findDepartmentsBydeptid-----------------------------Mon Sep 23 22:52:40 KST 2019
2019-09-23 22:52:40.971  INFO 10416 --- [nio-8197-exec-9] c.s.e.vue.controller.EmployeeController  : 1-------------findDepartmentsBydeptid-----------------------------Mon Sep 23 22:52:40 KST 2019
2019-09-23 22:52:41.033  INFO 10416 --- [io-8197-exec-10] c.s.e.vue.controller.EmployeeController  : 1-------------findDepartmentsBydeptid-----------------------------Mon Sep 23 22:52:41 KST 2019
2019-09-23 22:52:41.474  INFO 10416 --- [nio-8197-exec-1] c.s.e.vue.controller.EmployeeController  : 1-------------findDepartmentsBydeptid-----------------------------Mon Sep 23 22:52:41 KST 2019
2019-09-23 22:52:41.532  INFO 10416 --- [nio-8197-exec-3] c.s.e.vue.controller.EmployeeController  : 1-------------findDepartmentsBydeptid-----------------------------Mon Sep 23 22:52:41 KST 2019
2019-09-23 22:52:41.585  INFO 10416 --- [nio-8197-exec-2] c.s.e.vue.controller.EmployeeController  : 1-------------findDepartmentsBydeptid-----------------------------Mon Sep 23 22:52:41 KST 2019
2019-09-23 22:52:41.675  INFO 10416 --- [nio-8197-exec-5] c.s.e.vue.controller.EmployeeController  : 1-------------findDepartmentsBydeptid-----------------------------Mon Sep 23 22:52:41 KST 2019
2019-09-23 22:52:41.857  INFO 10416 --- [nio-8197-exec-6] c.s.e.vue.controller.EmployeeController  : 1-------------findDepartmentsBydeptid-----------------------------Mon Sep 23 22:52:41 KST 2019
2019-09-23 22:52:41.901  INFO 10416 --- [nio-8197-exec-4] c.s.e.vue.controller.EmployeeController  : 1-------------findDepartmentsBydeptid-----------------------------Mon Sep 23 22:52:41 KST 2019
2019-09-23 22:52:41.966  INFO 10416 --- [nio-8197-exec-7] c.s.e.vue.controller.EmployeeController  : 1-------------findDepartmentsBydeptid-----------------------------Mon Sep 23 22:52:41 KST 2019
2019-09-23 22:52:42.134  INFO 10416 --- [nio-8197-exec-8] c.s.e.vue.controller.EmployeeController  : 1-------------findDepartmentsBydeptid-----------------------------Mon Sep 23 22:52:42 KST 2019
2019-09-23 22:52:42.249  INFO 10416 --- [nio-8197-exec-9] c.s.e.vue.controller.EmployeeController  : 1-------------findDepartmentsBydeptid-----------------------------Mon Sep 23 22:52:42 KST 2019
2019-09-23 22:52:42.705  INFO 10416 --- [io-8197-exec-10] c.s.e.vue.controller.EmployeeController  : 1-------------findDepartmentsBydeptid-----------------------------Mon Sep 23 22:52:42 KST 2019
2019-09-23 22:52:43.550  INFO 10416 --- [nio-8197-exec-1] c.s.e.vue.controller.EmployeeController  : 1-------------findDepartmentsBydeptid-----------------------------Mon Sep 23 22:52:43 KST 2019
2019-09-23 22:52:43.600  INFO 10416 --- [nio-8197-exec-3] c.s.e.vue.controller.EmployeeController  : 1-------------findDepartmentsBydeptid-----------------------------Mon Sep 23 22:52:43 KST 2019
2019-09-23 22:52:43.667  INFO 10416 --- [nio-8197-exec-2] c.s.e.vue.controller.EmployeeController  : 1-------------findDepartmentsBydeptid-----------------------------Mon Sep 23 22:52:43 KST 2019
2019-09-23 22:52:43.749  INFO 10416 --- [nio-8197-exec-5] c.s.e.vue.controller.EmployeeController  : 1-------------findDepartmentsBydeptid-----------------------------Mon Sep 23 22:52:43 KST 2019
2019-09-23 22:52:43.833  INFO 10416 --- [nio-8197-exec-6] c.s.e.vue.controller.EmployeeController  : 1-------------findDepartmentsBydeptid-----------------------------Mon Sep 23 22:52:43 KST 2019
2019-09-23 22:52:43.848  INFO 10416 --- [nio-8197-exec-4] c.s.e.vue.controller.EmployeeController  : 1-------------findDepartmentsBydeptid-----------------------------Mon Sep 23 22:52:43 KST 2019
2019-09-23 22:52:43.918  INFO 10416 --- [nio-8197-exec-7] c.s.e.vue.controller.EmployeeController  : 1-------------findDepartmentsBydeptid-----------------------------Mon Sep 23 22:52:43 KST 2019
2019-09-23 22:52:43.949  INFO 10416 --- [nio-8197-exec-8] c.s.e.vue.controller.EmployeeController  : 1-------------findDepartmentsBydeptid-----------------------------Mon Sep 23 22:52:43 KST 2019
2019-09-23 22:52:43.982  INFO 10416 --- [nio-8197-exec-9] c.s.e.vue.controller.EmployeeController  : 1-------------findDepartmentsBydeptid-----------------------------Mon Sep 23 22:52:43 KST 2019
2019-09-23 22:52:44.172  INFO 10416 --- [io-8197-exec-10] c.s.e.vue.controller.EmployeeController  : 1-------------findDepartmentsBydeptid-----------------------------Mon Sep 23 22:52:44 KST 2019
2019-09-23 22:52:44.531  INFO 10416 --- [nio-8197-exec-1] c.s.e.vue.controller.EmployeeController  : 1-------------findDepartmentsBydeptid-----------------------------Mon Sep 23 22:52:44 KST 2019
2019-09-23 22:52:44.571  INFO 10416 --- [nio-8197-exec-3] c.s.e.vue.controller.EmployeeController  : 1-------------findDepartmentsBydeptid-----------------------------Mon Sep 23 22:52:44 KST 2019
2019-09-23 22:52:44.583  INFO 10416 --- [nio-8197-exec-2] c.s.e.vue.controller.EmployeeController  : 1-------------findDepartmentsBydeptid-----------------------------Mon Sep 23 22:52:44 KST 2019
2019-09-23 22:52:44.638  INFO 10416 --- [nio-8197-exec-5] c.s.e.vue.controller.EmployeeController  : 1-------------findDepartmentsBydeptid-----------------------------Mon Sep 23 22:52:44 KST 2019
2019-09-23 22:52:44.788  INFO 10416 --- [nio-8197-exec-6] c.s.e.vue.controller.EmployeeController  : 1-------------findDepartmentsBydeptid-----------------------------Mon Sep 23 22:52:44 KST 2019
2019-09-23 22:52:44.886  INFO 10416 --- [nio-8197-exec-4] c.s.e.vue.controller.EmployeeController  : 1-------------findDepartmentsBydeptid-----------------------------Mon Sep 23 22:52:44 KST 2019
2019-09-23 22:52:45.072  INFO 10416 --- [nio-8197-exec-7] c.s.e.vue.controller.EmployeeController  : 1-------------findDepartmentsBydeptid-----------------------------Mon Sep 23 22:52:45 KST 2019
2019-09-23 22:53:10.680  INFO 10416 --- [nio-8197-exec-8] c.s.e.vue.controller.EmployeeController  : 1-------------findDepartmentsBydeptid-----------------------------Mon Sep 23 22:53:10 KST 2019
2019-09-23 22:53:12.496  INFO 10416 --- [nio-8197-exec-9] c.s.e.vue.controller.EmployeeController  : 1-------------findAllEmployees-----------------------------Mon Sep 23 22:53:12 KST 2019
2019-09-23 22:53:14.986  INFO 10416 --- [io-8197-exec-10] c.s.e.vue.controller.EmployeeController  : 1-------------findAllEmployees-----------------------------Mon Sep 23 22:53:14 KST 2019
2019-09-23 22:53:14.987  INFO 10416 --- [nio-8197-exec-1] c.s.e.vue.controller.EmployeeController  : 1-------------findEmployeesByManagerId-----------------------------Mon Sep 23 22:53:14 KST 2019
2019-09-23 22:53:22.086  INFO 10416 --- [nio-8197-exec-2] c.s.e.vue.controller.EmployeeController  : 1-------------findAllEmployees-----------------------------Mon Sep 23 22:53:22 KST 2019
2019-09-23 22:53:26.371  INFO 10416 --- [nio-8197-exec-5] c.s.e.vue.controller.EmployeeController  : 1-------------findAllEmployees-----------------------------Mon Sep 23 22:53:26 KST 2019
2019-09-23 22:53:26.382  INFO 10416 --- [nio-8197-exec-6] c.s.e.vue.controller.EmployeeController  : 4-------------findAllDepartments-----------------------------Mon Sep 23 22:53:26 KST 2019
2019-09-23 22:53:26.395  INFO 10416 --- [nio-8197-exec-4] c.s.e.vue.controller.EmployeeController  : 6-------------findAllTitles-----------------------------Mon Sep 23 22:53:26 KST 2019
2019-09-23 22:55:12.773  INFO 10416 --- [nio-8197-exec-1] c.s.e.vue.controller.EmployeeController  : 1-------------findAllEmployees-----------------------------Mon Sep 23 22:55:12 KST 2019
2019-09-23 22:55:15.270  INFO 10416 --- [io-8197-exec-10] c.s.e.vue.controller.EmployeeController  : 1-------------findAllEmployees-----------------------------Mon Sep 23 22:55:15 KST 2019
2019-09-23 22:55:15.276  INFO 10416 --- [nio-8197-exec-3] c.s.e.vue.controller.EmployeeController  : 1-------------findEmployeesByManagerId-----------------------------Mon Sep 23 22:55:15 KST 2019
2019-09-23 22:58:05.511  INFO 10416 --- [nio-8197-exec-4] c.s.e.vue.controller.EmployeeController  : 4-------------findAllDepartments-----------------------------Mon Sep 23 22:58:05 KST 2019
2019-09-23 22:58:05.511  INFO 10416 --- [nio-8197-exec-6] c.s.e.vue.controller.EmployeeController  : 1-------------findAllEmployees-----------------------------Mon Sep 23 22:58:05 KST 2019
2019-09-23 22:58:05.524  INFO 10416 --- [nio-8197-exec-8] c.s.e.vue.controller.EmployeeController  : 6-------------findAllTitles-----------------------------Mon Sep 23 22:58:05 KST 2019
2019-09-23 22:58:13.215  INFO 10416 --- [nio-8197-exec-7] c.s.e.vue.controller.EmployeeController  : 1-------------findAllEmployees-----------------------------Mon Sep 23 22:58:13 KST 2019
2019-09-23 22:58:15.703  INFO 10416 --- [nio-8197-exec-9] c.s.e.vue.controller.EmployeeController  : 1-------------findAllEmployees-----------------------------Mon Sep 23 22:58:15 KST 2019
2019-09-23 22:58:15.725  INFO 10416 --- [nio-8197-exec-1] c.s.e.vue.controller.EmployeeController  : 1-------------findEmployeesByManagerId-----------------------------Mon Sep 23 22:58:15 KST 2019
