2019-05-07 22:06:46.207  INFO 38348 --- [nio-8197-exec-9] c.s.e.vue.controller.EmployeeController  : 1-------------findDepartmentsBydeptid-----------------------------Tue May 07 22:06:46 KST 2019
2019-05-07 22:06:46.207  INFO 38348 --- [nio-8197-exec-7] c.s.e.vue.controller.EmployeeController  : 1-------------findDepartmentsBydeptid-----------------------------Tue May 07 22:06:46 KST 2019
2019-05-07 22:06:46.207  INFO 38348 --- [nio-8197-exec-8] c.s.e.vue.controller.EmployeeController  : 1-------------findDepartmentsBydeptid-----------------------------Tue May 07 22:06:46 KST 2019
2019-05-07 22:06:46.207  INFO 38348 --- [nio-8197-exec-6] c.s.e.vue.controller.EmployeeController  : 1-------------findDepartmentsBydeptid-----------------------------Tue May 07 22:06:46 KST 2019
2019-05-07 22:06:46.207  INFO 38348 --- [nio-8197-exec-3] c.s.e.vue.controller.EmployeeController  : 1-------------findDepartmentsBydeptid-----------------------------Tue May 07 22:06:46 KST 2019
2019-05-07 22:06:46.207  INFO 38348 --- [nio-8197-exec-1] c.s.e.vue.controller.EmployeeController  : 1-------------findDepartmentsBydeptid-----------------------------Tue May 07 22:06:46 KST 2019
2019-05-07 22:07:08.478  INFO 38348 --- [nio-8197-exec-2] c.s.e.vue.controller.EmployeeController  : 1-------------findDepartmentsBydeptid-----------------------------Tue May 07 22:07:08 KST 2019
2019-05-07 22:07:08.478  INFO 38348 --- [io-8197-exec-11] c.s.e.vue.controller.EmployeeController  : 1-------------findDepartmentsBydeptid-----------------------------Tue May 07 22:07:08 KST 2019
2019-05-07 22:07:08.478  INFO 38348 --- [io-8197-exec-13] c.s.e.vue.controller.EmployeeController  : 1-------------findDepartmentsBydeptid-----------------------------Tue May 07 22:07:08 KST 2019
2019-05-07 22:07:08.478  INFO 38348 --- [io-8197-exec-14] c.s.e.vue.controller.EmployeeController  : 1-------------findDepartmentsBydeptid-----------------------------Tue May 07 22:07:08 KST 2019
2019-05-07 22:07:08.507  INFO 38348 --- [nio-8197-exec-5] c.s.e.vue.controller.EmployeeController  : 1-------------findDepartmentsBydeptid-----------------------------Tue May 07 22:07:08 KST 2019
2019-05-07 22:07:08.536  INFO 38348 --- [io-8197-exec-12] c.s.e.vue.controller.EmployeeController  : 1-------------findDepartmentsBydeptid-----------------------------Tue May 07 22:07:08 KST 2019
2019-05-07 22:07:08.536  INFO 38348 --- [io-8197-exec-15] c.s.e.vue.controller.EmployeeController  : 1-------------findDepartmentsBydeptid-----------------------------Tue May 07 22:07:08 KST 2019
2019-05-07 22:07:08.536  INFO 38348 --- [io-8197-exec-10] c.s.e.vue.controller.EmployeeController  : 1-------------findDepartmentsBydeptid-----------------------------Tue May 07 22:07:08 KST 2019
2019-05-07 22:07:08.632  INFO 38348 --- [io-8197-exec-16] c.s.e.vue.controller.EmployeeController  : 1-------------findAllDepCounts-----------------------------Tue May 07 22:07:08 KST 2019
2019-05-07 22:10:40.089  INFO 38348 --- [nio-8197-exec-4] c.s.e.vue.controller.EmployeeController  : 1-------------findAllEmployees-----------------------------Tue May 07 22:10:40 KST 2019
2019-05-07 22:10:41.290  INFO 38348 --- [io-8197-exec-10] c.s.e.vue.controller.EmployeeController  : 1-------------findAllDepCounts-----------------------------Tue May 07 22:10:41 KST 2019
2019-05-07 22:10:41.834  INFO 38348 --- [io-8197-exec-13] c.s.e.vue.controller.EmployeeController  : 1-------------findDepartmentsBydeptid-----------------------------Tue May 07 22:10:41 KST 2019
2019-05-07 22:10:42.036  INFO 38348 --- [nio-8197-exec-8] c.s.e.vue.controller.EmployeeController  : 1-------------findDepartmentsBydeptid-----------------------------Tue May 07 22:10:42 KST 2019
2019-05-07 22:10:42.633  INFO 38348 --- [io-8197-exec-11] c.s.e.vue.controller.EmployeeController  : 1-------------findDepartmentsBydeptid-----------------------------Tue May 07 22:10:42 KST 2019
2019-05-07 22:10:42.668  INFO 38348 --- [nio-8197-exec-1] c.s.e.vue.controller.EmployeeController  : 1-------------findDepartmentsBydeptid-----------------------------Tue May 07 22:10:42 KST 2019
2019-05-07 22:10:42.754  INFO 38348 --- [io-8197-exec-12] c.s.e.vue.controller.EmployeeController  : 1-------------findDepartmentsBydeptid-----------------------------Tue May 07 22:10:42 KST 2019
2019-05-07 22:10:43.180  INFO 38348 --- [nio-8197-exec-3] c.s.e.vue.controller.EmployeeController  : 1-------------findDepartmentsBydeptid-----------------------------Tue May 07 22:10:43 KST 2019
2019-05-07 22:10:43.188  INFO 38348 --- [io-8197-exec-14] c.s.e.vue.controller.EmployeeController  : 1-------------findDepartmentsBydeptid-----------------------------Tue May 07 22:10:43 KST 2019
2019-05-07 22:10:43.275  INFO 38348 --- [io-8197-exec-15] c.s.e.vue.controller.EmployeeController  : 1-------------findDepartmentsBydeptid-----------------------------Tue May 07 22:10:43 KST 2019
2019-05-07 22:10:43.286  INFO 38348 --- [nio-8197-exec-4] c.s.e.vue.controller.EmployeeController  : 1-------------findDepartmentsBydeptid-----------------------------Tue May 07 22:10:43 KST 2019
2019-05-07 22:10:43.347  INFO 38348 --- [io-8197-exec-10] c.s.e.vue.controller.EmployeeController  : 1-------------findDepartmentsBydeptid-----------------------------Tue May 07 22:10:43 KST 2019
2019-05-07 22:10:43.476  INFO 38348 --- [io-8197-exec-13] c.s.e.vue.controller.EmployeeController  : 1-------------findDepartmentsBydeptid-----------------------------Tue May 07 22:10:43 KST 2019
2019-05-07 22:10:43.487  INFO 38348 --- [nio-8197-exec-8] c.s.e.vue.controller.EmployeeController  : 1-------------findDepartmentsBydeptid-----------------------------Tue May 07 22:10:43 KST 2019
2019-05-07 22:10:43.586  INFO 38348 --- [io-8197-exec-11] c.s.e.vue.controller.EmployeeController  : 1-------------findDepartmentsBydeptid-----------------------------Tue May 07 22:10:43 KST 2019
2019-05-07 22:10:43.733  INFO 38348 --- [nio-8197-exec-1] c.s.e.vue.controller.EmployeeController  : 1-------------findDepartmentsBydeptid-----------------------------Tue May 07 22:10:43 KST 2019
2019-05-07 22:10:43.797  INFO 38348 --- [io-8197-exec-12] c.s.e.vue.controller.EmployeeController  : 1-------------findDepartmentsBydeptid-----------------------------Tue May 07 22:10:43 KST 2019
2019-05-07 22:10:44.346  INFO 38348 --- [nio-8197-exec-3] c.s.e.vue.controller.EmployeeController  : 1-------------findDepartmentsBydeptid-----------------------------Tue May 07 22:10:44 KST 2019
2019-05-07 22:10:44.386  INFO 38348 --- [io-8197-exec-14] c.s.e.vue.controller.EmployeeController  : 1-------------findDepartmentsBydeptid-----------------------------Tue May 07 22:10:44 KST 2019
2019-05-07 22:10:44.721  INFO 38348 --- [io-8197-exec-15] c.s.e.vue.controller.EmployeeController  : 1-------------findDepartmentsBydeptid-----------------------------Tue May 07 22:10:44 KST 2019
2019-05-07 22:10:44.777  INFO 38348 --- [nio-8197-exec-4] c.s.e.vue.controller.EmployeeController  : 1-------------findDepartmentsBydeptid-----------------------------Tue May 07 22:10:44 KST 2019
2019-05-07 22:10:44.844  INFO 38348 --- [io-8197-exec-10] c.s.e.vue.controller.EmployeeController  : 1-------------findDepartmentsBydeptid-----------------------------Tue May 07 22:10:44 KST 2019
2019-05-07 22:10:45.414  INFO 38348 --- [io-8197-exec-13] c.s.e.vue.controller.EmployeeController  : 1-------------findDepartmentsBydeptid-----------------------------Tue May 07 22:10:45 KST 2019
2019-05-07 22:10:45.718  INFO 38348 --- [nio-8197-exec-8] c.s.e.vue.controller.EmployeeController  : 1-------------findDepartmentsBydeptid-----------------------------Tue May 07 22:10:45 KST 2019
2019-05-07 22:10:46.045  INFO 38348 --- [io-8197-exec-11] c.s.e.vue.controller.EmployeeController  : 1-------------findDepartmentsBydeptid-----------------------------Tue May 07 22:10:46 KST 2019
2019-05-07 22:10:46.219  INFO 38348 --- [nio-8197-exec-1] c.s.e.vue.controller.EmployeeController  : 1-------------findDepartmentsBydeptid-----------------------------Tue May 07 22:10:46 KST 2019
2019-05-07 22:10:46.270  INFO 38348 --- [io-8197-exec-12] c.s.e.vue.controller.EmployeeController  : 1-------------findDepartmentsBydeptid-----------------------------Tue May 07 22:10:46 KST 2019
2019-05-07 22:10:46.424  INFO 38348 --- [nio-8197-exec-3] c.s.e.vue.controller.EmployeeController  : 1-------------findDepartmentsBydeptid-----------------------------Tue May 07 22:10:46 KST 2019
2019-05-07 22:10:46.504  INFO 38348 --- [io-8197-exec-14] c.s.e.vue.controller.EmployeeController  : 1-------------findDepartmentsBydeptid-----------------------------Tue May 07 22:10:46 KST 2019
2019-05-07 22:10:46.594  INFO 38348 --- [io-8197-exec-15] c.s.e.vue.controller.EmployeeController  : 1-------------findDepartmentsBydeptid-----------------------------Tue May 07 22:10:46 KST 2019
2019-05-07 22:10:58.221  INFO 38348 --- [nio-8197-exec-4] c.s.e.vue.controller.EmployeeController  : 1-------------findDepartmentsBydeptid-----------------------------Tue May 07 22:10:58 KST 2019
2019-05-07 22:11:55.558  INFO 38348 --- [io-8197-exec-13] c.s.e.vue.controller.EmployeeController  : 1-------------findDepartmentsBydeptid-----------------------------Tue May 07 22:11:55 KST 2019
2019-05-07 22:11:55.587  INFO 38348 --- [nio-8197-exec-8] c.s.e.vue.controller.EmployeeController  : 1-------------findDepartmentsBydeptid-----------------------------Tue May 07 22:11:55 KST 2019
2019-05-07 22:11:55.625  INFO 38348 --- [io-8197-exec-11] c.s.e.vue.controller.EmployeeController  : 1-------------findDepartmentsBydeptid-----------------------------Tue May 07 22:11:55 KST 2019
2019-05-07 22:11:55.759  INFO 38348 --- [nio-8197-exec-1] c.s.e.vue.controller.EmployeeController  : 1-------------findDepartmentsBydeptid-----------------------------Tue May 07 22:11:55 KST 2019
2019-05-07 22:11:56.761  INFO 38348 --- [io-8197-exec-12] c.s.e.vue.controller.EmployeeController  : 1-------------findAllEmployees-----------------------------Tue May 07 22:11:56 KST 2019
2019-05-07 22:11:58.514  INFO 38348 --- [nio-8197-exec-3] c.s.e.vue.controller.EmployeeController  : 1-------------findAllDepCounts-----------------------------Tue May 07 22:11:58 KST 2019
2019-05-07 22:11:58.720  INFO 38348 --- [io-8197-exec-14] c.s.e.vue.controller.EmployeeController  : 1-------------findDepartmentsBydeptid-----------------------------Tue May 07 22:11:58 KST 2019
2019-05-07 22:11:58.849  INFO 38348 --- [io-8197-exec-15] c.s.e.vue.controller.EmployeeController  : 1-------------findDepartmentsBydeptid-----------------------------Tue May 07 22:11:58 KST 2019
2019-05-07 22:12:03.656  INFO 38348 --- [nio-8197-exec-4] c.s.e.vue.controller.EmployeeController  : 1-------------findDepartmentsBydeptid-----------------------------Tue May 07 22:12:03 KST 2019
2019-05-07 22:12:03.675  INFO 38348 --- [io-8197-exec-10] c.s.e.vue.controller.EmployeeController  : 1-------------findDepartmentsBydeptid-----------------------------Tue May 07 22:12:03 KST 2019
2019-05-07 22:12:04.347  INFO 38348 --- [io-8197-exec-13] c.s.e.vue.controller.EmployeeController  : 1-------------findDepartmentsBydeptid-----------------------------Tue May 07 22:12:04 KST 2019
2019-05-07 22:12:04.356  INFO 38348 --- [nio-8197-exec-8] c.s.e.vue.controller.EmployeeController  : 1-------------findDepartmentsBydeptid-----------------------------Tue May 07 22:12:04 KST 2019
2019-05-07 22:12:04.370  INFO 38348 --- [io-8197-exec-11] c.s.e.vue.controller.EmployeeController  : 1-------------findDepartmentsBydeptid-----------------------------Tue May 07 22:12:04 KST 2019
2019-05-07 22:12:04.399  INFO 38348 --- [nio-8197-exec-1] c.s.e.vue.controller.EmployeeController  : 1-------------findDepartmentsBydeptid-----------------------------Tue May 07 22:12:04 KST 2019
2019-05-07 22:12:04.434  INFO 38348 --- [io-8197-exec-12] c.s.e.vue.controller.EmployeeController  : 1-------------findDepartmentsBydeptid-----------------------------Tue May 07 22:12:04 KST 2019
2019-05-07 22:12:04.465  INFO 38348 --- [nio-8197-exec-3] c.s.e.vue.controller.EmployeeController  : 1-------------findDepartmentsBydeptid-----------------------------Tue May 07 22:12:04 KST 2019
2019-05-07 22:12:04.684  INFO 38348 --- [io-8197-exec-14] c.s.e.vue.controller.EmployeeController  : 1-------------findDepartmentsBydeptid-----------------------------Tue May 07 22:12:04 KST 2019
2019-05-07 22:12:04.908  INFO 38348 --- [io-8197-exec-15] c.s.e.vue.controller.EmployeeController  : 1-------------findDepartmentsBydeptid-----------------------------Tue May 07 22:12:04 KST 2019
2019-05-07 22:12:05.225  INFO 38348 --- [nio-8197-exec-4] c.s.e.vue.controller.EmployeeController  : 1-------------findDepartmentsBydeptid-----------------------------Tue May 07 22:12:05 KST 2019
2019-05-07 22:12:05.280  INFO 38348 --- [io-8197-exec-10] c.s.e.vue.controller.EmployeeController  : 1-------------findDepartmentsBydeptid-----------------------------Tue May 07 22:12:05 KST 2019
2019-05-07 22:12:05.465  INFO 38348 --- [io-8197-exec-13] c.s.e.vue.controller.EmployeeController  : 1-------------findDepartmentsBydeptid-----------------------------Tue May 07 22:12:05 KST 2019
2019-05-07 22:12:05.606  INFO 38348 --- [nio-8197-exec-8] c.s.e.vue.controller.EmployeeController  : 1-------------findDepartmentsBydeptid-----------------------------Tue May 07 22:12:05 KST 2019
2019-05-07 22:12:05.928  INFO 38348 --- [io-8197-exec-11] c.s.e.vue.controller.EmployeeController  : 1-------------findDepartmentsBydeptid-----------------------------Tue May 07 22:12:05 KST 2019
2019-05-07 22:12:05.952  INFO 38348 --- [io-8197-exec-12] c.s.e.vue.controller.EmployeeController  : 1-------------findDepartmentsBydeptid-----------------------------Tue May 07 22:12:05 KST 2019
2019-05-07 22:12:05.974  INFO 38348 --- [nio-8197-exec-1] c.s.e.vue.controller.EmployeeController  : 1-------------findDepartmentsBydeptid-----------------------------Tue May 07 22:12:05 KST 2019
2019-05-07 22:12:06.012  INFO 38348 --- [nio-8197-exec-3] c.s.e.vue.controller.EmployeeController  : 1-------------findDepartmentsBydeptid-----------------------------Tue May 07 22:12:06 KST 2019
2019-05-07 22:12:06.034  INFO 38348 --- [io-8197-exec-14] c.s.e.vue.controller.EmployeeController  : 1-------------findDepartmentsBydeptid-----------------------------Tue May 07 22:12:06 KST 2019
2019-05-07 22:12:06.081  INFO 38348 --- [io-8197-exec-15] c.s.e.vue.controller.EmployeeController  : 1-------------findDepartmentsBydeptid-----------------------------Tue May 07 22:12:06 KST 2019
2019-05-07 22:12:06.102  INFO 38348 --- [nio-8197-exec-4] c.s.e.vue.controller.EmployeeController  : 1-------------findDepartmentsBydeptid-----------------------------Tue May 07 22:12:06 KST 2019
2019-05-07 22:12:06.127  INFO 38348 --- [io-8197-exec-10] c.s.e.vue.controller.EmployeeController  : 1-------------findDepartmentsBydeptid-----------------------------Tue May 07 22:12:06 KST 2019
2019-05-07 22:12:06.180  INFO 38348 --- [io-8197-exec-13] c.s.e.vue.controller.EmployeeController  : 1-------------findDepartmentsBydeptid-----------------------------Tue May 07 22:12:06 KST 2019
2019-05-07 22:12:06.832  INFO 38348 --- [nio-8197-exec-8] c.s.e.vue.controller.EmployeeController  : 1-------------findAllEmployees-----------------------------Tue May 07 22:12:06 KST 2019
2019-05-07 22:12:11.408  INFO 38348 --- [io-8197-exec-11] c.s.e.vue.controller.EmployeeController  : 1-------------findAllEmployees-----------------------------Tue May 07 22:12:11 KST 2019
2019-05-07 22:12:18.080  INFO 38348 --- [io-8197-exec-12] c.s.e.vue.controller.EmployeeController  : 1-------------findAllEmployees-----------------------------Tue May 07 22:12:18 KST 2019
2019-05-07 22:12:23.376  INFO 38348 --- [nio-8197-exec-1] c.s.e.vue.controller.EmployeeController  : 1-------------findAllEmployees-----------------------------Tue May 07 22:12:23 KST 2019
2019-05-07 22:12:23.392  INFO 38348 --- [nio-8197-exec-3] c.s.e.vue.controller.EmployeeController  : 1-------------findEmployeesByManagerId-----------------------------Tue May 07 22:12:23 KST 2019
2019-05-07 22:14:41.116  INFO 38348 --- [nio-8197-exec-4] c.s.e.vue.controller.EmployeeController  : 1-------------findAllEmployees-----------------------------Tue May 07 22:14:41 KST 2019
2019-05-07 22:14:41.132  INFO 38348 --- [io-8197-exec-10] c.s.e.vue.controller.EmployeeController  : 4-------------findAllDepartments-----------------------------Tue May 07 22:14:41 KST 2019
2019-05-07 22:14:41.173  INFO 38348 --- [io-8197-exec-13] c.s.e.vue.controller.EmployeeController  : 6-------------findAllTitles-----------------------------Tue May 07 22:14:41 KST 2019
2019-05-07 22:15:55.834  INFO 38348 --- [io-8197-exec-11] c.s.e.vue.controller.EmployeeController  : 1-------------findAllEmployees-----------------------------Tue May 07 22:15:55 KST 2019
2019-05-07 22:58:28.230  INFO 38348 --- [nio-8197-exec-1] c.s.e.vue.controller.EmployeeController  : 1-------------findAllDepCounts-----------------------------Tue May 07 22:58:28 KST 2019
2019-05-07 22:58:28.680  INFO 38348 --- [nio-8197-exec-3] c.s.e.vue.controller.EmployeeController  : 1-------------findDepartmentsBydeptid-----------------------------Tue May 07 22:58:28 KST 2019
2019-05-07 22:58:28.738  INFO 38348 --- [io-8197-exec-14] c.s.e.vue.controller.EmployeeController  : 1-------------findDepartmentsBydeptid-----------------------------Tue May 07 22:58:28 KST 2019
2019-05-07 22:58:28.802  INFO 38348 --- [io-8197-exec-15] c.s.e.vue.controller.EmployeeController  : 1-------------findDepartmentsBydeptid-----------------------------Tue May 07 22:58:28 KST 2019
2019-05-07 22:58:28.925  INFO 38348 --- [nio-8197-exec-4] c.s.e.vue.controller.EmployeeController  : 1-------------findDepartmentsBydeptid-----------------------------Tue May 07 22:58:28 KST 2019
2019-05-07 22:58:29.532  INFO 38348 --- [io-8197-exec-10] c.s.e.vue.controller.EmployeeController  : 1-------------findDepartmentsBydeptid-----------------------------Tue May 07 22:58:29 KST 2019
2019-05-07 22:58:29.565  INFO 38348 --- [io-8197-exec-13] c.s.e.vue.controller.EmployeeController  : 1-------------findDepartmentsBydeptid-----------------------------Tue May 07 22:58:29 KST 2019
2019-05-07 22:58:29.599  INFO 38348 --- [nio-8197-exec-8] c.s.e.vue.controller.EmployeeController  : 1-------------findDepartmentsBydeptid-----------------------------Tue May 07 22:58:29 KST 2019
2019-05-07 22:58:29.643  INFO 38348 --- [io-8197-exec-11] c.s.e.vue.controller.EmployeeController  : 1-------------findDepartmentsBydeptid-----------------------------Tue May 07 22:58:29 KST 2019
2019-05-07 22:58:30.242  INFO 38348 --- [io-8197-exec-12] c.s.e.vue.controller.EmployeeController  : 1-------------findDepartmentsBydeptid-----------------------------Tue May 07 22:58:30 KST 2019
2019-05-07 22:58:30.323  INFO 38348 --- [nio-8197-exec-1] c.s.e.vue.controller.EmployeeController  : 1-------------findDepartmentsBydeptid-----------------------------Tue May 07 22:58:30 KST 2019
2019-05-07 22:58:30.497  INFO 38348 --- [nio-8197-exec-3] c.s.e.vue.controller.EmployeeController  : 1-------------findDepartmentsBydeptid-----------------------------Tue May 07 22:58:30 KST 2019
2019-05-07 22:58:30.506  INFO 38348 --- [io-8197-exec-14] c.s.e.vue.controller.EmployeeController  : 1-------------findDepartmentsBydeptid-----------------------------Tue May 07 22:58:30 KST 2019
2019-05-07 22:58:30.630  INFO 38348 --- [io-8197-exec-15] c.s.e.vue.controller.EmployeeController  : 1-------------findDepartmentsBydeptid-----------------------------Tue May 07 22:58:30 KST 2019
2019-05-07 22:58:30.648  INFO 38348 --- [nio-8197-exec-4] c.s.e.vue.controller.EmployeeController  : 1-------------findDepartmentsBydeptid-----------------------------Tue May 07 22:58:30 KST 2019
2019-05-07 22:58:30.985  INFO 38348 --- [io-8197-exec-10] c.s.e.vue.controller.EmployeeController  : 1-------------findDepartmentsBydeptid-----------------------------Tue May 07 22:58:30 KST 2019
2019-05-07 22:58:31.235  INFO 38348 --- [io-8197-exec-13] c.s.e.vue.controller.EmployeeController  : 1-------------findDepartmentsBydeptid-----------------------------Tue May 07 22:58:31 KST 2019
2019-05-07 22:58:31.520  INFO 38348 --- [nio-8197-exec-8] c.s.e.vue.controller.EmployeeController  : 1-------------findDepartmentsBydeptid-----------------------------Tue May 07 22:58:31 KST 2019
2019-05-07 22:58:32.226  INFO 38348 --- [io-8197-exec-11] c.s.e.vue.controller.EmployeeController  : 1-------------findDepartmentsBydeptid-----------------------------Tue May 07 22:58:32 KST 2019
2019-05-07 23:01:23.272  INFO 38348 --- [nio-8197-exec-1] c.s.e.vue.controller.EmployeeController  : 1-------------findDepartmentsBydeptid-----------------------------Tue May 07 23:01:23 KST 2019
2019-05-07 23:01:23.280  INFO 38348 --- [nio-8197-exec-3] c.s.e.vue.controller.EmployeeController  : 1-------------findDepartmentsBydeptid-----------------------------Tue May 07 23:01:23 KST 2019
2019-05-07 23:01:24.252  INFO 38348 --- [io-8197-exec-14] c.s.e.vue.controller.EmployeeController  : 1-------------findDepartmentsBydeptid-----------------------------Tue May 07 23:01:24 KST 2019
2019-05-07 23:01:27.204  INFO 38348 --- [io-8197-exec-15] c.s.e.vue.controller.EmployeeController  : 1-------------findDepartmentsBydeptid-----------------------------Tue May 07 23:01:27 KST 2019
2019-05-07 23:01:27.216  INFO 38348 --- [nio-8197-exec-4] c.s.e.vue.controller.EmployeeController  : 1-------------findDepartmentsBydeptid-----------------------------Tue May 07 23:01:27 KST 2019
2019-05-07 23:01:27.233  INFO 38348 --- [io-8197-exec-10] c.s.e.vue.controller.EmployeeController  : 1-------------findDepartmentsBydeptid-----------------------------Tue May 07 23:01:27 KST 2019
2019-05-07 23:01:28.036  INFO 38348 --- [io-8197-exec-13] c.s.e.vue.controller.EmployeeController  : 1-------------findDepartmentsBydeptid-----------------------------Tue May 07 23:01:28 KST 2019
2019-05-07 23:01:28.085  INFO 38348 --- [nio-8197-exec-8] c.s.e.vue.controller.EmployeeController  : 1-------------findDepartmentsBydeptid-----------------------------Tue May 07 23:01:28 KST 2019
2019-05-07 23:01:28.154  INFO 38348 --- [io-8197-exec-11] c.s.e.vue.controller.EmployeeController  : 1-------------findDepartmentsBydeptid-----------------------------Tue May 07 23:01:28 KST 2019
2019-05-07 23:01:28.169  INFO 38348 --- [io-8197-exec-12] c.s.e.vue.controller.EmployeeController  : 1-------------findDepartmentsBydeptid-----------------------------Tue May 07 23:01:28 KST 2019
2019-05-07 23:01:28.228  INFO 38348 --- [nio-8197-exec-1] c.s.e.vue.controller.EmployeeController  : 1-------------findDepartmentsBydeptid-----------------------------Tue May 07 23:01:28 KST 2019
2019-05-07 23:01:28.400  INFO 38348 --- [nio-8197-exec-3] c.s.e.vue.controller.EmployeeController  : 1-------------findDepartmentsBydeptid-----------------------------Tue May 07 23:01:28 KST 2019
2019-05-07 23:01:28.463  INFO 38348 --- [io-8197-exec-14] c.s.e.vue.controller.EmployeeController  : 1-------------findDepartmentsBydeptid-----------------------------Tue May 07 23:01:28 KST 2019
2019-05-07 23:01:28.472  INFO 38348 --- [io-8197-exec-15] c.s.e.vue.controller.EmployeeController  : 1-------------findDepartmentsBydeptid-----------------------------Tue May 07 23:01:28 KST 2019
2019-05-07 23:01:28.656  INFO 38348 --- [nio-8197-exec-4] c.s.e.vue.controller.EmployeeController  : 1-------------findDepartmentsBydeptid-----------------------------Tue May 07 23:01:28 KST 2019
2019-05-07 23:01:30.983  INFO 38348 --- [io-8197-exec-10] c.s.e.vue.controller.EmployeeController  : 1-------------findDepartmentsBydeptid-----------------------------Tue May 07 23:01:30 KST 2019
2019-05-07 23:01:31.206  INFO 38348 --- [io-8197-exec-13] c.s.e.vue.controller.EmployeeController  : 1-------------findDepartmentsBydeptid-----------------------------Tue May 07 23:01:31 KST 2019
2019-05-07 23:01:31.220  INFO 38348 --- [nio-8197-exec-8] c.s.e.vue.controller.EmployeeController  : 1-------------findDepartmentsBydeptid-----------------------------Tue May 07 23:01:31 KST 2019
2019-05-07 23:01:31.281  INFO 38348 --- [io-8197-exec-11] c.s.e.vue.controller.EmployeeController  : 1-------------findDepartmentsBydeptid-----------------------------Tue May 07 23:01:31 KST 2019
2019-05-07 23:01:31.338  INFO 38348 --- [io-8197-exec-12] c.s.e.vue.controller.EmployeeController  : 1-------------findDepartmentsBydeptid-----------------------------Tue May 07 23:01:31 KST 2019
2019-05-07 23:01:31.363  INFO 38348 --- [nio-8197-exec-1] c.s.e.vue.controller.EmployeeController  : 1-------------findDepartmentsBydeptid-----------------------------Tue May 07 23:01:31 KST 2019
2019-05-07 23:01:31.442  INFO 38348 --- [nio-8197-exec-3] c.s.e.vue.controller.EmployeeController  : 1-------------findDepartmentsBydeptid-----------------------------Tue May 07 23:01:31 KST 2019
2019-05-07 23:01:31.475  INFO 38348 --- [io-8197-exec-14] c.s.e.vue.controller.EmployeeController  : 1-------------findDepartmentsBydeptid-----------------------------Tue May 07 23:01:31 KST 2019
2019-05-07 23:01:31.481  INFO 38348 --- [io-8197-exec-15] c.s.e.vue.controller.EmployeeController  : 1-------------findDepartmentsBydeptid-----------------------------Tue May 07 23:01:31 KST 2019
2019-05-07 23:01:31.554  INFO 38348 --- [nio-8197-exec-4] c.s.e.vue.controller.EmployeeController  : 1-------------findDepartmentsBydeptid-----------------------------Tue May 07 23:01:31 KST 2019
2019-05-07 23:01:31.597  INFO 38348 --- [io-8197-exec-10] c.s.e.vue.controller.EmployeeController  : 1-------------findDepartmentsBydeptid-----------------------------Tue May 07 23:01:31 KST 2019
2019-05-07 23:01:31.764  INFO 38348 --- [io-8197-exec-13] c.s.e.vue.controller.EmployeeController  : 1-------------findDepartmentsBydeptid-----------------------------Tue May 07 23:01:31 KST 2019
2019-05-07 23:01:31.778  INFO 38348 --- [nio-8197-exec-8] c.s.e.vue.controller.EmployeeController  : 1-------------findDepartmentsBydeptid-----------------------------Tue May 07 23:01:31 KST 2019
2019-05-07 23:01:31.791  INFO 38348 --- [io-8197-exec-11] c.s.e.vue.controller.EmployeeController  : 1-------------findDepartmentsBydeptid-----------------------------Tue May 07 23:01:31 KST 2019
2019-05-07 23:01:31.795  INFO 38348 --- [io-8197-exec-12] c.s.e.vue.controller.EmployeeController  : 1-------------findDepartmentsBydeptid-----------------------------Tue May 07 23:01:31 KST 2019
2019-05-07 23:01:31.800  INFO 38348 --- [nio-8197-exec-1] c.s.e.vue.controller.EmployeeController  : 1-------------findDepartmentsBydeptid-----------------------------Tue May 07 23:01:31 KST 2019
2019-05-07 23:01:31.813  INFO 38348 --- [nio-8197-exec-3] c.s.e.vue.controller.EmployeeController  : 1-------------findDepartmentsBydeptid-----------------------------Tue May 07 23:01:31 KST 2019
2019-05-07 23:01:31.835  INFO 38348 --- [io-8197-exec-14] c.s.e.vue.controller.EmployeeController  : 1-------------findDepartmentsBydeptid-----------------------------Tue May 07 23:01:31 KST 2019
2019-05-07 23:01:31.953  INFO 38348 --- [io-8197-exec-15] c.s.e.vue.controller.EmployeeController  : 1-------------findDepartmentsBydeptid-----------------------------Tue May 07 23:01:31 KST 2019
2019-05-07 23:01:31.982  INFO 38348 --- [nio-8197-exec-4] c.s.e.vue.controller.EmployeeController  : 1-------------findDepartmentsBydeptid-----------------------------Tue May 07 23:01:31 KST 2019
2019-05-07 23:01:32.089  INFO 38348 --- [io-8197-exec-10] c.s.e.vue.controller.EmployeeController  : 1-------------findDepartmentsBydeptid-----------------------------Tue May 07 23:01:32 KST 2019
2019-05-07 23:01:32.115  INFO 38348 --- [io-8197-exec-13] c.s.e.vue.controller.EmployeeController  : 1-------------findDepartmentsBydeptid-----------------------------Tue May 07 23:01:32 KST 2019
2019-05-07 23:01:32.123  INFO 38348 --- [nio-8197-exec-8] c.s.e.vue.controller.EmployeeController  : 1-------------findDepartmentsBydeptid-----------------------------Tue May 07 23:01:32 KST 2019
2019-05-07 23:01:32.145  INFO 38348 --- [io-8197-exec-11] c.s.e.vue.controller.EmployeeController  : 1-------------findDepartmentsBydeptid-----------------------------Tue May 07 23:01:32 KST 2019
2019-05-07 23:01:32.155  INFO 38348 --- [io-8197-exec-12] c.s.e.vue.controller.EmployeeController  : 1-------------findDepartmentsBydeptid-----------------------------Tue May 07 23:01:32 KST 2019
2019-05-07 23:01:32.180  INFO 38348 --- [nio-8197-exec-1] c.s.e.vue.controller.EmployeeController  : 1-------------findDepartmentsBydeptid-----------------------------Tue May 07 23:01:32 KST 2019
2019-05-07 23:01:32.226  INFO 38348 --- [nio-8197-exec-3] c.s.e.vue.controller.EmployeeController  : 1-------------findDepartmentsBydeptid-----------------------------Tue May 07 23:01:32 KST 2019
2019-05-07 23:01:32.308  INFO 38348 --- [io-8197-exec-14] c.s.e.vue.controller.EmployeeController  : 1-------------findDepartmentsBydeptid-----------------------------Tue May 07 23:01:32 KST 2019
2019-05-07 23:01:32.469  INFO 38348 --- [io-8197-exec-15] c.s.e.vue.controller.EmployeeController  : 1-------------findDepartmentsBydeptid-----------------------------Tue May 07 23:01:32 KST 2019
2019-05-07 23:01:32.633  INFO 38348 --- [nio-8197-exec-4] c.s.e.vue.controller.EmployeeController  : 1-------------findDepartmentsBydeptid-----------------------------Tue May 07 23:01:32 KST 2019
2019-05-07 23:01:32.747  INFO 38348 --- [io-8197-exec-10] c.s.e.vue.controller.EmployeeController  : 1-------------findDepartmentsBydeptid-----------------------------Tue May 07 23:01:32 KST 2019
2019-05-07 23:01:32.855  INFO 38348 --- [io-8197-exec-13] c.s.e.vue.controller.EmployeeController  : 1-------------findDepartmentsBydeptid-----------------------------Tue May 07 23:01:32 KST 2019
2019-05-07 23:01:32.964  INFO 38348 --- [nio-8197-exec-8] c.s.e.vue.controller.EmployeeController  : 1-------------findDepartmentsBydeptid-----------------------------Tue May 07 23:01:32 KST 2019
2019-05-07 23:01:33.033  INFO 38348 --- [io-8197-exec-11] c.s.e.vue.controller.EmployeeController  : 1-------------findDepartmentsBydeptid-----------------------------Tue May 07 23:01:33 KST 2019
2019-05-07 23:01:33.269  INFO 38348 --- [io-8197-exec-12] c.s.e.vue.controller.EmployeeController  : 1-------------findDepartmentsBydeptid-----------------------------Tue May 07 23:01:33 KST 2019
2019-05-07 23:01:33.526  INFO 38348 --- [nio-8197-exec-1] c.s.e.vue.controller.EmployeeController  : 1-------------findDepartmentsBydeptid-----------------------------Tue May 07 23:01:33 KST 2019
2019-05-07 23:01:33.946  INFO 38348 --- [nio-8197-exec-3] c.s.e.vue.controller.EmployeeController  : 1-------------findDepartmentsBydeptid-----------------------------Tue May 07 23:01:33 KST 2019
2019-05-07 23:01:33.996  INFO 38348 --- [io-8197-exec-14] c.s.e.vue.controller.EmployeeController  : 1-------------findDepartmentsBydeptid-----------------------------Tue May 07 23:01:33 KST 2019
2019-05-07 23:01:34.306  INFO 38348 --- [io-8197-exec-15] c.s.e.vue.controller.EmployeeController  : 1-------------findDepartmentsBydeptid-----------------------------Tue May 07 23:01:34 KST 2019
2019-05-07 23:01:34.757  INFO 38348 --- [nio-8197-exec-4] c.s.e.vue.controller.EmployeeController  : 1-------------findDepartmentsBydeptid-----------------------------Tue May 07 23:01:34 KST 2019
2019-05-07 23:01:34.791  INFO 38348 --- [io-8197-exec-10] c.s.e.vue.controller.EmployeeController  : 1-------------findDepartmentsBydeptid-----------------------------Tue May 07 23:01:34 KST 2019
2019-05-07 23:01:34.802  INFO 38348 --- [io-8197-exec-13] c.s.e.vue.controller.EmployeeController  : 1-------------findDepartmentsBydeptid-----------------------------Tue May 07 23:01:34 KST 2019
2019-05-07 23:01:34.834  INFO 38348 --- [nio-8197-exec-8] c.s.e.vue.controller.EmployeeController  : 1-------------findDepartmentsBydeptid-----------------------------Tue May 07 23:01:34 KST 2019
2019-05-07 23:01:34.844  INFO 38348 --- [io-8197-exec-11] c.s.e.vue.controller.EmployeeController  : 1-------------findDepartmentsBydeptid-----------------------------Tue May 07 23:01:34 KST 2019
2019-05-07 23:01:34.910  INFO 38348 --- [io-8197-exec-12] c.s.e.vue.controller.EmployeeController  : 1-------------findDepartmentsBydeptid-----------------------------Tue May 07 23:01:34 KST 2019
2019-05-07 23:01:34.923  INFO 38348 --- [nio-8197-exec-1] c.s.e.vue.controller.EmployeeController  : 1-------------findDepartmentsBydeptid-----------------------------Tue May 07 23:01:34 KST 2019
2019-05-07 23:01:34.949  INFO 38348 --- [nio-8197-exec-3] c.s.e.vue.controller.EmployeeController  : 1-------------findDepartmentsBydeptid-----------------------------Tue May 07 23:01:34 KST 2019
2019-05-07 23:01:34.991  INFO 38348 --- [io-8197-exec-14] c.s.e.vue.controller.EmployeeController  : 1-------------findDepartmentsBydeptid-----------------------------Tue May 07 23:01:34 KST 2019
2019-05-07 23:01:35.080  INFO 38348 --- [io-8197-exec-15] c.s.e.vue.controller.EmployeeController  : 1-------------findDepartmentsBydeptid-----------------------------Tue May 07 23:01:35 KST 2019
2019-05-07 23:01:35.121  INFO 38348 --- [nio-8197-exec-4] c.s.e.vue.controller.EmployeeController  : 1-------------findDepartmentsBydeptid-----------------------------Tue May 07 23:01:35 KST 2019
2019-05-07 23:01:35.177  INFO 38348 --- [io-8197-exec-10] c.s.e.vue.controller.EmployeeController  : 1-------------findDepartmentsBydeptid-----------------------------Tue May 07 23:01:35 KST 2019
2019-05-07 23:01:35.225  INFO 38348 --- [io-8197-exec-13] c.s.e.vue.controller.EmployeeController  : 1-------------findDepartmentsBydeptid-----------------------------Tue May 07 23:01:35 KST 2019
2019-05-07 23:01:35.256  INFO 38348 --- [nio-8197-exec-8] c.s.e.vue.controller.EmployeeController  : 1-------------findDepartmentsBydeptid-----------------------------Tue May 07 23:01:35 KST 2019
2019-05-07 23:01:35.312  INFO 38348 --- [io-8197-exec-11] c.s.e.vue.controller.EmployeeController  : 1-------------findDepartmentsBydeptid-----------------------------Tue May 07 23:01:35 KST 2019
2019-05-07 23:01:35.350  INFO 38348 --- [io-8197-exec-12] c.s.e.vue.controller.EmployeeController  : 1-------------findDepartmentsBydeptid-----------------------------Tue May 07 23:01:35 KST 2019
2019-05-07 23:01:35.457  INFO 38348 --- [nio-8197-exec-1] c.s.e.vue.controller.EmployeeController  : 1-------------findDepartmentsBydeptid-----------------------------Tue May 07 23:01:35 KST 2019
2019-05-07 23:01:35.557  INFO 38348 --- [nio-8197-exec-3] c.s.e.vue.controller.EmployeeController  : 1-------------findDepartmentsBydeptid-----------------------------Tue May 07 23:01:35 KST 2019
2019-05-07 23:01:35.600  INFO 38348 --- [io-8197-exec-14] c.s.e.vue.controller.EmployeeController  : 1-------------findDepartmentsBydeptid-----------------------------Tue May 07 23:01:35 KST 2019
2019-05-07 23:01:35.672  INFO 38348 --- [io-8197-exec-15] c.s.e.vue.controller.EmployeeController  : 1-------------findDepartmentsBydeptid-----------------------------Tue May 07 23:01:35 KST 2019
2019-05-07 23:01:36.462  INFO 38348 --- [nio-8197-exec-4] c.s.e.vue.controller.EmployeeController  : 1-------------findDepartmentsBydeptid-----------------------------Tue May 07 23:01:36 KST 2019
2019-05-07 23:01:36.522  INFO 38348 --- [io-8197-exec-10] c.s.e.vue.controller.EmployeeController  : 1-------------findDepartmentsBydeptid-----------------------------Tue May 07 23:01:36 KST 2019
2019-05-07 23:01:36.634  INFO 38348 --- [io-8197-exec-13] c.s.e.vue.controller.EmployeeController  : 1-------------findDepartmentsBydeptid-----------------------------Tue May 07 23:01:36 KST 2019
2019-05-07 23:01:37.276  INFO 38348 --- [nio-8197-exec-8] c.s.e.vue.controller.EmployeeController  : 1-------------findDepartmentsBydeptid-----------------------------Tue May 07 23:01:37 KST 2019
2019-05-07 23:01:37.326  INFO 38348 --- [io-8197-exec-11] c.s.e.vue.controller.EmployeeController  : 1-------------findDepartmentsBydeptid-----------------------------Tue May 07 23:01:37 KST 2019
2019-05-07 23:01:37.864  INFO 38348 --- [io-8197-exec-12] c.s.e.vue.controller.EmployeeController  : 1-------------findDepartmentsBydeptid-----------------------------Tue May 07 23:01:37 KST 2019
2019-05-07 23:01:37.881  INFO 38348 --- [nio-8197-exec-1] c.s.e.vue.controller.EmployeeController  : 1-------------findDepartmentsBydeptid-----------------------------Tue May 07 23:01:37 KST 2019
2019-05-07 23:01:37.989  INFO 38348 --- [nio-8197-exec-3] c.s.e.vue.controller.EmployeeController  : 1-------------findDepartmentsBydeptid-----------------------------Tue May 07 23:01:37 KST 2019
2019-05-07 23:01:38.104  INFO 38348 --- [io-8197-exec-14] c.s.e.vue.controller.EmployeeController  : 1-------------findDepartmentsBydeptid-----------------------------Tue May 07 23:01:38 KST 2019
2019-05-07 23:01:38.408  INFO 38348 --- [io-8197-exec-15] c.s.e.vue.controller.EmployeeController  : 1-------------findDepartmentsBydeptid-----------------------------Tue May 07 23:01:38 KST 2019
2019-05-07 23:01:39.051  INFO 38348 --- [nio-8197-exec-4] c.s.e.vue.controller.EmployeeController  : 1-------------findDepartmentsBydeptid-----------------------------Tue May 07 23:01:39 KST 2019
2019-05-07 23:01:39.238  INFO 38348 --- [io-8197-exec-10] c.s.e.vue.controller.EmployeeController  : 1-------------findDepartmentsBydeptid-----------------------------Tue May 07 23:01:39 KST 2019
2019-05-07 23:01:39.270  INFO 38348 --- [io-8197-exec-13] c.s.e.vue.controller.EmployeeController  : 1-------------findDepartmentsBydeptid-----------------------------Tue May 07 23:01:39 KST 2019
2019-05-07 23:01:39.418  INFO 38348 --- [nio-8197-exec-8] c.s.e.vue.controller.EmployeeController  : 1-------------findDepartmentsBydeptid-----------------------------Tue May 07 23:01:39 KST 2019
2019-05-07 23:01:39.562  INFO 38348 --- [io-8197-exec-11] c.s.e.vue.controller.EmployeeController  : 1-------------findDepartmentsBydeptid-----------------------------Tue May 07 23:01:39 KST 2019
2019-05-07 23:01:39.586  INFO 38348 --- [io-8197-exec-12] c.s.e.vue.controller.EmployeeController  : 1-------------findDepartmentsBydeptid-----------------------------Tue May 07 23:01:39 KST 2019
2019-05-07 23:01:39.610  INFO 38348 --- [nio-8197-exec-1] c.s.e.vue.controller.EmployeeController  : 1-------------findDepartmentsBydeptid-----------------------------Tue May 07 23:01:39 KST 2019
2019-05-07 23:01:39.620  INFO 38348 --- [nio-8197-exec-3] c.s.e.vue.controller.EmployeeController  : 1-------------findDepartmentsBydeptid-----------------------------Tue May 07 23:01:39 KST 2019
2019-05-07 23:01:39.657  INFO 38348 --- [io-8197-exec-14] c.s.e.vue.controller.EmployeeController  : 1-------------findDepartmentsBydeptid-----------------------------Tue May 07 23:01:39 KST 2019
2019-05-07 23:01:39.773  INFO 38348 --- [io-8197-exec-15] c.s.e.vue.controller.EmployeeController  : 1-------------findDepartmentsBydeptid-----------------------------Tue May 07 23:01:39 KST 2019
2019-05-07 23:01:39.793  INFO 38348 --- [nio-8197-exec-4] c.s.e.vue.controller.EmployeeController  : 1-------------findDepartmentsBydeptid-----------------------------Tue May 07 23:01:39 KST 2019
2019-05-07 23:01:41.627  INFO 38348 --- [io-8197-exec-10] c.s.e.vue.controller.EmployeeController  : 1-------------findDepartmentsBydeptid-----------------------------Tue May 07 23:01:41 KST 2019
2019-05-07 23:01:41.651  INFO 38348 --- [io-8197-exec-13] c.s.e.vue.controller.EmployeeController  : 1-------------findDepartmentsBydeptid-----------------------------Tue May 07 23:01:41 KST 2019
2019-05-07 23:01:41.683  INFO 38348 --- [nio-8197-exec-8] c.s.e.vue.controller.EmployeeController  : 1-------------findDepartmentsBydeptid-----------------------------Tue May 07 23:01:41 KST 2019
2019-05-07 23:01:41.758  INFO 38348 --- [io-8197-exec-11] c.s.e.vue.controller.EmployeeController  : 1-------------findDepartmentsBydeptid-----------------------------Tue May 07 23:01:41 KST 2019
2019-05-07 23:01:41.930  INFO 38348 --- [io-8197-exec-12] c.s.e.vue.controller.EmployeeController  : 1-------------findDepartmentsBydeptid-----------------------------Tue May 07 23:01:41 KST 2019
2019-05-07 23:01:41.963  INFO 38348 --- [nio-8197-exec-1] c.s.e.vue.controller.EmployeeController  : 1-------------findDepartmentsBydeptid-----------------------------Tue May 07 23:01:41 KST 2019
2019-05-07 23:01:41.968  INFO 38348 --- [nio-8197-exec-3] c.s.e.vue.controller.EmployeeController  : 1-------------findDepartmentsBydeptid-----------------------------Tue May 07 23:01:41 KST 2019
2019-05-07 23:01:41.982  INFO 38348 --- [io-8197-exec-14] c.s.e.vue.controller.EmployeeController  : 1-------------findDepartmentsBydeptid-----------------------------Tue May 07 23:01:41 KST 2019
2019-05-07 23:01:41.988  INFO 38348 --- [io-8197-exec-15] c.s.e.vue.controller.EmployeeController  : 1-------------findDepartmentsBydeptid-----------------------------Tue May 07 23:01:41 KST 2019
2019-05-07 23:01:42.002  INFO 38348 --- [nio-8197-exec-4] c.s.e.vue.controller.EmployeeController  : 1-------------findDepartmentsBydeptid-----------------------------Tue May 07 23:01:42 KST 2019
2019-05-07 23:01:42.007  INFO 38348 --- [io-8197-exec-10] c.s.e.vue.controller.EmployeeController  : 1-------------findDepartmentsBydeptid-----------------------------Tue May 07 23:01:42 KST 2019
2019-05-07 23:01:42.031  INFO 38348 --- [io-8197-exec-13] c.s.e.vue.controller.EmployeeController  : 1-------------findDepartmentsBydeptid-----------------------------Tue May 07 23:01:42 KST 2019
2019-05-07 23:01:42.064  INFO 38348 --- [nio-8197-exec-8] c.s.e.vue.controller.EmployeeController  : 1-------------findDepartmentsBydeptid-----------------------------Tue May 07 23:01:42 KST 2019
2019-05-07 23:01:42.088  INFO 38348 --- [io-8197-exec-11] c.s.e.vue.controller.EmployeeController  : 1-------------findDepartmentsBydeptid-----------------------------Tue May 07 23:01:42 KST 2019
2019-05-07 23:01:42.104  INFO 38348 --- [io-8197-exec-12] c.s.e.vue.controller.EmployeeController  : 1-------------findDepartmentsBydeptid-----------------------------Tue May 07 23:01:42 KST 2019
2019-05-07 23:01:42.482  INFO 38348 --- [nio-8197-exec-1] c.s.e.vue.controller.EmployeeController  : 1-------------findDepartmentsBydeptid-----------------------------Tue May 07 23:01:42 KST 2019
2019-05-07 23:01:42.493  INFO 38348 --- [nio-8197-exec-3] c.s.e.vue.controller.EmployeeController  : 1-------------findDepartmentsBydeptid-----------------------------Tue May 07 23:01:42 KST 2019
2019-05-07 23:01:42.500  INFO 38348 --- [io-8197-exec-14] c.s.e.vue.controller.EmployeeController  : 1-------------findDepartmentsBydeptid-----------------------------Tue May 07 23:01:42 KST 2019
2019-05-07 23:01:42.709  INFO 38348 --- [io-8197-exec-15] c.s.e.vue.controller.EmployeeController  : 1-------------findDepartmentsBydeptid-----------------------------Tue May 07 23:01:42 KST 2019
2019-05-07 23:01:42.728  INFO 38348 --- [nio-8197-exec-4] c.s.e.vue.controller.EmployeeController  : 1-------------findDepartmentsBydeptid-----------------------------Tue May 07 23:01:42 KST 2019
2019-05-07 23:01:42.816  INFO 38348 --- [io-8197-exec-10] c.s.e.vue.controller.EmployeeController  : 1-------------findDepartmentsBydeptid-----------------------------Tue May 07 23:01:42 KST 2019
2019-05-07 23:01:43.414  INFO 38348 --- [io-8197-exec-13] c.s.e.vue.controller.EmployeeController  : 1-------------findAllEmployees-----------------------------Tue May 07 23:01:43 KST 2019
2019-05-07 23:01:46.058  INFO 38348 --- [io-8197-exec-11] c.s.e.vue.controller.EmployeeController  : 1-------------findEmployeesByManagerId-----------------------------Tue May 07 23:01:46 KST 2019
2019-05-07 23:01:46.063  INFO 38348 --- [nio-8197-exec-8] c.s.e.vue.controller.EmployeeController  : 1-------------findAllEmployees-----------------------------Tue May 07 23:01:46 KST 2019
2019-05-07 23:03:52.626  INFO 38348 --- [nio-8197-exec-3] c.s.e.vue.controller.EmployeeController  : 1-------------findAllEmployees-----------------------------Tue May 07 23:03:52 KST 2019
2019-05-07 23:03:54.759  INFO 38348 --- [io-8197-exec-14] c.s.e.vue.controller.EmployeeController  : 1-------------findAllDepCounts-----------------------------Tue May 07 23:03:54 KST 2019
2019-05-07 23:03:54.990  INFO 38348 --- [io-8197-exec-15] c.s.e.vue.controller.EmployeeController  : 1-------------findDepartmentsBydeptid-----------------------------Tue May 07 23:03:54 KST 2019
2019-05-07 23:03:55.025  INFO 38348 --- [nio-8197-exec-4] c.s.e.vue.controller.EmployeeController  : 1-------------findDepartmentsBydeptid-----------------------------Tue May 07 23:03:55 KST 2019
2019-05-07 23:03:55.031  INFO 38348 --- [io-8197-exec-10] c.s.e.vue.controller.EmployeeController  : 1-------------findDepartmentsBydeptid-----------------------------Tue May 07 23:03:55 KST 2019
2019-05-07 23:03:55.051  INFO 38348 --- [io-8197-exec-13] c.s.e.vue.controller.EmployeeController  : 1-------------findDepartmentsBydeptid-----------------------------Tue May 07 23:03:55 KST 2019
2019-05-07 23:03:55.428  INFO 38348 --- [io-8197-exec-11] c.s.e.vue.controller.EmployeeController  : 1-------------findDepartmentsBydeptid-----------------------------Tue May 07 23:03:55 KST 2019
2019-05-07 23:03:56.258  INFO 38348 --- [nio-8197-exec-8] c.s.e.vue.controller.EmployeeController  : 1-------------findDepartmentsBydeptid-----------------------------Tue May 07 23:03:56 KST 2019
2019-05-07 23:03:56.324  INFO 38348 --- [nio-8197-exec-1] c.s.e.vue.controller.EmployeeController  : 1-------------findDepartmentsBydeptid-----------------------------Tue May 07 23:03:56 KST 2019
2019-05-07 23:03:56.346  INFO 38348 --- [io-8197-exec-12] c.s.e.vue.controller.EmployeeController  : 1-------------findDepartmentsBydeptid-----------------------------Tue May 07 23:03:56 KST 2019
2019-05-07 23:03:56.392  INFO 38348 --- [nio-8197-exec-3] c.s.e.vue.controller.EmployeeController  : 1-------------findDepartmentsBydeptid-----------------------------Tue May 07 23:03:56 KST 2019
2019-05-07 23:03:57.007  INFO 38348 --- [io-8197-exec-14] c.s.e.vue.controller.EmployeeController  : 1-------------findAllEmployees-----------------------------Tue May 07 23:03:57 KST 2019
2019-05-07 23:03:59.809  INFO 38348 --- [io-8197-exec-15] c.s.e.vue.controller.EmployeeController  : 1-------------findAllEmployees-----------------------------Tue May 07 23:03:59 KST 2019
2019-05-07 23:03:59.809  INFO 38348 --- [nio-8197-exec-4] c.s.e.vue.controller.EmployeeController  : 1-------------findEmployeesByManagerId-----------------------------Tue May 07 23:03:59 KST 2019
