2019-09-29 00:16:46.457  WARN 11872 --- [l-2 housekeeper] com.zaxxer.hikari.pool.HikariPool        : HikariPool-2 - Thread starvation or clock leap detected (housekeeper delta=1h17m27s528ms788µs100ns).
2019-09-29 00:21:41.172  WARN 11872 --- [l-2 housekeeper] com.zaxxer.hikari.pool.HikariPool        : HikariPool-2 - Thread starvation or clock leap detected (housekeeper delta=3m24s714ms787µs).
2019-09-29 01:58:48.221  WARN 11872 --- [l-2 housekeeper] com.zaxxer.hikari.pool.HikariPool        : HikariPool-2 - Thread starvation or clock leap detected (housekeeper delta=1h35m7s51ms581µs300ns).
2019-09-29 06:01:28.541  INFO 22732 --- [  restartedMain] ConfigServletWebServerApplicationContext : Refreshing org.springframework.boot.web.servlet.context.AnnotationConfigServletWebServerApplicationContext@941fa7a: startup date [Sun Sep 29 06:01:28 KST 2019]; root of context hierarchy
2019-09-29 06:01:30.837  WARN 22732 --- [  restartedMain] o.m.s.mapper.ClassPathMapperScanner      : No MyBatis mapper was found in '[com.ssafy.edu.vue]' package. Please check your configuration.
2019-09-29 06:01:31.760  INFO 22732 --- [  restartedMain] trationDelegate$BeanPostProcessorChecker : Bean 'org.springframework.transaction.annotation.ProxyTransactionManagementConfiguration' of type [org.springframework.transaction.annotation.ProxyTransactionManagementConfiguration$$EnhancerBySpringCGLIB$$ba63571b] is not eligible for getting processed by all BeanPostProcessors (for example: not eligible for auto-proxying)
2019-09-29 06:01:31.853  INFO 22732 --- [  restartedMain] trationDelegate$BeanPostProcessorChecker : Bean 'org.springframework.hateoas.config.HateoasConfiguration' of type [org.springframework.hateoas.config.HateoasConfiguration$$EnhancerBySpringCGLIB$$39e3a44d] is not eligible for getting processed by all BeanPostProcessors (for example: not eligible for auto-proxying)
2019-09-29 06:01:34.450  INFO 22732 --- [  restartedMain] o.s.b.w.embedded.tomcat.TomcatWebServer  : Tomcat initialized with port(s): 8197 (http)
2019-09-29 06:01:34.898  INFO 22732 --- [ost-startStop-1] o.s.web.context.ContextLoader            : Root WebApplicationContext: initialization completed in 6357 ms
2019-09-29 06:01:35.070  INFO 22732 --- [ost-startStop-1] o.s.b.w.servlet.ServletRegistrationBean  : Servlet dispatcherServlet mapped to [/]
2019-09-29 06:01:35.078  INFO 22732 --- [ost-startStop-1] o.s.b.w.servlet.FilterRegistrationBean   : Mapping filter: 'characterEncodingFilter' to: [/*]
2019-09-29 06:01:35.080  INFO 22732 --- [ost-startStop-1] o.s.b.w.servlet.FilterRegistrationBean   : Mapping filter: 'hiddenHttpMethodFilter' to: [/*]
2019-09-29 06:01:35.080  INFO 22732 --- [ost-startStop-1] o.s.b.w.servlet.FilterRegistrationBean   : Mapping filter: 'httpPutFormContentFilter' to: [/*]
2019-09-29 06:01:35.080  INFO 22732 --- [ost-startStop-1] o.s.b.w.servlet.FilterRegistrationBean   : Mapping filter: 'requestContextFilter' to: [/*]
2019-09-29 06:01:38.002  INFO 22732 --- [  restartedMain] s.w.s.m.m.a.RequestMappingHandlerMapping : Mapped "{[/api/findEmployeeById/{id}],methods=[GET]}" onto public org.springframework.http.ResponseEntity<com.ssafy.edu.vue.dto.EmployeeDto> com.ssafy.edu.vue.controller.EmployeeController.findEmployeeById(int) throws java.lang.Exception
2019-09-29 06:01:38.006  INFO 22732 --- [  restartedMain] s.w.s.m.m.a.RequestMappingHandlerMapping : Mapped "{[/api/addEmployee],methods=[POST]}" onto public org.springframework.http.ResponseEntity<com.ssafy.edu.vue.help.NumberResult> com.ssafy.edu.vue.controller.EmployeeController.addEmployee(com.ssafy.edu.vue.dto.EmployeeDto) throws java.lang.Exception
2019-09-29 06:01:38.007  INFO 22732 --- [  restartedMain] s.w.s.m.m.a.RequestMappingHandlerMapping : Mapped "{[/api/findAllTitles],methods=[GET]}" onto public org.springframework.http.ResponseEntity<java.util.List<com.ssafy.edu.vue.dto.EmployeeDto>> com.ssafy.edu.vue.controller.EmployeeController.findAllTitles() throws java.lang.Exception
2019-09-29 06:01:38.008  INFO 22732 --- [  restartedMain] s.w.s.m.m.a.RequestMappingHandlerMapping : Mapped "{[/api/findAllEmployees],methods=[GET]}" onto public org.springframework.http.ResponseEntity<java.util.List<com.ssafy.edu.vue.dto.EmployeeDto>> com.ssafy.edu.vue.controller.EmployeeController.findAllEmployees() throws java.lang.Exception
2019-09-29 06:01:38.009  INFO 22732 --- [  restartedMain] s.w.s.m.m.a.RequestMappingHandlerMapping : Mapped "{[/api/findAllDepCounts],methods=[GET]}" onto public org.springframework.http.ResponseEntity<java.util.List<com.ssafy.edu.vue.dto.DepCountDto>> com.ssafy.edu.vue.controller.EmployeeController.findAllDepCounts() throws java.lang.Exception
2019-09-29 06:01:38.010  INFO 22732 --- [  restartedMain] s.w.s.m.m.a.RequestMappingHandlerMapping : Mapped "{[/api/deleteEmployee/{employeeId}],methods=[POST]}" onto public org.springframework.http.ResponseEntity<com.ssafy.edu.vue.help.BoolResult> com.ssafy.edu.vue.controller.EmployeeController.deleteEmployee(int) throws java.lang.Exception
2019-09-29 06:01:38.010  INFO 22732 --- [  restartedMain] s.w.s.m.m.a.RequestMappingHandlerMapping : Mapped "{[/api/updateEmployee],methods=[POST]}" onto public org.springframework.http.ResponseEntity<com.ssafy.edu.vue.help.BoolResult> com.ssafy.edu.vue.controller.EmployeeController.updateEmployee(com.ssafy.edu.vue.dto.EmployeeDto) throws java.lang.Exception
2019-09-29 06:01:38.011  INFO 22732 --- [  restartedMain] s.w.s.m.m.a.RequestMappingHandlerMapping : Mapped "{[/api/findDepartmentsByname/{name}],methods=[GET]}" onto public org.springframework.http.ResponseEntity<java.util.List<com.ssafy.edu.vue.dto.EmployeeDto>> com.ssafy.edu.vue.controller.EmployeeController.findDepartmentsByname(java.lang.String) throws java.lang.Exception
2019-09-29 06:01:38.011  INFO 22732 --- [  restartedMain] s.w.s.m.m.a.RequestMappingHandlerMapping : Mapped "{[/api/findEmployeesByManagerId/{manager_id}],methods=[GET]}" onto public org.springframework.http.ResponseEntity<java.util.List<com.ssafy.edu.vue.dto.EmployeeDto>> com.ssafy.edu.vue.controller.EmployeeController.findEmployeesByManagerId(int) throws java.lang.Exception
2019-09-29 06:01:38.012  INFO 22732 --- [  restartedMain] s.w.s.m.m.a.RequestMappingHandlerMapping : Mapped "{[/api/getEmployeesTotal],methods=[GET]}" onto public org.springframework.http.ResponseEntity<com.ssafy.edu.vue.help.NumberResult> com.ssafy.edu.vue.controller.EmployeeController.getEmployeesTotal() throws java.lang.Exception
2019-09-29 06:01:38.012  INFO 22732 --- [  restartedMain] s.w.s.m.m.a.RequestMappingHandlerMapping : Mapped "{[/api/findDepartmentsBydeptid/{dept_id}],methods=[GET]}" onto public org.springframework.http.ResponseEntity<java.util.List<com.ssafy.edu.vue.dto.EmployeeDto>> com.ssafy.edu.vue.controller.EmployeeController.findDepartmentsBydeptid(int) throws java.lang.Exception
2019-09-29 06:01:38.013  INFO 22732 --- [  restartedMain] s.w.s.m.m.a.RequestMappingHandlerMapping : Mapped "{[/api/findAllDepartments],methods=[GET]}" onto public org.springframework.http.ResponseEntity<java.util.List<com.ssafy.edu.vue.dto.DepartmentDto>> com.ssafy.edu.vue.controller.EmployeeController.findAllDepartments() throws java.lang.Exception
2019-09-29 06:01:38.014  INFO 22732 --- [  restartedMain] s.w.s.m.m.a.RequestMappingHandlerMapping : Mapped "{[/api/findLikeEmployees/{name}],methods=[GET]}" onto public org.springframework.http.ResponseEntity<java.util.List<com.ssafy.edu.vue.dto.EmployeeDto>> com.ssafy.edu.vue.controller.EmployeeController.findLikeEmployees(java.lang.String) throws java.lang.Exception
2019-09-29 06:01:38.017  INFO 22732 --- [  restartedMain] s.w.s.m.m.a.RequestMappingHandlerMapping : Mapped "{[/v2/api-docs],methods=[GET],produces=[application/json || application/hal+json]}" onto public org.springframework.http.ResponseEntity<springfox.documentation.spring.web.json.Json> springfox.documentation.swagger2.web.Swagger2Controller.getDocumentation(java.lang.String,javax.servlet.http.HttpServletRequest)
2019-09-29 06:01:38.020  INFO 22732 --- [  restartedMain] s.w.s.m.m.a.RequestMappingHandlerMapping : Mapped "{[/configuration/security]}" onto org.springframework.http.ResponseEntity<springfox.documentation.swagger.web.SecurityConfiguration> springfox.documentation.swagger.web.ApiResourceController.securityConfiguration()
2019-09-29 06:01:38.021  INFO 22732 --- [  restartedMain] s.w.s.m.m.a.RequestMappingHandlerMapping : Mapped "{[/swagger-resources]}" onto org.springframework.http.ResponseEntity<java.util.List<springfox.documentation.swagger.web.SwaggerResource>> springfox.documentation.swagger.web.ApiResourceController.swaggerResources()
2019-09-29 06:01:38.022  INFO 22732 --- [  restartedMain] s.w.s.m.m.a.RequestMappingHandlerMapping : Mapped "{[/configuration/ui]}" onto org.springframework.http.ResponseEntity<springfox.documentation.swagger.web.UiConfiguration> springfox.documentation.swagger.web.ApiResourceController.uiConfiguration()
2019-09-29 06:01:38.026  INFO 22732 --- [  restartedMain] s.w.s.m.m.a.RequestMappingHandlerMapping : Mapped "{[/error]}" onto public org.springframework.http.ResponseEntity<java.util.Map<java.lang.String, java.lang.Object>> org.springframework.boot.autoconfigure.web.servlet.error.BasicErrorController.error(javax.servlet.http.HttpServletRequest)
2019-09-29 06:01:38.027  INFO 22732 --- [  restartedMain] s.w.s.m.m.a.RequestMappingHandlerMapping : Mapped "{[/error],produces=[text/html]}" onto public org.springframework.web.servlet.ModelAndView org.springframework.boot.autoconfigure.web.servlet.error.BasicErrorController.errorHtml(javax.servlet.http.HttpServletRequest,javax.servlet.http.HttpServletResponse)
2019-09-29 06:01:38.545  INFO 22732 --- [  restartedMain] o.s.w.s.handler.SimpleUrlHandlerMapping  : Mapped URL path [/**/favicon.ico] onto handler of type [class org.springframework.web.servlet.resource.ResourceHttpRequestHandler]
2019-09-29 06:01:38.855  INFO 22732 --- [  restartedMain] s.w.s.m.m.a.RequestMappingHandlerAdapter : Looking for @ControllerAdvice: org.springframework.boot.web.servlet.context.AnnotationConfigServletWebServerApplicationContext@941fa7a: startup date [Sun Sep 29 06:01:28 KST 2019]; root of context hierarchy
2019-09-29 06:01:38.956  INFO 22732 --- [  restartedMain] o.s.w.s.handler.SimpleUrlHandlerMapping  : Mapped URL path [/webjars/**] onto handler of type [class org.springframework.web.servlet.resource.ResourceHttpRequestHandler]
2019-09-29 06:01:38.956  INFO 22732 --- [  restartedMain] o.s.w.s.handler.SimpleUrlHandlerMapping  : Mapped URL path [/**] onto handler of type [class org.springframework.web.servlet.resource.ResourceHttpRequestHandler]
2019-09-29 06:01:38.997  INFO 22732 --- [  restartedMain] .m.m.a.ExceptionHandlerExceptionResolver : Detected @ExceptionHandler methods in repositoryRestExceptionHandler
2019-09-29 06:01:39.400  INFO 22732 --- [  restartedMain] o.s.d.r.w.RepositoryRestHandlerAdapter   : Looking for @ControllerAdvice: org.springframework.boot.web.servlet.context.AnnotationConfigServletWebServerApplicationContext@941fa7a: startup date [Sun Sep 29 06:01:28 KST 2019]; root of context hierarchy
2019-09-29 06:01:39.422  INFO 22732 --- [  restartedMain] o.s.d.r.w.RepositoryRestHandlerMapping   : Mapped "{[/{repository}],methods=[GET],produces=[application/hal+json || application/json]}" onto public org.springframework.hateoas.Resources<?> org.springframework.data.rest.webmvc.RepositoryEntityController.getCollectionResource(org.springframework.data.rest.webmvc.RootResourceInformation,org.springframework.data.rest.webmvc.support.DefaultedPageable,org.springframework.data.domain.Sort,org.springframework.data.rest.webmvc.PersistentEntityResourceAssembler) throws org.springframework.data.rest.webmvc.ResourceNotFoundException,org.springframework.web.HttpRequestMethodNotSupportedException
2019-09-29 06:01:39.423  INFO 22732 --- [  restartedMain] o.s.d.r.w.RepositoryRestHandlerMapping   : Mapped "{[/{repository}/{id}],methods=[HEAD],produces=[application/hal+json || application/json]}" onto public org.springframework.http.ResponseEntity<?> org.springframework.data.rest.webmvc.RepositoryEntityController.headForItemResource(org.springframework.data.rest.webmvc.RootResourceInformation,java.io.Serializable,org.springframework.data.rest.webmvc.PersistentEntityResourceAssembler) throws org.springframework.web.HttpRequestMethodNotSupportedException
2019-09-29 06:01:39.423  INFO 22732 --- [  restartedMain] o.s.d.r.w.RepositoryRestHandlerMapping   : Mapped "{[/{repository}],methods=[GET],produces=[application/x-spring-data-compact+json || text/uri-list]}" onto public org.springframework.hateoas.Resources<?> org.springframework.data.rest.webmvc.RepositoryEntityController.getCollectionResourceCompact(org.springframework.data.rest.webmvc.RootResourceInformation,org.springframework.data.rest.webmvc.support.DefaultedPageable,org.springframework.data.domain.Sort,org.springframework.data.rest.webmvc.PersistentEntityResourceAssembler) throws org.springframework.data.rest.webmvc.ResourceNotFoundException,org.springframework.web.HttpRequestMethodNotSupportedException
2019-09-29 06:01:39.424  INFO 22732 --- [  restartedMain] o.s.d.r.w.RepositoryRestHandlerMapping   : Mapped "{[/{repository}],methods=[HEAD],produces=[application/hal+json || application/json]}" onto public org.springframework.http.ResponseEntity<?> org.springframework.data.rest.webmvc.RepositoryEntityController.headCollectionResource(org.springframework.data.rest.webmvc.RootResourceInformation,org.springframework.data.rest.webmvc.support.DefaultedPageable) throws org.springframework.web.HttpRequestMethodNotSupportedException
2019-09-29 06:01:39.424  INFO 22732 --- [  restartedMain] o.s.d.r.w.RepositoryRestHandlerMapping   : Mapped "{[/{repository}],methods=[POST],produces=[application/hal+json || application/json]}" onto public org.springframework.http.ResponseEntity<org.springframework.hateoas.ResourceSupport> org.springframework.data.rest.webmvc.RepositoryEntityController.postCollectionResource(org.springframework.data.rest.webmvc.RootResourceInformation,org.springframework.data.rest.webmvc.PersistentEntityResource,org.springframework.data.rest.webmvc.PersistentEntityResourceAssembler,java.lang.String) throws org.springframework.web.HttpRequestMethodNotSupportedException
2019-09-29 06:01:39.424  INFO 22732 --- [  restartedMain] o.s.d.r.w.RepositoryRestHandlerMapping   : Mapped "{[/{repository}],methods=[OPTIONS],produces=[application/hal+json || application/json]}" onto public org.springframework.http.ResponseEntity<?> org.springframework.data.rest.webmvc.RepositoryEntityController.optionsForCollectionResource(org.springframework.data.rest.webmvc.RootResourceInformation)
2019-09-29 06:01:39.425  INFO 22732 --- [  restartedMain] o.s.d.r.w.RepositoryRestHandlerMapping   : Mapped "{[/{repository}/{id}],methods=[PATCH],produces=[application/hal+json || application/json]}" onto public org.springframework.http.ResponseEntity<org.springframework.hateoas.ResourceSupport> org.springframework.data.rest.webmvc.RepositoryEntityController.patchItemResource(org.springframework.data.rest.webmvc.RootResourceInformation,org.springframework.data.rest.webmvc.PersistentEntityResource,java.io.Serializable,org.springframework.data.rest.webmvc.PersistentEntityResourceAssembler,org.springframework.data.rest.webmvc.support.ETag,java.lang.String) throws org.springframework.web.HttpRequestMethodNotSupportedException,org.springframework.data.rest.webmvc.ResourceNotFoundException
2019-09-29 06:01:39.425  INFO 22732 --- [  restartedMain] o.s.d.r.w.RepositoryRestHandlerMapping   : Mapped "{[/{repository}/{id}],methods=[OPTIONS],produces=[application/hal+json || application/json]}" onto public org.springframework.http.ResponseEntity<?> org.springframework.data.rest.webmvc.RepositoryEntityController.optionsForItemResource(org.springframework.data.rest.webmvc.RootResourceInformation)
2019-09-29 06:01:39.425  INFO 22732 --- [  restartedMain] o.s.d.r.w.RepositoryRestHandlerMapping   : Mapped "{[/{repository}/{id}],methods=[DELETE],produces=[application/hal+json || application/json]}" onto public org.springframework.http.ResponseEntity<?> org.springframework.data.rest.webmvc.RepositoryEntityController.deleteItemResource(org.springframework.data.rest.webmvc.RootResourceInformation,java.io.Serializable,org.springframework.data.rest.webmvc.support.ETag) throws org.springframework.data.rest.webmvc.ResourceNotFoundException,org.springframework.web.HttpRequestMethodNotSupportedException
2019-09-29 06:01:39.426  INFO 22732 --- [  restartedMain] o.s.d.r.w.RepositoryRestHandlerMapping   : Mapped "{[/{repository}/{id}],methods=[PUT],produces=[application/hal+json || application/json]}" onto public org.springframework.http.ResponseEntity<? extends org.springframework.hateoas.ResourceSupport> org.springframework.data.rest.webmvc.RepositoryEntityController.putItemResource(org.springframework.data.rest.webmvc.RootResourceInformation,org.springframework.data.rest.webmvc.PersistentEntityResource,java.io.Serializable,org.springframework.data.rest.webmvc.PersistentEntityResourceAssembler,org.springframework.data.rest.webmvc.support.ETag,java.lang.String) throws org.springframework.web.HttpRequestMethodNotSupportedException
2019-09-29 06:01:39.427  INFO 22732 --- [  restartedMain] o.s.d.r.w.RepositoryRestHandlerMapping   : Mapped "{[/{repository}/{id}],methods=[GET],produces=[application/hal+json || application/json]}" onto public org.springframework.http.ResponseEntity<org.springframework.hateoas.Resource<?>> org.springframework.data.rest.webmvc.RepositoryEntityController.getItemResource(org.springframework.data.rest.webmvc.RootResourceInformation,java.io.Serializable,org.springframework.data.rest.webmvc.PersistentEntityResourceAssembler,org.springframework.http.HttpHeaders) throws org.springframework.web.HttpRequestMethodNotSupportedException
2019-09-29 06:01:39.429  INFO 22732 --- [  restartedMain] o.s.d.r.w.RepositoryRestHandlerMapping   : Mapped "{[/{repository}/{id}/{property}],methods=[GET],produces=[application/hal+json || application/json]}" onto public org.springframework.http.ResponseEntity<org.springframework.hateoas.ResourceSupport> org.springframework.data.rest.webmvc.RepositoryPropertyReferenceController.followPropertyReference(org.springframework.data.rest.webmvc.RootResourceInformation,java.io.Serializable,java.lang.String,org.springframework.data.rest.webmvc.PersistentEntityResourceAssembler) throws java.lang.Exception
2019-09-29 06:01:39.430  INFO 22732 --- [  restartedMain] o.s.d.r.w.RepositoryRestHandlerMapping   : Mapped "{[/{repository}/{id}/{property}/{propertyId}],methods=[GET],produces=[application/hal+json || application/json]}" onto public org.springframework.http.ResponseEntity<org.springframework.hateoas.ResourceSupport> org.springframework.data.rest.webmvc.RepositoryPropertyReferenceController.followPropertyReference(org.springframework.data.rest.webmvc.RootResourceInformation,java.io.Serializable,java.lang.String,java.lang.String,org.springframework.data.rest.webmvc.PersistentEntityResourceAssembler) throws java.lang.Exception
2019-09-29 06:01:39.430  INFO 22732 --- [  restartedMain] o.s.d.r.w.RepositoryRestHandlerMapping   : Mapped "{[/{repository}/{id}/{property}],methods=[DELETE],produces=[application/hal+json || application/json]}" onto public org.springframework.http.ResponseEntity<? extends org.springframework.hateoas.ResourceSupport> org.springframework.data.rest.webmvc.RepositoryPropertyReferenceController.deletePropertyReference(org.springframework.data.rest.webmvc.RootResourceInformation,java.io.Serializable,java.lang.String) throws java.lang.Exception
2019-09-29 06:01:39.431  INFO 22732 --- [  restartedMain] o.s.d.r.w.RepositoryRestHandlerMapping   : Mapped "{[/{repository}/{id}/{property}/{propertyId}],methods=[DELETE],produces=[application/hal+json || application/json]}" onto public org.springframework.http.ResponseEntity<org.springframework.hateoas.ResourceSupport> org.springframework.data.rest.webmvc.RepositoryPropertyReferenceController.deletePropertyReferenceId(org.springframework.data.rest.webmvc.RootResourceInformation,java.io.Serializable,java.lang.String,java.lang.String) throws java.lang.Exception
2019-09-29 06:01:39.431  INFO 22732 --- [  restartedMain] o.s.d.r.w.RepositoryRestHandlerMapping   : Mapped "{[/{repository}/{id}/{property}],methods=[GET],produces=[application/x-spring-data-compact+json || text/uri-list]}" onto public org.springframework.http.ResponseEntity<org.springframework.hateoas.ResourceSupport> org.springframework.data.rest.webmvc.RepositoryPropertyReferenceController.followPropertyReferenceCompact(org.springframework.data.rest.webmvc.RootResourceInformation,java.io.Serializable,java.lang.String,org.springframework.data.rest.webmvc.PersistentEntityResourceAssembler) throws java.lang.Exception
2019-09-29 06:01:39.432  INFO 22732 --- [  restartedMain] o.s.d.r.w.RepositoryRestHandlerMapping   : Mapped "{[/{repository}/{id}/{property}],methods=[PATCH || PUT || POST],consumes=[application/json || application/x-spring-data-compact+json || text/uri-list],produces=[application/hal+json || application/json]}" onto public org.springframework.http.ResponseEntity<? extends org.springframework.hateoas.ResourceSupport> org.springframework.data.rest.webmvc.RepositoryPropertyReferenceController.createPropertyReference(org.springframework.data.rest.webmvc.RootResourceInformation,org.springframework.http.HttpMethod,org.springframework.hateoas.Resources<java.lang.Object>,java.io.Serializable,java.lang.String) throws java.lang.Exception
2019-09-29 06:01:39.433  INFO 22732 --- [  restartedMain] o.s.d.r.w.RepositoryRestHandlerMapping   : Mapped "{[/{repository}/search/{search}],methods=[GET],produces=[application/x-spring-data-compact+json]}" onto public org.springframework.hateoas.ResourceSupport org.springframework.data.rest.webmvc.RepositorySearchController.executeSearchCompact(org.springframework.data.rest.webmvc.RootResourceInformation,org.springframework.http.HttpHeaders,org.springframework.util.MultiValueMap<java.lang.String, java.lang.Object>,java.lang.String,java.lang.String,org.springframework.data.rest.webmvc.support.DefaultedPageable,org.springframework.data.domain.Sort,org.springframework.data.rest.webmvc.PersistentEntityResourceAssembler)
2019-09-29 06:01:39.434  INFO 22732 --- [  restartedMain] o.s.d.r.w.RepositoryRestHandlerMapping   : Mapped "{[/{repository}/search],methods=[OPTIONS],produces=[application/hal+json || application/json]}" onto public org.springframework.http.HttpEntity<?> org.springframework.data.rest.webmvc.RepositorySearchController.optionsForSearches(org.springframework.data.rest.webmvc.RootResourceInformation)
2019-09-29 06:01:39.434  INFO 22732 --- [  restartedMain] o.s.d.r.w.RepositoryRestHandlerMapping   : Mapped "{[/{repository}/search/{search}],methods=[GET],produces=[application/hal+json || application/json]}" onto public org.springframework.http.ResponseEntity<?> org.springframework.data.rest.webmvc.RepositorySearchController.executeSearch(org.springframework.data.rest.webmvc.RootResourceInformation,org.springframework.util.MultiValueMap<java.lang.String, java.lang.Object>,java.lang.String,org.springframework.data.rest.webmvc.support.DefaultedPageable,org.springframework.data.domain.Sort,org.springframework.data.rest.webmvc.PersistentEntityResourceAssembler,org.springframework.http.HttpHeaders)
2019-09-29 06:01:39.434  INFO 22732 --- [  restartedMain] o.s.d.r.w.RepositoryRestHandlerMapping   : Mapped "{[/{repository}/search],methods=[GET],produces=[application/hal+json || application/json]}" onto public org.springframework.data.rest.webmvc.RepositorySearchesResource org.springframework.data.rest.webmvc.RepositorySearchController.listSearches(org.springframework.data.rest.webmvc.RootResourceInformation)
2019-09-29 06:01:39.435  INFO 22732 --- [  restartedMain] o.s.d.r.w.RepositoryRestHandlerMapping   : Mapped "{[/{repository}/search/{search}],methods=[HEAD],produces=[application/hal+json || application/json]}" onto public org.springframework.http.ResponseEntity<java.lang.Object> org.springframework.data.rest.webmvc.RepositorySearchController.headForSearch(org.springframework.data.rest.webmvc.RootResourceInformation,java.lang.String)
2019-09-29 06:01:39.435  INFO 22732 --- [  restartedMain] o.s.d.r.w.RepositoryRestHandlerMapping   : Mapped "{[/{repository}/search/{search}],methods=[OPTIONS],produces=[application/hal+json || application/json]}" onto public org.springframework.http.ResponseEntity<java.lang.Object> org.springframework.data.rest.webmvc.RepositorySearchController.optionsForSearch(org.springframework.data.rest.webmvc.RootResourceInformation,java.lang.String)
2019-09-29 06:01:39.435  INFO 22732 --- [  restartedMain] o.s.d.r.w.RepositoryRestHandlerMapping   : Mapped "{[/{repository}/search],methods=[HEAD],produces=[application/hal+json || application/json]}" onto public org.springframework.http.HttpEntity<?> org.springframework.data.rest.webmvc.RepositorySearchController.headForSearches(org.springframework.data.rest.webmvc.RootResourceInformation)
2019-09-29 06:01:39.436  INFO 22732 --- [  restartedMain] o.s.d.r.w.RepositoryRestHandlerMapping   : Mapped "{[/ || ],methods=[HEAD],produces=[application/hal+json || application/json]}" onto public org.springframework.http.ResponseEntity<?> org.springframework.data.rest.webmvc.RepositoryController.headForRepositories()
2019-09-29 06:01:39.437  INFO 22732 --- [  restartedMain] o.s.d.r.w.RepositoryRestHandlerMapping   : Mapped "{[/ || ],methods=[OPTIONS],produces=[application/hal+json || application/json]}" onto public org.springframework.http.HttpEntity<?> org.springframework.data.rest.webmvc.RepositoryController.optionsForRepositories()
2019-09-29 06:01:39.437  INFO 22732 --- [  restartedMain] o.s.d.r.w.RepositoryRestHandlerMapping   : Mapped "{[/ || ],methods=[GET],produces=[application/hal+json || application/json]}" onto public org.springframework.http.HttpEntity<org.springframework.data.rest.webmvc.RepositoryLinksResource> org.springframework.data.rest.webmvc.RepositoryController.listRepositories()
2019-09-29 06:01:39.442  INFO 22732 --- [  restartedMain] o.s.d.r.w.BasePathAwareHandlerMapping    : Mapped "{[/profile],methods=[GET]}" onto org.springframework.http.HttpEntity<org.springframework.hateoas.ResourceSupport> org.springframework.data.rest.webmvc.ProfileController.listAllFormsOfMetadata()
2019-09-29 06:01:39.443  INFO 22732 --- [  restartedMain] o.s.d.r.w.BasePathAwareHandlerMapping    : Mapped "{[/profile],methods=[OPTIONS]}" onto public org.springframework.http.HttpEntity<?> org.springframework.data.rest.webmvc.ProfileController.profileOptions()
2019-09-29 06:01:39.443  INFO 22732 --- [  restartedMain] o.s.d.r.w.BasePathAwareHandlerMapping    : Mapped "{[/profile/{repository}],methods=[GET],produces=[application/schema+json]}" onto public org.springframework.http.HttpEntity<org.springframework.data.rest.webmvc.json.JsonSchema> org.springframework.data.rest.webmvc.RepositorySchemaController.schema(org.springframework.data.rest.webmvc.RootResourceInformation)
2019-09-29 06:01:39.444  INFO 22732 --- [  restartedMain] o.s.d.r.w.BasePathAwareHandlerMapping    : Mapped "{[/profile/{repository}],methods=[GET],produces=[application/alps+json || */*]}" onto org.springframework.http.HttpEntity<org.springframework.data.rest.webmvc.RootResourceInformation> org.springframework.data.rest.webmvc.alps.AlpsController.descriptor(org.springframework.data.rest.webmvc.RootResourceInformation)
2019-09-29 06:01:39.444  INFO 22732 --- [  restartedMain] o.s.d.r.w.BasePathAwareHandlerMapping    : Mapped "{[/profile/{repository}],methods=[OPTIONS],produces=[application/alps+json]}" onto org.springframework.http.HttpEntity<?> org.springframework.data.rest.webmvc.alps.AlpsController.alpsOptions()
2019-09-29 06:01:39.867  INFO 22732 --- [  restartedMain] o.s.b.d.a.OptionalLiveReloadServer       : LiveReload server is running on port 35729
2019-09-29 06:01:40.045  INFO 22732 --- [  restartedMain] o.s.j.e.a.AnnotationMBeanExporter        : Registering beans for JMX exposure on startup
2019-09-29 06:01:40.086  INFO 22732 --- [  restartedMain] o.s.j.e.a.AnnotationMBeanExporter        : Bean with name 'dataSource' has been autodetected for JMX exposure
2019-09-29 06:01:40.097  INFO 22732 --- [  restartedMain] o.s.j.e.a.AnnotationMBeanExporter        : Located MBean 'dataSource': registering with JMX server as MBean [com.zaxxer.hikari:name=dataSource,type=HikariDataSource]
2019-09-29 06:01:40.734  INFO 22732 --- [  restartedMain] o.s.b.w.embedded.tomcat.TomcatWebServer  : Tomcat started on port(s): 8197 (http) with context path '/ssafyvue'
2019-09-29 06:01:50.185  INFO 22732 --- [nio-8197-exec-1] o.s.web.servlet.DispatcherServlet        : FrameworkServlet 'dispatcherServlet': initialization started
2019-09-29 06:01:50.225  INFO 22732 --- [nio-8197-exec-1] o.s.web.servlet.DispatcherServlet        : FrameworkServlet 'dispatcherServlet': initialization completed in 40 ms
2019-09-29 06:01:50.396  INFO 22732 --- [nio-8197-exec-1] c.s.e.vue.controller.EmployeeController  : 1-------------findDepartmentsBydeptid-----------------------------Sun Sep 29 06:01:50 KST 2019
2019-09-29 06:01:51.632  INFO 22732 --- [nio-8197-exec-2] c.s.e.vue.controller.EmployeeController  : 1-------------findDepartmentsBydeptid-----------------------------Sun Sep 29 06:01:51 KST 2019
2019-09-29 06:01:51.654  INFO 22732 --- [nio-8197-exec-3] c.s.e.vue.controller.EmployeeController  : 1-------------findDepartmentsBydeptid-----------------------------Sun Sep 29 06:01:51 KST 2019
2019-09-29 06:01:51.680  INFO 22732 --- [nio-8197-exec-4] c.s.e.vue.controller.EmployeeController  : 1-------------findDepartmentsBydeptid-----------------------------Sun Sep 29 06:01:51 KST 2019
2019-09-29 06:01:51.710  INFO 22732 --- [nio-8197-exec-5] c.s.e.vue.controller.EmployeeController  : 1-------------findDepartmentsBydeptid-----------------------------Sun Sep 29 06:01:51 KST 2019
2019-09-29 06:01:52.934  INFO 22732 --- [nio-8197-exec-6] c.s.e.vue.controller.EmployeeController  : 1-------------findDepartmentsBydeptid-----------------------------Sun Sep 29 06:01:52 KST 2019
2019-09-29 06:01:52.960  INFO 22732 --- [nio-8197-exec-7] c.s.e.vue.controller.EmployeeController  : 1-------------findDepartmentsBydeptid-----------------------------Sun Sep 29 06:01:52 KST 2019
2019-09-29 06:04:38.038  INFO 22732 --- [nio-8197-exec-5] c.s.e.vue.controller.EmployeeController  : 1-------------findAllEmployees-----------------------------Sun Sep 29 06:04:38 KST 2019
2019-09-29 06:04:44.365  INFO 22732 --- [nio-8197-exec-1] c.s.e.vue.controller.EmployeeController  : 1-------------findAllEmployees-----------------------------Sun Sep 29 06:04:44 KST 2019
2019-09-29 06:04:44.368  INFO 22732 --- [nio-8197-exec-6] c.s.e.vue.controller.EmployeeController  : 1-------------findEmployeesByManagerId-----------------------------Sun Sep 29 06:04:44 KST 2019
2019-09-29 06:04:46.607  INFO 22732 --- [nio-8197-exec-3] c.s.e.vue.controller.EmployeeController  : 1-------------findAllEmployees-----------------------------Sun Sep 29 06:04:46 KST 2019
2019-09-29 06:04:48.988  INFO 22732 --- [nio-8197-exec-8] c.s.e.vue.controller.EmployeeController  : 1-------------findAllEmployees-----------------------------Sun Sep 29 06:04:48 KST 2019
2019-09-29 06:04:48.999  INFO 22732 --- [io-8197-exec-10] c.s.e.vue.controller.EmployeeController  : 1-------------findEmployeesByManagerId-----------------------------Sun Sep 29 06:04:48 KST 2019
2019-09-29 06:05:44.158  INFO 22732 --- [nio-8197-exec-2] c.s.e.vue.controller.EmployeeController  : 1-------------findAllEmployees-----------------------------Sun Sep 29 06:05:44 KST 2019
2019-09-29 06:05:45.622  INFO 22732 --- [nio-8197-exec-6] c.s.e.vue.controller.EmployeeController  : 1-------------findAllEmployees-----------------------------Sun Sep 29 06:05:45 KST 2019
2019-09-29 06:11:59.464  INFO 22732 --- [nio-8197-exec-7] c.s.e.vue.controller.EmployeeController  : 1-------------findAllEmployees-----------------------------Sun Sep 29 06:11:59 KST 2019
2019-09-29 06:12:02.331  INFO 22732 --- [nio-8197-exec-3] c.s.e.vue.controller.EmployeeController  : 1-------------findEmployeesByManagerId-----------------------------Sun Sep 29 06:12:02 KST 2019
2019-09-29 06:12:02.399  INFO 22732 --- [nio-8197-exec-8] c.s.e.vue.controller.EmployeeController  : 1-------------findAllEmployees-----------------------------Sun Sep 29 06:12:02 KST 2019
2019-09-29 06:12:05.156  INFO 22732 --- [io-8197-exec-10] c.s.e.vue.controller.EmployeeController  : 1-------------findAllEmployees-----------------------------Sun Sep 29 06:12:05 KST 2019
2019-09-29 06:12:05.157  INFO 22732 --- [nio-8197-exec-9] c.s.e.vue.controller.EmployeeController  : 1-------------findAllEmployees-----------------------------Sun Sep 29 06:12:05 KST 2019
2019-09-29 06:12:05.198  INFO 22732 --- [nio-8197-exec-5] c.s.e.vue.controller.EmployeeController  : 4-------------findAllDepartments-----------------------------Sun Sep 29 06:12:05 KST 2019
2019-09-29 06:12:05.202  INFO 22732 --- [nio-8197-exec-2] c.s.e.vue.controller.EmployeeController  : 6-------------findAllTitles-----------------------------Sun Sep 29 06:12:05 KST 2019
2019-09-29 06:12:08.461  INFO 22732 --- [nio-8197-exec-6] c.s.e.vue.controller.EmployeeController  : 1-------------findAllEmployees-----------------------------Sun Sep 29 06:12:08 KST 2019
2019-09-29 06:12:10.732  INFO 22732 --- [io-8197-exec-10] c.s.e.vue.controller.EmployeeController  : 1-------------findEmployeesByManagerId-----------------------------Sun Sep 29 06:12:10 KST 2019
2019-09-29 06:12:10.733  INFO 22732 --- [nio-8197-exec-8] c.s.e.vue.controller.EmployeeController  : 1-------------findAllEmployees-----------------------------Sun Sep 29 06:12:10 KST 2019
2019-09-29 06:12:13.596  INFO 22732 --- [nio-8197-exec-9] c.s.e.vue.controller.EmployeeController  : 1-------------findAllEmployees-----------------------------Sun Sep 29 06:12:13 KST 2019
2019-09-29 06:12:13.617  INFO 22732 --- [nio-8197-exec-5] c.s.e.vue.controller.EmployeeController  : 1-------------findAllEmployees-----------------------------Sun Sep 29 06:12:13 KST 2019
2019-09-29 06:12:13.617  INFO 22732 --- [nio-8197-exec-2] c.s.e.vue.controller.EmployeeController  : 4-------------findAllDepartments-----------------------------Sun Sep 29 06:12:13 KST 2019
2019-09-29 06:12:13.618  INFO 22732 --- [nio-8197-exec-6] c.s.e.vue.controller.EmployeeController  : 6-------------findAllTitles-----------------------------Sun Sep 29 06:12:13 KST 2019
2019-09-29 06:12:15.357  INFO 22732 --- [nio-8197-exec-1] c.s.e.vue.controller.EmployeeController  : 1-------------findAllEmployees-----------------------------Sun Sep 29 06:12:15 KST 2019
2019-09-29 06:12:18.059  INFO 22732 --- [nio-8197-exec-4] c.s.e.vue.controller.EmployeeController  : 1-------------findEmployeesByManagerId-----------------------------Sun Sep 29 06:12:18 KST 2019
2019-09-29 06:12:18.069  INFO 22732 --- [nio-8197-exec-7] c.s.e.vue.controller.EmployeeController  : 1-------------findAllEmployees-----------------------------Sun Sep 29 06:12:18 KST 2019
2019-09-29 06:12:20.148  INFO 22732 --- [io-8197-exec-10] c.s.e.vue.controller.EmployeeController  : 1-------------findAllEmployees-----------------------------Sun Sep 29 06:12:20 KST 2019
2019-09-29 06:12:20.150  INFO 22732 --- [nio-8197-exec-8] c.s.e.vue.controller.EmployeeController  : 4-------------findAllDepartments-----------------------------Sun Sep 29 06:12:20 KST 2019
2019-09-29 06:12:20.160  INFO 22732 --- [nio-8197-exec-8] c.s.e.vue.controller.EmployeeController  : 6-------------findAllTitles-----------------------------Sun Sep 29 06:12:20 KST 2019
2019-09-29 06:12:20.161  INFO 22732 --- [nio-8197-exec-3] c.s.e.vue.controller.EmployeeController  : 1-------------findAllEmployees-----------------------------Sun Sep 29 06:12:20 KST 2019
2019-09-29 11:31:31.239  WARN 22732 --- [l-1 housekeeper] com.zaxxer.hikari.pool.HikariPool        : HikariPool-1 - Thread starvation or clock leap detected (housekeeper delta=5h18m38s576ms5µs300ns).
2019-09-29 11:32:25.261  INFO 22732 --- [nio-8197-exec-4] c.s.e.vue.controller.EmployeeController  : 1-------------findAllEmployees-----------------------------Sun Sep 29 11:32:25 KST 2019
2019-09-29 11:32:28.730  INFO 22732 --- [nio-8197-exec-7] c.s.e.vue.controller.EmployeeController  : 1-------------findAllEmployees-----------------------------Sun Sep 29 11:32:28 KST 2019
2019-09-29 11:32:28.733  INFO 22732 --- [io-8197-exec-10] c.s.e.vue.controller.EmployeeController  : 1-------------findEmployeesByManagerId-----------------------------Sun Sep 29 11:32:28 KST 2019
2019-09-29 11:32:31.778  INFO 22732 --- [nio-8197-exec-3] c.s.e.vue.controller.EmployeeController  : 1-------------findAllDepCounts-----------------------------Sun Sep 29 11:32:31 KST 2019
2019-09-29 11:32:32.324  INFO 22732 --- [nio-8197-exec-2] c.s.e.vue.controller.EmployeeController  : 1-------------findDepartmentsBydeptid-----------------------------Sun Sep 29 11:32:32 KST 2019
2019-09-29 11:32:32.344  INFO 22732 --- [nio-8197-exec-1] c.s.e.vue.controller.EmployeeController  : 1-------------findDepartmentsBydeptid-----------------------------Sun Sep 29 11:32:32 KST 2019
2019-09-29 11:32:32.359  INFO 22732 --- [nio-8197-exec-5] c.s.e.vue.controller.EmployeeController  : 1-------------findDepartmentsBydeptid-----------------------------Sun Sep 29 11:32:32 KST 2019
2019-09-29 11:32:32.372  INFO 22732 --- [nio-8197-exec-6] c.s.e.vue.controller.EmployeeController  : 1-------------findDepartmentsBydeptid-----------------------------Sun Sep 29 11:32:32 KST 2019
2019-09-29 11:32:32.393  INFO 22732 --- [nio-8197-exec-4] c.s.e.vue.controller.EmployeeController  : 1-------------findDepartmentsBydeptid-----------------------------Sun Sep 29 11:32:32 KST 2019
2019-09-29 11:32:32.823  INFO 22732 --- [nio-8197-exec-7] c.s.e.vue.controller.EmployeeController  : 1-------------findDepartmentsBydeptid-----------------------------Sun Sep 29 11:32:32 KST 2019
2019-09-29 11:32:33.402  INFO 22732 --- [io-8197-exec-10] c.s.e.vue.controller.EmployeeController  : 1-------------findDepartmentsBydeptid-----------------------------Sun Sep 29 11:32:33 KST 2019
2019-09-29 11:32:33.430  INFO 22732 --- [nio-8197-exec-9] c.s.e.vue.controller.EmployeeController  : 1-------------findDepartmentsBydeptid-----------------------------Sun Sep 29 11:32:33 KST 2019
2019-09-29 11:32:34.341  INFO 22732 --- [nio-8197-exec-8] c.s.e.vue.controller.EmployeeController  : 1-------------findDepartmentsBydeptid-----------------------------Sun Sep 29 11:32:34 KST 2019
2019-09-29 11:32:34.359  INFO 22732 --- [nio-8197-exec-3] c.s.e.vue.controller.EmployeeController  : 1-------------findDepartmentsBydeptid-----------------------------Sun Sep 29 11:32:34 KST 2019
2019-09-29 11:32:34.386  INFO 22732 --- [nio-8197-exec-2] c.s.e.vue.controller.EmployeeController  : 1-------------findDepartmentsBydeptid-----------------------------Sun Sep 29 11:32:34 KST 2019
2019-09-29 11:32:34.396  INFO 22732 --- [nio-8197-exec-1] c.s.e.vue.controller.EmployeeController  : 1-------------findDepartmentsBydeptid-----------------------------Sun Sep 29 11:32:34 KST 2019
2019-09-29 11:32:34.412  INFO 22732 --- [nio-8197-exec-5] c.s.e.vue.controller.EmployeeController  : 1-------------findDepartmentsBydeptid-----------------------------Sun Sep 29 11:32:34 KST 2019
2019-09-29 11:32:34.414  INFO 22732 --- [nio-8197-exec-6] c.s.e.vue.controller.EmployeeController  : 1-------------findDepartmentsBydeptid-----------------------------Sun Sep 29 11:32:34 KST 2019
2019-09-29 11:32:34.432  INFO 22732 --- [nio-8197-exec-4] c.s.e.vue.controller.EmployeeController  : 1-------------findDepartmentsBydeptid-----------------------------Sun Sep 29 11:32:34 KST 2019
2019-09-29 11:32:34.773  INFO 22732 --- [nio-8197-exec-7] c.s.e.vue.controller.EmployeeController  : 1-------------findDepartmentsBydeptid-----------------------------Sun Sep 29 11:32:34 KST 2019
2019-09-29 11:32:34.800  INFO 22732 --- [io-8197-exec-10] c.s.e.vue.controller.EmployeeController  : 1-------------findDepartmentsBydeptid-----------------------------Sun Sep 29 11:32:34 KST 2019
2019-09-29 11:32:34.828  INFO 22732 --- [nio-8197-exec-9] c.s.e.vue.controller.EmployeeController  : 1-------------findDepartmentsBydeptid-----------------------------Sun Sep 29 11:32:34 KST 2019
2019-09-29 11:32:35.008  INFO 22732 --- [nio-8197-exec-8] c.s.e.vue.controller.EmployeeController  : 1-------------findDepartmentsBydeptid-----------------------------Sun Sep 29 11:32:35 KST 2019
2019-09-29 11:32:35.052  INFO 22732 --- [nio-8197-exec-3] c.s.e.vue.controller.EmployeeController  : 1-------------findDepartmentsBydeptid-----------------------------Sun Sep 29 11:32:35 KST 2019
2019-09-29 11:32:35.102  INFO 22732 --- [nio-8197-exec-2] c.s.e.vue.controller.EmployeeController  : 1-------------findDepartmentsBydeptid-----------------------------Sun Sep 29 11:32:35 KST 2019
2019-09-29 11:32:36.212  INFO 22732 --- [nio-8197-exec-1] c.s.e.vue.controller.EmployeeController  : 1-------------findAllEmployees-----------------------------Sun Sep 29 11:32:36 KST 2019
2019-09-29 11:32:36.224  INFO 22732 --- [nio-8197-exec-6] c.s.e.vue.controller.EmployeeController  : 4-------------findAllDepartments-----------------------------Sun Sep 29 11:32:36 KST 2019
2019-09-29 11:32:36.226  INFO 22732 --- [nio-8197-exec-5] c.s.e.vue.controller.EmployeeController  : 6-------------findAllTitles-----------------------------Sun Sep 29 11:32:36 KST 2019
2019-09-29 11:32:37.251  INFO 22732 --- [nio-8197-exec-4] c.s.e.vue.controller.EmployeeController  : 1-------------findAllEmployees-----------------------------Sun Sep 29 11:32:37 KST 2019
2019-09-29 11:32:39.355  INFO 22732 --- [nio-8197-exec-7] c.s.e.vue.controller.EmployeeController  : 1-------------findAllEmployees-----------------------------Sun Sep 29 11:32:39 KST 2019
2019-09-29 11:32:40.302  INFO 22732 --- [io-8197-exec-10] c.s.e.vue.controller.EmployeeController  : 1-------------findAllEmployees-----------------------------Sun Sep 29 11:32:40 KST 2019
2019-09-29 11:32:40.316  INFO 22732 --- [nio-8197-exec-8] c.s.e.vue.controller.EmployeeController  : 6-------------findAllTitles-----------------------------Sun Sep 29 11:32:40 KST 2019
2019-09-29 11:32:40.316  INFO 22732 --- [nio-8197-exec-9] c.s.e.vue.controller.EmployeeController  : 4-------------findAllDepartments-----------------------------Sun Sep 29 11:32:40 KST 2019
2019-09-29 11:32:42.173  INFO 22732 --- [nio-8197-exec-6] c.s.e.vue.controller.EmployeeController  : 1-------------findAllDepCounts-----------------------------Sun Sep 29 11:32:42 KST 2019
2019-09-29 11:32:46.020  INFO 22732 --- [nio-8197-exec-5] c.s.e.vue.controller.EmployeeController  : 1-------------findDepartmentsBydeptid-----------------------------Sun Sep 29 11:32:46 KST 2019
2019-09-29 11:32:46.029  INFO 22732 --- [nio-8197-exec-4] c.s.e.vue.controller.EmployeeController  : 1-------------findDepartmentsBydeptid-----------------------------Sun Sep 29 11:32:46 KST 2019
2019-09-29 11:32:46.058  INFO 22732 --- [nio-8197-exec-7] c.s.e.vue.controller.EmployeeController  : 1-------------findDepartmentsBydeptid-----------------------------Sun Sep 29 11:32:46 KST 2019
2019-09-29 11:32:46.080  INFO 22732 --- [io-8197-exec-10] c.s.e.vue.controller.EmployeeController  : 1-------------findDepartmentsBydeptid-----------------------------Sun Sep 29 11:32:46 KST 2019
2019-09-29 11:32:47.207  INFO 22732 --- [nio-8197-exec-8] c.s.e.vue.controller.EmployeeController  : 1-------------findDepartmentsBydeptid-----------------------------Sun Sep 29 11:32:47 KST 2019
2019-09-29 11:32:48.185  INFO 22732 --- [nio-8197-exec-9] c.s.e.vue.controller.EmployeeController  : 1-------------findDepartmentsBydeptid-----------------------------Sun Sep 29 11:32:48 KST 2019
2019-09-29 11:32:48.360  INFO 22732 --- [nio-8197-exec-1] c.s.e.vue.controller.EmployeeController  : 1-------------findDepartmentsBydeptid-----------------------------Sun Sep 29 11:32:48 KST 2019
2019-09-29 11:32:48.414  INFO 22732 --- [nio-8197-exec-3] c.s.e.vue.controller.EmployeeController  : 1-------------findDepartmentsBydeptid-----------------------------Sun Sep 29 11:32:48 KST 2019
2019-09-29 11:32:48.434  INFO 22732 --- [nio-8197-exec-2] c.s.e.vue.controller.EmployeeController  : 1-------------findDepartmentsBydeptid-----------------------------Sun Sep 29 11:32:48 KST 2019
2019-09-29 11:32:48.456  INFO 22732 --- [nio-8197-exec-6] c.s.e.vue.controller.EmployeeController  : 1-------------findDepartmentsBydeptid-----------------------------Sun Sep 29 11:32:48 KST 2019
2019-09-29 11:32:51.498  INFO 22732 --- [nio-8197-exec-5] c.s.e.vue.controller.EmployeeController  : 1-------------findDepartmentsBydeptid-----------------------------Sun Sep 29 11:32:51 KST 2019
2019-09-29 11:32:51.974  INFO 22732 --- [nio-8197-exec-7] c.s.e.vue.controller.EmployeeController  : 1-------------findDepartmentsBydeptid-----------------------------Sun Sep 29 11:32:51 KST 2019
2019-09-29 11:35:23.979  INFO 22732 --- [nio-8197-exec-8] c.s.e.vue.controller.EmployeeController  : 1-------------findDepartmentsBydeptid-----------------------------Sun Sep 29 11:35:23 KST 2019
2019-09-29 11:35:23.999  INFO 22732 --- [nio-8197-exec-9] c.s.e.vue.controller.EmployeeController  : 1-------------findDepartmentsBydeptid-----------------------------Sun Sep 29 11:35:23 KST 2019
2019-09-29 11:35:24.012  INFO 22732 --- [nio-8197-exec-1] c.s.e.vue.controller.EmployeeController  : 1-------------findDepartmentsBydeptid-----------------------------Sun Sep 29 11:35:24 KST 2019
2019-09-29 11:38:16.307  INFO 22732 --- [nio-8197-exec-6] c.s.e.vue.controller.EmployeeController  : 1-------------findDepartmentsBydeptid-----------------------------Sun Sep 29 11:38:16 KST 2019
2019-09-29 11:38:16.362  INFO 22732 --- [nio-8197-exec-4] c.s.e.vue.controller.EmployeeController  : 1-------------findDepartmentsBydeptid-----------------------------Sun Sep 29 11:38:16 KST 2019
2019-09-29 11:38:16.419  INFO 22732 --- [nio-8197-exec-5] c.s.e.vue.controller.EmployeeController  : 1-------------findDepartmentsBydeptid-----------------------------Sun Sep 29 11:38:16 KST 2019
2019-09-29 11:38:16.804  INFO 22732 --- [nio-8197-exec-7] c.s.e.vue.controller.EmployeeController  : 1-------------findDepartmentsBydeptid-----------------------------Sun Sep 29 11:38:16 KST 2019
2019-09-29 11:38:16.906  INFO 22732 --- [io-8197-exec-10] c.s.e.vue.controller.EmployeeController  : 1-------------findDepartmentsBydeptid-----------------------------Sun Sep 29 11:38:16 KST 2019
2019-09-29 11:38:16.947  INFO 22732 --- [nio-8197-exec-8] c.s.e.vue.controller.EmployeeController  : 1-------------findDepartmentsBydeptid-----------------------------Sun Sep 29 11:38:16 KST 2019
2019-09-29 11:38:17.014  INFO 22732 --- [nio-8197-exec-9] c.s.e.vue.controller.EmployeeController  : 1-------------findDepartmentsBydeptid-----------------------------Sun Sep 29 11:38:17 KST 2019
2019-09-29 11:38:17.029  INFO 22732 --- [nio-8197-exec-1] c.s.e.vue.controller.EmployeeController  : 1-------------findDepartmentsBydeptid-----------------------------Sun Sep 29 11:38:17 KST 2019
2019-09-29 11:38:17.074  INFO 22732 --- [nio-8197-exec-3] c.s.e.vue.controller.EmployeeController  : 1-------------findDepartmentsBydeptid-----------------------------Sun Sep 29 11:38:17 KST 2019
2019-09-29 11:38:17.140  INFO 22732 --- [nio-8197-exec-2] c.s.e.vue.controller.EmployeeController  : 1-------------findDepartmentsBydeptid-----------------------------Sun Sep 29 11:38:17 KST 2019
2019-09-29 11:38:17.166  INFO 22732 --- [nio-8197-exec-6] c.s.e.vue.controller.EmployeeController  : 1-------------findDepartmentsBydeptid-----------------------------Sun Sep 29 11:38:17 KST 2019
2019-09-29 11:38:17.218  INFO 22732 --- [nio-8197-exec-4] c.s.e.vue.controller.EmployeeController  : 1-------------findDepartmentsBydeptid-----------------------------Sun Sep 29 11:38:17 KST 2019
2019-09-29 11:38:17.233  INFO 22732 --- [nio-8197-exec-5] c.s.e.vue.controller.EmployeeController  : 1-------------findDepartmentsBydeptid-----------------------------Sun Sep 29 11:38:17 KST 2019
2019-09-29 11:38:17.424  INFO 22732 --- [nio-8197-exec-7] c.s.e.vue.controller.EmployeeController  : 1-------------findDepartmentsBydeptid-----------------------------Sun Sep 29 11:38:17 KST 2019
2019-09-29 11:38:17.453  INFO 22732 --- [io-8197-exec-10] c.s.e.vue.controller.EmployeeController  : 1-------------findDepartmentsBydeptid-----------------------------Sun Sep 29 11:38:17 KST 2019
2019-09-29 11:38:17.465  INFO 22732 --- [nio-8197-exec-8] c.s.e.vue.controller.EmployeeController  : 1-------------findDepartmentsBydeptid-----------------------------Sun Sep 29 11:38:17 KST 2019
2019-09-29 11:38:17.553  INFO 22732 --- [nio-8197-exec-9] c.s.e.vue.controller.EmployeeController  : 1-------------findDepartmentsBydeptid-----------------------------Sun Sep 29 11:38:17 KST 2019
2019-09-29 11:38:17.589  INFO 22732 --- [nio-8197-exec-1] c.s.e.vue.controller.EmployeeController  : 1-------------findDepartmentsBydeptid-----------------------------Sun Sep 29 11:38:17 KST 2019
2019-09-29 11:38:17.599  INFO 22732 --- [nio-8197-exec-3] c.s.e.vue.controller.EmployeeController  : 1-------------findDepartmentsBydeptid-----------------------------Sun Sep 29 11:38:17 KST 2019
2019-09-29 11:38:17.603  INFO 22732 --- [nio-8197-exec-2] c.s.e.vue.controller.EmployeeController  : 1-------------findDepartmentsBydeptid-----------------------------Sun Sep 29 11:38:17 KST 2019
2019-09-29 11:38:17.614  INFO 22732 --- [nio-8197-exec-6] c.s.e.vue.controller.EmployeeController  : 1-------------findDepartmentsBydeptid-----------------------------Sun Sep 29 11:38:17 KST 2019
2019-09-29 11:38:17.824  INFO 22732 --- [nio-8197-exec-4] c.s.e.vue.controller.EmployeeController  : 1-------------findDepartmentsBydeptid-----------------------------Sun Sep 29 11:38:17 KST 2019
2019-09-29 11:38:17.853  INFO 22732 --- [nio-8197-exec-5] c.s.e.vue.controller.EmployeeController  : 1-------------findDepartmentsBydeptid-----------------------------Sun Sep 29 11:38:17 KST 2019
2019-09-29 11:38:17.917  INFO 22732 --- [nio-8197-exec-7] c.s.e.vue.controller.EmployeeController  : 1-------------findDepartmentsBydeptid-----------------------------Sun Sep 29 11:38:17 KST 2019
2019-09-29 11:38:18.037  INFO 22732 --- [io-8197-exec-10] c.s.e.vue.controller.EmployeeController  : 1-------------findDepartmentsBydeptid-----------------------------Sun Sep 29 11:38:18 KST 2019
2019-09-29 11:38:18.063  INFO 22732 --- [nio-8197-exec-8] c.s.e.vue.controller.EmployeeController  : 1-------------findDepartmentsBydeptid-----------------------------Sun Sep 29 11:38:18 KST 2019
2019-09-29 11:38:18.158  INFO 22732 --- [nio-8197-exec-9] c.s.e.vue.controller.EmployeeController  : 1-------------findDepartmentsBydeptid-----------------------------Sun Sep 29 11:38:18 KST 2019
2019-09-29 11:38:18.187  INFO 22732 --- [nio-8197-exec-1] c.s.e.vue.controller.EmployeeController  : 1-------------findDepartmentsBydeptid-----------------------------Sun Sep 29 11:38:18 KST 2019
2019-09-29 11:38:18.291  INFO 22732 --- [nio-8197-exec-3] c.s.e.vue.controller.EmployeeController  : 1-------------findDepartmentsBydeptid-----------------------------Sun Sep 29 11:38:18 KST 2019
2019-09-29 11:38:18.316  INFO 22732 --- [nio-8197-exec-2] c.s.e.vue.controller.EmployeeController  : 1-------------findDepartmentsBydeptid-----------------------------Sun Sep 29 11:38:18 KST 2019
2019-09-29 11:38:18.328  INFO 22732 --- [nio-8197-exec-6] c.s.e.vue.controller.EmployeeController  : 1-------------findDepartmentsBydeptid-----------------------------Sun Sep 29 11:38:18 KST 2019
2019-09-29 11:38:18.342  INFO 22732 --- [nio-8197-exec-4] c.s.e.vue.controller.EmployeeController  : 1-------------findDepartmentsBydeptid-----------------------------Sun Sep 29 11:38:18 KST 2019
2019-09-29 11:38:18.467  INFO 22732 --- [nio-8197-exec-5] c.s.e.vue.controller.EmployeeController  : 1-------------findDepartmentsBydeptid-----------------------------Sun Sep 29 11:38:18 KST 2019
2019-09-29 11:38:18.490  INFO 22732 --- [nio-8197-exec-7] c.s.e.vue.controller.EmployeeController  : 1-------------findDepartmentsBydeptid-----------------------------Sun Sep 29 11:38:18 KST 2019
2019-09-29 11:38:18.499  INFO 22732 --- [io-8197-exec-10] c.s.e.vue.controller.EmployeeController  : 1-------------findDepartmentsBydeptid-----------------------------Sun Sep 29 11:38:18 KST 2019
2019-09-29 11:38:18.511  INFO 22732 --- [nio-8197-exec-8] c.s.e.vue.controller.EmployeeController  : 1-------------findDepartmentsBydeptid-----------------------------Sun Sep 29 11:38:18 KST 2019
2019-09-29 11:38:18.531  INFO 22732 --- [nio-8197-exec-9] c.s.e.vue.controller.EmployeeController  : 1-------------findDepartmentsBydeptid-----------------------------Sun Sep 29 11:38:18 KST 2019
2019-09-29 11:38:18.543  INFO 22732 --- [nio-8197-exec-1] c.s.e.vue.controller.EmployeeController  : 1-------------findDepartmentsBydeptid-----------------------------Sun Sep 29 11:38:18 KST 2019
2019-09-29 11:38:18.631  INFO 22732 --- [nio-8197-exec-3] c.s.e.vue.controller.EmployeeController  : 1-------------findDepartmentsBydeptid-----------------------------Sun Sep 29 11:38:18 KST 2019
2019-09-29 11:38:18.652  INFO 22732 --- [nio-8197-exec-2] c.s.e.vue.controller.EmployeeController  : 1-------------findDepartmentsBydeptid-----------------------------Sun Sep 29 11:38:18 KST 2019
2019-09-29 11:38:18.671  INFO 22732 --- [nio-8197-exec-6] c.s.e.vue.controller.EmployeeController  : 1-------------findDepartmentsBydeptid-----------------------------Sun Sep 29 11:38:18 KST 2019
2019-09-29 11:38:18.674  INFO 22732 --- [nio-8197-exec-4] c.s.e.vue.controller.EmployeeController  : 1-------------findDepartmentsBydeptid-----------------------------Sun Sep 29 11:38:18 KST 2019
2019-09-29 11:38:18.687  INFO 22732 --- [nio-8197-exec-5] c.s.e.vue.controller.EmployeeController  : 1-------------findDepartmentsBydeptid-----------------------------Sun Sep 29 11:38:18 KST 2019
2019-09-29 11:38:18.698  INFO 22732 --- [nio-8197-exec-7] c.s.e.vue.controller.EmployeeController  : 1-------------findDepartmentsBydeptid-----------------------------Sun Sep 29 11:38:18 KST 2019
2019-09-29 11:38:18.760  INFO 22732 --- [io-8197-exec-10] c.s.e.vue.controller.EmployeeController  : 1-------------findDepartmentsBydeptid-----------------------------Sun Sep 29 11:38:18 KST 2019
2019-09-29 11:38:18.777  INFO 22732 --- [nio-8197-exec-8] c.s.e.vue.controller.EmployeeController  : 1-------------findDepartmentsBydeptid-----------------------------Sun Sep 29 11:38:18 KST 2019
2019-09-29 11:38:18.792  INFO 22732 --- [nio-8197-exec-9] c.s.e.vue.controller.EmployeeController  : 1-------------findDepartmentsBydeptid-----------------------------Sun Sep 29 11:38:18 KST 2019
2019-09-29 11:38:18.812  INFO 22732 --- [nio-8197-exec-1] c.s.e.vue.controller.EmployeeController  : 1-------------findDepartmentsBydeptid-----------------------------Sun Sep 29 11:38:18 KST 2019
2019-09-29 11:38:18.826  INFO 22732 --- [nio-8197-exec-3] c.s.e.vue.controller.EmployeeController  : 1-------------findDepartmentsBydeptid-----------------------------Sun Sep 29 11:38:18 KST 2019
2019-09-29 11:38:18.896  INFO 22732 --- [nio-8197-exec-2] c.s.e.vue.controller.EmployeeController  : 1-------------findDepartmentsBydeptid-----------------------------Sun Sep 29 11:38:18 KST 2019
2019-09-29 11:38:18.915  INFO 22732 --- [nio-8197-exec-6] c.s.e.vue.controller.EmployeeController  : 1-------------findDepartmentsBydeptid-----------------------------Sun Sep 29 11:38:18 KST 2019
2019-09-29 11:38:18.932  INFO 22732 --- [nio-8197-exec-4] c.s.e.vue.controller.EmployeeController  : 1-------------findDepartmentsBydeptid-----------------------------Sun Sep 29 11:38:18 KST 2019
2019-09-29 11:38:19.174  INFO 22732 --- [nio-8197-exec-5] c.s.e.vue.controller.EmployeeController  : 1-------------findDepartmentsBydeptid-----------------------------Sun Sep 29 11:38:19 KST 2019
2019-09-29 11:38:27.323  INFO 22732 --- [nio-8197-exec-7] c.s.e.vue.controller.EmployeeController  : 1-------------findDepartmentsBydeptid-----------------------------Sun Sep 29 11:38:27 KST 2019
2019-09-29 11:38:27.952  INFO 22732 --- [io-8197-exec-10] c.s.e.vue.controller.EmployeeController  : 1-------------findDepartmentsBydeptid-----------------------------Sun Sep 29 11:38:27 KST 2019
2019-09-29 11:38:28.785  INFO 22732 --- [nio-8197-exec-8] c.s.e.vue.controller.EmployeeController  : 1-------------findDepartmentsBydeptid-----------------------------Sun Sep 29 11:38:28 KST 2019
2019-09-29 11:38:29.165  INFO 22732 --- [nio-8197-exec-9] c.s.e.vue.controller.EmployeeController  : 1-------------findDepartmentsBydeptid-----------------------------Sun Sep 29 11:38:29 KST 2019
2019-09-29 11:38:29.588  INFO 22732 --- [nio-8197-exec-1] c.s.e.vue.controller.EmployeeController  : 1-------------findDepartmentsBydeptid-----------------------------Sun Sep 29 11:38:29 KST 2019
2019-09-29 11:38:32.573  INFO 22732 --- [nio-8197-exec-3] c.s.e.vue.controller.EmployeeController  : 1-------------findDepartmentsBydeptid-----------------------------Sun Sep 29 11:38:32 KST 2019
2019-09-29 11:38:32.615  INFO 22732 --- [nio-8197-exec-2] c.s.e.vue.controller.EmployeeController  : 1-------------findDepartmentsBydeptid-----------------------------Sun Sep 29 11:38:32 KST 2019
2019-09-29 11:38:32.637  INFO 22732 --- [nio-8197-exec-6] c.s.e.vue.controller.EmployeeController  : 1-------------findDepartmentsBydeptid-----------------------------Sun Sep 29 11:38:32 KST 2019
2019-09-29 11:38:35.759  INFO 22732 --- [nio-8197-exec-4] c.s.e.vue.controller.EmployeeController  : 1-------------findDepartmentsBydeptid-----------------------------Sun Sep 29 11:38:35 KST 2019
2019-09-29 11:38:35.906  INFO 22732 --- [nio-8197-exec-5] c.s.e.vue.controller.EmployeeController  : 1-------------findDepartmentsBydeptid-----------------------------Sun Sep 29 11:38:35 KST 2019
2019-09-29 11:38:36.892  INFO 22732 --- [nio-8197-exec-7] c.s.e.vue.controller.EmployeeController  : 1-------------findDepartmentsBydeptid-----------------------------Sun Sep 29 11:38:36 KST 2019
2019-09-29 11:38:36.963  INFO 22732 --- [io-8197-exec-10] c.s.e.vue.controller.EmployeeController  : 1-------------findDepartmentsBydeptid-----------------------------Sun Sep 29 11:38:36 KST 2019
2019-09-29 11:38:40.648  INFO 22732 --- [nio-8197-exec-8] c.s.e.vue.controller.EmployeeController  : 1-------------findDepartmentsBydeptid-----------------------------Sun Sep 29 11:38:40 KST 2019
2019-09-29 11:38:42.092  INFO 22732 --- [nio-8197-exec-9] c.s.e.vue.controller.EmployeeController  : 1-------------findDepartmentsBydeptid-----------------------------Sun Sep 29 11:38:42 KST 2019
2019-09-29 11:38:43.359  INFO 22732 --- [nio-8197-exec-1] c.s.e.vue.controller.EmployeeController  : 1-------------findDepartmentsBydeptid-----------------------------Sun Sep 29 11:38:43 KST 2019
2019-09-29 11:38:48.987  INFO 22732 --- [nio-8197-exec-3] c.s.e.vue.controller.EmployeeController  : 1-------------findDepartmentsBydeptid-----------------------------Sun Sep 29 11:38:48 KST 2019
2019-09-29 11:38:49.025  INFO 22732 --- [nio-8197-exec-2] c.s.e.vue.controller.EmployeeController  : 1-------------findDepartmentsBydeptid-----------------------------Sun Sep 29 11:38:49 KST 2019
2019-09-29 11:38:50.885  INFO 22732 --- [nio-8197-exec-6] c.s.e.vue.controller.EmployeeController  : 1-------------findDepartmentsBydeptid-----------------------------Sun Sep 29 11:38:50 KST 2019
2019-09-29 11:38:50.920  INFO 22732 --- [nio-8197-exec-4] c.s.e.vue.controller.EmployeeController  : 1-------------findDepartmentsBydeptid-----------------------------Sun Sep 29 11:38:50 KST 2019
2019-09-29 11:38:51.313  INFO 22732 --- [nio-8197-exec-5] c.s.e.vue.controller.EmployeeController  : 1-------------findDepartmentsBydeptid-----------------------------Sun Sep 29 11:38:51 KST 2019
2019-09-29 11:38:58.411  INFO 22732 --- [nio-8197-exec-7] c.s.e.vue.controller.EmployeeController  : 1-------------findDepartmentsBydeptid-----------------------------Sun Sep 29 11:38:58 KST 2019
2019-09-29 11:39:10.994  INFO 22732 --- [io-8197-exec-10] c.s.e.vue.controller.EmployeeController  : 1-------------findDepartmentsBydeptid-----------------------------Sun Sep 29 11:39:10 KST 2019
2019-09-29 11:39:11.774  INFO 22732 --- [nio-8197-exec-8] c.s.e.vue.controller.EmployeeController  : 1-------------findDepartmentsBydeptid-----------------------------Sun Sep 29 11:39:11 KST 2019
2019-09-29 11:39:11.787  INFO 22732 --- [nio-8197-exec-9] c.s.e.vue.controller.EmployeeController  : 1-------------findDepartmentsBydeptid-----------------------------Sun Sep 29 11:39:11 KST 2019
2019-09-29 11:39:11.940  INFO 22732 --- [nio-8197-exec-1] c.s.e.vue.controller.EmployeeController  : 1-------------findDepartmentsBydeptid-----------------------------Sun Sep 29 11:39:11 KST 2019
2019-09-29 11:39:11.963  INFO 22732 --- [nio-8197-exec-3] c.s.e.vue.controller.EmployeeController  : 1-------------findDepartmentsBydeptid-----------------------------Sun Sep 29 11:39:11 KST 2019
2019-09-29 11:39:12.009  INFO 22732 --- [nio-8197-exec-2] c.s.e.vue.controller.EmployeeController  : 1-------------findDepartmentsBydeptid-----------------------------Sun Sep 29 11:39:12 KST 2019
2019-09-29 11:39:14.488  INFO 22732 --- [nio-8197-exec-6] c.s.e.vue.controller.EmployeeController  : 1-------------findDepartmentsBydeptid-----------------------------Sun Sep 29 11:39:14 KST 2019
2019-09-29 11:39:14.691  INFO 22732 --- [nio-8197-exec-4] c.s.e.vue.controller.EmployeeController  : 1-------------findDepartmentsBydeptid-----------------------------Sun Sep 29 11:39:14 KST 2019
2019-09-29 11:39:15.947  INFO 22732 --- [nio-8197-exec-5] c.s.e.vue.controller.EmployeeController  : 1-------------findDepartmentsBydeptid-----------------------------Sun Sep 29 11:39:15 KST 2019
2019-09-29 11:39:16.087  INFO 22732 --- [nio-8197-exec-7] c.s.e.vue.controller.EmployeeController  : 1-------------findDepartmentsBydeptid-----------------------------Sun Sep 29 11:39:16 KST 2019
2019-09-29 11:39:26.716  INFO 22732 --- [nio-8197-exec-9] c.s.e.vue.controller.EmployeeController  : 1-------------findDepartmentsBydeptid-----------------------------Sun Sep 29 11:39:26 KST 2019
2019-09-29 11:40:09.546  INFO 22732 --- [nio-8197-exec-1] c.s.e.vue.controller.EmployeeController  : 1-------------findDepartmentsBydeptid-----------------------------Sun Sep 29 11:40:09 KST 2019
2019-09-29 11:40:25.820  INFO 22732 --- [nio-8197-exec-3] c.s.e.vue.controller.EmployeeController  : 1-------------findDepartmentsBydeptid-----------------------------Sun Sep 29 11:40:25 KST 2019
2019-09-29 11:40:25.834  INFO 22732 --- [nio-8197-exec-2] c.s.e.vue.controller.EmployeeController  : 1-------------findDepartmentsBydeptid-----------------------------Sun Sep 29 11:40:25 KST 2019
2019-09-29 11:40:25.875  INFO 22732 --- [nio-8197-exec-6] c.s.e.vue.controller.EmployeeController  : 1-------------findDepartmentsBydeptid-----------------------------Sun Sep 29 11:40:25 KST 2019
2019-09-29 11:40:26.006  INFO 22732 --- [nio-8197-exec-4] c.s.e.vue.controller.EmployeeController  : 1-------------findDepartmentsBydeptid-----------------------------Sun Sep 29 11:40:26 KST 2019
2019-09-29 11:40:26.029  INFO 22732 --- [nio-8197-exec-5] c.s.e.vue.controller.EmployeeController  : 1-------------findDepartmentsBydeptid-----------------------------Sun Sep 29 11:40:26 KST 2019
2019-09-29 11:40:26.053  INFO 22732 --- [nio-8197-exec-7] c.s.e.vue.controller.EmployeeController  : 1-------------findDepartmentsBydeptid-----------------------------Sun Sep 29 11:40:26 KST 2019
2019-09-29 11:40:26.133  INFO 22732 --- [io-8197-exec-10] c.s.e.vue.controller.EmployeeController  : 1-------------findDepartmentsBydeptid-----------------------------Sun Sep 29 11:40:26 KST 2019
2019-09-29 11:40:26.162  INFO 22732 --- [nio-8197-exec-8] c.s.e.vue.controller.EmployeeController  : 1-------------findDepartmentsBydeptid-----------------------------Sun Sep 29 11:40:26 KST 2019
2019-09-29 11:40:26.230  INFO 22732 --- [nio-8197-exec-9] c.s.e.vue.controller.EmployeeController  : 1-------------findDepartmentsBydeptid-----------------------------Sun Sep 29 11:40:26 KST 2019
2019-09-29 11:40:26.364  INFO 22732 --- [nio-8197-exec-1] c.s.e.vue.controller.EmployeeController  : 1-------------findDepartmentsBydeptid-----------------------------Sun Sep 29 11:40:26 KST 2019
2019-09-29 11:40:26.438  INFO 22732 --- [nio-8197-exec-3] c.s.e.vue.controller.EmployeeController  : 1-------------findDepartmentsBydeptid-----------------------------Sun Sep 29 11:40:26 KST 2019
2019-09-29 11:40:26.463  INFO 22732 --- [nio-8197-exec-2] c.s.e.vue.controller.EmployeeController  : 1-------------findDepartmentsBydeptid-----------------------------Sun Sep 29 11:40:26 KST 2019
2019-09-29 11:40:26.530  INFO 22732 --- [nio-8197-exec-6] c.s.e.vue.controller.EmployeeController  : 1-------------findDepartmentsBydeptid-----------------------------Sun Sep 29 11:40:26 KST 2019
2019-09-29 11:40:26.555  INFO 22732 --- [nio-8197-exec-4] c.s.e.vue.controller.EmployeeController  : 1-------------findDepartmentsBydeptid-----------------------------Sun Sep 29 11:40:26 KST 2019
2019-09-29 11:40:26.648  INFO 22732 --- [nio-8197-exec-5] c.s.e.vue.controller.EmployeeController  : 1-------------findDepartmentsBydeptid-----------------------------Sun Sep 29 11:40:26 KST 2019
2019-09-29 11:40:26.672  INFO 22732 --- [nio-8197-exec-7] c.s.e.vue.controller.EmployeeController  : 1-------------findDepartmentsBydeptid-----------------------------Sun Sep 29 11:40:26 KST 2019
2019-09-29 11:40:26.689  INFO 22732 --- [io-8197-exec-10] c.s.e.vue.controller.EmployeeController  : 1-------------findDepartmentsBydeptid-----------------------------Sun Sep 29 11:40:26 KST 2019
2019-09-29 11:40:26.747  INFO 22732 --- [nio-8197-exec-8] c.s.e.vue.controller.EmployeeController  : 1-------------findDepartmentsBydeptid-----------------------------Sun Sep 29 11:40:26 KST 2019
2019-09-29 11:40:26.772  INFO 22732 --- [nio-8197-exec-9] c.s.e.vue.controller.EmployeeController  : 1-------------findDepartmentsBydeptid-----------------------------Sun Sep 29 11:40:26 KST 2019
2019-09-29 11:40:26.872  INFO 22732 --- [nio-8197-exec-1] c.s.e.vue.controller.EmployeeController  : 1-------------findDepartmentsBydeptid-----------------------------Sun Sep 29 11:40:26 KST 2019
2019-09-29 11:40:26.990  INFO 22732 --- [nio-8197-exec-3] c.s.e.vue.controller.EmployeeController  : 1-------------findDepartmentsBydeptid-----------------------------Sun Sep 29 11:40:26 KST 2019
2019-09-29 11:40:27.071  INFO 22732 --- [nio-8197-exec-2] c.s.e.vue.controller.EmployeeController  : 1-------------findDepartmentsBydeptid-----------------------------Sun Sep 29 11:40:27 KST 2019
2019-09-29 11:40:27.207  INFO 22732 --- [nio-8197-exec-6] c.s.e.vue.controller.EmployeeController  : 1-------------findDepartmentsBydeptid-----------------------------Sun Sep 29 11:40:27 KST 2019
2019-09-29 11:40:27.331  INFO 22732 --- [nio-8197-exec-4] c.s.e.vue.controller.EmployeeController  : 1-------------findDepartmentsBydeptid-----------------------------Sun Sep 29 11:40:27 KST 2019
2019-09-29 11:40:27.358  INFO 22732 --- [nio-8197-exec-5] c.s.e.vue.controller.EmployeeController  : 1-------------findDepartmentsBydeptid-----------------------------Sun Sep 29 11:40:27 KST 2019
2019-09-29 11:40:27.365  INFO 22732 --- [nio-8197-exec-5] c.s.e.vue.controller.EmployeeController  : 1-------------findDepartmentsBydeptid-----------------------------Sun Sep 29 11:40:27 KST 2019
2019-09-29 11:40:27.393  INFO 22732 --- [io-8197-exec-10] c.s.e.vue.controller.EmployeeController  : 1-------------findDepartmentsBydeptid-----------------------------Sun Sep 29 11:40:27 KST 2019
2019-09-29 11:40:27.443  INFO 22732 --- [nio-8197-exec-8] c.s.e.vue.controller.EmployeeController  : 1-------------findDepartmentsBydeptid-----------------------------Sun Sep 29 11:40:27 KST 2019
2019-09-29 11:40:27.474  INFO 22732 --- [nio-8197-exec-9] c.s.e.vue.controller.EmployeeController  : 1-------------findDepartmentsBydeptid-----------------------------Sun Sep 29 11:40:27 KST 2019
2019-09-29 11:40:27.510  INFO 22732 --- [nio-8197-exec-1] c.s.e.vue.controller.EmployeeController  : 1-------------findDepartmentsBydeptid-----------------------------Sun Sep 29 11:40:27 KST 2019
2019-09-29 11:40:27.519  INFO 22732 --- [nio-8197-exec-3] c.s.e.vue.controller.EmployeeController  : 1-------------findDepartmentsBydeptid-----------------------------Sun Sep 29 11:40:27 KST 2019
2019-09-29 11:40:29.222  INFO 22732 --- [nio-8197-exec-2] c.s.e.vue.controller.EmployeeController  : 1-------------findDepartmentsBydeptid-----------------------------Sun Sep 29 11:40:29 KST 2019
2019-09-29 11:40:29.231  INFO 22732 --- [nio-8197-exec-6] c.s.e.vue.controller.EmployeeController  : 1-------------findDepartmentsBydeptid-----------------------------Sun Sep 29 11:40:29 KST 2019
2019-09-29 11:40:29.264  INFO 22732 --- [nio-8197-exec-4] c.s.e.vue.controller.EmployeeController  : 1-------------findDepartmentsBydeptid-----------------------------Sun Sep 29 11:40:29 KST 2019
2019-09-29 11:40:29.775  INFO 22732 --- [nio-8197-exec-7] c.s.e.vue.controller.EmployeeController  : 1-------------findAllEmployees-----------------------------Sun Sep 29 11:40:29 KST 2019
2019-09-29 11:40:33.287  INFO 22732 --- [nio-8197-exec-5] c.s.e.vue.controller.EmployeeController  : 1-------------findAllEmployees-----------------------------Sun Sep 29 11:40:33 KST 2019
2019-09-29 11:40:33.293  INFO 22732 --- [io-8197-exec-10] c.s.e.vue.controller.EmployeeController  : 1-------------findEmployeesByManagerId-----------------------------Sun Sep 29 11:40:33 KST 2019
2019-09-29 11:40:35.234  INFO 22732 --- [nio-8197-exec-8] c.s.e.vue.controller.EmployeeController  : 1-------------findAllEmployees-----------------------------Sun Sep 29 11:40:35 KST 2019
2019-09-29 11:40:35.244  INFO 22732 --- [nio-8197-exec-9] c.s.e.vue.controller.EmployeeController  : 1-------------findAllEmployees-----------------------------Sun Sep 29 11:40:35 KST 2019
2019-09-29 11:40:35.247  INFO 22732 --- [nio-8197-exec-1] c.s.e.vue.controller.EmployeeController  : 4-------------findAllDepartments-----------------------------Sun Sep 29 11:40:35 KST 2019
2019-09-29 11:40:35.247  INFO 22732 --- [nio-8197-exec-3] c.s.e.vue.controller.EmployeeController  : 6-------------findAllTitles-----------------------------Sun Sep 29 11:40:35 KST 2019
2019-09-29 11:40:40.527  INFO 22732 --- [nio-8197-exec-2] c.s.e.vue.controller.EmployeeController  : 1-------------findAllEmployees-----------------------------Sun Sep 29 11:40:40 KST 2019
2019-09-29 11:40:40.528  INFO 22732 --- [nio-8197-exec-6] c.s.e.vue.controller.EmployeeController  : 1-------------findEmployeesByManagerId-----------------------------Sun Sep 29 11:40:40 KST 2019
2019-09-29 11:40:42.996  INFO 22732 --- [nio-8197-exec-4] c.s.e.vue.controller.EmployeeController  : 1-------------findAllEmployees-----------------------------Sun Sep 29 11:40:42 KST 2019
2019-09-29 11:40:43.006  INFO 22732 --- [nio-8197-exec-7] c.s.e.vue.controller.EmployeeController  : 1-------------findAllEmployees-----------------------------Sun Sep 29 11:40:43 KST 2019
2019-09-29 11:40:43.007  INFO 22732 --- [nio-8197-exec-5] c.s.e.vue.controller.EmployeeController  : 4-------------findAllDepartments-----------------------------Sun Sep 29 11:40:43 KST 2019
2019-09-29 11:40:43.025  INFO 22732 --- [io-8197-exec-10] c.s.e.vue.controller.EmployeeController  : 6-------------findAllTitles-----------------------------Sun Sep 29 11:40:43 KST 2019
2019-09-29 11:40:46.158  INFO 22732 --- [nio-8197-exec-8] c.s.e.vue.controller.EmployeeController  : 1-------------findAllEmployees-----------------------------Sun Sep 29 11:40:46 KST 2019
2019-09-29 11:40:46.158  INFO 22732 --- [nio-8197-exec-1] c.s.e.vue.controller.EmployeeController  : 1-------------findEmployeesByManagerId-----------------------------Sun Sep 29 11:40:46 KST 2019
2019-09-29 20:08:48.859  WARN 22732 --- [l-1 housekeeper] com.zaxxer.hikari.pool.HikariPool        : HikariPool-1 - Thread starvation or clock leap detected (housekeeper delta=1m16s573ms311µs).
