2019-10-05 13:33:46.221  WARN 30224 --- [l-2 housekeeper] com.zaxxer.hikari.pool.HikariPool        : HikariPool-2 - Thread starvation or clock leap detected (housekeeper delta=14h18m28s53ms441µs700ns).
2019-10-05 14:04:27.742  INFO 30224 --- [nio-8197-exec-6] c.s.e.vue.controller.EmployeeController  : 1-------------findAllEmployees-----------------------------Sat Oct 05 14:04:27 KST 2019
2019-10-05 15:48:56.053  INFO 30224 --- [nio-8197-exec-8] c.s.e.vue.controller.EmployeeController  : 1-------------findAllEmployees-----------------------------Sat Oct 05 15:48:56 KST 2019
2019-10-05 15:49:12.177  INFO 30224 --- [nio-8197-exec-4] c.s.e.vue.controller.EmployeeController  : 1-------------findAllEmployees-----------------------------Sat Oct 05 15:49:12 KST 2019
2019-10-05 15:49:12.199  INFO 30224 --- [nio-8197-exec-2] c.s.e.vue.controller.EmployeeController  : 4-------------findAllDepartments-----------------------------Sat Oct 05 15:49:12 KST 2019
2019-10-05 15:49:12.199  INFO 30224 --- [nio-8197-exec-9] c.s.e.vue.controller.EmployeeController  : 6-------------findAllTitles-----------------------------Sat Oct 05 15:49:12 KST 2019
2019-10-05 15:49:13.537  INFO 30224 --- [nio-8197-exec-3] c.s.e.vue.controller.EmployeeController  : 1-------------findAllEmployees-----------------------------Sat Oct 05 15:49:13 KST 2019
2019-10-05 15:49:15.763  INFO 30224 --- [nio-8197-exec-5] c.s.e.vue.controller.EmployeeController  : 1-------------findAllEmployees-----------------------------Sat Oct 05 15:49:15 KST 2019
2019-10-05 15:49:17.309  INFO 30224 --- [io-8197-exec-10] c.s.e.vue.controller.EmployeeController  : 1-------------findAllDepCounts-----------------------------Sat Oct 05 15:49:17 KST 2019
2019-10-05 15:49:18.260  INFO 30224 --- [nio-8197-exec-1] c.s.e.vue.controller.EmployeeController  : 1-------------findDepartmentsBydeptid-----------------------------Sat Oct 05 15:49:18 KST 2019
2019-10-05 15:49:18.260  INFO 30224 --- [nio-8197-exec-6] c.s.e.vue.controller.EmployeeController  : 1-------------findDepartmentsBydeptid-----------------------------Sat Oct 05 15:49:18 KST 2019
2019-10-05 15:49:18.290  INFO 30224 --- [nio-8197-exec-7] c.s.e.vue.controller.EmployeeController  : 1-------------findDepartmentsBydeptid-----------------------------Sat Oct 05 15:49:18 KST 2019
2019-10-05 15:49:18.462  INFO 30224 --- [nio-8197-exec-8] c.s.e.vue.controller.EmployeeController  : 1-------------findDepartmentsBydeptid-----------------------------Sat Oct 05 15:49:18 KST 2019
2019-10-05 15:49:18.519  INFO 30224 --- [nio-8197-exec-4] c.s.e.vue.controller.EmployeeController  : 1-------------findDepartmentsBydeptid-----------------------------Sat Oct 05 15:49:18 KST 2019
2019-10-05 15:49:18.686  INFO 30224 --- [nio-8197-exec-9] c.s.e.vue.controller.EmployeeController  : 1-------------findDepartmentsBydeptid-----------------------------Sat Oct 05 15:49:18 KST 2019
2019-10-05 15:49:18.739  INFO 30224 --- [nio-8197-exec-2] c.s.e.vue.controller.EmployeeController  : 1-------------findDepartmentsBydeptid-----------------------------Sat Oct 05 15:49:18 KST 2019
2019-10-05 15:49:18.853  INFO 30224 --- [nio-8197-exec-3] c.s.e.vue.controller.EmployeeController  : 1-------------findDepartmentsBydeptid-----------------------------Sat Oct 05 15:49:18 KST 2019
2019-10-05 15:49:18.877  INFO 30224 --- [nio-8197-exec-5] c.s.e.vue.controller.EmployeeController  : 1-------------findDepartmentsBydeptid-----------------------------Sat Oct 05 15:49:18 KST 2019
2019-10-05 15:49:18.977  INFO 30224 --- [io-8197-exec-10] c.s.e.vue.controller.EmployeeController  : 1-------------findDepartmentsBydeptid-----------------------------Sat Oct 05 15:49:18 KST 2019
2019-10-05 15:49:19.028  INFO 30224 --- [nio-8197-exec-1] c.s.e.vue.controller.EmployeeController  : 1-------------findDepartmentsBydeptid-----------------------------Sat Oct 05 15:49:19 KST 2019
2019-10-05 15:49:19.066  INFO 30224 --- [nio-8197-exec-6] c.s.e.vue.controller.EmployeeController  : 1-------------findDepartmentsBydeptid-----------------------------Sat Oct 05 15:49:19 KST 2019
2019-10-05 15:49:19.105  INFO 30224 --- [nio-8197-exec-7] c.s.e.vue.controller.EmployeeController  : 1-------------findDepartmentsBydeptid-----------------------------Sat Oct 05 15:49:19 KST 2019
2019-10-05 15:49:19.139  INFO 30224 --- [nio-8197-exec-8] c.s.e.vue.controller.EmployeeController  : 1-------------findDepartmentsBydeptid-----------------------------Sat Oct 05 15:49:19 KST 2019
2019-10-05 15:49:19.260  INFO 30224 --- [nio-8197-exec-4] c.s.e.vue.controller.EmployeeController  : 1-------------findDepartmentsBydeptid-----------------------------Sat Oct 05 15:49:19 KST 2019
2019-10-05 15:49:19.280  INFO 30224 --- [nio-8197-exec-9] c.s.e.vue.controller.EmployeeController  : 1-------------findDepartmentsBydeptid-----------------------------Sat Oct 05 15:49:19 KST 2019
2019-10-05 15:49:19.300  INFO 30224 --- [nio-8197-exec-2] c.s.e.vue.controller.EmployeeController  : 1-------------findDepartmentsBydeptid-----------------------------Sat Oct 05 15:49:19 KST 2019
2019-10-05 15:49:19.332  INFO 30224 --- [nio-8197-exec-3] c.s.e.vue.controller.EmployeeController  : 1-------------findDepartmentsBydeptid-----------------------------Sat Oct 05 15:49:19 KST 2019
2019-10-05 15:49:19.349  INFO 30224 --- [nio-8197-exec-5] c.s.e.vue.controller.EmployeeController  : 1-------------findDepartmentsBydeptid-----------------------------Sat Oct 05 15:49:19 KST 2019
2019-10-05 15:49:19.390  INFO 30224 --- [io-8197-exec-10] c.s.e.vue.controller.EmployeeController  : 1-------------findDepartmentsBydeptid-----------------------------Sat Oct 05 15:49:19 KST 2019
2019-10-05 15:49:19.413  INFO 30224 --- [nio-8197-exec-1] c.s.e.vue.controller.EmployeeController  : 1-------------findDepartmentsBydeptid-----------------------------Sat Oct 05 15:49:19 KST 2019
2019-10-05 15:49:19.426  INFO 30224 --- [nio-8197-exec-6] c.s.e.vue.controller.EmployeeController  : 1-------------findDepartmentsBydeptid-----------------------------Sat Oct 05 15:49:19 KST 2019
2019-10-05 15:49:19.441  INFO 30224 --- [nio-8197-exec-7] c.s.e.vue.controller.EmployeeController  : 1-------------findDepartmentsBydeptid-----------------------------Sat Oct 05 15:49:19 KST 2019
2019-10-05 15:49:19.522  INFO 30224 --- [nio-8197-exec-8] c.s.e.vue.controller.EmployeeController  : 1-------------findDepartmentsBydeptid-----------------------------Sat Oct 05 15:49:19 KST 2019
2019-10-05 15:49:19.556  INFO 30224 --- [nio-8197-exec-4] c.s.e.vue.controller.EmployeeController  : 1-------------findDepartmentsBydeptid-----------------------------Sat Oct 05 15:49:19 KST 2019
2019-10-05 15:49:19.569  INFO 30224 --- [nio-8197-exec-9] c.s.e.vue.controller.EmployeeController  : 1-------------findDepartmentsBydeptid-----------------------------Sat Oct 05 15:49:19 KST 2019
2019-10-05 15:49:19.593  INFO 30224 --- [nio-8197-exec-2] c.s.e.vue.controller.EmployeeController  : 1-------------findDepartmentsBydeptid-----------------------------Sat Oct 05 15:49:19 KST 2019
2019-10-05 15:49:19.615  INFO 30224 --- [nio-8197-exec-3] c.s.e.vue.controller.EmployeeController  : 1-------------findDepartmentsBydeptid-----------------------------Sat Oct 05 15:49:19 KST 2019
2019-10-05 15:49:19.648  INFO 30224 --- [nio-8197-exec-5] c.s.e.vue.controller.EmployeeController  : 1-------------findDepartmentsBydeptid-----------------------------Sat Oct 05 15:49:19 KST 2019
2019-10-05 15:49:19.691  INFO 30224 --- [io-8197-exec-10] c.s.e.vue.controller.EmployeeController  : 1-------------findDepartmentsBydeptid-----------------------------Sat Oct 05 15:49:19 KST 2019
2019-10-05 15:49:19.720  INFO 30224 --- [nio-8197-exec-1] c.s.e.vue.controller.EmployeeController  : 1-------------findDepartmentsBydeptid-----------------------------Sat Oct 05 15:49:19 KST 2019
2019-10-05 15:49:19.758  INFO 30224 --- [nio-8197-exec-6] c.s.e.vue.controller.EmployeeController  : 1-------------findDepartmentsBydeptid-----------------------------Sat Oct 05 15:49:19 KST 2019
2019-10-05 15:49:19.859  INFO 30224 --- [nio-8197-exec-7] c.s.e.vue.controller.EmployeeController  : 1-------------findDepartmentsBydeptid-----------------------------Sat Oct 05 15:49:19 KST 2019
2019-10-05 15:49:19.968  INFO 30224 --- [nio-8197-exec-8] c.s.e.vue.controller.EmployeeController  : 1-------------findDepartmentsBydeptid-----------------------------Sat Oct 05 15:49:19 KST 2019
2019-10-05 15:49:20.725  INFO 30224 --- [nio-8197-exec-4] c.s.e.vue.controller.EmployeeController  : 1-------------findAllEmployees-----------------------------Sat Oct 05 15:49:20 KST 2019
2019-10-05 15:49:22.495  INFO 30224 --- [nio-8197-exec-9] c.s.e.vue.controller.EmployeeController  : 1-------------findAllEmployees-----------------------------Sat Oct 05 15:49:22 KST 2019
2019-10-05 15:49:22.510  INFO 30224 --- [nio-8197-exec-3] c.s.e.vue.controller.EmployeeController  : 6-------------findAllTitles-----------------------------Sat Oct 05 15:49:22 KST 2019
2019-10-05 15:49:22.511  INFO 30224 --- [nio-8197-exec-2] c.s.e.vue.controller.EmployeeController  : 4-------------findAllDepartments-----------------------------Sat Oct 05 15:49:22 KST 2019
2019-10-05 15:49:30.518  INFO 30224 --- [nio-8197-exec-5] c.s.e.vue.controller.EmployeeController  : 3-------------findLikeEmployees-----------------------------Sat Oct 05 15:49:30 KST 2019
2019-10-05 15:49:51.455  INFO 30224 --- [io-8197-exec-10] c.s.e.vue.controller.EmployeeController  : 1-------------findAllEmployees-----------------------------Sat Oct 05 15:49:51 KST 2019
2019-10-05 15:49:53.700  INFO 30224 --- [nio-8197-exec-1] c.s.e.vue.controller.EmployeeController  : 1-------------findAllEmployees-----------------------------Sat Oct 05 15:49:53 KST 2019
2019-10-05 20:39:16.766  INFO 30224 --- [nio-8197-exec-4] c.s.e.vue.controller.EmployeeController  : 1-------------findAllEmployees-----------------------------Sat Oct 05 20:39:16 KST 2019
2019-10-05 20:39:46.901  INFO 30224 --- [nio-8197-exec-9] c.s.e.vue.controller.EmployeeController  : 1-------------findAllEmployees-----------------------------Sat Oct 05 20:39:46 KST 2019
2019-10-05 20:39:46.912  INFO 30224 --- [nio-8197-exec-3] c.s.e.vue.controller.EmployeeController  : 4-------------findAllDepartments-----------------------------Sat Oct 05 20:39:46 KST 2019
2019-10-05 20:39:46.918  INFO 30224 --- [nio-8197-exec-2] c.s.e.vue.controller.EmployeeController  : 6-------------findAllTitles-----------------------------Sat Oct 05 20:39:46 KST 2019
2019-10-05 20:39:47.747  INFO 30224 --- [nio-8197-exec-5] c.s.e.vue.controller.EmployeeController  : 1-------------findAllEmployees-----------------------------Sat Oct 05 20:39:47 KST 2019
2019-10-05 20:39:48.699  INFO 30224 --- [io-8197-exec-10] c.s.e.vue.controller.EmployeeController  : 1-------------findAllDepCounts-----------------------------Sat Oct 05 20:39:48 KST 2019
2019-10-05 20:41:32.533  INFO 30224 --- [nio-8197-exec-8] c.s.e.vue.controller.EmployeeController  : 1-------------findAllEmployees-----------------------------Sat Oct 05 20:41:32 KST 2019
2019-10-05 20:44:53.737  INFO 30224 --- [nio-8197-exec-9] c.s.e.vue.controller.EmployeeController  : 1-------------findAllEmployees-----------------------------Sat Oct 05 20:44:53 KST 2019
2019-10-05 20:45:04.554  INFO 30224 --- [nio-8197-exec-3] c.s.e.vue.controller.EmployeeController  : 1-------------findAllEmployees-----------------------------Sat Oct 05 20:45:04 KST 2019
2019-10-05 20:45:04.558  INFO 30224 --- [nio-8197-exec-2] c.s.e.vue.controller.EmployeeController  : 4-------------findAllDepartments-----------------------------Sat Oct 05 20:45:04 KST 2019
2019-10-05 20:45:04.561  INFO 30224 --- [nio-8197-exec-5] c.s.e.vue.controller.EmployeeController  : 6-------------findAllTitles-----------------------------Sat Oct 05 20:45:04 KST 2019
2019-10-05 20:45:05.997  INFO 30224 --- [io-8197-exec-10] c.s.e.vue.controller.EmployeeController  : 1-------------findAllEmployees-----------------------------Sat Oct 05 20:45:05 KST 2019
2019-10-05 20:49:44.046  INFO 30224 --- [nio-8197-exec-8] c.s.e.vue.controller.EmployeeController  : 1-------------findAllEmployees-----------------------------Sat Oct 05 20:49:44 KST 2019
2019-10-05 20:49:51.042  INFO 30224 --- [nio-8197-exec-4] c.s.e.vue.controller.EmployeeController  : 1-------------deleteEmployee-----------------------------Sat Oct 05 20:49:51 KST 2019
2019-10-05 20:49:51.042  INFO 30224 --- [nio-8197-exec-4] c.s.e.vue.controller.EmployeeController  : 1-------------deleteEmployee-----------------------------5
2019-10-05 20:49:52.669  INFO 30224 --- [nio-8197-exec-9] c.s.e.vue.controller.EmployeeController  : 1-------------findAllEmployees-----------------------------Sat Oct 05 20:49:52 KST 2019
2019-10-05 20:49:52.675  INFO 30224 --- [nio-8197-exec-3] c.s.e.vue.controller.EmployeeController  : 1-------------findEmployeesByManagerId-----------------------------Sat Oct 05 20:49:52 KST 2019
2019-10-05 20:49:54.814  INFO 30224 --- [nio-8197-exec-2] c.s.e.vue.controller.EmployeeController  : 1-------------findAllEmployees-----------------------------Sat Oct 05 20:49:54 KST 2019
2019-10-05 20:49:56.559  INFO 30224 --- [nio-8197-exec-5] c.s.e.vue.controller.EmployeeController  : 1-------------findAllEmployees-----------------------------Sat Oct 05 20:49:56 KST 2019
2019-10-05 20:49:57.483  INFO 30224 --- [io-8197-exec-10] c.s.e.vue.controller.EmployeeController  : 1-------------findAllEmployees-----------------------------Sat Oct 05 20:49:57 KST 2019
2019-10-05 20:49:57.492  INFO 30224 --- [nio-8197-exec-1] c.s.e.vue.controller.EmployeeController  : 4-------------findAllDepartments-----------------------------Sat Oct 05 20:49:57 KST 2019
2019-10-05 20:49:57.493  INFO 30224 --- [nio-8197-exec-6] c.s.e.vue.controller.EmployeeController  : 6-------------findAllTitles-----------------------------Sat Oct 05 20:49:57 KST 2019
2019-10-05 20:49:58.785  INFO 30224 --- [nio-8197-exec-7] c.s.e.vue.controller.EmployeeController  : 1-------------findAllEmployees-----------------------------Sat Oct 05 20:49:58 KST 2019
2019-10-05 20:52:01.620  INFO 30224 --- [nio-8197-exec-3] c.s.e.vue.controller.EmployeeController  : 1-------------deleteEmployee-----------------------------Sat Oct 05 20:52:01 KST 2019
2019-10-05 20:52:01.621  INFO 30224 --- [nio-8197-exec-3] c.s.e.vue.controller.EmployeeController  : 1-------------deleteEmployee-----------------------------33
2019-10-05 20:52:04.738  INFO 30224 --- [nio-8197-exec-2] c.s.e.vue.controller.EmployeeController  : 1-------------findAllEmployees-----------------------------Sat Oct 05 20:52:04 KST 2019
2019-10-05 20:52:04.742  INFO 30224 --- [nio-8197-exec-5] c.s.e.vue.controller.EmployeeController  : 1-------------findEmployeesByManagerId-----------------------------Sat Oct 05 20:52:04 KST 2019
2019-10-05 20:52:08.324  INFO 30224 --- [io-8197-exec-10] c.s.e.vue.controller.EmployeeController  : 1-------------findAllEmployees-----------------------------Sat Oct 05 20:52:08 KST 2019
2019-10-05 20:52:19.161  INFO 30224 --- [nio-8197-exec-6] c.s.e.vue.controller.EmployeeController  : 1-------------findAllEmployees-----------------------------Sat Oct 05 20:52:19 KST 2019
2019-10-05 20:52:19.163  INFO 30224 --- [nio-8197-exec-7] c.s.e.vue.controller.EmployeeController  : 4-------------findAllDepartments-----------------------------Sat Oct 05 20:52:19 KST 2019
2019-10-05 20:52:19.164  INFO 30224 --- [nio-8197-exec-8] c.s.e.vue.controller.EmployeeController  : 6-------------findAllTitles-----------------------------Sat Oct 05 20:52:19 KST 2019
2019-10-05 20:52:19.267  WARN 30224 --- [nio-8197-exec-1] .w.s.m.s.DefaultHandlerExceptionResolver : Resolved exception caused by handler execution: org.springframework.web.method.annotation.MethodArgumentTypeMismatchException: Failed to convert value of type 'java.lang.String' to required type 'int'; nested exception is java.lang.NumberFormatException: For input string: "undefined"
2019-10-05 20:52:21.210  INFO 30224 --- [nio-8197-exec-4] c.s.e.vue.controller.EmployeeController  : 1-------------findAllEmployees-----------------------------Sat Oct 05 20:52:21 KST 2019
2019-10-05 20:52:26.532  INFO 30224 --- [nio-8197-exec-9] c.s.e.vue.controller.EmployeeController  : 1-------------deleteEmployee-----------------------------Sat Oct 05 20:52:26 KST 2019
2019-10-05 20:52:26.533  INFO 30224 --- [nio-8197-exec-9] c.s.e.vue.controller.EmployeeController  : 1-------------deleteEmployee-----------------------------32
2019-10-05 20:52:28.102  INFO 30224 --- [nio-8197-exec-3] c.s.e.vue.controller.EmployeeController  : 1-------------findAllEmployees-----------------------------Sat Oct 05 20:52:28 KST 2019
2019-10-05 20:52:28.102  INFO 30224 --- [nio-8197-exec-2] c.s.e.vue.controller.EmployeeController  : 1-------------findEmployeesByManagerId-----------------------------Sat Oct 05 20:52:28 KST 2019
2019-10-05 20:52:29.869  INFO 30224 --- [nio-8197-exec-5] c.s.e.vue.controller.EmployeeController  : 1-------------findAllEmployees-----------------------------Sat Oct 05 20:52:29 KST 2019
2019-10-05 20:54:04.263  INFO 30224 --- [nio-8197-exec-8] c.s.e.vue.controller.EmployeeController  : 1-------------findAllEmployees-----------------------------Sat Oct 05 20:54:04 KST 2019
2019-10-05 20:54:04.265  INFO 30224 --- [nio-8197-exec-1] c.s.e.vue.controller.EmployeeController  : 1-------------findEmployeesByManagerId-----------------------------Sat Oct 05 20:54:04 KST 2019
2019-10-05 20:54:07.167  INFO 30224 --- [nio-8197-exec-4] c.s.e.vue.controller.EmployeeController  : 1-------------findAllEmployees-----------------------------Sat Oct 05 20:54:07 KST 2019
2019-10-05 20:54:07.172  INFO 30224 --- [nio-8197-exec-9] c.s.e.vue.controller.EmployeeController  : 1-------------findEmployeesByManagerId-----------------------------Sat Oct 05 20:54:07 KST 2019
2019-10-05 20:54:09.866  INFO 30224 --- [nio-8197-exec-3] c.s.e.vue.controller.EmployeeController  : 1-------------findAllEmployees-----------------------------Sat Oct 05 20:54:09 KST 2019
2019-10-05 20:54:12.582  INFO 30224 --- [nio-8197-exec-2] c.s.e.vue.controller.EmployeeController  : 1-------------findAllEmployees-----------------------------Sat Oct 05 20:54:12 KST 2019
2019-10-05 20:54:17.229  INFO 30224 --- [nio-8197-exec-5] c.s.e.vue.controller.EmployeeController  : 1-------------deleteEmployee-----------------------------Sat Oct 05 20:54:17 KST 2019
2019-10-05 20:54:17.230  INFO 30224 --- [nio-8197-exec-5] c.s.e.vue.controller.EmployeeController  : 1-------------deleteEmployee-----------------------------31
2019-10-05 20:54:19.822  INFO 30224 --- [io-8197-exec-10] c.s.e.vue.controller.EmployeeController  : 1-------------findAllEmployees-----------------------------Sat Oct 05 20:54:19 KST 2019
2019-10-05 20:59:45.301  INFO 30224 --- [nio-8197-exec-8] c.s.e.vue.controller.EmployeeController  : 1-------------findAllEmployees-----------------------------Sat Oct 05 20:59:45 KST 2019
