2019-09-20 00:37:47.336  WARN 11880 --- [l-1 housekeeper] com.zaxxer.hikari.pool.HikariPool        : HikariPool-1 - Thread starvation or clock leap detected (housekeeper delta=38m52s563ms82µs).
2019-09-20 00:40:43.304  INFO 11880 --- [nio-8197-exec-6] c.s.e.vue.controller.EmployeeController  : 1-------------findEmployeesByManagerId-----------------------------Fri Sep 20 00:40:43 KST 2019
2019-09-20 00:40:43.304  INFO 11880 --- [nio-8197-exec-5] c.s.e.vue.controller.EmployeeController  : 1-------------findAllEmployees-----------------------------Fri Sep 20 00:40:43 KST 2019
2019-09-20 00:40:45.887  INFO 11880 --- [nio-8197-exec-4] c.s.e.vue.controller.EmployeeController  : 1-------------findAllEmployees-----------------------------Fri Sep 20 00:40:45 KST 2019
2019-09-20 00:40:45.887  INFO 11880 --- [nio-8197-exec-7] c.s.e.vue.controller.EmployeeController  : 1-------------findEmployeesByManagerId-----------------------------Fri Sep 20 00:40:45 KST 2019
2019-09-20 00:40:47.206  INFO 11880 --- [nio-8197-exec-8] c.s.e.vue.controller.EmployeeController  : 1-------------findAllEmployees-----------------------------Fri Sep 20 00:40:47 KST 2019
2019-09-20 00:40:47.207  INFO 11880 --- [nio-8197-exec-9] c.s.e.vue.controller.EmployeeController  : 1-------------findEmployeesByManagerId-----------------------------Fri Sep 20 00:40:47 KST 2019
2019-09-20 00:40:47.959  INFO 11880 --- [nio-8197-exec-1] c.s.e.vue.controller.EmployeeController  : 1-------------findAllEmployees-----------------------------Fri Sep 20 00:40:47 KST 2019
2019-09-20 00:40:47.960  INFO 11880 --- [nio-8197-exec-3] c.s.e.vue.controller.EmployeeController  : 1-------------findEmployeesByManagerId-----------------------------Fri Sep 20 00:40:47 KST 2019
2019-09-20 00:40:48.351  INFO 11880 --- [io-8197-exec-10] c.s.e.vue.controller.EmployeeController  : 1-------------findAllEmployees-----------------------------Fri Sep 20 00:40:48 KST 2019
2019-09-20 00:40:48.363  INFO 11880 --- [nio-8197-exec-2] c.s.e.vue.controller.EmployeeController  : 1-------------findEmployeesByManagerId-----------------------------Fri Sep 20 00:40:48 KST 2019
2019-09-20 00:40:48.590  INFO 11880 --- [nio-8197-exec-5] c.s.e.vue.controller.EmployeeController  : 1-------------findAllEmployees-----------------------------Fri Sep 20 00:40:48 KST 2019
2019-09-20 00:40:48.590  INFO 11880 --- [nio-8197-exec-6] c.s.e.vue.controller.EmployeeController  : 1-------------findEmployeesByManagerId-----------------------------Fri Sep 20 00:40:48 KST 2019
2019-09-20 00:40:49.843  INFO 11880 --- [nio-8197-exec-7] c.s.e.vue.controller.EmployeeController  : 1-------------findAllEmployees-----------------------------Fri Sep 20 00:40:49 KST 2019
2019-09-20 00:40:51.207  INFO 11880 --- [nio-8197-exec-4] c.s.e.vue.controller.EmployeeController  : 1-------------findAllDepCounts-----------------------------Fri Sep 20 00:40:51 KST 2019
2019-09-20 00:40:53.161  INFO 11880 --- [nio-8197-exec-8] c.s.e.vue.controller.EmployeeController  : 1-------------findAllDepCounts-----------------------------Fri Sep 20 00:40:53 KST 2019
2019-09-20 00:40:55.553  INFO 11880 --- [nio-8197-exec-9] c.s.e.vue.controller.EmployeeController  : 1-------------findAllEmployees-----------------------------Fri Sep 20 00:40:55 KST 2019
2019-09-20 00:40:57.977  INFO 11880 --- [nio-8197-exec-3] c.s.e.vue.controller.EmployeeController  : 1-------------findAllEmployees-----------------------------Fri Sep 20 00:40:57 KST 2019
2019-09-20 00:40:58.001  INFO 11880 --- [nio-8197-exec-1] c.s.e.vue.controller.EmployeeController  : 4-------------findAllDepartments-----------------------------Fri Sep 20 00:40:58 KST 2019
2019-09-20 00:40:58.001  INFO 11880 --- [io-8197-exec-10] c.s.e.vue.controller.EmployeeController  : 6-------------findAllTitles-----------------------------Fri Sep 20 00:40:58 KST 2019
2019-09-20 00:41:00.241  INFO 11880 --- [nio-8197-exec-2] c.s.e.vue.controller.EmployeeController  : 1-------------findAllEmployees-----------------------------Fri Sep 20 00:41:00 KST 2019
2019-09-20 00:41:01.972  INFO 11880 --- [nio-8197-exec-5] c.s.e.vue.controller.EmployeeController  : 1-------------findAllEmployees-----------------------------Fri Sep 20 00:41:01 KST 2019
2019-09-20 00:41:03.946  INFO 11880 --- [nio-8197-exec-6] c.s.e.vue.controller.EmployeeController  : 1-------------findAllDepCounts-----------------------------Fri Sep 20 00:41:03 KST 2019
2019-09-20 00:41:04.535  INFO 11880 --- [nio-8197-exec-7] c.s.e.vue.controller.EmployeeController  : 1-------------findDepartmentsBydeptid-----------------------------Fri Sep 20 00:41:04 KST 2019
2019-09-20 00:41:04.584  INFO 11880 --- [nio-8197-exec-4] c.s.e.vue.controller.EmployeeController  : 1-------------findDepartmentsBydeptid-----------------------------Fri Sep 20 00:41:04 KST 2019
2019-09-20 00:41:04.969  INFO 11880 --- [nio-8197-exec-8] c.s.e.vue.controller.EmployeeController  : 1-------------findDepartmentsBydeptid-----------------------------Fri Sep 20 00:41:04 KST 2019
2019-09-20 00:41:04.997  INFO 11880 --- [nio-8197-exec-9] c.s.e.vue.controller.EmployeeController  : 1-------------findDepartmentsBydeptid-----------------------------Fri Sep 20 00:41:04 KST 2019
2019-09-20 00:41:05.015  INFO 11880 --- [nio-8197-exec-3] c.s.e.vue.controller.EmployeeController  : 1-------------findDepartmentsBydeptid-----------------------------Fri Sep 20 00:41:05 KST 2019
2019-09-20 00:41:05.035  INFO 11880 --- [io-8197-exec-10] c.s.e.vue.controller.EmployeeController  : 1-------------findDepartmentsBydeptid-----------------------------Fri Sep 20 00:41:05 KST 2019
2019-09-20 00:41:05.052  INFO 11880 --- [nio-8197-exec-1] c.s.e.vue.controller.EmployeeController  : 1-------------findDepartmentsBydeptid-----------------------------Fri Sep 20 00:41:05 KST 2019
2019-09-20 00:41:05.067  INFO 11880 --- [nio-8197-exec-2] c.s.e.vue.controller.EmployeeController  : 1-------------findDepartmentsBydeptid-----------------------------Fri Sep 20 00:41:05 KST 2019
2019-09-20 00:41:05.203  INFO 11880 --- [nio-8197-exec-5] c.s.e.vue.controller.EmployeeController  : 1-------------findDepartmentsBydeptid-----------------------------Fri Sep 20 00:41:05 KST 2019
2019-09-20 00:41:05.215  INFO 11880 --- [nio-8197-exec-6] c.s.e.vue.controller.EmployeeController  : 1-------------findDepartmentsBydeptid-----------------------------Fri Sep 20 00:41:05 KST 2019
2019-09-20 00:41:05.259  INFO 11880 --- [nio-8197-exec-7] c.s.e.vue.controller.EmployeeController  : 1-------------findDepartmentsBydeptid-----------------------------Fri Sep 20 00:41:05 KST 2019
2019-09-20 00:41:05.259  INFO 11880 --- [nio-8197-exec-4] c.s.e.vue.controller.EmployeeController  : 1-------------findDepartmentsBydeptid-----------------------------Fri Sep 20 00:41:05 KST 2019
2019-09-20 00:41:05.299  INFO 11880 --- [nio-8197-exec-8] c.s.e.vue.controller.EmployeeController  : 1-------------findDepartmentsBydeptid-----------------------------Fri Sep 20 00:41:05 KST 2019
2019-09-20 00:41:05.400  INFO 11880 --- [nio-8197-exec-9] c.s.e.vue.controller.EmployeeController  : 1-------------findDepartmentsBydeptid-----------------------------Fri Sep 20 00:41:05 KST 2019
2019-09-20 00:41:05.431  INFO 11880 --- [nio-8197-exec-3] c.s.e.vue.controller.EmployeeController  : 1-------------findDepartmentsBydeptid-----------------------------Fri Sep 20 00:41:05 KST 2019
2019-09-20 00:41:05.514  INFO 11880 --- [io-8197-exec-10] c.s.e.vue.controller.EmployeeController  : 1-------------findDepartmentsBydeptid-----------------------------Fri Sep 20 00:41:05 KST 2019
2019-09-20 00:41:05.566  INFO 11880 --- [nio-8197-exec-1] c.s.e.vue.controller.EmployeeController  : 1-------------findDepartmentsBydeptid-----------------------------Fri Sep 20 00:41:05 KST 2019
2019-09-20 00:41:05.899  INFO 11880 --- [nio-8197-exec-2] c.s.e.vue.controller.EmployeeController  : 1-------------findDepartmentsBydeptid-----------------------------Fri Sep 20 00:41:05 KST 2019
2019-09-20 00:41:05.948  INFO 11880 --- [nio-8197-exec-5] c.s.e.vue.controller.EmployeeController  : 1-------------findDepartmentsBydeptid-----------------------------Fri Sep 20 00:41:05 KST 2019
2019-09-20 00:41:06.035  INFO 11880 --- [nio-8197-exec-6] c.s.e.vue.controller.EmployeeController  : 1-------------findDepartmentsBydeptid-----------------------------Fri Sep 20 00:41:06 KST 2019
2019-09-20 00:41:06.401  INFO 11880 --- [nio-8197-exec-4] c.s.e.vue.controller.EmployeeController  : 1-------------findDepartmentsBydeptid-----------------------------Fri Sep 20 00:41:06 KST 2019
2019-09-20 00:41:06.416  INFO 11880 --- [nio-8197-exec-7] c.s.e.vue.controller.EmployeeController  : 1-------------findDepartmentsBydeptid-----------------------------Fri Sep 20 00:41:06 KST 2019
2019-09-20 00:41:06.431  INFO 11880 --- [nio-8197-exec-8] c.s.e.vue.controller.EmployeeController  : 1-------------findDepartmentsBydeptid-----------------------------Fri Sep 20 00:41:06 KST 2019
2019-09-20 00:41:06.482  INFO 11880 --- [nio-8197-exec-9] c.s.e.vue.controller.EmployeeController  : 1-------------findDepartmentsBydeptid-----------------------------Fri Sep 20 00:41:06 KST 2019
2019-09-20 00:41:06.500  INFO 11880 --- [nio-8197-exec-3] c.s.e.vue.controller.EmployeeController  : 1-------------findDepartmentsBydeptid-----------------------------Fri Sep 20 00:41:06 KST 2019
2019-09-20 00:41:06.514  INFO 11880 --- [io-8197-exec-10] c.s.e.vue.controller.EmployeeController  : 1-------------findDepartmentsBydeptid-----------------------------Fri Sep 20 00:41:06 KST 2019
2019-09-20 00:41:06.532  INFO 11880 --- [nio-8197-exec-1] c.s.e.vue.controller.EmployeeController  : 1-------------findDepartmentsBydeptid-----------------------------Fri Sep 20 00:41:06 KST 2019
2019-09-20 00:41:06.550  INFO 11880 --- [nio-8197-exec-2] c.s.e.vue.controller.EmployeeController  : 1-------------findDepartmentsBydeptid-----------------------------Fri Sep 20 00:41:06 KST 2019
2019-09-20 00:41:07.098  INFO 11880 --- [nio-8197-exec-5] c.s.e.vue.controller.EmployeeController  : 1-------------findDepartmentsBydeptid-----------------------------Fri Sep 20 00:41:07 KST 2019
2019-09-20 00:41:07.114  INFO 11880 --- [nio-8197-exec-6] c.s.e.vue.controller.EmployeeController  : 1-------------findDepartmentsBydeptid-----------------------------Fri Sep 20 00:41:07 KST 2019
2019-09-20 00:41:07.132  INFO 11880 --- [nio-8197-exec-4] c.s.e.vue.controller.EmployeeController  : 1-------------findDepartmentsBydeptid-----------------------------Fri Sep 20 00:41:07 KST 2019
2019-09-20 00:41:07.150  INFO 11880 --- [nio-8197-exec-7] c.s.e.vue.controller.EmployeeController  : 1-------------findDepartmentsBydeptid-----------------------------Fri Sep 20 00:41:07 KST 2019
2019-09-20 00:41:10.622  INFO 11880 --- [nio-8197-exec-8] c.s.e.vue.controller.EmployeeController  : 1-------------findDepartmentsBydeptid-----------------------------Fri Sep 20 00:41:10 KST 2019
2019-09-20 00:41:11.785  INFO 11880 --- [nio-8197-exec-9] c.s.e.vue.controller.EmployeeController  : 1-------------findDepartmentsBydeptid-----------------------------Fri Sep 20 00:41:11 KST 2019
2019-09-20 00:41:13.100  INFO 11880 --- [nio-8197-exec-3] c.s.e.vue.controller.EmployeeController  : 1-------------findDepartmentsBydeptid-----------------------------Fri Sep 20 00:41:13 KST 2019
2019-09-20 00:41:13.283  INFO 11880 --- [io-8197-exec-10] c.s.e.vue.controller.EmployeeController  : 1-------------findDepartmentsBydeptid-----------------------------Fri Sep 20 00:41:13 KST 2019
2019-09-20 00:41:13.581  INFO 11880 --- [nio-8197-exec-1] c.s.e.vue.controller.EmployeeController  : 1-------------findDepartmentsBydeptid-----------------------------Fri Sep 20 00:41:13 KST 2019
2019-09-20 00:41:14.487  INFO 11880 --- [nio-8197-exec-2] c.s.e.vue.controller.EmployeeController  : 1-------------findDepartmentsBydeptid-----------------------------Fri Sep 20 00:41:14 KST 2019
2019-09-20 00:41:14.547  INFO 11880 --- [nio-8197-exec-5] c.s.e.vue.controller.EmployeeController  : 1-------------findDepartmentsBydeptid-----------------------------Fri Sep 20 00:41:14 KST 2019
2019-09-20 00:41:14.597  INFO 11880 --- [nio-8197-exec-6] c.s.e.vue.controller.EmployeeController  : 1-------------findDepartmentsBydeptid-----------------------------Fri Sep 20 00:41:14 KST 2019
2019-09-20 00:41:14.632  INFO 11880 --- [nio-8197-exec-4] c.s.e.vue.controller.EmployeeController  : 1-------------findDepartmentsBydeptid-----------------------------Fri Sep 20 00:41:14 KST 2019
2019-09-20 00:41:16.414  INFO 11880 --- [nio-8197-exec-7] c.s.e.vue.controller.EmployeeController  : 1-------------findDepartmentsBydeptid-----------------------------Fri Sep 20 00:41:16 KST 2019
2019-09-20 00:43:03.546  INFO 11880 --- [io-8197-exec-10] c.s.e.vue.controller.EmployeeController  : 1-------------findDepartmentsBydeptid-----------------------------Fri Sep 20 00:43:03 KST 2019
2019-09-20 00:43:03.560  INFO 11880 --- [nio-8197-exec-1] c.s.e.vue.controller.EmployeeController  : 1-------------findDepartmentsBydeptid-----------------------------Fri Sep 20 00:43:03 KST 2019
2019-09-20 00:43:04.094  INFO 11880 --- [nio-8197-exec-2] c.s.e.vue.controller.EmployeeController  : 1-------------findDepartmentsBydeptid-----------------------------Fri Sep 20 00:43:04 KST 2019
2019-09-20 00:43:04.293  INFO 11880 --- [nio-8197-exec-5] c.s.e.vue.controller.EmployeeController  : 1-------------findDepartmentsBydeptid-----------------------------Fri Sep 20 00:43:04 KST 2019
2019-09-20 00:43:04.311  INFO 11880 --- [nio-8197-exec-6] c.s.e.vue.controller.EmployeeController  : 1-------------findDepartmentsBydeptid-----------------------------Fri Sep 20 00:43:04 KST 2019
2019-09-20 00:43:04.326  INFO 11880 --- [nio-8197-exec-4] c.s.e.vue.controller.EmployeeController  : 1-------------findDepartmentsBydeptid-----------------------------Fri Sep 20 00:43:04 KST 2019
2019-09-20 00:43:04.592  INFO 11880 --- [nio-8197-exec-7] c.s.e.vue.controller.EmployeeController  : 1-------------findDepartmentsBydeptid-----------------------------Fri Sep 20 00:43:04 KST 2019
2019-09-20 00:43:05.359  INFO 11880 --- [nio-8197-exec-8] c.s.e.vue.controller.EmployeeController  : 1-------------findDepartmentsBydeptid-----------------------------Fri Sep 20 00:43:05 KST 2019
2019-09-20 00:43:05.591  INFO 11880 --- [nio-8197-exec-9] c.s.e.vue.controller.EmployeeController  : 1-------------findDepartmentsBydeptid-----------------------------Fri Sep 20 00:43:05 KST 2019
2019-09-20 00:43:05.627  INFO 11880 --- [nio-8197-exec-3] c.s.e.vue.controller.EmployeeController  : 1-------------findDepartmentsBydeptid-----------------------------Fri Sep 20 00:43:05 KST 2019
2019-09-20 00:43:05.674  INFO 11880 --- [io-8197-exec-10] c.s.e.vue.controller.EmployeeController  : 1-------------findDepartmentsBydeptid-----------------------------Fri Sep 20 00:43:05 KST 2019
2019-09-20 00:43:05.859  INFO 11880 --- [nio-8197-exec-1] c.s.e.vue.controller.EmployeeController  : 1-------------findDepartmentsBydeptid-----------------------------Fri Sep 20 00:43:05 KST 2019
2019-09-20 00:43:05.892  INFO 11880 --- [nio-8197-exec-2] c.s.e.vue.controller.EmployeeController  : 1-------------findDepartmentsBydeptid-----------------------------Fri Sep 20 00:43:05 KST 2019
2019-09-20 00:43:05.945  INFO 11880 --- [nio-8197-exec-5] c.s.e.vue.controller.EmployeeController  : 1-------------findDepartmentsBydeptid-----------------------------Fri Sep 20 00:43:05 KST 2019
2019-09-20 00:43:06.047  INFO 11880 --- [nio-8197-exec-6] c.s.e.vue.controller.EmployeeController  : 1-------------findDepartmentsBydeptid-----------------------------Fri Sep 20 00:43:06 KST 2019
2019-09-20 00:43:06.089  INFO 11880 --- [nio-8197-exec-4] c.s.e.vue.controller.EmployeeController  : 1-------------findDepartmentsBydeptid-----------------------------Fri Sep 20 00:43:06 KST 2019
2019-09-20 00:43:06.120  INFO 11880 --- [nio-8197-exec-7] c.s.e.vue.controller.EmployeeController  : 1-------------findDepartmentsBydeptid-----------------------------Fri Sep 20 00:43:06 KST 2019
2019-09-20 00:43:06.263  INFO 11880 --- [nio-8197-exec-8] c.s.e.vue.controller.EmployeeController  : 1-------------findDepartmentsBydeptid-----------------------------Fri Sep 20 00:43:06 KST 2019
2019-09-20 00:43:06.318  INFO 11880 --- [nio-8197-exec-9] c.s.e.vue.controller.EmployeeController  : 1-------------findDepartmentsBydeptid-----------------------------Fri Sep 20 00:43:06 KST 2019
2019-09-20 00:43:06.591  INFO 11880 --- [nio-8197-exec-3] c.s.e.vue.controller.EmployeeController  : 1-------------findDepartmentsBydeptid-----------------------------Fri Sep 20 00:43:06 KST 2019
2019-09-20 00:43:07.795  INFO 11880 --- [io-8197-exec-10] c.s.e.vue.controller.EmployeeController  : 1-------------findDepartmentsBydeptid-----------------------------Fri Sep 20 00:43:07 KST 2019
2019-09-20 00:43:07.843  INFO 11880 --- [nio-8197-exec-1] c.s.e.vue.controller.EmployeeController  : 1-------------findDepartmentsBydeptid-----------------------------Fri Sep 20 00:43:07 KST 2019
2019-09-20 00:43:07.859  INFO 11880 --- [nio-8197-exec-2] c.s.e.vue.controller.EmployeeController  : 1-------------findDepartmentsBydeptid-----------------------------Fri Sep 20 00:43:07 KST 2019
2019-09-20 00:43:07.891  INFO 11880 --- [nio-8197-exec-5] c.s.e.vue.controller.EmployeeController  : 1-------------findDepartmentsBydeptid-----------------------------Fri Sep 20 00:43:07 KST 2019
2019-09-20 00:43:07.927  INFO 11880 --- [nio-8197-exec-6] c.s.e.vue.controller.EmployeeController  : 1-------------findDepartmentsBydeptid-----------------------------Fri Sep 20 00:43:07 KST 2019
2019-09-20 00:43:07.942  INFO 11880 --- [nio-8197-exec-4] c.s.e.vue.controller.EmployeeController  : 1-------------findDepartmentsBydeptid-----------------------------Fri Sep 20 00:43:07 KST 2019
2019-09-20 00:43:08.091  INFO 11880 --- [nio-8197-exec-7] c.s.e.vue.controller.EmployeeController  : 1-------------findDepartmentsBydeptid-----------------------------Fri Sep 20 00:43:08 KST 2019
2019-09-20 00:43:08.193  INFO 11880 --- [nio-8197-exec-8] c.s.e.vue.controller.EmployeeController  : 1-------------findDepartmentsBydeptid-----------------------------Fri Sep 20 00:43:08 KST 2019
2019-09-20 00:43:08.909  INFO 11880 --- [nio-8197-exec-9] c.s.e.vue.controller.EmployeeController  : 1-------------findDepartmentsBydeptid-----------------------------Fri Sep 20 00:43:08 KST 2019
2019-09-20 00:43:08.924  INFO 11880 --- [nio-8197-exec-3] c.s.e.vue.controller.EmployeeController  : 1-------------findDepartmentsBydeptid-----------------------------Fri Sep 20 00:43:08 KST 2019
2019-09-20 00:43:08.989  INFO 11880 --- [io-8197-exec-10] c.s.e.vue.controller.EmployeeController  : 1-------------findDepartmentsBydeptid-----------------------------Fri Sep 20 00:43:08 KST 2019
2019-09-20 00:43:09.041  INFO 11880 --- [nio-8197-exec-1] c.s.e.vue.controller.EmployeeController  : 1-------------findDepartmentsBydeptid-----------------------------Fri Sep 20 00:43:09 KST 2019
2019-09-20 00:43:09.074  INFO 11880 --- [nio-8197-exec-2] c.s.e.vue.controller.EmployeeController  : 1-------------findDepartmentsBydeptid-----------------------------Fri Sep 20 00:43:09 KST 2019
2019-09-20 00:43:09.490  INFO 11880 --- [nio-8197-exec-5] c.s.e.vue.controller.EmployeeController  : 1-------------findDepartmentsBydeptid-----------------------------Fri Sep 20 00:43:09 KST 2019
2019-09-20 00:43:09.506  INFO 11880 --- [nio-8197-exec-6] c.s.e.vue.controller.EmployeeController  : 1-------------findDepartmentsBydeptid-----------------------------Fri Sep 20 00:43:09 KST 2019
2019-09-20 00:43:09.523  INFO 11880 --- [nio-8197-exec-4] c.s.e.vue.controller.EmployeeController  : 1-------------findDepartmentsBydeptid-----------------------------Fri Sep 20 00:43:09 KST 2019
2019-09-20 00:43:09.573  INFO 11880 --- [nio-8197-exec-7] c.s.e.vue.controller.EmployeeController  : 1-------------findDepartmentsBydeptid-----------------------------Fri Sep 20 00:43:09 KST 2019
2019-09-20 00:43:09.608  INFO 11880 --- [nio-8197-exec-8] c.s.e.vue.controller.EmployeeController  : 1-------------findDepartmentsBydeptid-----------------------------Fri Sep 20 00:43:09 KST 2019
2019-09-20 00:43:10.560  INFO 11880 --- [nio-8197-exec-9] c.s.e.vue.controller.EmployeeController  : 1-------------findDepartmentsBydeptid-----------------------------Fri Sep 20 00:43:10 KST 2019
2019-09-20 00:43:11.341  INFO 11880 --- [nio-8197-exec-3] c.s.e.vue.controller.EmployeeController  : 1-------------findDepartmentsBydeptid-----------------------------Fri Sep 20 00:43:11 KST 2019
2019-09-20 00:43:12.124  INFO 11880 --- [io-8197-exec-10] c.s.e.vue.controller.EmployeeController  : 1-------------findDepartmentsBydeptid-----------------------------Fri Sep 20 00:43:12 KST 2019
2019-09-20 00:43:12.841  INFO 11880 --- [nio-8197-exec-1] c.s.e.vue.controller.EmployeeController  : 1-------------findDepartmentsBydeptid-----------------------------Fri Sep 20 00:43:12 KST 2019
2019-09-20 00:43:13.175  INFO 11880 --- [nio-8197-exec-2] c.s.e.vue.controller.EmployeeController  : 1-------------findDepartmentsBydeptid-----------------------------Fri Sep 20 00:43:13 KST 2019
2019-09-20 00:43:13.223  INFO 11880 --- [nio-8197-exec-5] c.s.e.vue.controller.EmployeeController  : 1-------------findDepartmentsBydeptid-----------------------------Fri Sep 20 00:43:13 KST 2019
2019-09-20 00:43:13.323  INFO 11880 --- [nio-8197-exec-6] c.s.e.vue.controller.EmployeeController  : 1-------------findDepartmentsBydeptid-----------------------------Fri Sep 20 00:43:13 KST 2019
2019-09-20 00:43:13.390  INFO 11880 --- [nio-8197-exec-4] c.s.e.vue.controller.EmployeeController  : 1-------------findDepartmentsBydeptid-----------------------------Fri Sep 20 00:43:13 KST 2019
2019-09-20 00:43:13.409  INFO 11880 --- [nio-8197-exec-7] c.s.e.vue.controller.EmployeeController  : 1-------------findDepartmentsBydeptid-----------------------------Fri Sep 20 00:43:13 KST 2019
2019-09-20 00:43:13.525  INFO 11880 --- [nio-8197-exec-8] c.s.e.vue.controller.EmployeeController  : 1-------------findDepartmentsBydeptid-----------------------------Fri Sep 20 00:43:13 KST 2019
2019-09-20 00:43:13.593  INFO 11880 --- [nio-8197-exec-9] c.s.e.vue.controller.EmployeeController  : 1-------------findDepartmentsBydeptid-----------------------------Fri Sep 20 00:43:13 KST 2019
2019-09-20 00:43:13.673  INFO 11880 --- [nio-8197-exec-3] c.s.e.vue.controller.EmployeeController  : 1-------------findDepartmentsBydeptid-----------------------------Fri Sep 20 00:43:13 KST 2019
2019-09-20 00:43:13.907  INFO 11880 --- [io-8197-exec-10] c.s.e.vue.controller.EmployeeController  : 1-------------findDepartmentsBydeptid-----------------------------Fri Sep 20 00:43:13 KST 2019
2019-09-20 00:43:13.924  INFO 11880 --- [nio-8197-exec-1] c.s.e.vue.controller.EmployeeController  : 1-------------findDepartmentsBydeptid-----------------------------Fri Sep 20 00:43:13 KST 2019
2019-09-20 00:43:13.956  INFO 11880 --- [nio-8197-exec-2] c.s.e.vue.controller.EmployeeController  : 1-------------findDepartmentsBydeptid-----------------------------Fri Sep 20 00:43:13 KST 2019
2019-09-20 00:43:14.039  INFO 11880 --- [nio-8197-exec-5] c.s.e.vue.controller.EmployeeController  : 1-------------findDepartmentsBydeptid-----------------------------Fri Sep 20 00:43:14 KST 2019
2019-09-20 00:43:14.055  INFO 11880 --- [nio-8197-exec-6] c.s.e.vue.controller.EmployeeController  : 1-------------findDepartmentsBydeptid-----------------------------Fri Sep 20 00:43:14 KST 2019
2019-09-20 00:43:14.090  INFO 11880 --- [nio-8197-exec-4] c.s.e.vue.controller.EmployeeController  : 1-------------findDepartmentsBydeptid-----------------------------Fri Sep 20 00:43:14 KST 2019
2019-09-20 00:43:14.172  INFO 11880 --- [nio-8197-exec-7] c.s.e.vue.controller.EmployeeController  : 1-------------findDepartmentsBydeptid-----------------------------Fri Sep 20 00:43:14 KST 2019
2019-09-20 00:43:14.225  INFO 11880 --- [nio-8197-exec-8] c.s.e.vue.controller.EmployeeController  : 1-------------findDepartmentsBydeptid-----------------------------Fri Sep 20 00:43:14 KST 2019
2019-09-20 00:43:16.122  INFO 11880 --- [nio-8197-exec-9] c.s.e.vue.controller.EmployeeController  : 1-------------findDepartmentsBydeptid-----------------------------Fri Sep 20 00:43:16 KST 2019
2019-09-20 00:43:16.375  INFO 11880 --- [nio-8197-exec-3] c.s.e.vue.controller.EmployeeController  : 1-------------findDepartmentsBydeptid-----------------------------Fri Sep 20 00:43:16 KST 2019
2019-09-20 00:43:16.673  INFO 11880 --- [io-8197-exec-10] c.s.e.vue.controller.EmployeeController  : 1-------------findDepartmentsBydeptid-----------------------------Fri Sep 20 00:43:16 KST 2019
2019-09-20 00:43:16.873  INFO 11880 --- [nio-8197-exec-1] c.s.e.vue.controller.EmployeeController  : 1-------------findDepartmentsBydeptid-----------------------------Fri Sep 20 00:43:16 KST 2019
2019-09-20 00:43:16.957  INFO 11880 --- [nio-8197-exec-2] c.s.e.vue.controller.EmployeeController  : 1-------------findDepartmentsBydeptid-----------------------------Fri Sep 20 00:43:16 KST 2019
2019-09-20 00:43:16.990  INFO 11880 --- [nio-8197-exec-5] c.s.e.vue.controller.EmployeeController  : 1-------------findDepartmentsBydeptid-----------------------------Fri Sep 20 00:43:16 KST 2019
2019-09-20 00:43:17.255  INFO 11880 --- [nio-8197-exec-6] c.s.e.vue.controller.EmployeeController  : 1-------------findDepartmentsBydeptid-----------------------------Fri Sep 20 00:43:17 KST 2019
2019-09-20 00:43:17.339  INFO 11880 --- [nio-8197-exec-4] c.s.e.vue.controller.EmployeeController  : 1-------------findDepartmentsBydeptid-----------------------------Fri Sep 20 00:43:17 KST 2019
2019-09-20 00:43:17.381  INFO 11880 --- [nio-8197-exec-7] c.s.e.vue.controller.EmployeeController  : 1-------------findDepartmentsBydeptid-----------------------------Fri Sep 20 00:43:17 KST 2019
2019-09-20 00:43:17.488  INFO 11880 --- [nio-8197-exec-8] c.s.e.vue.controller.EmployeeController  : 1-------------findDepartmentsBydeptid-----------------------------Fri Sep 20 00:43:17 KST 2019
2019-09-20 00:43:17.655  INFO 11880 --- [nio-8197-exec-9] c.s.e.vue.controller.EmployeeController  : 1-------------findDepartmentsBydeptid-----------------------------Fri Sep 20 00:43:17 KST 2019
2019-09-20 00:43:17.704  INFO 11880 --- [nio-8197-exec-3] c.s.e.vue.controller.EmployeeController  : 1-------------findDepartmentsBydeptid-----------------------------Fri Sep 20 00:43:17 KST 2019
2019-09-20 00:43:17.955  INFO 11880 --- [io-8197-exec-10] c.s.e.vue.controller.EmployeeController  : 1-------------findDepartmentsBydeptid-----------------------------Fri Sep 20 00:43:17 KST 2019
2019-09-20 00:43:18.256  INFO 11880 --- [nio-8197-exec-1] c.s.e.vue.controller.EmployeeController  : 1-------------findDepartmentsBydeptid-----------------------------Fri Sep 20 00:43:18 KST 2019
2019-09-20 00:43:18.423  INFO 11880 --- [nio-8197-exec-2] c.s.e.vue.controller.EmployeeController  : 1-------------findDepartmentsBydeptid-----------------------------Fri Sep 20 00:43:18 KST 2019
2019-09-20 00:43:18.439  INFO 11880 --- [nio-8197-exec-5] c.s.e.vue.controller.EmployeeController  : 1-------------findDepartmentsBydeptid-----------------------------Fri Sep 20 00:43:18 KST 2019
2019-09-20 00:43:18.487  INFO 11880 --- [nio-8197-exec-6] c.s.e.vue.controller.EmployeeController  : 1-------------findDepartmentsBydeptid-----------------------------Fri Sep 20 00:43:18 KST 2019
2019-09-20 00:43:18.523  INFO 11880 --- [nio-8197-exec-4] c.s.e.vue.controller.EmployeeController  : 1-------------findDepartmentsBydeptid-----------------------------Fri Sep 20 00:43:18 KST 2019
2019-09-20 00:43:18.555  INFO 11880 --- [nio-8197-exec-7] c.s.e.vue.controller.EmployeeController  : 1-------------findDepartmentsBydeptid-----------------------------Fri Sep 20 00:43:18 KST 2019
2019-09-20 00:43:18.655  INFO 11880 --- [nio-8197-exec-8] c.s.e.vue.controller.EmployeeController  : 1-------------findDepartmentsBydeptid-----------------------------Fri Sep 20 00:43:18 KST 2019
2019-09-20 00:43:18.905  INFO 11880 --- [nio-8197-exec-9] c.s.e.vue.controller.EmployeeController  : 1-------------findDepartmentsBydeptid-----------------------------Fri Sep 20 00:43:18 KST 2019
2019-09-20 00:43:19.040  INFO 11880 --- [nio-8197-exec-3] c.s.e.vue.controller.EmployeeController  : 1-------------findDepartmentsBydeptid-----------------------------Fri Sep 20 00:43:19 KST 2019
2019-09-20 00:43:19.411  INFO 11880 --- [io-8197-exec-10] c.s.e.vue.controller.EmployeeController  : 1-------------findDepartmentsBydeptid-----------------------------Fri Sep 20 00:43:19 KST 2019
2019-09-20 00:43:19.447  INFO 11880 --- [nio-8197-exec-1] c.s.e.vue.controller.EmployeeController  : 1-------------findDepartmentsBydeptid-----------------------------Fri Sep 20 00:43:19 KST 2019
2019-09-20 00:43:19.838  INFO 11880 --- [nio-8197-exec-2] c.s.e.vue.controller.EmployeeController  : 1-------------findDepartmentsBydeptid-----------------------------Fri Sep 20 00:43:19 KST 2019
2019-09-20 00:43:19.855  INFO 11880 --- [nio-8197-exec-5] c.s.e.vue.controller.EmployeeController  : 1-------------findDepartmentsBydeptid-----------------------------Fri Sep 20 00:43:19 KST 2019
2019-09-20 00:43:19.873  INFO 11880 --- [nio-8197-exec-6] c.s.e.vue.controller.EmployeeController  : 1-------------findDepartmentsBydeptid-----------------------------Fri Sep 20 00:43:19 KST 2019
2019-09-20 00:43:20.139  INFO 11880 --- [nio-8197-exec-4] c.s.e.vue.controller.EmployeeController  : 1-------------findDepartmentsBydeptid-----------------------------Fri Sep 20 00:43:20 KST 2019
2019-09-20 00:43:20.172  INFO 11880 --- [nio-8197-exec-7] c.s.e.vue.controller.EmployeeController  : 1-------------findDepartmentsBydeptid-----------------------------Fri Sep 20 00:43:20 KST 2019
2019-09-20 00:43:20.188  INFO 11880 --- [nio-8197-exec-8] c.s.e.vue.controller.EmployeeController  : 1-------------findDepartmentsBydeptid-----------------------------Fri Sep 20 00:43:20 KST 2019
2019-09-20 00:43:20.238  INFO 11880 --- [nio-8197-exec-9] c.s.e.vue.controller.EmployeeController  : 1-------------findDepartmentsBydeptid-----------------------------Fri Sep 20 00:43:20 KST 2019
2019-09-20 00:43:20.622  INFO 11880 --- [nio-8197-exec-3] c.s.e.vue.controller.EmployeeController  : 1-------------findDepartmentsBydeptid-----------------------------Fri Sep 20 00:43:20 KST 2019
2019-09-20 00:43:20.653  INFO 11880 --- [io-8197-exec-10] c.s.e.vue.controller.EmployeeController  : 1-------------findDepartmentsBydeptid-----------------------------Fri Sep 20 00:43:20 KST 2019
2019-09-20 00:43:20.854  INFO 11880 --- [nio-8197-exec-1] c.s.e.vue.controller.EmployeeController  : 1-------------findDepartmentsBydeptid-----------------------------Fri Sep 20 00:43:20 KST 2019
2019-09-20 00:43:20.956  INFO 11880 --- [nio-8197-exec-2] c.s.e.vue.controller.EmployeeController  : 1-------------findDepartmentsBydeptid-----------------------------Fri Sep 20 00:43:20 KST 2019
2019-09-20 00:43:21.804  INFO 11880 --- [nio-8197-exec-5] c.s.e.vue.controller.EmployeeController  : 1-------------findDepartmentsBydeptid-----------------------------Fri Sep 20 00:43:21 KST 2019
2019-09-20 00:43:21.872  INFO 11880 --- [nio-8197-exec-6] c.s.e.vue.controller.EmployeeController  : 1-------------findDepartmentsBydeptid-----------------------------Fri Sep 20 00:43:21 KST 2019
2019-09-20 00:43:21.936  INFO 11880 --- [nio-8197-exec-4] c.s.e.vue.controller.EmployeeController  : 1-------------findDepartmentsBydeptid-----------------------------Fri Sep 20 00:43:21 KST 2019
2019-09-20 00:43:22.570  INFO 11880 --- [nio-8197-exec-7] c.s.e.vue.controller.EmployeeController  : 1-------------findDepartmentsBydeptid-----------------------------Fri Sep 20 00:43:22 KST 2019
2019-09-20 00:43:22.605  INFO 11880 --- [nio-8197-exec-8] c.s.e.vue.controller.EmployeeController  : 1-------------findDepartmentsBydeptid-----------------------------Fri Sep 20 00:43:22 KST 2019
2019-09-20 00:43:22.621  INFO 11880 --- [nio-8197-exec-9] c.s.e.vue.controller.EmployeeController  : 1-------------findDepartmentsBydeptid-----------------------------Fri Sep 20 00:43:22 KST 2019
2019-09-20 00:43:22.671  INFO 11880 --- [nio-8197-exec-3] c.s.e.vue.controller.EmployeeController  : 1-------------findDepartmentsBydeptid-----------------------------Fri Sep 20 00:43:22 KST 2019
2019-09-20 00:43:23.105  INFO 11880 --- [io-8197-exec-10] c.s.e.vue.controller.EmployeeController  : 1-------------findDepartmentsBydeptid-----------------------------Fri Sep 20 00:43:23 KST 2019
2019-09-20 00:43:23.139  INFO 11880 --- [nio-8197-exec-1] c.s.e.vue.controller.EmployeeController  : 1-------------findDepartmentsBydeptid-----------------------------Fri Sep 20 00:43:23 KST 2019
2019-09-20 00:43:45.362  INFO 11880 --- [nio-8197-exec-2] c.s.e.vue.controller.EmployeeController  : 1-------------findDepartmentsBydeptid-----------------------------Fri Sep 20 00:43:45 KST 2019
2019-09-20 00:43:45.399  INFO 11880 --- [nio-8197-exec-5] c.s.e.vue.controller.EmployeeController  : 1-------------findDepartmentsBydeptid-----------------------------Fri Sep 20 00:43:45 KST 2019
2019-09-20 00:43:45.434  INFO 11880 --- [nio-8197-exec-6] c.s.e.vue.controller.EmployeeController  : 1-------------findDepartmentsBydeptid-----------------------------Fri Sep 20 00:43:45 KST 2019
2019-09-20 00:43:45.448  INFO 11880 --- [nio-8197-exec-4] c.s.e.vue.controller.EmployeeController  : 1-------------findDepartmentsBydeptid-----------------------------Fri Sep 20 00:43:45 KST 2019
2019-09-20 00:43:45.484  INFO 11880 --- [nio-8197-exec-7] c.s.e.vue.controller.EmployeeController  : 1-------------findDepartmentsBydeptid-----------------------------Fri Sep 20 00:43:45 KST 2019
2019-09-20 00:43:46.101  INFO 11880 --- [nio-8197-exec-8] c.s.e.vue.controller.EmployeeController  : 1-------------findAllEmployees-----------------------------Fri Sep 20 00:43:46 KST 2019
2019-09-20 00:43:49.146  INFO 11880 --- [nio-8197-exec-9] c.s.e.vue.controller.EmployeeController  : 1-------------findAllEmployees-----------------------------Fri Sep 20 00:43:49 KST 2019
2019-09-20 00:43:49.155  INFO 11880 --- [nio-8197-exec-9] c.s.e.vue.controller.EmployeeController  : 1-------------findEmployeesByManagerId-----------------------------Fri Sep 20 00:43:49 KST 2019
2019-09-20 00:43:54.909  INFO 11880 --- [io-8197-exec-10] c.s.e.vue.controller.EmployeeController  : 1-------------findAllEmployees-----------------------------Fri Sep 20 00:43:54 KST 2019
2019-09-20 00:43:57.033  INFO 11880 --- [nio-8197-exec-1] c.s.e.vue.controller.EmployeeController  : 1-------------findAllEmployees-----------------------------Fri Sep 20 00:43:57 KST 2019
2019-09-20 00:43:57.099  INFO 11880 --- [nio-8197-exec-2] c.s.e.vue.controller.EmployeeController  : 1-------------findEmployeesByManagerId-----------------------------Fri Sep 20 00:43:57 KST 2019
2019-09-20 00:43:59.920  INFO 11880 --- [nio-8197-exec-5] c.s.e.vue.controller.EmployeeController  : 1-------------findAllEmployees-----------------------------Fri Sep 20 00:43:59 KST 2019
2019-09-20 00:44:46.403  INFO 11880 --- [nio-8197-exec-7] c.s.e.vue.controller.EmployeeController  : 1-------------findAllEmployees-----------------------------Fri Sep 20 00:44:46 KST 2019
2019-09-20 00:44:47.560  INFO 11880 --- [nio-8197-exec-8] c.s.e.vue.controller.EmployeeController  : 1-------------findAllEmployees-----------------------------Fri Sep 20 00:44:47 KST 2019
2019-09-20 00:44:51.913  INFO 11880 --- [nio-8197-exec-3] c.s.e.vue.controller.EmployeeController  : 1-------------findAllEmployees-----------------------------Fri Sep 20 00:44:51 KST 2019
2019-09-20 00:44:51.926  INFO 11880 --- [nio-8197-exec-9] c.s.e.vue.controller.EmployeeController  : 1-------------findEmployeesByManagerId-----------------------------Fri Sep 20 00:44:51 KST 2019
2019-09-20 00:44:56.173  INFO 11880 --- [io-8197-exec-10] c.s.e.vue.controller.EmployeeController  : 1-------------findAllEmployees-----------------------------Fri Sep 20 00:44:56 KST 2019
2019-09-20 00:44:59.122  INFO 11880 --- [nio-8197-exec-1] c.s.e.vue.controller.EmployeeController  : 1-------------findAllEmployees-----------------------------Fri Sep 20 00:44:59 KST 2019
2019-09-20 00:44:59.135  INFO 11880 --- [nio-8197-exec-2] c.s.e.vue.controller.EmployeeController  : 1-------------findEmployeesByManagerId-----------------------------Fri Sep 20 00:44:59 KST 2019
2019-09-20 12:03:40.582  WARN 11880 --- [l-1 housekeeper] com.zaxxer.hikari.pool.HikariPool        : HikariPool-1 - Thread starvation or clock leap detected (housekeeper delta=11h10m30s951ms771µs800ns).
2019-09-20 20:38:02.818  INFO 10468 --- [  restartedMain] ConfigServletWebServerApplicationContext : Refreshing org.springframework.boot.web.servlet.context.AnnotationConfigServletWebServerApplicationContext@45d647f: startup date [Fri Sep 20 20:38:02 KST 2019]; root of context hierarchy
2019-09-20 20:38:05.960  INFO 10468 --- [  restartedMain] trationDelegate$BeanPostProcessorChecker : Bean 'org.springframework.transaction.annotation.ProxyTransactionManagementConfiguration' of type [org.springframework.transaction.annotation.ProxyTransactionManagementConfiguration$$EnhancerBySpringCGLIB$$7d996947] is not eligible for getting processed by all BeanPostProcessors (for example: not eligible for auto-proxying)
2019-09-20 20:38:06.052  INFO 10468 --- [  restartedMain] trationDelegate$BeanPostProcessorChecker : Bean 'org.springframework.hateoas.config.HateoasConfiguration' of type [org.springframework.hateoas.config.HateoasConfiguration$$EnhancerBySpringCGLIB$$fd19b679] is not eligible for getting processed by all BeanPostProcessors (for example: not eligible for auto-proxying)
2019-09-20 20:38:07.495  INFO 10468 --- [  restartedMain] o.s.b.w.embedded.tomcat.TomcatWebServer  : Tomcat initialized with port(s): 8197 (http)
2019-09-20 20:38:07.737  INFO 10468 --- [ost-startStop-1] o.s.web.context.ContextLoader            : Root WebApplicationContext: initialization completed in 4920 ms
2019-09-20 20:38:07.881  INFO 10468 --- [ost-startStop-1] o.s.b.w.servlet.ServletRegistrationBean  : Servlet dispatcherServlet mapped to [/]
2019-09-20 20:38:07.889  INFO 10468 --- [ost-startStop-1] o.s.b.w.servlet.FilterRegistrationBean   : Mapping filter: 'characterEncodingFilter' to: [/*]
2019-09-20 20:38:07.890  INFO 10468 --- [ost-startStop-1] o.s.b.w.servlet.FilterRegistrationBean   : Mapping filter: 'hiddenHttpMethodFilter' to: [/*]
2019-09-20 20:38:07.890  INFO 10468 --- [ost-startStop-1] o.s.b.w.servlet.FilterRegistrationBean   : Mapping filter: 'httpPutFormContentFilter' to: [/*]
2019-09-20 20:38:07.890  INFO 10468 --- [ost-startStop-1] o.s.b.w.servlet.FilterRegistrationBean   : Mapping filter: 'requestContextFilter' to: [/*]
2019-09-20 20:38:10.592  INFO 10468 --- [  restartedMain] s.w.s.m.m.a.RequestMappingHandlerMapping : Mapped "{[/api/findAllEmployees],methods=[GET]}" onto public org.springframework.http.ResponseEntity<java.util.List<com.ssafy.edu.vue.dto.EmployeeDto>> com.ssafy.edu.vue.controller.EmployeeController.findAllEmployees() throws java.lang.Exception
2019-09-20 20:38:10.595  INFO 10468 --- [  restartedMain] s.w.s.m.m.a.RequestMappingHandlerMapping : Mapped "{[/api/findAllTitles],methods=[GET]}" onto public org.springframework.http.ResponseEntity<java.util.List<com.ssafy.edu.vue.dto.EmployeeDto>> com.ssafy.edu.vue.controller.EmployeeController.findAllTitles() throws java.lang.Exception
2019-09-20 20:38:10.597  INFO 10468 --- [  restartedMain] s.w.s.m.m.a.RequestMappingHandlerMapping : Mapped "{[/api/addEmployee],methods=[POST]}" onto public org.springframework.http.ResponseEntity<com.ssafy.edu.vue.help.NumberResult> com.ssafy.edu.vue.controller.EmployeeController.addEmployee(com.ssafy.edu.vue.dto.EmployeeDto) throws java.lang.Exception
2019-09-20 20:38:10.599  INFO 10468 --- [  restartedMain] s.w.s.m.m.a.RequestMappingHandlerMapping : Mapped "{[/api/findEmployeeById/{id}],methods=[GET]}" onto public org.springframework.http.ResponseEntity<com.ssafy.edu.vue.dto.EmployeeDto> com.ssafy.edu.vue.controller.EmployeeController.findEmployeeById(int) throws java.lang.Exception
2019-09-20 20:38:10.600  INFO 10468 --- [  restartedMain] s.w.s.m.m.a.RequestMappingHandlerMapping : Mapped "{[/api/deleteEmployee/{employeeId}],methods=[POST]}" onto public org.springframework.http.ResponseEntity<com.ssafy.edu.vue.help.BoolResult> com.ssafy.edu.vue.controller.EmployeeController.deleteEmployee(int) throws java.lang.Exception
2019-09-20 20:38:10.600  INFO 10468 --- [  restartedMain] s.w.s.m.m.a.RequestMappingHandlerMapping : Mapped "{[/api/findAllDepCounts],methods=[GET]}" onto public org.springframework.http.ResponseEntity<java.util.List<com.ssafy.edu.vue.dto.DepCountDto>> com.ssafy.edu.vue.controller.EmployeeController.findAllDepCounts() throws java.lang.Exception
2019-09-20 20:38:10.601  INFO 10468 --- [  restartedMain] s.w.s.m.m.a.RequestMappingHandlerMapping : Mapped "{[/api/updateEmployee],methods=[POST]}" onto public org.springframework.http.ResponseEntity<com.ssafy.edu.vue.help.BoolResult> com.ssafy.edu.vue.controller.EmployeeController.updateEmployee(com.ssafy.edu.vue.dto.EmployeeDto) throws java.lang.Exception
2019-09-20 20:38:10.602  INFO 10468 --- [  restartedMain] s.w.s.m.m.a.RequestMappingHandlerMapping : Mapped "{[/api/findDepartmentsBydeptid/{dept_id}],methods=[GET]}" onto public org.springframework.http.ResponseEntity<java.util.List<com.ssafy.edu.vue.dto.EmployeeDto>> com.ssafy.edu.vue.controller.EmployeeController.findDepartmentsBydeptid(int) throws java.lang.Exception
2019-09-20 20:38:10.603  INFO 10468 --- [  restartedMain] s.w.s.m.m.a.RequestMappingHandlerMapping : Mapped "{[/api/findDepartmentsByname/{name}],methods=[GET]}" onto public org.springframework.http.ResponseEntity<java.util.List<com.ssafy.edu.vue.dto.EmployeeDto>> com.ssafy.edu.vue.controller.EmployeeController.findDepartmentsByname(java.lang.String) throws java.lang.Exception
2019-09-20 20:38:10.603  INFO 10468 --- [  restartedMain] s.w.s.m.m.a.RequestMappingHandlerMapping : Mapped "{[/api/getEmployeesTotal],methods=[GET]}" onto public org.springframework.http.ResponseEntity<com.ssafy.edu.vue.help.NumberResult> com.ssafy.edu.vue.controller.EmployeeController.getEmployeesTotal() throws java.lang.Exception
2019-09-20 20:38:10.604  INFO 10468 --- [  restartedMain] s.w.s.m.m.a.RequestMappingHandlerMapping : Mapped "{[/api/findAllDepartments],methods=[GET]}" onto public org.springframework.http.ResponseEntity<java.util.List<com.ssafy.edu.vue.dto.DepartmentDto>> com.ssafy.edu.vue.controller.EmployeeController.findAllDepartments() throws java.lang.Exception
2019-09-20 20:38:10.604  INFO 10468 --- [  restartedMain] s.w.s.m.m.a.RequestMappingHandlerMapping : Mapped "{[/api/findEmployeesByManagerId/{manager_id}],methods=[GET]}" onto public org.springframework.http.ResponseEntity<java.util.List<com.ssafy.edu.vue.dto.EmployeeDto>> com.ssafy.edu.vue.controller.EmployeeController.findEmployeesByManagerId(int) throws java.lang.Exception
2019-09-20 20:38:10.605  INFO 10468 --- [  restartedMain] s.w.s.m.m.a.RequestMappingHandlerMapping : Mapped "{[/api/findLikeEmployees/{name}],methods=[GET]}" onto public org.springframework.http.ResponseEntity<java.util.List<com.ssafy.edu.vue.dto.EmployeeDto>> com.ssafy.edu.vue.controller.EmployeeController.findLikeEmployees(java.lang.String) throws java.lang.Exception
2019-09-20 20:38:10.616  INFO 10468 --- [  restartedMain] s.w.s.m.m.a.RequestMappingHandlerMapping : Mapped "{[/v2/api-docs],methods=[GET],produces=[application/json || application/hal+json]}" onto public org.springframework.http.ResponseEntity<springfox.documentation.spring.web.json.Json> springfox.documentation.swagger2.web.Swagger2Controller.getDocumentation(java.lang.String,javax.servlet.http.HttpServletRequest)
2019-09-20 20:38:10.619  INFO 10468 --- [  restartedMain] s.w.s.m.m.a.RequestMappingHandlerMapping : Mapped "{[/configuration/security]}" onto org.springframework.http.ResponseEntity<springfox.documentation.swagger.web.SecurityConfiguration> springfox.documentation.swagger.web.ApiResourceController.securityConfiguration()
2019-09-20 20:38:10.620  INFO 10468 --- [  restartedMain] s.w.s.m.m.a.RequestMappingHandlerMapping : Mapped "{[/configuration/ui]}" onto org.springframework.http.ResponseEntity<springfox.documentation.swagger.web.UiConfiguration> springfox.documentation.swagger.web.ApiResourceController.uiConfiguration()
2019-09-20 20:38:10.622  INFO 10468 --- [  restartedMain] s.w.s.m.m.a.RequestMappingHandlerMapping : Mapped "{[/swagger-resources]}" onto org.springframework.http.ResponseEntity<java.util.List<springfox.documentation.swagger.web.SwaggerResource>> springfox.documentation.swagger.web.ApiResourceController.swaggerResources()
2019-09-20 20:38:10.625  INFO 10468 --- [  restartedMain] s.w.s.m.m.a.RequestMappingHandlerMapping : Mapped "{[/error]}" onto public org.springframework.http.ResponseEntity<java.util.Map<java.lang.String, java.lang.Object>> org.springframework.boot.autoconfigure.web.servlet.error.BasicErrorController.error(javax.servlet.http.HttpServletRequest)
2019-09-20 20:38:10.625  INFO 10468 --- [  restartedMain] s.w.s.m.m.a.RequestMappingHandlerMapping : Mapped "{[/error],produces=[text/html]}" onto public org.springframework.web.servlet.ModelAndView org.springframework.boot.autoconfigure.web.servlet.error.BasicErrorController.errorHtml(javax.servlet.http.HttpServletRequest,javax.servlet.http.HttpServletResponse)
2019-09-20 20:38:11.216  INFO 10468 --- [  restartedMain] o.s.w.s.handler.SimpleUrlHandlerMapping  : Mapped URL path [/**/favicon.ico] onto handler of type [class org.springframework.web.servlet.resource.ResourceHttpRequestHandler]
2019-09-20 20:38:11.526  INFO 10468 --- [  restartedMain] s.w.s.m.m.a.RequestMappingHandlerAdapter : Looking for @ControllerAdvice: org.springframework.boot.web.servlet.context.AnnotationConfigServletWebServerApplicationContext@45d647f: startup date [Fri Sep 20 20:38:02 KST 2019]; root of context hierarchy
2019-09-20 20:38:11.692  INFO 10468 --- [  restartedMain] o.s.w.s.handler.SimpleUrlHandlerMapping  : Mapped URL path [/webjars/**] onto handler of type [class org.springframework.web.servlet.resource.ResourceHttpRequestHandler]
2019-09-20 20:38:11.693  INFO 10468 --- [  restartedMain] o.s.w.s.handler.SimpleUrlHandlerMapping  : Mapped URL path [/**] onto handler of type [class org.springframework.web.servlet.resource.ResourceHttpRequestHandler]
2019-09-20 20:38:11.765  INFO 10468 --- [  restartedMain] .m.m.a.ExceptionHandlerExceptionResolver : Detected @ExceptionHandler methods in repositoryRestExceptionHandler
2019-09-20 20:38:12.231  INFO 10468 --- [  restartedMain] o.s.d.r.w.RepositoryRestHandlerAdapter   : Looking for @ControllerAdvice: org.springframework.boot.web.servlet.context.AnnotationConfigServletWebServerApplicationContext@45d647f: startup date [Fri Sep 20 20:38:02 KST 2019]; root of context hierarchy
2019-09-20 20:38:12.249  INFO 10468 --- [  restartedMain] o.s.d.r.w.RepositoryRestHandlerMapping   : Mapped "{[/{repository}],methods=[HEAD],produces=[application/hal+json || application/json]}" onto public org.springframework.http.ResponseEntity<?> org.springframework.data.rest.webmvc.RepositoryEntityController.headCollectionResource(org.springframework.data.rest.webmvc.RootResourceInformation,org.springframework.data.rest.webmvc.support.DefaultedPageable) throws org.springframework.web.HttpRequestMethodNotSupportedException
2019-09-20 20:38:12.250  INFO 10468 --- [  restartedMain] o.s.d.r.w.RepositoryRestHandlerMapping   : Mapped "{[/{repository}],methods=[POST],produces=[application/hal+json || application/json]}" onto public org.springframework.http.ResponseEntity<org.springframework.hateoas.ResourceSupport> org.springframework.data.rest.webmvc.RepositoryEntityController.postCollectionResource(org.springframework.data.rest.webmvc.RootResourceInformation,org.springframework.data.rest.webmvc.PersistentEntityResource,org.springframework.data.rest.webmvc.PersistentEntityResourceAssembler,java.lang.String) throws org.springframework.web.HttpRequestMethodNotSupportedException
2019-09-20 20:38:12.251  INFO 10468 --- [  restartedMain] o.s.d.r.w.RepositoryRestHandlerMapping   : Mapped "{[/{repository}/{id}],methods=[PATCH],produces=[application/hal+json || application/json]}" onto public org.springframework.http.ResponseEntity<org.springframework.hateoas.ResourceSupport> org.springframework.data.rest.webmvc.RepositoryEntityController.patchItemResource(org.springframework.data.rest.webmvc.RootResourceInformation,org.springframework.data.rest.webmvc.PersistentEntityResource,java.io.Serializable,org.springframework.data.rest.webmvc.PersistentEntityResourceAssembler,org.springframework.data.rest.webmvc.support.ETag,java.lang.String) throws org.springframework.web.HttpRequestMethodNotSupportedException,org.springframework.data.rest.webmvc.ResourceNotFoundException
2019-09-20 20:38:12.252  INFO 10468 --- [  restartedMain] o.s.d.r.w.RepositoryRestHandlerMapping   : Mapped "{[/{repository}/{id}],methods=[HEAD],produces=[application/hal+json || application/json]}" onto public org.springframework.http.ResponseEntity<?> org.springframework.data.rest.webmvc.RepositoryEntityController.headForItemResource(org.springframework.data.rest.webmvc.RootResourceInformation,java.io.Serializable,org.springframework.data.rest.webmvc.PersistentEntityResourceAssembler) throws org.springframework.web.HttpRequestMethodNotSupportedException
2019-09-20 20:38:12.252  INFO 10468 --- [  restartedMain] o.s.d.r.w.RepositoryRestHandlerMapping   : Mapped "{[/{repository}],methods=[GET],produces=[application/hal+json || application/json]}" onto public org.springframework.hateoas.Resources<?> org.springframework.data.rest.webmvc.RepositoryEntityController.getCollectionResource(org.springframework.data.rest.webmvc.RootResourceInformation,org.springframework.data.rest.webmvc.support.DefaultedPageable,org.springframework.data.domain.Sort,org.springframework.data.rest.webmvc.PersistentEntityResourceAssembler) throws org.springframework.data.rest.webmvc.ResourceNotFoundException,org.springframework.web.HttpRequestMethodNotSupportedException
2019-09-20 20:38:12.253  INFO 10468 --- [  restartedMain] o.s.d.r.w.RepositoryRestHandlerMapping   : Mapped "{[/{repository}],methods=[GET],produces=[application/x-spring-data-compact+json || text/uri-list]}" onto public org.springframework.hateoas.Resources<?> org.springframework.data.rest.webmvc.RepositoryEntityController.getCollectionResourceCompact(org.springframework.data.rest.webmvc.RootResourceInformation,org.springframework.data.rest.webmvc.support.DefaultedPageable,org.springframework.data.domain.Sort,org.springframework.data.rest.webmvc.PersistentEntityResourceAssembler) throws org.springframework.data.rest.webmvc.ResourceNotFoundException,org.springframework.web.HttpRequestMethodNotSupportedException
2019-09-20 20:38:12.254  INFO 10468 --- [  restartedMain] o.s.d.r.w.RepositoryRestHandlerMapping   : Mapped "{[/{repository}/{id}],methods=[OPTIONS],produces=[application/hal+json || application/json]}" onto public org.springframework.http.ResponseEntity<?> org.springframework.data.rest.webmvc.RepositoryEntityController.optionsForItemResource(org.springframework.data.rest.webmvc.RootResourceInformation)
2019-09-20 20:38:12.254  INFO 10468 --- [  restartedMain] o.s.d.r.w.RepositoryRestHandlerMapping   : Mapped "{[/{repository}/{id}],methods=[DELETE],produces=[application/hal+json || application/json]}" onto public org.springframework.http.ResponseEntity<?> org.springframework.data.rest.webmvc.RepositoryEntityController.deleteItemResource(org.springframework.data.rest.webmvc.RootResourceInformation,java.io.Serializable,org.springframework.data.rest.webmvc.support.ETag) throws org.springframework.data.rest.webmvc.ResourceNotFoundException,org.springframework.web.HttpRequestMethodNotSupportedException
2019-09-20 20:38:12.254  INFO 10468 --- [  restartedMain] o.s.d.r.w.RepositoryRestHandlerMapping   : Mapped "{[/{repository}],methods=[OPTIONS],produces=[application/hal+json || application/json]}" onto public org.springframework.http.ResponseEntity<?> org.springframework.data.rest.webmvc.RepositoryEntityController.optionsForCollectionResource(org.springframework.data.rest.webmvc.RootResourceInformation)
2019-09-20 20:38:12.255  INFO 10468 --- [  restartedMain] o.s.d.r.w.RepositoryRestHandlerMapping   : Mapped "{[/{repository}/{id}],methods=[PUT],produces=[application/hal+json || application/json]}" onto public org.springframework.http.ResponseEntity<? extends org.springframework.hateoas.ResourceSupport> org.springframework.data.rest.webmvc.RepositoryEntityController.putItemResource(org.springframework.data.rest.webmvc.RootResourceInformation,org.springframework.data.rest.webmvc.PersistentEntityResource,java.io.Serializable,org.springframework.data.rest.webmvc.PersistentEntityResourceAssembler,org.springframework.data.rest.webmvc.support.ETag,java.lang.String) throws org.springframework.web.HttpRequestMethodNotSupportedException
2019-09-20 20:38:12.255  INFO 10468 --- [  restartedMain] o.s.d.r.w.RepositoryRestHandlerMapping   : Mapped "{[/{repository}/{id}],methods=[GET],produces=[application/hal+json || application/json]}" onto public org.springframework.http.ResponseEntity<org.springframework.hateoas.Resource<?>> org.springframework.data.rest.webmvc.RepositoryEntityController.getItemResource(org.springframework.data.rest.webmvc.RootResourceInformation,java.io.Serializable,org.springframework.data.rest.webmvc.PersistentEntityResourceAssembler,org.springframework.http.HttpHeaders) throws org.springframework.web.HttpRequestMethodNotSupportedException
2019-09-20 20:38:12.257  INFO 10468 --- [  restartedMain] o.s.d.r.w.RepositoryRestHandlerMapping   : Mapped "{[/{repository}/{id}/{property}/{propertyId}],methods=[DELETE],produces=[application/hal+json || application/json]}" onto public org.springframework.http.ResponseEntity<org.springframework.hateoas.ResourceSupport> org.springframework.data.rest.webmvc.RepositoryPropertyReferenceController.deletePropertyReferenceId(org.springframework.data.rest.webmvc.RootResourceInformation,java.io.Serializable,java.lang.String,java.lang.String) throws java.lang.Exception
2019-09-20 20:38:12.258  INFO 10468 --- [  restartedMain] o.s.d.r.w.RepositoryRestHandlerMapping   : Mapped "{[/{repository}/{id}/{property}],methods=[DELETE],produces=[application/hal+json || application/json]}" onto public org.springframework.http.ResponseEntity<? extends org.springframework.hateoas.ResourceSupport> org.springframework.data.rest.webmvc.RepositoryPropertyReferenceController.deletePropertyReference(org.springframework.data.rest.webmvc.RootResourceInformation,java.io.Serializable,java.lang.String) throws java.lang.Exception
2019-09-20 20:38:12.258  INFO 10468 --- [  restartedMain] o.s.d.r.w.RepositoryRestHandlerMapping   : Mapped "{[/{repository}/{id}/{property}],methods=[GET],produces=[application/x-spring-data-compact+json || text/uri-list]}" onto public org.springframework.http.ResponseEntity<org.springframework.hateoas.ResourceSupport> org.springframework.data.rest.webmvc.RepositoryPropertyReferenceController.followPropertyReferenceCompact(org.springframework.data.rest.webmvc.RootResourceInformation,java.io.Serializable,java.lang.String,org.springframework.data.rest.webmvc.PersistentEntityResourceAssembler) throws java.lang.Exception
2019-09-20 20:38:12.258  INFO 10468 --- [  restartedMain] o.s.d.r.w.RepositoryRestHandlerMapping   : Mapped "{[/{repository}/{id}/{property}],methods=[GET],produces=[application/hal+json || application/json]}" onto public org.springframework.http.ResponseEntity<org.springframework.hateoas.ResourceSupport> org.springframework.data.rest.webmvc.RepositoryPropertyReferenceController.followPropertyReference(org.springframework.data.rest.webmvc.RootResourceInformation,java.io.Serializable,java.lang.String,org.springframework.data.rest.webmvc.PersistentEntityResourceAssembler) throws java.lang.Exception
2019-09-20 20:38:12.259  INFO 10468 --- [  restartedMain] o.s.d.r.w.RepositoryRestHandlerMapping   : Mapped "{[/{repository}/{id}/{property}/{propertyId}],methods=[GET],produces=[application/hal+json || application/json]}" onto public org.springframework.http.ResponseEntity<org.springframework.hateoas.ResourceSupport> org.springframework.data.rest.webmvc.RepositoryPropertyReferenceController.followPropertyReference(org.springframework.data.rest.webmvc.RootResourceInformation,java.io.Serializable,java.lang.String,java.lang.String,org.springframework.data.rest.webmvc.PersistentEntityResourceAssembler) throws java.lang.Exception
2019-09-20 20:38:12.259  INFO 10468 --- [  restartedMain] o.s.d.r.w.RepositoryRestHandlerMapping   : Mapped "{[/{repository}/{id}/{property}],methods=[PATCH || PUT || POST],consumes=[application/json || application/x-spring-data-compact+json || text/uri-list],produces=[application/hal+json || application/json]}" onto public org.springframework.http.ResponseEntity<? extends org.springframework.hateoas.ResourceSupport> org.springframework.data.rest.webmvc.RepositoryPropertyReferenceController.createPropertyReference(org.springframework.data.rest.webmvc.RootResourceInformation,org.springframework.http.HttpMethod,org.springframework.hateoas.Resources<java.lang.Object>,java.io.Serializable,java.lang.String) throws java.lang.Exception
2019-09-20 20:38:12.260  INFO 10468 --- [  restartedMain] o.s.d.r.w.RepositoryRestHandlerMapping   : Mapped "{[/{repository}/search],methods=[OPTIONS],produces=[application/hal+json || application/json]}" onto public org.springframework.http.HttpEntity<?> org.springframework.data.rest.webmvc.RepositorySearchController.optionsForSearches(org.springframework.data.rest.webmvc.RootResourceInformation)
2019-09-20 20:38:12.261  INFO 10468 --- [  restartedMain] o.s.d.r.w.RepositoryRestHandlerMapping   : Mapped "{[/{repository}/search/{search}],methods=[GET],produces=[application/x-spring-data-compact+json]}" onto public org.springframework.hateoas.ResourceSupport org.springframework.data.rest.webmvc.RepositorySearchController.executeSearchCompact(org.springframework.data.rest.webmvc.RootResourceInformation,org.springframework.http.HttpHeaders,org.springframework.util.MultiValueMap<java.lang.String, java.lang.Object>,java.lang.String,java.lang.String,org.springframework.data.rest.webmvc.support.DefaultedPageable,org.springframework.data.domain.Sort,org.springframework.data.rest.webmvc.PersistentEntityResourceAssembler)
2019-09-20 20:38:12.262  INFO 10468 --- [  restartedMain] o.s.d.r.w.RepositoryRestHandlerMapping   : Mapped "{[/{repository}/search/{search}],methods=[GET],produces=[application/hal+json || application/json]}" onto public org.springframework.http.ResponseEntity<?> org.springframework.data.rest.webmvc.RepositorySearchController.executeSearch(org.springframework.data.rest.webmvc.RootResourceInformation,org.springframework.util.MultiValueMap<java.lang.String, java.lang.Object>,java.lang.String,org.springframework.data.rest.webmvc.support.DefaultedPageable,org.springframework.data.domain.Sort,org.springframework.data.rest.webmvc.PersistentEntityResourceAssembler,org.springframework.http.HttpHeaders)
2019-09-20 20:38:12.262  INFO 10468 --- [  restartedMain] o.s.d.r.w.RepositoryRestHandlerMapping   : Mapped "{[/{repository}/search],methods=[GET],produces=[application/hal+json || application/json]}" onto public org.springframework.data.rest.webmvc.RepositorySearchesResource org.springframework.data.rest.webmvc.RepositorySearchController.listSearches(org.springframework.data.rest.webmvc.RootResourceInformation)
2019-09-20 20:38:12.262  INFO 10468 --- [  restartedMain] o.s.d.r.w.RepositoryRestHandlerMapping   : Mapped "{[/{repository}/search/{search}],methods=[HEAD],produces=[application/hal+json || application/json]}" onto public org.springframework.http.ResponseEntity<java.lang.Object> org.springframework.data.rest.webmvc.RepositorySearchController.headForSearch(org.springframework.data.rest.webmvc.RootResourceInformation,java.lang.String)
2019-09-20 20:38:12.262  INFO 10468 --- [  restartedMain] o.s.d.r.w.RepositoryRestHandlerMapping   : Mapped "{[/{repository}/search],methods=[HEAD],produces=[application/hal+json || application/json]}" onto public org.springframework.http.HttpEntity<?> org.springframework.data.rest.webmvc.RepositorySearchController.headForSearches(org.springframework.data.rest.webmvc.RootResourceInformation)
2019-09-20 20:38:12.263  INFO 10468 --- [  restartedMain] o.s.d.r.w.RepositoryRestHandlerMapping   : Mapped "{[/{repository}/search/{search}],methods=[OPTIONS],produces=[application/hal+json || application/json]}" onto public org.springframework.http.ResponseEntity<java.lang.Object> org.springframework.data.rest.webmvc.RepositorySearchController.optionsForSearch(org.springframework.data.rest.webmvc.RootResourceInformation,java.lang.String)
2019-09-20 20:38:12.266  INFO 10468 --- [  restartedMain] o.s.d.r.w.RepositoryRestHandlerMapping   : Mapped "{[/ || ],methods=[OPTIONS],produces=[application/hal+json || application/json]}" onto public org.springframework.http.HttpEntity<?> org.springframework.data.rest.webmvc.RepositoryController.optionsForRepositories()
2019-09-20 20:38:12.266  INFO 10468 --- [  restartedMain] o.s.d.r.w.RepositoryRestHandlerMapping   : Mapped "{[/ || ],methods=[HEAD],produces=[application/hal+json || application/json]}" onto public org.springframework.http.ResponseEntity<?> org.springframework.data.rest.webmvc.RepositoryController.headForRepositories()
2019-09-20 20:38:12.267  INFO 10468 --- [  restartedMain] o.s.d.r.w.RepositoryRestHandlerMapping   : Mapped "{[/ || ],methods=[GET],produces=[application/hal+json || application/json]}" onto public org.springframework.http.HttpEntity<org.springframework.data.rest.webmvc.RepositoryLinksResource> org.springframework.data.rest.webmvc.RepositoryController.listRepositories()
2019-09-20 20:38:12.271  INFO 10468 --- [  restartedMain] o.s.d.r.w.BasePathAwareHandlerMapping    : Mapped "{[/profile],methods=[GET]}" onto org.springframework.http.HttpEntity<org.springframework.hateoas.ResourceSupport> org.springframework.data.rest.webmvc.ProfileController.listAllFormsOfMetadata()
2019-09-20 20:38:12.271  INFO 10468 --- [  restartedMain] o.s.d.r.w.BasePathAwareHandlerMapping    : Mapped "{[/profile],methods=[OPTIONS]}" onto public org.springframework.http.HttpEntity<?> org.springframework.data.rest.webmvc.ProfileController.profileOptions()
2019-09-20 20:38:12.272  INFO 10468 --- [  restartedMain] o.s.d.r.w.BasePathAwareHandlerMapping    : Mapped "{[/profile/{repository}],methods=[GET],produces=[application/schema+json]}" onto public org.springframework.http.HttpEntity<org.springframework.data.rest.webmvc.json.JsonSchema> org.springframework.data.rest.webmvc.RepositorySchemaController.schema(org.springframework.data.rest.webmvc.RootResourceInformation)
2019-09-20 20:38:12.272  INFO 10468 --- [  restartedMain] o.s.d.r.w.BasePathAwareHandlerMapping    : Mapped "{[/profile/{repository}],methods=[GET],produces=[application/alps+json || */*]}" onto org.springframework.http.HttpEntity<org.springframework.data.rest.webmvc.RootResourceInformation> org.springframework.data.rest.webmvc.alps.AlpsController.descriptor(org.springframework.data.rest.webmvc.RootResourceInformation)
2019-09-20 20:38:12.273  INFO 10468 --- [  restartedMain] o.s.d.r.w.BasePathAwareHandlerMapping    : Mapped "{[/profile/{repository}],methods=[OPTIONS],produces=[application/alps+json]}" onto org.springframework.http.HttpEntity<?> org.springframework.data.rest.webmvc.alps.AlpsController.alpsOptions()
2019-09-20 20:38:12.584  INFO 10468 --- [  restartedMain] o.s.b.d.a.OptionalLiveReloadServer       : LiveReload server is running on port 35729
2019-09-20 20:38:12.631  INFO 10468 --- [  restartedMain] o.s.j.e.a.AnnotationMBeanExporter        : Registering beans for JMX exposure on startup
2019-09-20 20:38:12.634  INFO 10468 --- [  restartedMain] o.s.j.e.a.AnnotationMBeanExporter        : Bean with name 'dataSource' has been autodetected for JMX exposure
2019-09-20 20:38:12.642  INFO 10468 --- [  restartedMain] o.s.j.e.a.AnnotationMBeanExporter        : Located MBean 'dataSource': registering with JMX server as MBean [com.zaxxer.hikari:name=dataSource,type=HikariDataSource]
2019-09-20 20:38:13.161  INFO 10468 --- [  restartedMain] o.s.b.w.embedded.tomcat.TomcatWebServer  : Tomcat started on port(s): 8197 (http) with context path '/ssafyvue'
