2019-10-17 01:04:32.424  INFO 25468 --- [           main] com.ssafy.edu.LoginApplication           : Starting LoginApplication on choco with PID 25468 (C:\Users\choco\jsp-workspace\login\target\classes started by choco in C:\Users\choco\jsp-workspace\login)
2019-10-17 01:04:32.442  INFO 25468 --- [           main] com.ssafy.edu.LoginApplication           : No active profile set, falling back to default profiles: default
2019-10-17 01:04:32.582  INFO 25468 --- [           main] ConfigServletWebServerApplicationContext : Refreshing org.springframework.boot.web.servlet.context.AnnotationConfigServletWebServerApplicationContext@4466af20: startup date [Thu Oct 17 01:04:32 KST 2019]; root of context hierarchy
2019-10-17 01:04:35.469  INFO 25468 --- [           main] trationDelegate$BeanPostProcessorChecker : Bean 'org.springframework.transaction.annotation.ProxyTransactionManagementConfiguration' of type [org.springframework.transaction.annotation.ProxyTransactionManagementConfiguration$$EnhancerBySpringCGLIB$$8132a6bd] is not eligible for getting processed by all BeanPostProcessors (for example: not eligible for auto-proxying)
2019-10-17 01:04:35.568  INFO 25468 --- [           main] trationDelegate$BeanPostProcessorChecker : Bean 'org.springframework.security.config.annotation.configuration.ObjectPostProcessorConfiguration' of type [org.springframework.security.config.annotation.configuration.ObjectPostProcessorConfiguration$$EnhancerBySpringCGLIB$$19e06ef7] is not eligible for getting processed by all BeanPostProcessors (for example: not eligible for auto-proxying)
2019-10-17 01:04:35.585  INFO 25468 --- [           main] trationDelegate$BeanPostProcessorChecker : Bean 'objectPostProcessor' of type [org.springframework.security.config.annotation.configuration.AutowireBeanFactoryObjectPostProcessor] is not eligible for getting processed by all BeanPostProcessors (for example: not eligible for auto-proxying)
2019-10-17 01:04:35.591  INFO 25468 --- [           main] trationDelegate$BeanPostProcessorChecker : Bean 'org.springframework.security.access.expression.method.DefaultMethodSecurityExpressionHandler@58faa93b' of type [org.springframework.security.access.expression.method.DefaultMethodSecurityExpressionHandler] is not eligible for getting processed by all BeanPostProcessors (for example: not eligible for auto-proxying)
2019-10-17 01:04:35.603  INFO 25468 --- [           main] trationDelegate$BeanPostProcessorChecker : Bean 'org.springframework.security.config.annotation.method.configuration.Jsr250MetadataSourceConfiguration' of type [org.springframework.security.config.annotation.method.configuration.Jsr250MetadataSourceConfiguration$$EnhancerBySpringCGLIB$$640a29bf] is not eligible for getting processed by all BeanPostProcessors (for example: not eligible for auto-proxying)
2019-10-17 01:04:35.612  INFO 25468 --- [           main] trationDelegate$BeanPostProcessorChecker : Bean 'jsr250MethodSecurityMetadataSource' of type [org.springframework.security.access.annotation.Jsr250MethodSecurityMetadataSource] is not eligible for getting processed by all BeanPostProcessors (for example: not eligible for auto-proxying)
2019-10-17 01:04:35.615  INFO 25468 --- [           main] trationDelegate$BeanPostProcessorChecker : Bean 'org.springframework.security.config.annotation.method.configuration.GlobalMethodSecurityConfiguration' of type [org.springframework.security.config.annotation.method.configuration.GlobalMethodSecurityConfiguration$$EnhancerBySpringCGLIB$$3eb511a9] is not eligible for getting processed by all BeanPostProcessors (for example: not eligible for auto-proxying)
2019-10-17 01:04:35.633  INFO 25468 --- [           main] trationDelegate$BeanPostProcessorChecker : Bean 'methodSecurityMetadataSource' of type [org.springframework.security.access.method.DelegatingMethodSecurityMetadataSource] is not eligible for getting processed by all BeanPostProcessors (for example: not eligible for auto-proxying)
2019-10-17 01:04:37.130  INFO 25468 --- [           main] o.s.b.w.embedded.tomcat.TomcatWebServer  : Tomcat initialized with port(s): 8397 (http)
2019-10-17 01:04:37.186  INFO 25468 --- [           main] o.a.coyote.http11.Http11NioProtocol      : Initializing ProtocolHandler ["http-nio-8397"]
2019-10-17 01:04:37.268  INFO 25468 --- [           main] o.apache.catalina.core.StandardService   : Starting service [Tomcat]
2019-10-17 01:04:37.269  INFO 25468 --- [           main] org.apache.catalina.core.StandardEngine  : Starting Servlet Engine: Apache Tomcat/8.5.34
2019-10-17 01:04:37.297  INFO 25468 --- [ost-startStop-1] o.a.catalina.core.AprLifecycleListener   : The APR based Apache Tomcat Native library which allows optimal performance in production environments was not found on the java.library.path: [D:\java\jdk1.8.0_152\bin;C:\WINDOWS\Sun\Java\bin;C:\WINDOWS\system32;C:\WINDOWS;d:/Java/jdk1.8.0_152/bin/../jre/bin/server;d:/Java/jdk1.8.0_152/bin/../jre/bin;d:/Java/jdk1.8.0_152/bin/../jre/lib/amd64;d:\Java\jdk1.8.0_152\bin;D:\oraclexe\app\oracle\product\11.2.0\server\bin;d:\Git\cmd;C:\Program Files (x86)\Intel\iCLS Client\;C:\Program Files\Intel\iCLS Client\;C:\ProgramData\Oracle\Java\javapath;C:\windows\system32;C:\windows;C:\windows\System32\Wbem;C:\windows\System32\WindowsPowerShell\v1.0\;C:\Program Files (x86)\NVIDIA Corporation\PhysX\Common;C:\Program Files (x86)\Intel\Intel(R) Management Engine Components\DAL;C:\Program Files\Intel\Intel(R) Management Engine Components\DAL;C:\Program Files (x86)\Intel\Intel(R) Management Engine Components\IPT;C:\Program Files\Intel\Intel(R) Management Engine Components\IPT;C:\Program Files\Samsung\SamsungLink\AllShare Framework DMS\bin\;C:\WINDOWS\system32;C:\WINDOWS;C:\WINDOWS\System32\Wbem;C:\WINDOWS\System32\WindowsPowerShell\v1.0\;C:\WINDOWS\System32\OpenSSH\;C:\Program Files\Intel\WiFi\bin\;C:\Program Files\Common Files\Intel\WirelessCommon\;C:\Program Files\Microsoft VS Code\bin;D:\Yarn\bin\;C:\nodejs\;C:\Users\choco\AppData\Local\Microsoft\WindowsApps;C:\Users\choco\AppData\Local\GitHubDesktop\bin;C:\Users\choco\AppData\Local\Microsoft\WindowsApps;d:\MicrosoftVSCode\bin;C:\Users\choco\AppData\Local\Yarn\bin;C:\Users\choco\AppData\Roaming\npm;;C:\Users\choco\Desktop;;.]
2019-10-17 01:04:37.670  INFO 25468 --- [ost-startStop-1] o.a.c.c.C.[Tomcat].[localhost].[/]       : Initializing Spring embedded WebApplicationContext
2019-10-17 01:04:37.670  INFO 25468 --- [ost-startStop-1] o.s.web.context.ContextLoader            : Root WebApplicationContext: initialization completed in 5089 ms
2019-10-17 01:04:38.591  INFO 25468 --- [ost-startStop-1] com.zaxxer.hikari.HikariDataSource       : HikariPool-1 - Starting...
2019-10-17 01:04:39.073  INFO 25468 --- [ost-startStop-1] com.zaxxer.hikari.HikariDataSource       : HikariPool-1 - Start completed.
2019-10-17 01:04:39.170  INFO 25468 --- [ost-startStop-1] j.LocalContainerEntityManagerFactoryBean : Building JPA container EntityManagerFactory for persistence unit 'default'
2019-10-17 01:04:39.234  INFO 25468 --- [ost-startStop-1] o.hibernate.jpa.internal.util.LogHelper  : HHH000204: Processing PersistenceUnitInfo [
	name: default
	...]
2019-10-17 01:04:39.506  INFO 25468 --- [ost-startStop-1] org.hibernate.Version                    : HHH000412: Hibernate Core {5.2.17.Final}
2019-10-17 01:04:39.511  INFO 25468 --- [ost-startStop-1] org.hibernate.cfg.Environment            : HHH000206: hibernate.properties not found
2019-10-17 01:04:39.635  INFO 25468 --- [ost-startStop-1] o.hibernate.annotations.common.Version   : HCANN000001: Hibernate Commons Annotations {5.0.1.Final}
2019-10-17 01:04:39.977  INFO 25468 --- [ost-startStop-1] org.hibernate.dialect.Dialect            : HHH000400: Using dialect: org.hibernate.dialect.MySQL5InnoDBDialect
2019-10-17 01:04:41.132  INFO 25468 --- [ost-startStop-1] j.LocalContainerEntityManagerFactoryBean : Initialized JPA EntityManagerFactory for persistence unit 'default'
2019-10-17 01:04:41.967  INFO 25468 --- [ost-startStop-1] o.s.b.w.servlet.FilterRegistrationBean   : Mapping filter: 'characterEncodingFilter' to: [/*]
2019-10-17 01:04:41.968  INFO 25468 --- [ost-startStop-1] o.s.b.w.servlet.FilterRegistrationBean   : Mapping filter: 'hiddenHttpMethodFilter' to: [/*]
2019-10-17 01:04:41.968  INFO 25468 --- [ost-startStop-1] o.s.b.w.servlet.FilterRegistrationBean   : Mapping filter: 'httpPutFormContentFilter' to: [/*]
2019-10-17 01:04:41.969  INFO 25468 --- [ost-startStop-1] o.s.b.w.servlet.FilterRegistrationBean   : Mapping filter: 'requestContextFilter' to: [/*]
2019-10-17 01:04:41.969  INFO 25468 --- [ost-startStop-1] .s.DelegatingFilterProxyRegistrationBean : Mapping filter: 'springSecurityFilterChain' to: [/*]
2019-10-17 01:04:41.969  INFO 25468 --- [ost-startStop-1] o.s.b.w.servlet.FilterRegistrationBean   : Mapping filter: 'jwtAuthenticationFilter' to: [/*]
2019-10-17 01:04:41.970  INFO 25468 --- [ost-startStop-1] o.s.b.w.servlet.ServletRegistrationBean  : Servlet dispatcherServlet mapped to [/]
2019-10-17 01:04:42.674  INFO 25468 --- [           main] o.s.w.s.handler.SimpleUrlHandlerMapping  : Mapped URL path [/**/favicon.ico] onto handler of type [class org.springframework.web.servlet.resource.ResourceHttpRequestHandler]
2019-10-17 01:04:42.699  WARN 25468 --- [           main] aWebConfiguration$JpaWebMvcConfiguration : spring.jpa.open-in-view is enabled by default. Therefore, database queries may be performed during view rendering. Explicitly configure spring.jpa.open-in-view to disable this warning
2019-10-17 01:04:42.802  INFO 25468 --- [           main] s.w.s.m.m.a.RequestMappingHandlerMapping : Mapped "{[/api/auth/signin],methods=[POST]}" onto public org.springframework.http.ResponseEntity<?> com.ssafy.edu.controller.AuthController.authenticateUser(com.ssafy.edu.payload.LoginRequest)
2019-10-17 01:04:42.804  INFO 25468 --- [           main] s.w.s.m.m.a.RequestMappingHandlerMapping : Mapped "{[/api/auth/signup],methods=[POST]}" onto public org.springframework.http.ResponseEntity<?> com.ssafy.edu.controller.AuthController.registerUser(com.ssafy.edu.payload.SignUpRequest)
2019-10-17 01:04:42.808  INFO 25468 --- [           main] s.w.s.m.m.a.RequestMappingHandlerMapping : Mapped "{[/api/user/checkEmailAvailability],methods=[GET]}" onto public com.ssafy.edu.payload.UserIdentityAvailability com.ssafy.edu.controller.UserController.checkEmailAvailability(java.lang.String)
2019-10-17 01:04:42.809  INFO 25468 --- [           main] s.w.s.m.m.a.RequestMappingHandlerMapping : Mapped "{[/api/user/checkUsernameAvailability],methods=[GET]}" onto public com.ssafy.edu.payload.UserIdentityAvailability com.ssafy.edu.controller.UserController.checkUsernameAvailability(java.lang.String)
2019-10-17 01:04:42.809  INFO 25468 --- [           main] s.w.s.m.m.a.RequestMappingHandlerMapping : Mapped "{[/api/user/me],methods=[GET]}" onto public com.ssafy.edu.payload.UserSummary com.ssafy.edu.controller.UserController.getCurrentUser(com.ssafy.edu.security.UserPrincipal)
2019-10-17 01:04:42.810  INFO 25468 --- [           main] s.w.s.m.m.a.RequestMappingHandlerMapping : Mapped "{[/api/users/{username}],methods=[GET]}" onto public com.ssafy.edu.payload.UserProfile com.ssafy.edu.controller.UserController.getUserProfile(java.lang.String)
2019-10-17 01:04:42.816  INFO 25468 --- [           main] s.w.s.m.m.a.RequestMappingHandlerMapping : Mapped "{[/error]}" onto public org.springframework.http.ResponseEntity<java.util.Map<java.lang.String, java.lang.Object>> org.springframework.boot.autoconfigure.web.servlet.error.BasicErrorController.error(javax.servlet.http.HttpServletRequest)
2019-10-17 01:04:42.817  INFO 25468 --- [           main] s.w.s.m.m.a.RequestMappingHandlerMapping : Mapped "{[/error],produces=[text/html]}" onto public org.springframework.web.servlet.ModelAndView org.springframework.boot.autoconfigure.web.servlet.error.BasicErrorController.errorHtml(javax.servlet.http.HttpServletRequest,javax.servlet.http.HttpServletResponse)
2019-10-17 01:04:42.877  INFO 25468 --- [           main] o.s.w.s.handler.SimpleUrlHandlerMapping  : Mapped URL path [/webjars/**] onto handler of type [class org.springframework.web.servlet.resource.ResourceHttpRequestHandler]
2019-10-17 01:04:42.878  INFO 25468 --- [           main] o.s.w.s.handler.SimpleUrlHandlerMapping  : Mapped URL path [/**] onto handler of type [class org.springframework.web.servlet.resource.ResourceHttpRequestHandler]
2019-10-17 01:04:42.967  INFO 25468 --- [           main] o.s.s.web.DefaultSecurityFilterChain     : Creating filter chain: org.springframework.security.web.util.matcher.AnyRequestMatcher@1, [org.springframework.security.web.context.request.async.WebAsyncManagerIntegrationFilter@3e84111a, org.springframework.security.web.context.SecurityContextPersistenceFilter@5e8c34a0, org.springframework.security.web.header.HeaderWriterFilter@31da3d60, org.springframework.web.filter.CorsFilter@4b1a43d8, org.springframework.security.web.authentication.logout.LogoutFilter@7c6189d5, com.ssafy.edu.security.JwtAuthenticationFilter@7516b68c, org.springframework.security.web.savedrequest.RequestCacheAwareFilter@7aead3af, org.springframework.security.web.servletapi.SecurityContextHolderAwareRequestFilter@4b869331, org.springframework.security.web.authentication.AnonymousAuthenticationFilter@6fa69af7, org.springframework.security.web.session.SessionManagementFilter@30d25c03, org.springframework.security.web.access.ExceptionTranslationFilter@5c9ac4cc, org.springframework.security.web.access.intercept.FilterSecurityInterceptor@7afb1741]
2019-10-17 01:04:43.458  INFO 25468 --- [           main] s.w.s.m.m.a.RequestMappingHandlerAdapter : Looking for @ControllerAdvice: org.springframework.boot.web.servlet.context.AnnotationConfigServletWebServerApplicationContext@4466af20: startup date [Wed Oct 16 16:04:32 UTC 2019]; root of context hierarchy
2019-10-17 01:04:43.921  INFO 25468 --- [           main] o.s.j.e.a.AnnotationMBeanExporter        : Registering beans for JMX exposure on startup
2019-10-17 01:04:43.923  INFO 25468 --- [           main] o.s.j.e.a.AnnotationMBeanExporter        : Bean with name 'dataSource' has been autodetected for JMX exposure
2019-10-17 01:04:43.932  INFO 25468 --- [           main] o.s.j.e.a.AnnotationMBeanExporter        : Located MBean 'dataSource': registering with JMX server as MBean [com.zaxxer.hikari:name=dataSource,type=HikariDataSource]
2019-10-17 01:04:43.952  INFO 25468 --- [           main] o.a.coyote.http11.Http11NioProtocol      : Starting ProtocolHandler ["http-nio-8397"]
2019-10-17 01:04:44.115  INFO 25468 --- [           main] o.a.tomcat.util.net.NioSelectorPool      : Using a shared selector for servlet write/read
2019-10-17 01:04:44.134  INFO 25468 --- [           main] o.s.b.w.embedded.tomcat.TomcatWebServer  : Tomcat started on port(s): 8397 (http) with context path ''
2019-10-17 01:04:44.138  INFO 25468 --- [           main] com.ssafy.edu.LoginApplication           : Started LoginApplication in 12.233 seconds (JVM running for 13.268)
2019-10-17 01:12:59.667  INFO 25468 --- [nio-8397-exec-2] o.a.c.c.C.[Tomcat].[localhost].[/]       : Initializing Spring FrameworkServlet 'dispatcherServlet'
2019-10-17 01:12:59.668  INFO 25468 --- [nio-8397-exec-2] o.s.web.servlet.DispatcherServlet        : FrameworkServlet 'dispatcherServlet': initialization started
2019-10-17 01:12:59.699  INFO 25468 --- [nio-8397-exec-2] o.s.web.servlet.DispatcherServlet        : FrameworkServlet 'dispatcherServlet': initialization completed in 31 ms
2019-10-17 01:13:00.264  INFO 25468 --- [nio-8397-exec-3] com.ssafy.edu.controller.AuthController  : 1-------------registerUser-----------------------------com.ssafy.edu.payload.SignUpRequest@56ca1955
2019-10-17 01:13:00.295  INFO 25468 --- [nio-8397-exec-3] o.h.h.i.QueryTranslatorFactoryInitiator  : HHH000397: Using ASTQueryTranslatorFactory
2019-10-17 01:13:00.480 DEBUG 25468 --- [nio-8397-exec-3] org.hibernate.SQL                        : select memberuser0_.id as col_0_0_ from users memberuser0_ where memberuser0_.username=? limit ?
2019-10-17 01:13:00.528  INFO 25468 --- [nio-8397-exec-3] com.ssafy.edu.controller.AuthController  : 2-------------registerUser-----------------------------com.ssafy.edu.payload.SignUpRequest@56ca1955
2019-10-17 01:13:00.531 DEBUG 25468 --- [nio-8397-exec-3] org.hibernate.SQL                        : select memberuser0_.id as col_0_0_ from users memberuser0_ where memberuser0_.email=? limit ?
2019-10-17 01:13:00.533  INFO 25468 --- [nio-8397-exec-3] com.ssafy.edu.controller.AuthController  : 3-------------registerUser-----------------------------com.ssafy.edu.payload.SignUpRequest@56ca1955
2019-10-17 01:13:00.533  INFO 25468 --- [nio-8397-exec-3] com.ssafy.edu.controller.AuthController  : 4-------------registerUser-----------------------------com.ssafy.edu.model.MemberUser@75427ae1
2019-10-17 01:13:00.686 DEBUG 25468 --- [nio-8397-exec-3] org.hibernate.SQL                        : select role0_.id as id1_0_, role0_.name as name2_0_ from roles role0_ where role0_.name=?
2019-10-17 01:13:00.859 DEBUG 25468 --- [nio-8397-exec-3] org.hibernate.SQL                        : insert into users (created_at, updated_at, email, name, password, username) values (?, ?, ?, ?, ?, ?)
2019-10-17 01:13:00.879 DEBUG 25468 --- [nio-8397-exec-3] org.hibernate.SQL                        : insert into user_roles (user_id, role_id) values (?, ?)
2019-10-17 01:20:44.482  INFO 25468 --- [nio-8397-exec-6] com.ssafy.edu.controller.AuthController  : 1-------------registerUser-----------------------------com.ssafy.edu.payload.SignUpRequest@615ec0cc
2019-10-17 01:20:44.483 DEBUG 25468 --- [nio-8397-exec-6] org.hibernate.SQL                        : select memberuser0_.id as col_0_0_ from users memberuser0_ where memberuser0_.username=? limit ?
2019-10-17 01:20:44.486  INFO 25468 --- [nio-8397-exec-6] com.ssafy.edu.controller.AuthController  : 2-------------registerUser-----------------------------com.ssafy.edu.payload.SignUpRequest@615ec0cc
2019-10-17 01:20:44.487 DEBUG 25468 --- [nio-8397-exec-6] org.hibernate.SQL                        : select memberuser0_.id as col_0_0_ from users memberuser0_ where memberuser0_.email=? limit ?
2019-10-17 01:20:44.488  INFO 25468 --- [nio-8397-exec-6] com.ssafy.edu.controller.AuthController  : 3-------------registerUser-----------------------------com.ssafy.edu.payload.SignUpRequest@615ec0cc
2019-10-17 01:20:44.489  INFO 25468 --- [nio-8397-exec-6] com.ssafy.edu.controller.AuthController  : 4-------------registerUser-----------------------------com.ssafy.edu.model.MemberUser@729520c7
2019-10-17 01:20:44.591 DEBUG 25468 --- [nio-8397-exec-6] org.hibernate.SQL                        : select role0_.id as id1_0_, role0_.name as name2_0_ from roles role0_ where role0_.name=?
2019-10-17 01:20:44.598 DEBUG 25468 --- [nio-8397-exec-6] org.hibernate.SQL                        : insert into users (created_at, updated_at, email, name, password, username) values (?, ?, ?, ?, ?, ?)
2019-10-17 01:20:44.613 DEBUG 25468 --- [nio-8397-exec-6] org.hibernate.SQL                        : insert into user_roles (user_id, role_id) values (?, ?)
2019-10-17 01:22:07.041  INFO 25468 --- [nio-8397-exec-8] com.ssafy.edu.controller.AuthController  : 1-------------registerUser-----------------------------com.ssafy.edu.payload.SignUpRequest@3059f99f
2019-10-17 01:22:07.042 DEBUG 25468 --- [nio-8397-exec-8] org.hibernate.SQL                        : select memberuser0_.id as col_0_0_ from users memberuser0_ where memberuser0_.username=? limit ?
2019-10-17 01:22:07.045  INFO 25468 --- [nio-8397-exec-8] com.ssafy.edu.controller.AuthController  : 2-------------registerUser-----------------------------com.ssafy.edu.payload.SignUpRequest@3059f99f
2019-10-17 01:22:07.046 DEBUG 25468 --- [nio-8397-exec-8] org.hibernate.SQL                        : select memberuser0_.id as col_0_0_ from users memberuser0_ where memberuser0_.email=? limit ?
2019-10-17 01:22:07.047  INFO 25468 --- [nio-8397-exec-8] com.ssafy.edu.controller.AuthController  : 3-------------registerUser-----------------------------com.ssafy.edu.payload.SignUpRequest@3059f99f
2019-10-17 01:22:07.047  INFO 25468 --- [nio-8397-exec-8] com.ssafy.edu.controller.AuthController  : 4-------------registerUser-----------------------------com.ssafy.edu.model.MemberUser@538c93fc
2019-10-17 01:22:07.140 DEBUG 25468 --- [nio-8397-exec-8] org.hibernate.SQL                        : select role0_.id as id1_0_, role0_.name as name2_0_ from roles role0_ where role0_.name=?
2019-10-17 01:22:07.146 DEBUG 25468 --- [nio-8397-exec-8] org.hibernate.SQL                        : insert into users (created_at, updated_at, email, name, password, username) values (?, ?, ?, ?, ?, ?)
2019-10-17 01:22:07.154 DEBUG 25468 --- [nio-8397-exec-8] org.hibernate.SQL                        : insert into user_roles (user_id, role_id) values (?, ?)
2019-10-17 01:23:07.712  INFO 25468 --- [io-8397-exec-10] com.ssafy.edu.controller.AuthController  : 1-------------registerUser-----------------------------com.ssafy.edu.payload.SignUpRequest@74ce3928
2019-10-17 01:23:07.713 DEBUG 25468 --- [io-8397-exec-10] org.hibernate.SQL                        : select memberuser0_.id as col_0_0_ from users memberuser0_ where memberuser0_.username=? limit ?
2019-10-17 01:23:07.716  INFO 25468 --- [io-8397-exec-10] com.ssafy.edu.controller.AuthController  : 2-------------registerUser-----------------------------com.ssafy.edu.payload.SignUpRequest@74ce3928
2019-10-17 01:23:07.717 DEBUG 25468 --- [io-8397-exec-10] org.hibernate.SQL                        : select memberuser0_.id as col_0_0_ from users memberuser0_ where memberuser0_.email=? limit ?
2019-10-17 01:23:07.718  INFO 25468 --- [io-8397-exec-10] com.ssafy.edu.controller.AuthController  : 3-------------registerUser-----------------------------com.ssafy.edu.payload.SignUpRequest@74ce3928
2019-10-17 01:23:07.718  INFO 25468 --- [io-8397-exec-10] com.ssafy.edu.controller.AuthController  : 4-------------registerUser-----------------------------com.ssafy.edu.model.MemberUser@50f015d9
2019-10-17 01:23:07.811 DEBUG 25468 --- [io-8397-exec-10] org.hibernate.SQL                        : select role0_.id as id1_0_, role0_.name as name2_0_ from roles role0_ where role0_.name=?
2019-10-17 01:23:07.819 DEBUG 25468 --- [io-8397-exec-10] org.hibernate.SQL                        : insert into users (created_at, updated_at, email, name, password, username) values (?, ?, ?, ?, ?, ?)
2019-10-17 01:23:07.822 DEBUG 25468 --- [io-8397-exec-10] org.hibernate.SQL                        : insert into user_roles (user_id, role_id) values (?, ?)
2019-10-17 01:23:50.456  INFO 25468 --- [nio-8397-exec-1] com.ssafy.edu.controller.AuthController  : 1-------------registerUser-----------------------------com.ssafy.edu.payload.SignUpRequest@3a7d86ac
2019-10-17 01:23:50.457 DEBUG 25468 --- [nio-8397-exec-1] org.hibernate.SQL                        : select memberuser0_.id as col_0_0_ from users memberuser0_ where memberuser0_.username=? limit ?
2019-10-17 01:23:50.459  INFO 25468 --- [nio-8397-exec-1] com.ssafy.edu.controller.AuthController  : 2-------------registerUser-----------------------------com.ssafy.edu.payload.SignUpRequest@3a7d86ac
2019-10-17 01:23:50.460 DEBUG 25468 --- [nio-8397-exec-1] org.hibernate.SQL                        : select memberuser0_.id as col_0_0_ from users memberuser0_ where memberuser0_.email=? limit ?
2019-10-17 01:23:50.462  INFO 25468 --- [nio-8397-exec-1] com.ssafy.edu.controller.AuthController  : 3-------------registerUser-----------------------------com.ssafy.edu.payload.SignUpRequest@3a7d86ac
2019-10-17 01:23:50.462  INFO 25468 --- [nio-8397-exec-1] com.ssafy.edu.controller.AuthController  : 4-------------registerUser-----------------------------com.ssafy.edu.model.MemberUser@15e7b6f4
2019-10-17 01:23:50.556 DEBUG 25468 --- [nio-8397-exec-1] org.hibernate.SQL                        : select role0_.id as id1_0_, role0_.name as name2_0_ from roles role0_ where role0_.name=?
2019-10-17 01:23:50.560 DEBUG 25468 --- [nio-8397-exec-1] org.hibernate.SQL                        : insert into users (created_at, updated_at, email, name, password, username) values (?, ?, ?, ?, ?, ?)
2019-10-17 01:23:50.567 DEBUG 25468 --- [nio-8397-exec-1] org.hibernate.SQL                        : insert into user_roles (user_id, role_id) values (?, ?)
2019-10-17 01:26:03.458  INFO 25468 --- [nio-8397-exec-3] com.ssafy.edu.controller.AuthController  : 1-------------registerUser-----------------------------com.ssafy.edu.payload.SignUpRequest@5427de27
2019-10-17 01:26:03.458 DEBUG 25468 --- [nio-8397-exec-3] org.hibernate.SQL                        : select memberuser0_.id as col_0_0_ from users memberuser0_ where memberuser0_.username=? limit ?
2019-10-17 01:26:03.460  INFO 25468 --- [nio-8397-exec-3] com.ssafy.edu.controller.AuthController  : 2-------------registerUser-----------------------------com.ssafy.edu.payload.SignUpRequest@5427de27
2019-10-17 01:26:03.460 DEBUG 25468 --- [nio-8397-exec-3] org.hibernate.SQL                        : select memberuser0_.id as col_0_0_ from users memberuser0_ where memberuser0_.email=? limit ?
2019-10-17 01:26:03.461  INFO 25468 --- [nio-8397-exec-3] com.ssafy.edu.controller.AuthController  : 3-------------registerUser-----------------------------com.ssafy.edu.payload.SignUpRequest@5427de27
2019-10-17 01:26:03.462  INFO 25468 --- [nio-8397-exec-3] com.ssafy.edu.controller.AuthController  : 4-------------registerUser-----------------------------com.ssafy.edu.model.MemberUser@2eae1caa
2019-10-17 01:26:03.556 DEBUG 25468 --- [nio-8397-exec-3] org.hibernate.SQL                        : select role0_.id as id1_0_, role0_.name as name2_0_ from roles role0_ where role0_.name=?
2019-10-17 01:26:03.560 DEBUG 25468 --- [nio-8397-exec-3] org.hibernate.SQL                        : insert into users (created_at, updated_at, email, name, password, username) values (?, ?, ?, ?, ?, ?)
2019-10-17 01:26:03.568 DEBUG 25468 --- [nio-8397-exec-3] org.hibernate.SQL                        : insert into user_roles (user_id, role_id) values (?, ?)
2019-10-17 01:29:42.235  INFO 25468 --- [nio-8397-exec-5] com.ssafy.edu.controller.AuthController  : 1-------------registerUser-----------------------------com.ssafy.edu.payload.SignUpRequest@11f7297a
2019-10-17 01:29:42.236 DEBUG 25468 --- [nio-8397-exec-5] org.hibernate.SQL                        : select memberuser0_.id as col_0_0_ from users memberuser0_ where memberuser0_.username=? limit ?
2019-10-17 01:29:42.238  INFO 25468 --- [nio-8397-exec-5] com.ssafy.edu.controller.AuthController  : 2-------------registerUser-----------------------------com.ssafy.edu.payload.SignUpRequest@11f7297a
2019-10-17 01:29:42.239 DEBUG 25468 --- [nio-8397-exec-5] org.hibernate.SQL                        : select memberuser0_.id as col_0_0_ from users memberuser0_ where memberuser0_.email=? limit ?
2019-10-17 01:29:42.240  INFO 25468 --- [nio-8397-exec-5] com.ssafy.edu.controller.AuthController  : 3-------------registerUser-----------------------------com.ssafy.edu.payload.SignUpRequest@11f7297a
2019-10-17 01:29:42.240  INFO 25468 --- [nio-8397-exec-5] com.ssafy.edu.controller.AuthController  : 4-------------registerUser-----------------------------com.ssafy.edu.model.MemberUser@3e222040
2019-10-17 01:29:42.333 DEBUG 25468 --- [nio-8397-exec-5] org.hibernate.SQL                        : select role0_.id as id1_0_, role0_.name as name2_0_ from roles role0_ where role0_.name=?
2019-10-17 01:29:42.338 DEBUG 25468 --- [nio-8397-exec-5] org.hibernate.SQL                        : insert into users (created_at, updated_at, email, name, password, username) values (?, ?, ?, ?, ?, ?)
2019-10-17 01:29:42.340 DEBUG 25468 --- [nio-8397-exec-5] org.hibernate.SQL                        : insert into user_roles (user_id, role_id) values (?, ?)
2019-10-17 01:31:27.630  INFO 25468 --- [nio-8397-exec-7] com.ssafy.edu.controller.AuthController  : 1-------------registerUser-----------------------------com.ssafy.edu.payload.SignUpRequest@4284acd1
2019-10-17 01:31:27.631 DEBUG 25468 --- [nio-8397-exec-7] org.hibernate.SQL                        : select memberuser0_.id as col_0_0_ from users memberuser0_ where memberuser0_.username=? limit ?
2019-10-17 01:31:27.633  INFO 25468 --- [nio-8397-exec-7] com.ssafy.edu.controller.AuthController  : 2-------------registerUser-----------------------------com.ssafy.edu.payload.SignUpRequest@4284acd1
2019-10-17 01:31:27.634 DEBUG 25468 --- [nio-8397-exec-7] org.hibernate.SQL                        : select memberuser0_.id as col_0_0_ from users memberuser0_ where memberuser0_.email=? limit ?
2019-10-17 01:31:27.635  INFO 25468 --- [nio-8397-exec-7] com.ssafy.edu.controller.AuthController  : 3-------------registerUser-----------------------------com.ssafy.edu.payload.SignUpRequest@4284acd1
2019-10-17 01:31:27.636  INFO 25468 --- [nio-8397-exec-7] com.ssafy.edu.controller.AuthController  : 4-------------registerUser-----------------------------com.ssafy.edu.model.MemberUser@6d51af85
2019-10-17 01:31:27.729 DEBUG 25468 --- [nio-8397-exec-7] org.hibernate.SQL                        : select role0_.id as id1_0_, role0_.name as name2_0_ from roles role0_ where role0_.name=?
2019-10-17 01:31:27.733 DEBUG 25468 --- [nio-8397-exec-7] org.hibernate.SQL                        : insert into users (created_at, updated_at, email, name, password, username) values (?, ?, ?, ?, ?, ?)
2019-10-17 01:31:27.741 DEBUG 25468 --- [nio-8397-exec-7] org.hibernate.SQL                        : insert into user_roles (user_id, role_id) values (?, ?)
2019-10-17 02:33:17.895  INFO 25468 --- [io-8397-exec-10] com.ssafy.edu.controller.AuthController  : 1-------------authenticateUser-----------------------------LoginRequest [usernameOrEmail=vvvvvv, password=vvvvvv]
2019-10-17 02:33:18.110 DEBUG 25468 --- [io-8397-exec-10] org.hibernate.SQL                        : select memberuser0_.id as id1_2_, memberuser0_.created_at as created_2_2_, memberuser0_.updated_at as updated_3_2_, memberuser0_.email as email4_2_, memberuser0_.name as name5_2_, memberuser0_.password as password6_2_, memberuser0_.username as username7_2_ from users memberuser0_ where memberuser0_.username=? or memberuser0_.email=?
2019-10-17 02:33:18.231 ERROR 25468 --- [io-8397-exec-10] c.s.e.s.JwtAuthenticationEntryPoint      : Responding with unauthorized error. Message - Bad credentials
2019-10-17 02:33:28.077  INFO 25468 --- [nio-8397-exec-1] com.ssafy.edu.controller.AuthController  : 1-------------authenticateUser-----------------------------LoginRequest [usernameOrEmail=aaaaaa, password=aaaaaa]
2019-10-17 02:33:28.079 DEBUG 25468 --- [nio-8397-exec-1] org.hibernate.SQL                        : select memberuser0_.id as id1_2_, memberuser0_.created_at as created_2_2_, memberuser0_.updated_at as updated_3_2_, memberuser0_.email as email4_2_, memberuser0_.name as name5_2_, memberuser0_.password as password6_2_, memberuser0_.username as username7_2_ from users memberuser0_ where memberuser0_.username=? or memberuser0_.email=?
2019-10-17 02:33:28.097 DEBUG 25468 --- [nio-8397-exec-1] org.hibernate.SQL                        : select roles0_.user_id as user_id1_1_0_, roles0_.role_id as role_id2_1_0_, role1_.id as id1_0_1_, role1_.name as name2_0_1_ from user_roles roles0_ inner join roles role1_ on roles0_.role_id=role1_.id where roles0_.user_id=?
2019-10-17 02:33:31.387 DEBUG 25468 --- [nio-8397-exec-2] org.hibernate.SQL                        : select memberuser0_.id as id1_2_, memberuser0_.created_at as created_2_2_, memberuser0_.updated_at as updated_3_2_, memberuser0_.email as email4_2_, memberuser0_.name as name5_2_, memberuser0_.password as password6_2_, memberuser0_.username as username7_2_ from users memberuser0_ where memberuser0_.username=?
2019-10-17 02:39:19.320  INFO 25468 --- [nio-8397-exec-4] com.ssafy.edu.controller.AuthController  : 1-------------authenticateUser-----------------------------LoginRequest [usernameOrEmail=vvvvvv, password=vvvvvv]
2019-10-17 02:39:19.324 DEBUG 25468 --- [nio-8397-exec-4] org.hibernate.SQL                        : select memberuser0_.id as id1_2_, memberuser0_.created_at as created_2_2_, memberuser0_.updated_at as updated_3_2_, memberuser0_.email as email4_2_, memberuser0_.name as name5_2_, memberuser0_.password as password6_2_, memberuser0_.username as username7_2_ from users memberuser0_ where memberuser0_.username=? or memberuser0_.email=?
2019-10-17 02:39:19.431 ERROR 25468 --- [nio-8397-exec-4] c.s.e.s.JwtAuthenticationEntryPoint      : Responding with unauthorized error. Message - Bad credentials
2019-10-17 02:39:23.889  INFO 25468 --- [nio-8397-exec-5] com.ssafy.edu.controller.AuthController  : 1-------------authenticateUser-----------------------------LoginRequest [usernameOrEmail=vvvvvv, password=vvvvvv]
2019-10-17 02:39:23.892 DEBUG 25468 --- [nio-8397-exec-5] org.hibernate.SQL                        : select memberuser0_.id as id1_2_, memberuser0_.created_at as created_2_2_, memberuser0_.updated_at as updated_3_2_, memberuser0_.email as email4_2_, memberuser0_.name as name5_2_, memberuser0_.password as password6_2_, memberuser0_.username as username7_2_ from users memberuser0_ where memberuser0_.username=? or memberuser0_.email=?
2019-10-17 02:39:23.990 ERROR 25468 --- [nio-8397-exec-5] c.s.e.s.JwtAuthenticationEntryPoint      : Responding with unauthorized error. Message - Bad credentials
2019-10-17 02:39:31.624  INFO 25468 --- [nio-8397-exec-6] com.ssafy.edu.controller.AuthController  : 1-------------authenticateUser-----------------------------LoginRequest [usernameOrEmail=aaaaaa, password=aaaaaa]
2019-10-17 02:39:31.626 DEBUG 25468 --- [nio-8397-exec-6] org.hibernate.SQL                        : select memberuser0_.id as id1_2_, memberuser0_.created_at as created_2_2_, memberuser0_.updated_at as updated_3_2_, memberuser0_.email as email4_2_, memberuser0_.name as name5_2_, memberuser0_.password as password6_2_, memberuser0_.username as username7_2_ from users memberuser0_ where memberuser0_.username=? or memberuser0_.email=?
2019-10-17 02:39:31.628 DEBUG 25468 --- [nio-8397-exec-6] org.hibernate.SQL                        : select roles0_.user_id as user_id1_1_0_, roles0_.role_id as role_id2_1_0_, role1_.id as id1_0_1_, role1_.name as name2_0_1_ from user_roles roles0_ inner join roles role1_ on roles0_.role_id=role1_.id where roles0_.user_id=?
2019-10-17 02:39:33.036 DEBUG 25468 --- [nio-8397-exec-7] org.hibernate.SQL                        : select memberuser0_.id as id1_2_, memberuser0_.created_at as created_2_2_, memberuser0_.updated_at as updated_3_2_, memberuser0_.email as email4_2_, memberuser0_.name as name5_2_, memberuser0_.password as password6_2_, memberuser0_.username as username7_2_ from users memberuser0_ where memberuser0_.username=?
2019-10-17 02:39:42.617  INFO 25468 --- [nio-8397-exec-8] com.ssafy.edu.controller.AuthController  : 1-------------authenticateUser-----------------------------LoginRequest [usernameOrEmail=vvvvvvv, password=vvvvvvv]
2019-10-17 02:39:42.618 DEBUG 25468 --- [nio-8397-exec-8] org.hibernate.SQL                        : select memberuser0_.id as id1_2_, memberuser0_.created_at as created_2_2_, memberuser0_.updated_at as updated_3_2_, memberuser0_.email as email4_2_, memberuser0_.name as name5_2_, memberuser0_.password as password6_2_, memberuser0_.username as username7_2_ from users memberuser0_ where memberuser0_.username=? or memberuser0_.email=?
2019-10-17 02:39:42.713 ERROR 25468 --- [nio-8397-exec-8] c.s.e.s.JwtAuthenticationEntryPoint      : Responding with unauthorized error. Message - Bad credentials
2019-10-17 02:39:49.310  INFO 25468 --- [nio-8397-exec-9] com.ssafy.edu.controller.AuthController  : 1-------------authenticateUser-----------------------------LoginRequest [usernameOrEmail=vvvvvv, password=vvvvv]
2019-10-17 02:39:49.312 DEBUG 25468 --- [nio-8397-exec-9] org.hibernate.SQL                        : select memberuser0_.id as id1_2_, memberuser0_.created_at as created_2_2_, memberuser0_.updated_at as updated_3_2_, memberuser0_.email as email4_2_, memberuser0_.name as name5_2_, memberuser0_.password as password6_2_, memberuser0_.username as username7_2_ from users memberuser0_ where memberuser0_.username=? or memberuser0_.email=?
2019-10-17 02:39:49.415 ERROR 25468 --- [nio-8397-exec-9] c.s.e.s.JwtAuthenticationEntryPoint      : Responding with unauthorized error. Message - Bad credentials
2019-10-17 02:40:45.166  INFO 25468 --- [io-8397-exec-10] com.ssafy.edu.controller.AuthController  : 1-------------authenticateUser-----------------------------LoginRequest [usernameOrEmail=aaaaaa, password=aaaaaa]
2019-10-17 02:40:45.169 DEBUG 25468 --- [io-8397-exec-10] org.hibernate.SQL                        : select memberuser0_.id as id1_2_, memberuser0_.created_at as created_2_2_, memberuser0_.updated_at as updated_3_2_, memberuser0_.email as email4_2_, memberuser0_.name as name5_2_, memberuser0_.password as password6_2_, memberuser0_.username as username7_2_ from users memberuser0_ where memberuser0_.username=? or memberuser0_.email=?
2019-10-17 02:40:45.172 DEBUG 25468 --- [io-8397-exec-10] org.hibernate.SQL                        : select roles0_.user_id as user_id1_1_0_, roles0_.role_id as role_id2_1_0_, role1_.id as id1_0_1_, role1_.name as name2_0_1_ from user_roles roles0_ inner join roles role1_ on roles0_.role_id=role1_.id where roles0_.user_id=?
2019-10-17 02:40:46.749 DEBUG 25468 --- [nio-8397-exec-1] org.hibernate.SQL                        : select memberuser0_.id as id1_2_, memberuser0_.created_at as created_2_2_, memberuser0_.updated_at as updated_3_2_, memberuser0_.email as email4_2_, memberuser0_.name as name5_2_, memberuser0_.password as password6_2_, memberuser0_.username as username7_2_ from users memberuser0_ where memberuser0_.username=?
2019-10-17 02:44:53.063  INFO 25468 --- [nio-8397-exec-3] com.ssafy.edu.controller.AuthController  : 1-------------authenticateUser-----------------------------LoginRequest [usernameOrEmail=aaaaaa, password=aaaaaa]
2019-10-17 02:44:53.066 DEBUG 25468 --- [nio-8397-exec-3] org.hibernate.SQL                        : select memberuser0_.id as id1_2_, memberuser0_.created_at as created_2_2_, memberuser0_.updated_at as updated_3_2_, memberuser0_.email as email4_2_, memberuser0_.name as name5_2_, memberuser0_.password as password6_2_, memberuser0_.username as username7_2_ from users memberuser0_ where memberuser0_.username=? or memberuser0_.email=?
2019-10-17 02:44:53.068 DEBUG 25468 --- [nio-8397-exec-3] org.hibernate.SQL                        : select roles0_.user_id as user_id1_1_0_, roles0_.role_id as role_id2_1_0_, role1_.id as id1_0_1_, role1_.name as name2_0_1_ from user_roles roles0_ inner join roles role1_ on roles0_.role_id=role1_.id where roles0_.user_id=?
2019-10-17 02:44:54.670 DEBUG 25468 --- [nio-8397-exec-4] org.hibernate.SQL                        : select memberuser0_.id as id1_2_, memberuser0_.created_at as created_2_2_, memberuser0_.updated_at as updated_3_2_, memberuser0_.email as email4_2_, memberuser0_.name as name5_2_, memberuser0_.password as password6_2_, memberuser0_.username as username7_2_ from users memberuser0_ where memberuser0_.username=?
2019-10-17 02:52:30.083  INFO 25468 --- [nio-8397-exec-7] com.ssafy.edu.controller.AuthController  : 1-------------authenticateUser-----------------------------LoginRequest [usernameOrEmail=aaaaaa, password=aaaaaa]
2019-10-17 02:52:30.097 DEBUG 25468 --- [nio-8397-exec-7] org.hibernate.SQL                        : select memberuser0_.id as id1_2_, memberuser0_.created_at as created_2_2_, memberuser0_.updated_at as updated_3_2_, memberuser0_.email as email4_2_, memberuser0_.name as name5_2_, memberuser0_.password as password6_2_, memberuser0_.username as username7_2_ from users memberuser0_ where memberuser0_.username=? or memberuser0_.email=?
2019-10-17 02:52:30.099 DEBUG 25468 --- [nio-8397-exec-7] org.hibernate.SQL                        : select roles0_.user_id as user_id1_1_0_, roles0_.role_id as role_id2_1_0_, role1_.id as id1_0_1_, role1_.name as name2_0_1_ from user_roles roles0_ inner join roles role1_ on roles0_.role_id=role1_.id where roles0_.user_id=?
2019-10-17 02:52:31.353 DEBUG 25468 --- [nio-8397-exec-8] org.hibernate.SQL                        : select memberuser0_.id as id1_2_, memberuser0_.created_at as created_2_2_, memberuser0_.updated_at as updated_3_2_, memberuser0_.email as email4_2_, memberuser0_.name as name5_2_, memberuser0_.password as password6_2_, memberuser0_.username as username7_2_ from users memberuser0_ where memberuser0_.username=?
2019-10-17 08:52:45.624  WARN 25468 --- [l-1 housekeeper] com.zaxxer.hikari.pool.HikariPool        : HikariPool-1 - Thread starvation or clock leap detected (housekeeper delta=4h43m56s2ms500µs500ns).
2019-10-17 21:47:34.388  WARN 25468 --- [l-1 housekeeper] com.zaxxer.hikari.pool.HikariPool        : HikariPool-1 - Thread starvation or clock leap detected (housekeeper delta=1h44m39s867ms357µs900ns).
2019-10-17 22:06:18.563  INFO 25468 --- [io-8397-exec-10] com.ssafy.edu.controller.AuthController  : 1-------------authenticateUser-----------------------------LoginRequest [usernameOrEmail=aaaaaa, password=aaaaaa]
2019-10-17 22:06:18.666 DEBUG 25468 --- [io-8397-exec-10] org.hibernate.SQL                        : select memberuser0_.id as id1_2_, memberuser0_.created_at as created_2_2_, memberuser0_.updated_at as updated_3_2_, memberuser0_.email as email4_2_, memberuser0_.name as name5_2_, memberuser0_.password as password6_2_, memberuser0_.username as username7_2_ from users memberuser0_ where memberuser0_.username=? or memberuser0_.email=?
2019-10-17 22:06:18.720 DEBUG 25468 --- [io-8397-exec-10] org.hibernate.SQL                        : select roles0_.user_id as user_id1_1_0_, roles0_.role_id as role_id2_1_0_, role1_.id as id1_0_1_, role1_.name as name2_0_1_ from user_roles roles0_ inner join roles role1_ on roles0_.role_id=role1_.id where roles0_.user_id=?
2019-10-17 22:06:20.172 DEBUG 25468 --- [nio-8397-exec-1] org.hibernate.SQL                        : select memberuser0_.id as id1_2_, memberuser0_.created_at as created_2_2_, memberuser0_.updated_at as updated_3_2_, memberuser0_.email as email4_2_, memberuser0_.name as name5_2_, memberuser0_.password as password6_2_, memberuser0_.username as username7_2_ from users memberuser0_ where memberuser0_.username=?
2019-10-18 04:48:18.715  INFO 15344 --- [           main] com.ssafy.edu.LoginApplication           : Starting LoginApplication on choco with PID 15344 (C:\Users\choco\jsp-workspace\login\target\classes started by choco in C:\Users\choco\jsp-workspace\login)
2019-10-18 04:48:18.846  INFO 15344 --- [           main] com.ssafy.edu.LoginApplication           : No active profile set, falling back to default profiles: default
2019-10-18 04:48:19.038  INFO 15344 --- [           main] ConfigServletWebServerApplicationContext : Refreshing org.springframework.boot.web.servlet.context.AnnotationConfigServletWebServerApplicationContext@4cc451f2: startup date [Fri Oct 18 04:48:19 KST 2019]; root of context hierarchy
2019-10-18 04:48:37.204  INFO 9712 --- [           main] com.ssafy.edu.LoginApplication           : Starting LoginApplication on choco with PID 9712 (C:\Users\choco\jsp-workspace\login\target\classes started by choco in C:\Users\choco\jsp-workspace\login)
2019-10-18 04:48:37.212  INFO 9712 --- [           main] com.ssafy.edu.LoginApplication           : No active profile set, falling back to default profiles: default
2019-10-18 04:48:37.324  INFO 9712 --- [           main] ConfigServletWebServerApplicationContext : Refreshing org.springframework.boot.web.servlet.context.AnnotationConfigServletWebServerApplicationContext@67d48005: startup date [Fri Oct 18 04:48:37 KST 2019]; root of context hierarchy
2019-10-18 04:48:40.340  INFO 9712 --- [           main] trationDelegate$BeanPostProcessorChecker : Bean 'org.springframework.transaction.annotation.ProxyTransactionManagementConfiguration' of type [org.springframework.transaction.annotation.ProxyTransactionManagementConfiguration$$EnhancerBySpringCGLIB$$c61e8f0c] is not eligible for getting processed by all BeanPostProcessors (for example: not eligible for auto-proxying)
2019-10-18 04:48:40.417  INFO 9712 --- [           main] trationDelegate$BeanPostProcessorChecker : Bean 'org.springframework.security.config.annotation.configuration.ObjectPostProcessorConfiguration' of type [org.springframework.security.config.annotation.configuration.ObjectPostProcessorConfiguration$$EnhancerBySpringCGLIB$$5ecc5746] is not eligible for getting processed by all BeanPostProcessors (for example: not eligible for auto-proxying)
2019-10-18 04:48:40.427  INFO 9712 --- [           main] trationDelegate$BeanPostProcessorChecker : Bean 'objectPostProcessor' of type [org.springframework.security.config.annotation.configuration.AutowireBeanFactoryObjectPostProcessor] is not eligible for getting processed by all BeanPostProcessors (for example: not eligible for auto-proxying)
2019-10-18 04:48:40.430  INFO 9712 --- [           main] trationDelegate$BeanPostProcessorChecker : Bean 'org.springframework.security.access.expression.method.DefaultMethodSecurityExpressionHandler@6f63c44f' of type [org.springframework.security.access.expression.method.DefaultMethodSecurityExpressionHandler] is not eligible for getting processed by all BeanPostProcessors (for example: not eligible for auto-proxying)
2019-10-18 04:48:40.442  INFO 9712 --- [           main] trationDelegate$BeanPostProcessorChecker : Bean 'org.springframework.security.config.annotation.method.configuration.Jsr250MetadataSourceConfiguration' of type [org.springframework.security.config.annotation.method.configuration.Jsr250MetadataSourceConfiguration$$EnhancerBySpringCGLIB$$a8f6120e] is not eligible for getting processed by all BeanPostProcessors (for example: not eligible for auto-proxying)
2019-10-18 04:48:40.450  INFO 9712 --- [           main] trationDelegate$BeanPostProcessorChecker : Bean 'jsr250MethodSecurityMetadataSource' of type [org.springframework.security.access.annotation.Jsr250MethodSecurityMetadataSource] is not eligible for getting processed by all BeanPostProcessors (for example: not eligible for auto-proxying)
2019-10-18 04:48:40.454  INFO 9712 --- [           main] trationDelegate$BeanPostProcessorChecker : Bean 'org.springframework.security.config.annotation.method.configuration.GlobalMethodSecurityConfiguration' of type [org.springframework.security.config.annotation.method.configuration.GlobalMethodSecurityConfiguration$$EnhancerBySpringCGLIB$$83a0f9f8] is not eligible for getting processed by all BeanPostProcessors (for example: not eligible for auto-proxying)
2019-10-18 04:48:40.470  INFO 9712 --- [           main] trationDelegate$BeanPostProcessorChecker : Bean 'methodSecurityMetadataSource' of type [org.springframework.security.access.method.DelegatingMethodSecurityMetadataSource] is not eligible for getting processed by all BeanPostProcessors (for example: not eligible for auto-proxying)
2019-10-18 04:48:41.849  INFO 9712 --- [           main] o.s.b.w.embedded.tomcat.TomcatWebServer  : Tomcat initialized with port(s): 8397 (http)
2019-10-18 04:48:41.905  INFO 9712 --- [           main] o.a.coyote.http11.Http11NioProtocol      : Initializing ProtocolHandler ["http-nio-8397"]
2019-10-18 04:48:41.965  INFO 9712 --- [           main] o.apache.catalina.core.StandardService   : Starting service [Tomcat]
2019-10-18 04:48:41.965  INFO 9712 --- [           main] org.apache.catalina.core.StandardEngine  : Starting Servlet Engine: Apache Tomcat/8.5.34
2019-10-18 04:48:42.009  INFO 9712 --- [ost-startStop-1] o.a.catalina.core.AprLifecycleListener   : The APR based Apache Tomcat Native library which allows optimal performance in production environments was not found on the java.library.path: [D:\java\jdk1.8.0_152\bin;C:\WINDOWS\Sun\Java\bin;C:\WINDOWS\system32;C:\WINDOWS;d:/Java/jdk1.8.0_152/bin/../jre/bin/server;d:/Java/jdk1.8.0_152/bin/../jre/bin;d:/Java/jdk1.8.0_152/bin/../jre/lib/amd64;d:\Java\jdk1.8.0_152\bin;D:\oraclexe\app\oracle\product\11.2.0\server\bin;d:\Git\cmd;C:\Program Files (x86)\Intel\iCLS Client\;C:\Program Files\Intel\iCLS Client\;C:\ProgramData\Oracle\Java\javapath;C:\windows\system32;C:\windows;C:\windows\System32\Wbem;C:\windows\System32\WindowsPowerShell\v1.0\;C:\Program Files (x86)\NVIDIA Corporation\PhysX\Common;C:\Program Files (x86)\Intel\Intel(R) Management Engine Components\DAL;C:\Program Files\Intel\Intel(R) Management Engine Components\DAL;C:\Program Files (x86)\Intel\Intel(R) Management Engine Components\IPT;C:\Program Files\Intel\Intel(R) Management Engine Components\IPT;C:\Program Files\Samsung\SamsungLink\AllShare Framework DMS\bin\;C:\WINDOWS\system32;C:\WINDOWS;C:\WINDOWS\System32\Wbem;C:\WINDOWS\System32\WindowsPowerShell\v1.0\;C:\WINDOWS\System32\OpenSSH\;C:\Program Files\Intel\WiFi\bin\;C:\Program Files\Common Files\Intel\WirelessCommon\;C:\Program Files\Microsoft VS Code\bin;D:\Yarn\bin\;C:\nodejs\;C:\Users\choco\AppData\Local\Microsoft\WindowsApps;C:\Users\choco\AppData\Local\GitHubDesktop\bin;C:\Users\choco\AppData\Local\Microsoft\WindowsApps;d:\MicrosoftVSCode\bin;C:\Users\choco\AppData\Local\Yarn\bin;C:\Users\choco\AppData\Roaming\npm;;C:\Users\choco\Desktop;;.]
2019-10-18 04:48:42.933  INFO 9712 --- [ost-startStop-1] o.a.c.c.C.[Tomcat].[localhost].[/]       : Initializing Spring embedded WebApplicationContext
2019-10-18 04:48:42.934  INFO 9712 --- [ost-startStop-1] o.s.web.context.ContextLoader            : Root WebApplicationContext: initialization completed in 5610 ms
2019-10-18 04:48:44.230  INFO 9712 --- [ost-startStop-1] com.zaxxer.hikari.HikariDataSource       : HikariPool-1 - Starting...
2019-10-18 04:48:44.892  INFO 9712 --- [ost-startStop-1] com.zaxxer.hikari.HikariDataSource       : HikariPool-1 - Start completed.
2019-10-18 04:48:45.325  INFO 9712 --- [ost-startStop-1] j.LocalContainerEntityManagerFactoryBean : Building JPA container EntityManagerFactory for persistence unit 'default'
2019-10-18 04:48:45.407  INFO 9712 --- [ost-startStop-1] o.hibernate.jpa.internal.util.LogHelper  : HHH000204: Processing PersistenceUnitInfo [
	name: default
	...]
2019-10-18 04:48:45.590  INFO 9712 --- [ost-startStop-1] org.hibernate.Version                    : HHH000412: Hibernate Core {5.2.17.Final}
2019-10-18 04:48:45.593  INFO 9712 --- [ost-startStop-1] org.hibernate.cfg.Environment            : HHH000206: hibernate.properties not found
2019-10-18 04:48:45.735  INFO 9712 --- [ost-startStop-1] o.hibernate.annotations.common.Version   : HCANN000001: Hibernate Commons Annotations {5.0.1.Final}
2019-10-18 04:48:46.083  INFO 9712 --- [ost-startStop-1] org.hibernate.dialect.Dialect            : HHH000400: Using dialect: org.hibernate.dialect.MySQL5InnoDBDialect
2019-10-18 04:48:47.258  INFO 9712 --- [ost-startStop-1] j.LocalContainerEntityManagerFactoryBean : Initialized JPA EntityManagerFactory for persistence unit 'default'
2019-10-18 04:48:48.858  INFO 9712 --- [ost-startStop-1] o.s.b.w.servlet.FilterRegistrationBean   : Mapping filter: 'characterEncodingFilter' to: [/*]
2019-10-18 04:48:48.859  INFO 9712 --- [ost-startStop-1] o.s.b.w.servlet.FilterRegistrationBean   : Mapping filter: 'hiddenHttpMethodFilter' to: [/*]
2019-10-18 04:48:48.859  INFO 9712 --- [ost-startStop-1] o.s.b.w.servlet.FilterRegistrationBean   : Mapping filter: 'httpPutFormContentFilter' to: [/*]
2019-10-18 04:48:48.860  INFO 9712 --- [ost-startStop-1] o.s.b.w.servlet.FilterRegistrationBean   : Mapping filter: 'requestContextFilter' to: [/*]
2019-10-18 04:48:48.860  INFO 9712 --- [ost-startStop-1] .s.DelegatingFilterProxyRegistrationBean : Mapping filter: 'springSecurityFilterChain' to: [/*]
2019-10-18 04:48:48.860  INFO 9712 --- [ost-startStop-1] o.s.b.w.servlet.FilterRegistrationBean   : Mapping filter: 'jwtAuthenticationFilter' to: [/*]
2019-10-18 04:48:48.861  INFO 9712 --- [ost-startStop-1] o.s.b.w.servlet.ServletRegistrationBean  : Servlet dispatcherServlet mapped to [/]
2019-10-18 04:48:50.604  INFO 9712 --- [           main] o.s.w.s.handler.SimpleUrlHandlerMapping  : Mapped URL path [/**/favicon.ico] onto handler of type [class org.springframework.web.servlet.resource.ResourceHttpRequestHandler]
2019-10-18 04:48:50.639  WARN 9712 --- [           main] aWebConfiguration$JpaWebMvcConfiguration : spring.jpa.open-in-view is enabled by default. Therefore, database queries may be performed during view rendering. Explicitly configure spring.jpa.open-in-view to disable this warning
2019-10-18 04:48:50.800  INFO 9712 --- [           main] s.w.s.m.m.a.RequestMappingHandlerMapping : Mapped "{[/api/auth/signup],methods=[POST]}" onto public org.springframework.http.ResponseEntity<?> com.ssafy.edu.controller.AuthController.registerUser(com.ssafy.edu.help.SignUpRequest)
2019-10-18 04:48:50.803  INFO 9712 --- [           main] s.w.s.m.m.a.RequestMappingHandlerMapping : Mapped "{[/api/auth/signin],methods=[POST]}" onto public org.springframework.http.ResponseEntity<?> com.ssafy.edu.controller.AuthController.authenticateUser(com.ssafy.edu.help.LoginRequest)
2019-10-18 04:48:50.805  INFO 9712 --- [           main] s.w.s.m.m.a.RequestMappingHandlerMapping : Mapped "{[/api/user/checkUsernameAvailability],methods=[GET]}" onto public com.ssafy.edu.help.UserIdentityAvailability com.ssafy.edu.controller.UserController.checkUsernameAvailability(java.lang.String)
2019-10-18 04:48:50.805  INFO 9712 --- [           main] s.w.s.m.m.a.RequestMappingHandlerMapping : Mapped "{[/api/user/checkEmailAvailability],methods=[GET]}" onto public com.ssafy.edu.help.UserIdentityAvailability com.ssafy.edu.controller.UserController.checkEmailAvailability(java.lang.String)
2019-10-18 04:48:50.812  INFO 9712 --- [           main] s.w.s.m.m.a.RequestMappingHandlerMapping : Mapped "{[/api/users/{username}],methods=[GET]}" onto public com.ssafy.edu.help.UserProfile com.ssafy.edu.controller.UserController.getUserProfile(java.lang.String)
2019-10-18 04:48:50.820  INFO 9712 --- [           main] s.w.s.m.m.a.RequestMappingHandlerMapping : Mapped "{[/error]}" onto public org.springframework.http.ResponseEntity<java.util.Map<java.lang.String, java.lang.Object>> org.springframework.boot.autoconfigure.web.servlet.error.BasicErrorController.error(javax.servlet.http.HttpServletRequest)
2019-10-18 04:48:50.821  INFO 9712 --- [           main] s.w.s.m.m.a.RequestMappingHandlerMapping : Mapped "{[/error],produces=[text/html]}" onto public org.springframework.web.servlet.ModelAndView org.springframework.boot.autoconfigure.web.servlet.error.BasicErrorController.errorHtml(javax.servlet.http.HttpServletRequest,javax.servlet.http.HttpServletResponse)
2019-10-18 04:48:50.920  INFO 9712 --- [           main] o.s.w.s.handler.SimpleUrlHandlerMapping  : Mapped URL path [/webjars/**] onto handler of type [class org.springframework.web.servlet.resource.ResourceHttpRequestHandler]
2019-10-18 04:48:50.920  INFO 9712 --- [           main] o.s.w.s.handler.SimpleUrlHandlerMapping  : Mapped URL path [/**] onto handler of type [class org.springframework.web.servlet.resource.ResourceHttpRequestHandler]
2019-10-18 04:48:51.034  INFO 9712 --- [           main] o.s.s.web.DefaultSecurityFilterChain     : Creating filter chain: org.springframework.security.web.util.matcher.AnyRequestMatcher@1, [org.springframework.security.web.context.request.async.WebAsyncManagerIntegrationFilter@7aa9e414, org.springframework.security.web.context.SecurityContextPersistenceFilter@e3994ef, org.springframework.security.web.header.HeaderWriterFilter@69e49a81, org.springframework.web.filter.CorsFilter@53a5e217, org.springframework.security.web.authentication.logout.LogoutFilter@7b4acdc2, com.ssafy.edu.security.JwtAuthenticationFilter@13c8a400, org.springframework.security.web.savedrequest.RequestCacheAwareFilter@2f04105, org.springframework.security.web.servletapi.SecurityContextHolderAwareRequestFilter@418c020b, org.springframework.security.web.authentication.AnonymousAuthenticationFilter@624a24f6, org.springframework.security.web.session.SessionManagementFilter@21f8e55f, org.springframework.security.web.access.ExceptionTranslationFilter@7de843ef, org.springframework.security.web.access.intercept.FilterSecurityInterceptor@11d4dbd6]
2019-10-18 04:48:52.616  INFO 9712 --- [           main] s.w.s.m.m.a.RequestMappingHandlerAdapter : Looking for @ControllerAdvice: org.springframework.boot.web.servlet.context.AnnotationConfigServletWebServerApplicationContext@67d48005: startup date [Thu Oct 17 19:48:37 UTC 2019]; root of context hierarchy
2019-10-18 04:48:53.197  INFO 9712 --- [           main] o.s.j.e.a.AnnotationMBeanExporter        : Registering beans for JMX exposure on startup
2019-10-18 04:48:53.199  INFO 9712 --- [           main] o.s.j.e.a.AnnotationMBeanExporter        : Bean with name 'dataSource' has been autodetected for JMX exposure
2019-10-18 04:48:53.209  INFO 9712 --- [           main] o.s.j.e.a.AnnotationMBeanExporter        : Located MBean 'dataSource': registering with JMX server as MBean [com.zaxxer.hikari:name=dataSource,type=HikariDataSource]
2019-10-18 04:48:53.226  INFO 9712 --- [           main] o.a.coyote.http11.Http11NioProtocol      : Starting ProtocolHandler ["http-nio-8397"]
2019-10-18 04:48:53.496  INFO 9712 --- [           main] o.a.tomcat.util.net.NioSelectorPool      : Using a shared selector for servlet write/read
2019-10-18 04:48:53.519  INFO 9712 --- [           main] o.s.b.w.embedded.tomcat.TomcatWebServer  : Tomcat started on port(s): 8397 (http) with context path ''
2019-10-18 04:48:53.524  INFO 9712 --- [           main] com.ssafy.edu.LoginApplication           : Started LoginApplication in 16.854 seconds (JVM running for 17.785)
2019-10-18 04:50:59.315  INFO 9712 --- [nio-8397-exec-1] o.a.c.c.C.[Tomcat].[localhost].[/]       : Initializing Spring FrameworkServlet 'dispatcherServlet'
2019-10-18 04:50:59.315  INFO 9712 --- [nio-8397-exec-1] o.s.web.servlet.DispatcherServlet        : FrameworkServlet 'dispatcherServlet': initialization started
2019-10-18 04:50:59.360  INFO 9712 --- [nio-8397-exec-1] o.s.web.servlet.DispatcherServlet        : FrameworkServlet 'dispatcherServlet': initialization completed in 45 ms
2019-10-18 04:51:00.383  INFO 9712 --- [nio-8397-exec-3] com.ssafy.edu.controller.AuthController  : 1-------------authenticateUser-----------------------------LoginRequest [usernameOrEmail=aaaaaa, password=aaaaaa]
2019-10-18 04:51:00.822  INFO 9712 --- [nio-8397-exec-3] o.h.h.i.QueryTranslatorFactoryInitiator  : HHH000397: Using ASTQueryTranslatorFactory
2019-10-18 04:51:01.298 DEBUG 9712 --- [nio-8397-exec-3] org.hibernate.SQL                        : select memberuser0_.id as id1_2_, memberuser0_.created_at as created_2_2_, memberuser0_.updated_at as updated_3_2_, memberuser0_.email as email4_2_, memberuser0_.name as name5_2_, memberuser0_.password as password6_2_, memberuser0_.username as username7_2_ from users memberuser0_ where memberuser0_.username=? or memberuser0_.email=?
2019-10-18 04:51:01.492 DEBUG 9712 --- [nio-8397-exec-3] org.hibernate.SQL                        : select roles0_.user_id as user_id1_1_0_, roles0_.role_id as role_id2_1_0_, role1_.id as id1_0_1_, role1_.name as name2_0_1_ from user_roles roles0_ inner join roles role1_ on roles0_.role_id=role1_.id where roles0_.user_id=?
2019-10-18 04:51:09.935 DEBUG 9712 --- [nio-8397-exec-2] org.hibernate.SQL                        : select memberuser0_.id as id1_2_, memberuser0_.created_at as created_2_2_, memberuser0_.updated_at as updated_3_2_, memberuser0_.email as email4_2_, memberuser0_.name as name5_2_, memberuser0_.password as password6_2_, memberuser0_.username as username7_2_ from users memberuser0_ where memberuser0_.username=?
