2019-10-12 00:46:31.294  WARN 6172 --- [l-2 housekeeper] com.zaxxer.hikari.pool.HikariPool        : HikariPool-2 - Thread starvation or clock leap detected (housekeeper delta=4h49m5s77ms689µs300ns).
2019-10-12 02:57:36.584  INFO 6172 --- [nio-8197-exec-4] c.s.e.vue.controller.EmployeeController  : 1-------------findEmployeesByManagerId-----------------------------Sat Oct 12 02:57:36 KST 2019
2019-10-12 02:57:36.586  INFO 6172 --- [nio-8197-exec-6] c.s.e.vue.controller.EmployeeController  : 1-------------findEmployeeById-----------------------------Sat Oct 12 02:57:36 KST 2019
2019-10-12 02:57:41.988  INFO 6172 --- [nio-8197-exec-8] c.s.e.vue.controller.EmployeeController  : 1-------------findEmployeeById-----------------------------Sat Oct 12 02:57:41 KST 2019
2019-10-12 02:57:41.988  INFO 6172 --- [nio-8197-exec-3] c.s.e.vue.controller.EmployeeController  : 1-------------findEmployeesByManagerId-----------------------------Sat Oct 12 02:57:41 KST 2019
2019-10-12 02:57:47.212  INFO 6172 --- [nio-8197-exec-1] c.s.e.vue.controller.EmployeeController  : 1-------------findAllEmployees-----------------------------Sat Oct 12 02:57:47 KST 2019
2019-10-12 02:57:53.812  INFO 6172 --- [nio-8197-exec-7] c.s.e.vue.controller.EmployeeController  : 1-------------findEmployeeById-----------------------------Sat Oct 12 02:57:53 KST 2019
2019-10-12 02:57:53.850  INFO 6172 --- [nio-8197-exec-5] c.s.e.vue.controller.EmployeeController  : 1-------------findEmployeesByManagerId-----------------------------Sat Oct 12 02:57:53 KST 2019
2019-10-12 02:58:01.914  INFO 6172 --- [nio-8197-exec-9] c.s.e.vue.controller.EmployeeController  : 1-------------findAllEmployees-----------------------------Sat Oct 12 02:58:01 KST 2019
2019-10-12 02:58:02.783  INFO 6172 --- [nio-8197-exec-2] c.s.e.vue.controller.EmployeeController  : 1-------------findAllEmployees-----------------------------Sat Oct 12 02:58:02 KST 2019
2019-10-12 02:58:02.795  INFO 6172 --- [nio-8197-exec-6] c.s.e.vue.controller.EmployeeController  : 6-------------findAllTitles-----------------------------Sat Oct 12 02:58:02 KST 2019
2019-10-12 02:58:02.795  INFO 6172 --- [io-8197-exec-10] c.s.e.vue.controller.EmployeeController  : 4-------------findAllDepartments-----------------------------Sat Oct 12 02:58:02 KST 2019
2019-10-12 02:58:04.015  INFO 6172 --- [nio-8197-exec-4] c.s.e.vue.controller.EmployeeController  : 1-------------findAllEmployees-----------------------------Sat Oct 12 02:58:04 KST 2019
2019-10-12 02:58:04.448  INFO 6172 --- [nio-8197-exec-3] c.s.e.vue.controller.EmployeeController  : 1-------------findAllDepCounts-----------------------------Sat Oct 12 02:58:04 KST 2019
2019-10-12 02:58:05.182  INFO 6172 --- [nio-8197-exec-8] c.s.e.vue.controller.EmployeeController  : 1-------------findAllEmployees-----------------------------Sat Oct 12 02:58:05 KST 2019
2019-10-12 02:58:05.962  INFO 6172 --- [nio-8197-exec-1] c.s.e.vue.controller.EmployeeController  : 1-------------findAllDepCounts-----------------------------Sat Oct 12 02:58:05 KST 2019
2019-10-12 02:58:06.489  INFO 6172 --- [nio-8197-exec-7] c.s.e.vue.controller.EmployeeController  : 1-------------findDepartmentsBydeptid-----------------------------Sat Oct 12 02:58:06 KST 2019
2019-10-12 02:58:06.535  INFO 6172 --- [nio-8197-exec-5] c.s.e.vue.controller.EmployeeController  : 1-------------findDepartmentsBydeptid-----------------------------Sat Oct 12 02:58:06 KST 2019
2019-10-12 02:58:06.607  INFO 6172 --- [nio-8197-exec-9] c.s.e.vue.controller.EmployeeController  : 1-------------findDepartmentsBydeptid-----------------------------Sat Oct 12 02:58:06 KST 2019
2019-10-12 02:58:06.698  INFO 6172 --- [nio-8197-exec-2] c.s.e.vue.controller.EmployeeController  : 1-------------findDepartmentsBydeptid-----------------------------Sat Oct 12 02:58:06 KST 2019
2019-10-12 02:58:06.751  INFO 6172 --- [nio-8197-exec-6] c.s.e.vue.controller.EmployeeController  : 1-------------findDepartmentsBydeptid-----------------------------Sat Oct 12 02:58:06 KST 2019
2019-10-12 02:58:06.842  INFO 6172 --- [io-8197-exec-10] c.s.e.vue.controller.EmployeeController  : 1-------------findDepartmentsBydeptid-----------------------------Sat Oct 12 02:58:06 KST 2019
2019-10-12 02:58:06.899  INFO 6172 --- [nio-8197-exec-4] c.s.e.vue.controller.EmployeeController  : 1-------------findDepartmentsBydeptid-----------------------------Sat Oct 12 02:58:06 KST 2019
2019-10-12 02:58:07.000  INFO 6172 --- [nio-8197-exec-3] c.s.e.vue.controller.EmployeeController  : 1-------------findDepartmentsBydeptid-----------------------------Sat Oct 12 02:58:07 KST 2019
2019-10-12 02:58:07.163  INFO 6172 --- [nio-8197-exec-8] c.s.e.vue.controller.EmployeeController  : 1-------------findDepartmentsBydeptid-----------------------------Sat Oct 12 02:58:07 KST 2019
2019-10-12 02:58:07.586  INFO 6172 --- [nio-8197-exec-1] c.s.e.vue.controller.EmployeeController  : 1-------------findDepartmentsBydeptid-----------------------------Sat Oct 12 02:58:07 KST 2019
2019-10-12 02:58:07.619  INFO 6172 --- [nio-8197-exec-7] c.s.e.vue.controller.EmployeeController  : 1-------------findDepartmentsBydeptid-----------------------------Sat Oct 12 02:58:07 KST 2019
2019-10-12 02:58:07.686  INFO 6172 --- [nio-8197-exec-5] c.s.e.vue.controller.EmployeeController  : 1-------------findDepartmentsBydeptid-----------------------------Sat Oct 12 02:58:07 KST 2019
2019-10-12 02:58:08.619  INFO 6172 --- [nio-8197-exec-9] c.s.e.vue.controller.EmployeeController  : 1-------------findDepartmentsBydeptid-----------------------------Sat Oct 12 02:58:08 KST 2019
2019-10-12 02:58:08.642  INFO 6172 --- [nio-8197-exec-2] c.s.e.vue.controller.EmployeeController  : 1-------------findDepartmentsBydeptid-----------------------------Sat Oct 12 02:58:08 KST 2019
2019-10-12 02:58:08.715  INFO 6172 --- [nio-8197-exec-6] c.s.e.vue.controller.EmployeeController  : 1-------------findDepartmentsBydeptid-----------------------------Sat Oct 12 02:58:08 KST 2019
2019-10-12 02:58:08.743  INFO 6172 --- [io-8197-exec-10] c.s.e.vue.controller.EmployeeController  : 1-------------findDepartmentsBydeptid-----------------------------Sat Oct 12 02:58:08 KST 2019
2019-10-12 02:58:08.757  INFO 6172 --- [nio-8197-exec-4] c.s.e.vue.controller.EmployeeController  : 1-------------findDepartmentsBydeptid-----------------------------Sat Oct 12 02:58:08 KST 2019
2019-10-12 02:58:08.921  INFO 6172 --- [nio-8197-exec-3] c.s.e.vue.controller.EmployeeController  : 1-------------findDepartmentsBydeptid-----------------------------Sat Oct 12 02:58:08 KST 2019
2019-10-12 02:58:08.952  INFO 6172 --- [nio-8197-exec-8] c.s.e.vue.controller.EmployeeController  : 1-------------findDepartmentsBydeptid-----------------------------Sat Oct 12 02:58:08 KST 2019
2019-10-12 02:58:09.017  INFO 6172 --- [nio-8197-exec-1] c.s.e.vue.controller.EmployeeController  : 1-------------findDepartmentsBydeptid-----------------------------Sat Oct 12 02:58:09 KST 2019
2019-10-12 02:58:09.040  INFO 6172 --- [nio-8197-exec-7] c.s.e.vue.controller.EmployeeController  : 1-------------findDepartmentsBydeptid-----------------------------Sat Oct 12 02:58:09 KST 2019
2019-10-12 02:58:09.071  INFO 6172 --- [nio-8197-exec-5] c.s.e.vue.controller.EmployeeController  : 1-------------findDepartmentsBydeptid-----------------------------Sat Oct 12 02:58:09 KST 2019
2019-10-12 02:58:09.090  INFO 6172 --- [nio-8197-exec-9] c.s.e.vue.controller.EmployeeController  : 1-------------findDepartmentsBydeptid-----------------------------Sat Oct 12 02:58:09 KST 2019
2019-10-12 02:58:09.681  INFO 6172 --- [nio-8197-exec-2] c.s.e.vue.controller.EmployeeController  : 1-------------findAllEmployees-----------------------------Sat Oct 12 02:58:09 KST 2019
2019-10-12 03:00:15.441  INFO 6172 --- [nio-8197-exec-6] c.s.e.vue.controller.EmployeeController  : 1-------------findAllEmployees-----------------------------Sat Oct 12 03:00:15 KST 2019
2019-10-12 09:05:01.798  WARN 6172 --- [l-2 housekeeper] com.zaxxer.hikari.pool.HikariPool        : HikariPool-2 - Thread starvation or clock leap detected (housekeeper delta=6h28s977ms852µs400ns).
2019-10-12 12:57:36.592  WARN 6172 --- [l-2 housekeeper] com.zaxxer.hikari.pool.HikariPool        : HikariPool-2 - Thread starvation or clock leap detected (housekeeper delta=3h52m40s888ms244µs600ns).
2019-10-12 12:57:58.140  INFO 6172 --- [nio-8197-exec-8] c.s.e.vue.controller.EmployeeController  : 1-------------findAllEmployees-----------------------------Sat Oct 12 12:57:58 KST 2019
2019-10-12 12:58:07.490  INFO 6172 --- [nio-8197-exec-1] c.s.e.vue.controller.EmployeeController  : 1-------------findAllEmployees-----------------------------Sat Oct 12 12:58:07 KST 2019
2019-10-12 14:12:32.253  INFO 6172 --- [nio-8197-exec-9] c.s.e.vue.controller.EmployeeController  : 1-------------findAllEmployees-----------------------------Sat Oct 12 14:12:32 KST 2019
2019-10-12 14:12:48.727  INFO 6172 --- [nio-8197-exec-6] c.s.e.vue.controller.EmployeeController  : 1-------------findAllEmployees-----------------------------Sat Oct 12 14:12:48 KST 2019
2019-10-12 14:15:45.237  INFO 6172 --- [io-8197-exec-10] c.s.e.vue.controller.EmployeeController  : 1-------------findAllEmployees-----------------------------Sat Oct 12 14:15:45 KST 2019
2019-10-12 21:07:53.140  WARN 6172 --- [l-2 housekeeper] com.zaxxer.hikari.pool.HikariPool        : HikariPool-2 - Thread starvation or clock leap detected (housekeeper delta=6h47m51s545ms460µs400ns).
2019-10-12 21:11:57.806  INFO 6172 --- [nio-8197-exec-3] c.s.e.vue.controller.EmployeeController  : 1-------------findAllEmployees-----------------------------Sat Oct 12 21:11:57 KST 2019
2019-10-12 21:12:01.205  INFO 6172 --- [nio-8197-exec-8] c.s.e.vue.controller.EmployeeController  : 1-------------findAllEmployees-----------------------------Sat Oct 12 21:12:01 KST 2019
2019-10-12 21:13:30.212  INFO 6172 --- [nio-8197-exec-7] c.s.e.vue.controller.EmployeeController  : 1-------------findAllEmployees-----------------------------Sat Oct 12 21:13:30 KST 2019
