2019-05-05 21:34:57.113  INFO 38348 --- [nio-8197-exec-9] c.s.e.vue.controller.EmployeeController  : 1-------------findAllDepCounts-----------------------------Sun May 05 21:34:57 KST 2019
2019-05-05 21:34:59.964  INFO 38348 --- [nio-8197-exec-6] c.s.e.vue.controller.EmployeeController  : 1-------------findDepartmentsBydeptid-----------------------------Sun May 05 21:34:59 KST 2019
2019-05-05 21:35:00.519  INFO 38348 --- [nio-8197-exec-3] c.s.e.vue.controller.EmployeeController  : 1-------------findDepartmentsBydeptid-----------------------------Sun May 05 21:35:00 KST 2019
2019-05-05 21:35:01.859  INFO 38348 --- [nio-8197-exec-2] c.s.e.vue.controller.EmployeeController  : 1-------------findAllDepCounts-----------------------------Sun May 05 21:35:01 KST 2019
2019-05-05 21:35:03.311  INFO 38348 --- [nio-8197-exec-7] c.s.e.vue.controller.EmployeeController  : 1-------------findAllDepCounts-----------------------------Sun May 05 21:35:03 KST 2019
2019-05-05 21:35:05.263  INFO 38348 --- [io-8197-exec-10] c.s.e.vue.controller.EmployeeController  : 1-------------findDepartmentsBydeptid-----------------------------Sun May 05 21:35:05 KST 2019
2019-05-05 21:35:05.434  INFO 38348 --- [nio-8197-exec-8] c.s.e.vue.controller.EmployeeController  : 1-------------findDepartmentsBydeptid-----------------------------Sun May 05 21:35:05 KST 2019
2019-05-05 21:35:06.133  INFO 38348 --- [nio-8197-exec-5] c.s.e.vue.controller.EmployeeController  : 1-------------findDepartmentsBydeptid-----------------------------Sun May 05 21:35:06 KST 2019
2019-05-05 21:35:06.173  INFO 38348 --- [nio-8197-exec-1] c.s.e.vue.controller.EmployeeController  : 1-------------findDepartmentsBydeptid-----------------------------Sun May 05 21:35:06 KST 2019
2019-05-05 21:35:06.234  INFO 38348 --- [nio-8197-exec-9] c.s.e.vue.controller.EmployeeController  : 1-------------findDepartmentsBydeptid-----------------------------Sun May 05 21:35:06 KST 2019
2019-05-05 21:35:06.248  INFO 38348 --- [nio-8197-exec-6] c.s.e.vue.controller.EmployeeController  : 1-------------findDepartmentsBydeptid-----------------------------Sun May 05 21:35:06 KST 2019
2019-05-05 21:35:06.597  INFO 38348 --- [nio-8197-exec-3] c.s.e.vue.controller.EmployeeController  : 1-------------findDepartmentsBydeptid-----------------------------Sun May 05 21:35:06 KST 2019
2019-05-05 21:35:07.567  INFO 38348 --- [nio-8197-exec-2] c.s.e.vue.controller.EmployeeController  : 1-------------findDepartmentsBydeptid-----------------------------Sun May 05 21:35:07 KST 2019
2019-05-05 21:35:07.592  INFO 38348 --- [nio-8197-exec-7] c.s.e.vue.controller.EmployeeController  : 1-------------findDepartmentsBydeptid-----------------------------Sun May 05 21:35:07 KST 2019
2019-05-05 21:35:07.592  INFO 38348 --- [io-8197-exec-10] c.s.e.vue.controller.EmployeeController  : 1-------------findDepartmentsBydeptid-----------------------------Sun May 05 21:35:07 KST 2019
2019-05-05 21:35:07.643  INFO 38348 --- [nio-8197-exec-8] c.s.e.vue.controller.EmployeeController  : 1-------------findDepartmentsBydeptid-----------------------------Sun May 05 21:35:07 KST 2019
2019-05-05 21:35:07.945  INFO 38348 --- [nio-8197-exec-4] c.s.e.vue.controller.EmployeeController  : 1-------------findDepartmentsBydeptid-----------------------------Sun May 05 21:35:07 KST 2019
2019-05-05 21:35:08.022  INFO 38348 --- [nio-8197-exec-5] c.s.e.vue.controller.EmployeeController  : 1-------------findDepartmentsBydeptid-----------------------------Sun May 05 21:35:08 KST 2019
2019-05-05 21:35:08.301  INFO 38348 --- [nio-8197-exec-1] c.s.e.vue.controller.EmployeeController  : 1-------------findDepartmentsBydeptid-----------------------------Sun May 05 21:35:08 KST 2019
2019-05-05 21:35:08.324  INFO 38348 --- [nio-8197-exec-9] c.s.e.vue.controller.EmployeeController  : 1-------------findDepartmentsBydeptid-----------------------------Sun May 05 21:35:08 KST 2019
2019-05-05 21:35:08.370  INFO 38348 --- [nio-8197-exec-6] c.s.e.vue.controller.EmployeeController  : 1-------------findDepartmentsBydeptid-----------------------------Sun May 05 21:35:08 KST 2019
2019-05-05 21:35:08.456  INFO 38348 --- [nio-8197-exec-3] c.s.e.vue.controller.EmployeeController  : 1-------------findDepartmentsBydeptid-----------------------------Sun May 05 21:35:08 KST 2019
2019-05-05 21:35:08.465  INFO 38348 --- [nio-8197-exec-7] c.s.e.vue.controller.EmployeeController  : 1-------------findDepartmentsBydeptid-----------------------------Sun May 05 21:35:08 KST 2019
2019-05-05 21:35:08.485  INFO 38348 --- [io-8197-exec-10] c.s.e.vue.controller.EmployeeController  : 1-------------findDepartmentsBydeptid-----------------------------Sun May 05 21:35:08 KST 2019
2019-05-05 21:35:08.627  INFO 38348 --- [nio-8197-exec-8] c.s.e.vue.controller.EmployeeController  : 1-------------findDepartmentsBydeptid-----------------------------Sun May 05 21:35:08 KST 2019
2019-05-05 21:35:08.665  INFO 38348 --- [nio-8197-exec-4] c.s.e.vue.controller.EmployeeController  : 1-------------findDepartmentsBydeptid-----------------------------Sun May 05 21:35:08 KST 2019
2019-05-05 21:35:08.688  INFO 38348 --- [nio-8197-exec-2] c.s.e.vue.controller.EmployeeController  : 1-------------findDepartmentsBydeptid-----------------------------Sun May 05 21:35:08 KST 2019
2019-05-05 21:35:08.772  INFO 38348 --- [nio-8197-exec-5] c.s.e.vue.controller.EmployeeController  : 1-------------findDepartmentsBydeptid-----------------------------Sun May 05 21:35:08 KST 2019
2019-05-05 21:35:08.814  INFO 38348 --- [nio-8197-exec-1] c.s.e.vue.controller.EmployeeController  : 1-------------findDepartmentsBydeptid-----------------------------Sun May 05 21:35:08 KST 2019
2019-05-05 21:35:09.926  INFO 38348 --- [nio-8197-exec-6] c.s.e.vue.controller.EmployeeController  : 1-------------findDepartmentsBydeptid-----------------------------Sun May 05 21:35:09 KST 2019
2019-05-05 21:35:09.954  INFO 38348 --- [nio-8197-exec-9] c.s.e.vue.controller.EmployeeController  : 1-------------findDepartmentsBydeptid-----------------------------Sun May 05 21:35:09 KST 2019
2019-05-05 21:35:10.818  INFO 38348 --- [nio-8197-exec-7] c.s.e.vue.controller.EmployeeController  : 1-------------findDepartmentsBydeptid-----------------------------Sun May 05 21:35:10 KST 2019
2019-05-05 21:35:10.845  INFO 38348 --- [nio-8197-exec-3] c.s.e.vue.controller.EmployeeController  : 1-------------findDepartmentsBydeptid-----------------------------Sun May 05 21:35:10 KST 2019
2019-05-05 21:35:11.435  INFO 38348 --- [io-8197-exec-10] c.s.e.vue.controller.EmployeeController  : 1-------------findDepartmentsBydeptid-----------------------------Sun May 05 21:35:11 KST 2019
2019-05-05 21:35:11.481  INFO 38348 --- [nio-8197-exec-8] c.s.e.vue.controller.EmployeeController  : 1-------------findDepartmentsBydeptid-----------------------------Sun May 05 21:35:11 KST 2019
2019-05-05 21:35:11.535  INFO 38348 --- [nio-8197-exec-4] c.s.e.vue.controller.EmployeeController  : 1-------------findDepartmentsBydeptid-----------------------------Sun May 05 21:35:11 KST 2019
2019-05-05 21:35:11.745  INFO 38348 --- [nio-8197-exec-2] c.s.e.vue.controller.EmployeeController  : 1-------------findDepartmentsBydeptid-----------------------------Sun May 05 21:35:11 KST 2019
2019-05-05 21:35:11.987  INFO 38348 --- [nio-8197-exec-5] c.s.e.vue.controller.EmployeeController  : 1-------------findDepartmentsBydeptid-----------------------------Sun May 05 21:35:11 KST 2019
2019-05-05 21:35:14.095  INFO 38348 --- [nio-8197-exec-1] c.s.e.vue.controller.EmployeeController  : 1-------------findAllEmployees-----------------------------Sun May 05 21:35:14 KST 2019
2019-05-05 21:35:19.929  INFO 38348 --- [nio-8197-exec-3] c.s.e.vue.controller.EmployeeController  : 1-------------findAllEmployees-----------------------------Sun May 05 21:35:19 KST 2019
2019-05-05 21:35:19.931  INFO 38348 --- [nio-8197-exec-8] c.s.e.vue.controller.EmployeeController  : 6-------------findAllTitles-----------------------------Sun May 05 21:35:19 KST 2019
2019-05-05 21:35:19.931  INFO 38348 --- [io-8197-exec-10] c.s.e.vue.controller.EmployeeController  : 4-------------findAllDepartments-----------------------------Sun May 05 21:35:19 KST 2019
