2019-04-24 21:39:25.466  INFO 40848 --- [nio-8197-exec-1] o.s.web.servlet.DispatcherServlet        : FrameworkServlet 'dispatcherServlet': initialization started
2019-04-24 21:39:43.874  INFO 40848 --- [nio-8197-exec-1] o.s.web.servlet.DispatcherServlet        : FrameworkServlet 'dispatcherServlet': initialization completed in 7527 ms
2019-04-24 21:39:49.287  INFO 40848 --- [nio-8197-exec-1] c.s.e.vue.controller.EmployeeController  : 1-------------findAllEmployees-----------------------------Wed Apr 24 21:39:49 KST 2019
2019-04-24 21:39:49.287  INFO 40848 --- [nio-8197-exec-2] c.s.e.vue.controller.EmployeeController  : 1-------------findAllEmployees-----------------------------Wed Apr 24 21:39:49 KST 2019
2019-04-24 21:39:51.588  INFO 40848 --- [nio-8197-exec-3] c.s.e.vue.controller.EmployeeController  : 1-------------findAllEmployees-----------------------------Wed Apr 24 21:39:51 KST 2019
2019-04-24 23:54:59.961  INFO 40848 --- [nio-8197-exec-9] c.s.e.vue.controller.EmployeeController  : 1-------------findAllEmployees-----------------------------Wed Apr 24 23:54:59 KST 2019
2019-04-24 23:55:01.865  INFO 40848 --- [nio-8197-exec-7] c.s.e.vue.controller.EmployeeController  : 1-------------findAllEmployees-----------------------------Wed Apr 24 23:55:01 KST 2019
2019-04-24 23:55:03.922  INFO 40848 --- [nio-8197-exec-6] c.s.e.vue.controller.EmployeeController  : 3-------------findLikeEmployees-----------------------------Wed Apr 24 23:55:03 KST 2019
2019-04-24 23:55:07.925  INFO 40848 --- [nio-8197-exec-3] c.s.e.vue.controller.EmployeeController  : 1-------------findAllEmployees-----------------------------Wed Apr 24 23:55:07 KST 2019
2019-04-24 23:55:11.235  INFO 40848 --- [nio-8197-exec-2] c.s.e.vue.controller.EmployeeController  : 1-------------findAllEmployees-----------------------------Wed Apr 24 23:55:11 KST 2019
2019-04-24 23:55:13.226  INFO 40848 --- [nio-8197-exec-1] c.s.e.vue.controller.EmployeeController  : 1-------------findAllEmployees-----------------------------Wed Apr 24 23:55:13 KST 2019
2019-04-24 23:55:14.674  INFO 40848 --- [io-8197-exec-10] c.s.e.vue.controller.EmployeeController  : 1-------------findAllEmployees-----------------------------Wed Apr 24 23:55:14 KST 2019
2019-04-24 23:55:16.904  INFO 40848 --- [nio-8197-exec-9] c.s.e.vue.controller.EmployeeController  : 3-------------findLikeEmployees-----------------------------Wed Apr 24 23:55:16 KST 2019
2019-04-24 23:55:16.941  INFO 40848 --- [nio-8197-exec-7] c.s.e.vue.controller.EmployeeController  : 3-------------findLikeEmployees-----------------------------Wed Apr 24 23:55:16 KST 2019
2019-04-24 23:55:17.123  INFO 40848 --- [nio-8197-exec-6] c.s.e.vue.controller.EmployeeController  : 3-------------findLikeEmployees-----------------------------Wed Apr 24 23:55:17 KST 2019
2019-04-24 23:55:17.940  INFO 40848 --- [nio-8197-exec-8] c.s.e.vue.controller.EmployeeController  : 3-------------findLikeEmployees-----------------------------Wed Apr 24 23:55:17 KST 2019
2019-04-24 23:55:18.123  INFO 40848 --- [nio-8197-exec-5] c.s.e.vue.controller.EmployeeController  : 3-------------findLikeEmployees-----------------------------Wed Apr 24 23:55:18 KST 2019
2019-04-24 23:55:22.515  INFO 40848 --- [io-8197-exec-10] c.s.e.vue.controller.EmployeeController  : 3-------------findLikeEmployees-----------------------------Wed Apr 24 23:55:22 KST 2019
2019-04-24 23:55:22.890  INFO 40848 --- [nio-8197-exec-9] c.s.e.vue.controller.EmployeeController  : 3-------------findLikeEmployees-----------------------------Wed Apr 24 23:55:22 KST 2019
2019-04-24 23:55:23.469  INFO 40848 --- [nio-8197-exec-7] c.s.e.vue.controller.EmployeeController  : 3-------------findLikeEmployees-----------------------------Wed Apr 24 23:55:23 KST 2019
