2019-09-30 22:40:22.751  INFO 7608 --- [  restartedMain] ConfigServletWebServerApplicationContext : Refreshing org.springframework.boot.web.servlet.context.AnnotationConfigServletWebServerApplicationContext@515f749e: startup date [Mon Sep 30 22:40:22 KST 2019]; root of context hierarchy
2019-09-30 22:40:25.575  WARN 7608 --- [  restartedMain] o.m.s.mapper.ClassPathMapperScanner      : No MyBatis mapper was found in '[com.ssafy.edu.vue]' package. Please check your configuration.
2019-09-30 22:40:26.443  INFO 7608 --- [  restartedMain] trationDelegate$BeanPostProcessorChecker : Bean 'org.springframework.transaction.annotation.ProxyTransactionManagementConfiguration' of type [org.springframework.transaction.annotation.ProxyTransactionManagementConfiguration$$EnhancerBySpringCGLIB$$d46f954] is not eligible for getting processed by all BeanPostProcessors (for example: not eligible for auto-proxying)
2019-09-30 22:40:26.510  INFO 7608 --- [  restartedMain] trationDelegate$BeanPostProcessorChecker : Bean 'org.springframework.hateoas.config.HateoasConfiguration' of type [org.springframework.hateoas.config.HateoasConfiguration$$EnhancerBySpringCGLIB$$8cc74686] is not eligible for getting processed by all BeanPostProcessors (for example: not eligible for auto-proxying)
2019-09-30 22:40:28.299  INFO 7608 --- [  restartedMain] o.s.b.w.embedded.tomcat.TomcatWebServer  : Tomcat initialized with port(s): 8197 (http)
2019-09-30 22:40:28.543  INFO 7608 --- [ost-startStop-1] o.s.web.context.ContextLoader            : Root WebApplicationContext: initialization completed in 5793 ms
2019-09-30 22:40:28.689  INFO 7608 --- [ost-startStop-1] o.s.b.w.servlet.ServletRegistrationBean  : Servlet dispatcherServlet mapped to [/]
2019-09-30 22:40:28.695  INFO 7608 --- [ost-startStop-1] o.s.b.w.servlet.FilterRegistrationBean   : Mapping filter: 'characterEncodingFilter' to: [/*]
2019-09-30 22:40:28.695  INFO 7608 --- [ost-startStop-1] o.s.b.w.servlet.FilterRegistrationBean   : Mapping filter: 'hiddenHttpMethodFilter' to: [/*]
2019-09-30 22:40:28.696  INFO 7608 --- [ost-startStop-1] o.s.b.w.servlet.FilterRegistrationBean   : Mapping filter: 'httpPutFormContentFilter' to: [/*]
2019-09-30 22:40:28.696  INFO 7608 --- [ost-startStop-1] o.s.b.w.servlet.FilterRegistrationBean   : Mapping filter: 'requestContextFilter' to: [/*]
2019-09-30 22:40:30.990  INFO 7608 --- [  restartedMain] s.w.s.m.m.a.RequestMappingHandlerMapping : Mapped "{[/api/findEmployeesByManagerId/{manager_id}],methods=[GET]}" onto public org.springframework.http.ResponseEntity<java.util.List<com.ssafy.edu.vue.dto.EmployeeDto>> com.ssafy.edu.vue.controller.EmployeeController.findEmployeesByManagerId(int) throws java.lang.Exception
2019-09-30 22:40:30.993  INFO 7608 --- [  restartedMain] s.w.s.m.m.a.RequestMappingHandlerMapping : Mapped "{[/api/findLikeEmployees/{name}],methods=[GET]}" onto public org.springframework.http.ResponseEntity<java.util.List<com.ssafy.edu.vue.dto.EmployeeDto>> com.ssafy.edu.vue.controller.EmployeeController.findLikeEmployees(java.lang.String) throws java.lang.Exception
2019-09-30 22:40:30.994  INFO 7608 --- [  restartedMain] s.w.s.m.m.a.RequestMappingHandlerMapping : Mapped "{[/api/findAllDepartments],methods=[GET]}" onto public org.springframework.http.ResponseEntity<java.util.List<com.ssafy.edu.vue.dto.DepartmentDto>> com.ssafy.edu.vue.controller.EmployeeController.findAllDepartments() throws java.lang.Exception
2019-09-30 22:40:30.995  INFO 7608 --- [  restartedMain] s.w.s.m.m.a.RequestMappingHandlerMapping : Mapped "{[/api/findDepartmentsByname/{name}],methods=[GET]}" onto public org.springframework.http.ResponseEntity<java.util.List<com.ssafy.edu.vue.dto.EmployeeDto>> com.ssafy.edu.vue.controller.EmployeeController.findDepartmentsByname(java.lang.String) throws java.lang.Exception
2019-09-30 22:40:30.996  INFO 7608 --- [  restartedMain] s.w.s.m.m.a.RequestMappingHandlerMapping : Mapped "{[/api/findDepartmentsBydeptid/{dept_id}],methods=[GET]}" onto public org.springframework.http.ResponseEntity<java.util.List<com.ssafy.edu.vue.dto.EmployeeDto>> com.ssafy.edu.vue.controller.EmployeeController.findDepartmentsBydeptid(int) throws java.lang.Exception
2019-09-30 22:40:30.997  INFO 7608 --- [  restartedMain] s.w.s.m.m.a.RequestMappingHandlerMapping : Mapped "{[/api/getEmployeesTotal],methods=[GET]}" onto public org.springframework.http.ResponseEntity<com.ssafy.edu.vue.help.NumberResult> com.ssafy.edu.vue.controller.EmployeeController.getEmployeesTotal() throws java.lang.Exception
2019-09-30 22:40:30.997  INFO 7608 --- [  restartedMain] s.w.s.m.m.a.RequestMappingHandlerMapping : Mapped "{[/api/addEmployee],methods=[POST]}" onto public org.springframework.http.ResponseEntity<com.ssafy.edu.vue.help.NumberResult> com.ssafy.edu.vue.controller.EmployeeController.addEmployee(com.ssafy.edu.vue.dto.EmployeeDto) throws java.lang.Exception
2019-09-30 22:40:30.998  INFO 7608 --- [  restartedMain] s.w.s.m.m.a.RequestMappingHandlerMapping : Mapped "{[/api/updateEmployee],methods=[POST]}" onto public org.springframework.http.ResponseEntity<com.ssafy.edu.vue.help.BoolResult> com.ssafy.edu.vue.controller.EmployeeController.updateEmployee(com.ssafy.edu.vue.dto.EmployeeDto) throws java.lang.Exception
2019-09-30 22:40:31.000  INFO 7608 --- [  restartedMain] s.w.s.m.m.a.RequestMappingHandlerMapping : Mapped "{[/api/deleteEmployee/{employeeId}],methods=[POST]}" onto public org.springframework.http.ResponseEntity<com.ssafy.edu.vue.help.BoolResult> com.ssafy.edu.vue.controller.EmployeeController.deleteEmployee(int) throws java.lang.Exception
2019-09-30 22:40:31.001  INFO 7608 --- [  restartedMain] s.w.s.m.m.a.RequestMappingHandlerMapping : Mapped "{[/api/findAllDepCounts],methods=[GET]}" onto public org.springframework.http.ResponseEntity<java.util.List<com.ssafy.edu.vue.dto.DepCountDto>> com.ssafy.edu.vue.controller.EmployeeController.findAllDepCounts() throws java.lang.Exception
2019-09-30 22:40:31.002  INFO 7608 --- [  restartedMain] s.w.s.m.m.a.RequestMappingHandlerMapping : Mapped "{[/api/findAllEmployees],methods=[GET]}" onto public org.springframework.http.ResponseEntity<java.util.List<com.ssafy.edu.vue.dto.EmployeeDto>> com.ssafy.edu.vue.controller.EmployeeController.findAllEmployees() throws java.lang.Exception
2019-09-30 22:40:31.004  INFO 7608 --- [  restartedMain] s.w.s.m.m.a.RequestMappingHandlerMapping : Mapped "{[/api/findAllTitles],methods=[GET]}" onto public org.springframework.http.ResponseEntity<java.util.List<com.ssafy.edu.vue.dto.EmployeeDto>> com.ssafy.edu.vue.controller.EmployeeController.findAllTitles() throws java.lang.Exception
2019-09-30 22:40:31.005  INFO 7608 --- [  restartedMain] s.w.s.m.m.a.RequestMappingHandlerMapping : Mapped "{[/api/findEmployeeById/{id}],methods=[GET]}" onto public org.springframework.http.ResponseEntity<com.ssafy.edu.vue.dto.EmployeeDto> com.ssafy.edu.vue.controller.EmployeeController.findEmployeeById(int) throws java.lang.Exception
2019-09-30 22:40:31.008  INFO 7608 --- [  restartedMain] s.w.s.m.m.a.RequestMappingHandlerMapping : Mapped "{[/v2/api-docs],methods=[GET],produces=[application/json || application/hal+json]}" onto public org.springframework.http.ResponseEntity<springfox.documentation.spring.web.json.Json> springfox.documentation.swagger2.web.Swagger2Controller.getDocumentation(java.lang.String,javax.servlet.http.HttpServletRequest)
2019-09-30 22:40:31.011  INFO 7608 --- [  restartedMain] s.w.s.m.m.a.RequestMappingHandlerMapping : Mapped "{[/configuration/security]}" onto org.springframework.http.ResponseEntity<springfox.documentation.swagger.web.SecurityConfiguration> springfox.documentation.swagger.web.ApiResourceController.securityConfiguration()
2019-09-30 22:40:31.012  INFO 7608 --- [  restartedMain] s.w.s.m.m.a.RequestMappingHandlerMapping : Mapped "{[/configuration/ui]}" onto org.springframework.http.ResponseEntity<springfox.documentation.swagger.web.UiConfiguration> springfox.documentation.swagger.web.ApiResourceController.uiConfiguration()
2019-09-30 22:40:31.013  INFO 7608 --- [  restartedMain] s.w.s.m.m.a.RequestMappingHandlerMapping : Mapped "{[/swagger-resources]}" onto org.springframework.http.ResponseEntity<java.util.List<springfox.documentation.swagger.web.SwaggerResource>> springfox.documentation.swagger.web.ApiResourceController.swaggerResources()
2019-09-30 22:40:31.018  INFO 7608 --- [  restartedMain] s.w.s.m.m.a.RequestMappingHandlerMapping : Mapped "{[/error]}" onto public org.springframework.http.ResponseEntity<java.util.Map<java.lang.String, java.lang.Object>> org.springframework.boot.autoconfigure.web.servlet.error.BasicErrorController.error(javax.servlet.http.HttpServletRequest)
2019-09-30 22:40:31.018  INFO 7608 --- [  restartedMain] s.w.s.m.m.a.RequestMappingHandlerMapping : Mapped "{[/error],produces=[text/html]}" onto public org.springframework.web.servlet.ModelAndView org.springframework.boot.autoconfigure.web.servlet.error.BasicErrorController.errorHtml(javax.servlet.http.HttpServletRequest,javax.servlet.http.HttpServletResponse)
2019-09-30 22:40:31.527  INFO 7608 --- [  restartedMain] o.s.w.s.handler.SimpleUrlHandlerMapping  : Mapped URL path [/**/favicon.ico] onto handler of type [class org.springframework.web.servlet.resource.ResourceHttpRequestHandler]
2019-09-30 22:40:31.750  INFO 7608 --- [  restartedMain] s.w.s.m.m.a.RequestMappingHandlerAdapter : Looking for @ControllerAdvice: org.springframework.boot.web.servlet.context.AnnotationConfigServletWebServerApplicationContext@515f749e: startup date [Mon Sep 30 22:40:22 KST 2019]; root of context hierarchy
2019-09-30 22:40:31.850  INFO 7608 --- [  restartedMain] o.s.w.s.handler.SimpleUrlHandlerMapping  : Mapped URL path [/webjars/**] onto handler of type [class org.springframework.web.servlet.resource.ResourceHttpRequestHandler]
2019-09-30 22:40:31.850  INFO 7608 --- [  restartedMain] o.s.w.s.handler.SimpleUrlHandlerMapping  : Mapped URL path [/**] onto handler of type [class org.springframework.web.servlet.resource.ResourceHttpRequestHandler]
2019-09-30 22:40:31.878  INFO 7608 --- [  restartedMain] .m.m.a.ExceptionHandlerExceptionResolver : Detected @ExceptionHandler methods in repositoryRestExceptionHandler
2019-09-30 22:40:32.281  INFO 7608 --- [  restartedMain] o.s.d.r.w.RepositoryRestHandlerAdapter   : Looking for @ControllerAdvice: org.springframework.boot.web.servlet.context.AnnotationConfigServletWebServerApplicationContext@515f749e: startup date [Mon Sep 30 22:40:22 KST 2019]; root of context hierarchy
2019-09-30 22:40:32.299  INFO 7608 --- [  restartedMain] o.s.d.r.w.RepositoryRestHandlerMapping   : Mapped "{[/{repository}/{id}],methods=[PUT],produces=[application/hal+json || application/json]}" onto public org.springframework.http.ResponseEntity<? extends org.springframework.hateoas.ResourceSupport> org.springframework.data.rest.webmvc.RepositoryEntityController.putItemResource(org.springframework.data.rest.webmvc.RootResourceInformation,org.springframework.data.rest.webmvc.PersistentEntityResource,java.io.Serializable,org.springframework.data.rest.webmvc.PersistentEntityResourceAssembler,org.springframework.data.rest.webmvc.support.ETag,java.lang.String) throws org.springframework.web.HttpRequestMethodNotSupportedException
2019-09-30 22:40:32.300  INFO 7608 --- [  restartedMain] o.s.d.r.w.RepositoryRestHandlerMapping   : Mapped "{[/{repository}/{id}],methods=[GET],produces=[application/hal+json || application/json]}" onto public org.springframework.http.ResponseEntity<org.springframework.hateoas.Resource<?>> org.springframework.data.rest.webmvc.RepositoryEntityController.getItemResource(org.springframework.data.rest.webmvc.RootResourceInformation,java.io.Serializable,org.springframework.data.rest.webmvc.PersistentEntityResourceAssembler,org.springframework.http.HttpHeaders) throws org.springframework.web.HttpRequestMethodNotSupportedException
2019-09-30 22:40:32.300  INFO 7608 --- [  restartedMain] o.s.d.r.w.RepositoryRestHandlerMapping   : Mapped "{[/{repository}],methods=[OPTIONS],produces=[application/hal+json || application/json]}" onto public org.springframework.http.ResponseEntity<?> org.springframework.data.rest.webmvc.RepositoryEntityController.optionsForCollectionResource(org.springframework.data.rest.webmvc.RootResourceInformation)
2019-09-30 22:40:32.301  INFO 7608 --- [  restartedMain] o.s.d.r.w.RepositoryRestHandlerMapping   : Mapped "{[/{repository}],methods=[POST],produces=[application/hal+json || application/json]}" onto public org.springframework.http.ResponseEntity<org.springframework.hateoas.ResourceSupport> org.springframework.data.rest.webmvc.RepositoryEntityController.postCollectionResource(org.springframework.data.rest.webmvc.RootResourceInformation,org.springframework.data.rest.webmvc.PersistentEntityResource,org.springframework.data.rest.webmvc.PersistentEntityResourceAssembler,java.lang.String) throws org.springframework.web.HttpRequestMethodNotSupportedException
2019-09-30 22:40:32.302  INFO 7608 --- [  restartedMain] o.s.d.r.w.RepositoryRestHandlerMapping   : Mapped "{[/{repository}/{id}],methods=[OPTIONS],produces=[application/hal+json || application/json]}" onto public org.springframework.http.ResponseEntity<?> org.springframework.data.rest.webmvc.RepositoryEntityController.optionsForItemResource(org.springframework.data.rest.webmvc.RootResourceInformation)
2019-09-30 22:40:32.302  INFO 7608 --- [  restartedMain] o.s.d.r.w.RepositoryRestHandlerMapping   : Mapped "{[/{repository}],methods=[GET],produces=[application/hal+json || application/json]}" onto public org.springframework.hateoas.Resources<?> org.springframework.data.rest.webmvc.RepositoryEntityController.getCollectionResource(org.springframework.data.rest.webmvc.RootResourceInformation,org.springframework.data.rest.webmvc.support.DefaultedPageable,org.springframework.data.domain.Sort,org.springframework.data.rest.webmvc.PersistentEntityResourceAssembler) throws org.springframework.data.rest.webmvc.ResourceNotFoundException,org.springframework.web.HttpRequestMethodNotSupportedException
2019-09-30 22:40:32.302  INFO 7608 --- [  restartedMain] o.s.d.r.w.RepositoryRestHandlerMapping   : Mapped "{[/{repository}/{id}],methods=[HEAD],produces=[application/hal+json || application/json]}" onto public org.springframework.http.ResponseEntity<?> org.springframework.data.rest.webmvc.RepositoryEntityController.headForItemResource(org.springframework.data.rest.webmvc.RootResourceInformation,java.io.Serializable,org.springframework.data.rest.webmvc.PersistentEntityResourceAssembler) throws org.springframework.web.HttpRequestMethodNotSupportedException
2019-09-30 22:40:32.302  INFO 7608 --- [  restartedMain] o.s.d.r.w.RepositoryRestHandlerMapping   : Mapped "{[/{repository}/{id}],methods=[PATCH],produces=[application/hal+json || application/json]}" onto public org.springframework.http.ResponseEntity<org.springframework.hateoas.ResourceSupport> org.springframework.data.rest.webmvc.RepositoryEntityController.patchItemResource(org.springframework.data.rest.webmvc.RootResourceInformation,org.springframework.data.rest.webmvc.PersistentEntityResource,java.io.Serializable,org.springframework.data.rest.webmvc.PersistentEntityResourceAssembler,org.springframework.data.rest.webmvc.support.ETag,java.lang.String) throws org.springframework.web.HttpRequestMethodNotSupportedException,org.springframework.data.rest.webmvc.ResourceNotFoundException
2019-09-30 22:40:32.303  INFO 7608 --- [  restartedMain] o.s.d.r.w.RepositoryRestHandlerMapping   : Mapped "{[/{repository}],methods=[HEAD],produces=[application/hal+json || application/json]}" onto public org.springframework.http.ResponseEntity<?> org.springframework.data.rest.webmvc.RepositoryEntityController.headCollectionResource(org.springframework.data.rest.webmvc.RootResourceInformation,org.springframework.data.rest.webmvc.support.DefaultedPageable) throws org.springframework.web.HttpRequestMethodNotSupportedException
2019-09-30 22:40:32.303  INFO 7608 --- [  restartedMain] o.s.d.r.w.RepositoryRestHandlerMapping   : Mapped "{[/{repository}/{id}],methods=[DELETE],produces=[application/hal+json || application/json]}" onto public org.springframework.http.ResponseEntity<?> org.springframework.data.rest.webmvc.RepositoryEntityController.deleteItemResource(org.springframework.data.rest.webmvc.RootResourceInformation,java.io.Serializable,org.springframework.data.rest.webmvc.support.ETag) throws org.springframework.data.rest.webmvc.ResourceNotFoundException,org.springframework.web.HttpRequestMethodNotSupportedException
2019-09-30 22:40:32.304  INFO 7608 --- [  restartedMain] o.s.d.r.w.RepositoryRestHandlerMapping   : Mapped "{[/{repository}],methods=[GET],produces=[application/x-spring-data-compact+json || text/uri-list]}" onto public org.springframework.hateoas.Resources<?> org.springframework.data.rest.webmvc.RepositoryEntityController.getCollectionResourceCompact(org.springframework.data.rest.webmvc.RootResourceInformation,org.springframework.data.rest.webmvc.support.DefaultedPageable,org.springframework.data.domain.Sort,org.springframework.data.rest.webmvc.PersistentEntityResourceAssembler) throws org.springframework.data.rest.webmvc.ResourceNotFoundException,org.springframework.web.HttpRequestMethodNotSupportedException
2019-09-30 22:40:32.307  INFO 7608 --- [  restartedMain] o.s.d.r.w.RepositoryRestHandlerMapping   : Mapped "{[/{repository}/{id}/{property}],methods=[GET],produces=[application/x-spring-data-compact+json || text/uri-list]}" onto public org.springframework.http.ResponseEntity<org.springframework.hateoas.ResourceSupport> org.springframework.data.rest.webmvc.RepositoryPropertyReferenceController.followPropertyReferenceCompact(org.springframework.data.rest.webmvc.RootResourceInformation,java.io.Serializable,java.lang.String,org.springframework.data.rest.webmvc.PersistentEntityResourceAssembler) throws java.lang.Exception
2019-09-30 22:40:32.308  INFO 7608 --- [  restartedMain] o.s.d.r.w.RepositoryRestHandlerMapping   : Mapped "{[/{repository}/{id}/{property}],methods=[PATCH || PUT || POST],consumes=[application/json || application/x-spring-data-compact+json || text/uri-list],produces=[application/hal+json || application/json]}" onto public org.springframework.http.ResponseEntity<? extends org.springframework.hateoas.ResourceSupport> org.springframework.data.rest.webmvc.RepositoryPropertyReferenceController.createPropertyReference(org.springframework.data.rest.webmvc.RootResourceInformation,org.springframework.http.HttpMethod,org.springframework.hateoas.Resources<java.lang.Object>,java.io.Serializable,java.lang.String) throws java.lang.Exception
2019-09-30 22:40:32.308  INFO 7608 --- [  restartedMain] o.s.d.r.w.RepositoryRestHandlerMapping   : Mapped "{[/{repository}/{id}/{property}/{propertyId}],methods=[DELETE],produces=[application/hal+json || application/json]}" onto public org.springframework.http.ResponseEntity<org.springframework.hateoas.ResourceSupport> org.springframework.data.rest.webmvc.RepositoryPropertyReferenceController.deletePropertyReferenceId(org.springframework.data.rest.webmvc.RootResourceInformation,java.io.Serializable,java.lang.String,java.lang.String) throws java.lang.Exception
2019-09-30 22:40:32.309  INFO 7608 --- [  restartedMain] o.s.d.r.w.RepositoryRestHandlerMapping   : Mapped "{[/{repository}/{id}/{property}],methods=[DELETE],produces=[application/hal+json || application/json]}" onto public org.springframework.http.ResponseEntity<? extends org.springframework.hateoas.ResourceSupport> org.springframework.data.rest.webmvc.RepositoryPropertyReferenceController.deletePropertyReference(org.springframework.data.rest.webmvc.RootResourceInformation,java.io.Serializable,java.lang.String) throws java.lang.Exception
2019-09-30 22:40:32.309  INFO 7608 --- [  restartedMain] o.s.d.r.w.RepositoryRestHandlerMapping   : Mapped "{[/{repository}/{id}/{property}],methods=[GET],produces=[application/hal+json || application/json]}" onto public org.springframework.http.ResponseEntity<org.springframework.hateoas.ResourceSupport> org.springframework.data.rest.webmvc.RepositoryPropertyReferenceController.followPropertyReference(org.springframework.data.rest.webmvc.RootResourceInformation,java.io.Serializable,java.lang.String,org.springframework.data.rest.webmvc.PersistentEntityResourceAssembler) throws java.lang.Exception
2019-09-30 22:40:32.310  INFO 7608 --- [  restartedMain] o.s.d.r.w.RepositoryRestHandlerMapping   : Mapped "{[/{repository}/{id}/{property}/{propertyId}],methods=[GET],produces=[application/hal+json || application/json]}" onto public org.springframework.http.ResponseEntity<org.springframework.hateoas.ResourceSupport> org.springframework.data.rest.webmvc.RepositoryPropertyReferenceController.followPropertyReference(org.springframework.data.rest.webmvc.RootResourceInformation,java.io.Serializable,java.lang.String,java.lang.String,org.springframework.data.rest.webmvc.PersistentEntityResourceAssembler) throws java.lang.Exception
2019-09-30 22:40:32.312  INFO 7608 --- [  restartedMain] o.s.d.r.w.RepositoryRestHandlerMapping   : Mapped "{[/{repository}/search/{search}],methods=[GET],produces=[application/hal+json || application/json]}" onto public org.springframework.http.ResponseEntity<?> org.springframework.data.rest.webmvc.RepositorySearchController.executeSearch(org.springframework.data.rest.webmvc.RootResourceInformation,org.springframework.util.MultiValueMap<java.lang.String, java.lang.Object>,java.lang.String,org.springframework.data.rest.webmvc.support.DefaultedPageable,org.springframework.data.domain.Sort,org.springframework.data.rest.webmvc.PersistentEntityResourceAssembler,org.springframework.http.HttpHeaders)
2019-09-30 22:40:32.313  INFO 7608 --- [  restartedMain] o.s.d.r.w.RepositoryRestHandlerMapping   : Mapped "{[/{repository}/search/{search}],methods=[HEAD],produces=[application/hal+json || application/json]}" onto public org.springframework.http.ResponseEntity<java.lang.Object> org.springframework.data.rest.webmvc.RepositorySearchController.headForSearch(org.springframework.data.rest.webmvc.RootResourceInformation,java.lang.String)
2019-09-30 22:40:32.313  INFO 7608 --- [  restartedMain] o.s.d.r.w.RepositoryRestHandlerMapping   : Mapped "{[/{repository}/search],methods=[GET],produces=[application/hal+json || application/json]}" onto public org.springframework.data.rest.webmvc.RepositorySearchesResource org.springframework.data.rest.webmvc.RepositorySearchController.listSearches(org.springframework.data.rest.webmvc.RootResourceInformation)
2019-09-30 22:40:32.314  INFO 7608 --- [  restartedMain] o.s.d.r.w.RepositoryRestHandlerMapping   : Mapped "{[/{repository}/search/{search}],methods=[OPTIONS],produces=[application/hal+json || application/json]}" onto public org.springframework.http.ResponseEntity<java.lang.Object> org.springframework.data.rest.webmvc.RepositorySearchController.optionsForSearch(org.springframework.data.rest.webmvc.RootResourceInformation,java.lang.String)
2019-09-30 22:40:32.315  INFO 7608 --- [  restartedMain] o.s.d.r.w.RepositoryRestHandlerMapping   : Mapped "{[/{repository}/search],methods=[HEAD],produces=[application/hal+json || application/json]}" onto public org.springframework.http.HttpEntity<?> org.springframework.data.rest.webmvc.RepositorySearchController.headForSearches(org.springframework.data.rest.webmvc.RootResourceInformation)
2019-09-30 22:40:32.315  INFO 7608 --- [  restartedMain] o.s.d.r.w.RepositoryRestHandlerMapping   : Mapped "{[/{repository}/search],methods=[OPTIONS],produces=[application/hal+json || application/json]}" onto public org.springframework.http.HttpEntity<?> org.springframework.data.rest.webmvc.RepositorySearchController.optionsForSearches(org.springframework.data.rest.webmvc.RootResourceInformation)
2019-09-30 22:40:32.315  INFO 7608 --- [  restartedMain] o.s.d.r.w.RepositoryRestHandlerMapping   : Mapped "{[/{repository}/search/{search}],methods=[GET],produces=[application/x-spring-data-compact+json]}" onto public org.springframework.hateoas.ResourceSupport org.springframework.data.rest.webmvc.RepositorySearchController.executeSearchCompact(org.springframework.data.rest.webmvc.RootResourceInformation,org.springframework.http.HttpHeaders,org.springframework.util.MultiValueMap<java.lang.String, java.lang.Object>,java.lang.String,java.lang.String,org.springframework.data.rest.webmvc.support.DefaultedPageable,org.springframework.data.domain.Sort,org.springframework.data.rest.webmvc.PersistentEntityResourceAssembler)
2019-09-30 22:40:32.316  INFO 7608 --- [  restartedMain] o.s.d.r.w.RepositoryRestHandlerMapping   : Mapped "{[/ || ],methods=[GET],produces=[application/hal+json || application/json]}" onto public org.springframework.http.HttpEntity<org.springframework.data.rest.webmvc.RepositoryLinksResource> org.springframework.data.rest.webmvc.RepositoryController.listRepositories()
2019-09-30 22:40:32.317  INFO 7608 --- [  restartedMain] o.s.d.r.w.RepositoryRestHandlerMapping   : Mapped "{[/ || ],methods=[HEAD],produces=[application/hal+json || application/json]}" onto public org.springframework.http.ResponseEntity<?> org.springframework.data.rest.webmvc.RepositoryController.headForRepositories()
2019-09-30 22:40:32.317  INFO 7608 --- [  restartedMain] o.s.d.r.w.RepositoryRestHandlerMapping   : Mapped "{[/ || ],methods=[OPTIONS],produces=[application/hal+json || application/json]}" onto public org.springframework.http.HttpEntity<?> org.springframework.data.rest.webmvc.RepositoryController.optionsForRepositories()
2019-09-30 22:40:32.321  INFO 7608 --- [  restartedMain] o.s.d.r.w.BasePathAwareHandlerMapping    : Mapped "{[/profile],methods=[OPTIONS]}" onto public org.springframework.http.HttpEntity<?> org.springframework.data.rest.webmvc.ProfileController.profileOptions()
2019-09-30 22:40:32.322  INFO 7608 --- [  restartedMain] o.s.d.r.w.BasePathAwareHandlerMapping    : Mapped "{[/profile],methods=[GET]}" onto org.springframework.http.HttpEntity<org.springframework.hateoas.ResourceSupport> org.springframework.data.rest.webmvc.ProfileController.listAllFormsOfMetadata()
2019-09-30 22:40:32.322  INFO 7608 --- [  restartedMain] o.s.d.r.w.BasePathAwareHandlerMapping    : Mapped "{[/profile/{repository}],methods=[GET],produces=[application/schema+json]}" onto public org.springframework.http.HttpEntity<org.springframework.data.rest.webmvc.json.JsonSchema> org.springframework.data.rest.webmvc.RepositorySchemaController.schema(org.springframework.data.rest.webmvc.RootResourceInformation)
2019-09-30 22:40:32.323  INFO 7608 --- [  restartedMain] o.s.d.r.w.BasePathAwareHandlerMapping    : Mapped "{[/profile/{repository}],methods=[GET],produces=[application/alps+json || */*]}" onto org.springframework.http.HttpEntity<org.springframework.data.rest.webmvc.RootResourceInformation> org.springframework.data.rest.webmvc.alps.AlpsController.descriptor(org.springframework.data.rest.webmvc.RootResourceInformation)
2019-09-30 22:40:32.323  INFO 7608 --- [  restartedMain] o.s.d.r.w.BasePathAwareHandlerMapping    : Mapped "{[/profile/{repository}],methods=[OPTIONS],produces=[application/alps+json]}" onto org.springframework.http.HttpEntity<?> org.springframework.data.rest.webmvc.alps.AlpsController.alpsOptions()
2019-09-30 22:40:32.624  INFO 7608 --- [  restartedMain] o.s.b.d.a.OptionalLiveReloadServer       : LiveReload server is running on port 35729
2019-09-30 22:40:32.695  INFO 7608 --- [  restartedMain] o.s.j.e.a.AnnotationMBeanExporter        : Registering beans for JMX exposure on startup
2019-09-30 22:40:32.703  INFO 7608 --- [  restartedMain] o.s.j.e.a.AnnotationMBeanExporter        : Bean with name 'dataSource' has been autodetected for JMX exposure
2019-09-30 22:40:32.719  INFO 7608 --- [  restartedMain] o.s.j.e.a.AnnotationMBeanExporter        : Located MBean 'dataSource': registering with JMX server as MBean [com.zaxxer.hikari:name=dataSource,type=HikariDataSource]
2019-09-30 22:40:33.336  INFO 7608 --- [  restartedMain] o.s.b.w.embedded.tomcat.TomcatWebServer  : Tomcat started on port(s): 8197 (http) with context path '/ssafyvue'
2019-09-30 22:44:15.973  INFO 7608 --- [nio-8197-exec-1] o.s.web.servlet.DispatcherServlet        : FrameworkServlet 'dispatcherServlet': initialization started
2019-09-30 22:44:16.054  INFO 7608 --- [nio-8197-exec-1] o.s.web.servlet.DispatcherServlet        : FrameworkServlet 'dispatcherServlet': initialization completed in 80 ms
2019-09-30 22:44:16.192  INFO 7608 --- [nio-8197-exec-1] c.s.e.vue.controller.EmployeeController  : 1-------------findAllEmployees-----------------------------Mon Sep 30 22:44:16 KST 2019
2019-09-30 22:44:36.665  INFO 7608 --- [nio-8197-exec-3] c.s.e.vue.controller.EmployeeController  : 1-------------findAllDepCounts-----------------------------Mon Sep 30 22:44:36 KST 2019
2019-09-30 22:44:37.879  INFO 7608 --- [nio-8197-exec-2] c.s.e.vue.controller.EmployeeController  : 1-------------findDepartmentsBydeptid-----------------------------Mon Sep 30 22:44:37 KST 2019
2019-09-30 22:44:37.899  INFO 7608 --- [nio-8197-exec-4] c.s.e.vue.controller.EmployeeController  : 1-------------findDepartmentsBydeptid-----------------------------Mon Sep 30 22:44:37 KST 2019
2019-09-30 22:44:38.649  INFO 7608 --- [nio-8197-exec-5] c.s.e.vue.controller.EmployeeController  : 1-------------findDepartmentsBydeptid-----------------------------Mon Sep 30 22:44:38 KST 2019
2019-09-30 22:44:38.812  INFO 7608 --- [nio-8197-exec-6] c.s.e.vue.controller.EmployeeController  : 1-------------findDepartmentsBydeptid-----------------------------Mon Sep 30 22:44:38 KST 2019
2019-09-30 22:44:38.919  INFO 7608 --- [nio-8197-exec-7] c.s.e.vue.controller.EmployeeController  : 1-------------findDepartmentsBydeptid-----------------------------Mon Sep 30 22:44:38 KST 2019
2019-09-30 22:44:38.934  INFO 7608 --- [nio-8197-exec-8] c.s.e.vue.controller.EmployeeController  : 1-------------findDepartmentsBydeptid-----------------------------Mon Sep 30 22:44:38 KST 2019
2019-09-30 22:44:40.158  INFO 7608 --- [nio-8197-exec-9] c.s.e.vue.controller.EmployeeController  : 1-------------findDepartmentsBydeptid-----------------------------Mon Sep 30 22:44:40 KST 2019
2019-09-30 22:44:40.285  INFO 7608 --- [io-8197-exec-10] c.s.e.vue.controller.EmployeeController  : 1-------------findDepartmentsBydeptid-----------------------------Mon Sep 30 22:44:40 KST 2019
2019-09-30 22:44:40.323  INFO 7608 --- [nio-8197-exec-1] c.s.e.vue.controller.EmployeeController  : 1-------------findDepartmentsBydeptid-----------------------------Mon Sep 30 22:44:40 KST 2019
2019-09-30 22:44:40.437  INFO 7608 --- [nio-8197-exec-3] c.s.e.vue.controller.EmployeeController  : 1-------------findDepartmentsBydeptid-----------------------------Mon Sep 30 22:44:40 KST 2019
2019-09-30 22:44:41.804  INFO 7608 --- [nio-8197-exec-2] c.s.e.vue.controller.EmployeeController  : 1-------------findDepartmentsBydeptid-----------------------------Mon Sep 30 22:44:41 KST 2019
2019-09-30 22:44:41.818  INFO 7608 --- [nio-8197-exec-4] c.s.e.vue.controller.EmployeeController  : 1-------------findDepartmentsBydeptid-----------------------------Mon Sep 30 22:44:41 KST 2019
2019-09-30 22:44:41.857  INFO 7608 --- [nio-8197-exec-5] c.s.e.vue.controller.EmployeeController  : 1-------------findDepartmentsBydeptid-----------------------------Mon Sep 30 22:44:41 KST 2019
2019-09-30 22:44:41.877  INFO 7608 --- [nio-8197-exec-6] c.s.e.vue.controller.EmployeeController  : 1-------------findDepartmentsBydeptid-----------------------------Mon Sep 30 22:44:41 KST 2019
2019-09-30 22:44:41.911  INFO 7608 --- [nio-8197-exec-7] c.s.e.vue.controller.EmployeeController  : 1-------------findDepartmentsBydeptid-----------------------------Mon Sep 30 22:44:41 KST 2019
2019-09-30 22:44:41.932  INFO 7608 --- [nio-8197-exec-8] c.s.e.vue.controller.EmployeeController  : 1-------------findDepartmentsBydeptid-----------------------------Mon Sep 30 22:44:41 KST 2019
2019-09-30 22:44:42.240  INFO 7608 --- [nio-8197-exec-9] c.s.e.vue.controller.EmployeeController  : 1-------------findDepartmentsBydeptid-----------------------------Mon Sep 30 22:44:42 KST 2019
2019-09-30 22:44:42.272  INFO 7608 --- [io-8197-exec-10] c.s.e.vue.controller.EmployeeController  : 1-------------findDepartmentsBydeptid-----------------------------Mon Sep 30 22:44:42 KST 2019
2019-09-30 22:44:42.862  INFO 7608 --- [nio-8197-exec-1] c.s.e.vue.controller.EmployeeController  : 1-------------findDepartmentsBydeptid-----------------------------Mon Sep 30 22:44:42 KST 2019
2019-09-30 22:44:42.879  INFO 7608 --- [nio-8197-exec-3] c.s.e.vue.controller.EmployeeController  : 1-------------findDepartmentsBydeptid-----------------------------Mon Sep 30 22:44:42 KST 2019
2019-09-30 22:44:42.901  INFO 7608 --- [nio-8197-exec-2] c.s.e.vue.controller.EmployeeController  : 1-------------findDepartmentsBydeptid-----------------------------Mon Sep 30 22:44:42 KST 2019
2019-09-30 22:44:42.925  INFO 7608 --- [nio-8197-exec-4] c.s.e.vue.controller.EmployeeController  : 1-------------findDepartmentsBydeptid-----------------------------Mon Sep 30 22:44:42 KST 2019
2019-09-30 22:44:43.191  INFO 7608 --- [nio-8197-exec-5] c.s.e.vue.controller.EmployeeController  : 1-------------findDepartmentsBydeptid-----------------------------Mon Sep 30 22:44:43 KST 2019
2019-09-30 22:44:43.223  INFO 7608 --- [nio-8197-exec-6] c.s.e.vue.controller.EmployeeController  : 1-------------findDepartmentsBydeptid-----------------------------Mon Sep 30 22:44:43 KST 2019
2019-09-30 22:44:43.361  INFO 7608 --- [nio-8197-exec-7] c.s.e.vue.controller.EmployeeController  : 1-------------findDepartmentsBydeptid-----------------------------Mon Sep 30 22:44:43 KST 2019
2019-09-30 22:44:43.496  INFO 7608 --- [nio-8197-exec-8] c.s.e.vue.controller.EmployeeController  : 1-------------findDepartmentsBydeptid-----------------------------Mon Sep 30 22:44:43 KST 2019
2019-09-30 22:44:43.911  INFO 7608 --- [nio-8197-exec-9] c.s.e.vue.controller.EmployeeController  : 1-------------findDepartmentsBydeptid-----------------------------Mon Sep 30 22:44:43 KST 2019
2019-09-30 22:44:43.925  INFO 7608 --- [io-8197-exec-10] c.s.e.vue.controller.EmployeeController  : 1-------------findDepartmentsBydeptid-----------------------------Mon Sep 30 22:44:43 KST 2019
2019-09-30 22:44:44.047  INFO 7608 --- [nio-8197-exec-1] c.s.e.vue.controller.EmployeeController  : 1-------------findDepartmentsBydeptid-----------------------------Mon Sep 30 22:44:44 KST 2019
2019-09-30 22:44:44.141  INFO 7608 --- [nio-8197-exec-3] c.s.e.vue.controller.EmployeeController  : 1-------------findDepartmentsBydeptid-----------------------------Mon Sep 30 22:44:44 KST 2019
2019-09-30 22:44:44.161  INFO 7608 --- [nio-8197-exec-2] c.s.e.vue.controller.EmployeeController  : 1-------------findDepartmentsBydeptid-----------------------------Mon Sep 30 22:44:44 KST 2019
2019-09-30 22:44:44.257  INFO 7608 --- [nio-8197-exec-4] c.s.e.vue.controller.EmployeeController  : 1-------------findDepartmentsBydeptid-----------------------------Mon Sep 30 22:44:44 KST 2019
2019-09-30 22:44:44.324  INFO 7608 --- [nio-8197-exec-5] c.s.e.vue.controller.EmployeeController  : 1-------------findDepartmentsBydeptid-----------------------------Mon Sep 30 22:44:44 KST 2019
2019-09-30 22:44:44.355  INFO 7608 --- [nio-8197-exec-6] c.s.e.vue.controller.EmployeeController  : 1-------------findDepartmentsBydeptid-----------------------------Mon Sep 30 22:44:44 KST 2019
2019-09-30 22:44:44.646  INFO 7608 --- [nio-8197-exec-7] c.s.e.vue.controller.EmployeeController  : 1-------------findDepartmentsBydeptid-----------------------------Mon Sep 30 22:44:44 KST 2019
2019-09-30 22:44:44.665  INFO 7608 --- [nio-8197-exec-8] c.s.e.vue.controller.EmployeeController  : 1-------------findDepartmentsBydeptid-----------------------------Mon Sep 30 22:44:44 KST 2019
2019-09-30 22:44:44.676  INFO 7608 --- [nio-8197-exec-9] c.s.e.vue.controller.EmployeeController  : 1-------------findDepartmentsBydeptid-----------------------------Mon Sep 30 22:44:44 KST 2019
2019-09-30 22:44:44.706  INFO 7608 --- [io-8197-exec-10] c.s.e.vue.controller.EmployeeController  : 1-------------findDepartmentsBydeptid-----------------------------Mon Sep 30 22:44:44 KST 2019
2019-09-30 22:44:44.730  INFO 7608 --- [nio-8197-exec-1] c.s.e.vue.controller.EmployeeController  : 1-------------findDepartmentsBydeptid-----------------------------Mon Sep 30 22:44:44 KST 2019
2019-09-30 22:44:44.762  INFO 7608 --- [nio-8197-exec-3] c.s.e.vue.controller.EmployeeController  : 1-------------findDepartmentsBydeptid-----------------------------Mon Sep 30 22:44:44 KST 2019
2019-09-30 22:44:44.830  INFO 7608 --- [nio-8197-exec-2] c.s.e.vue.controller.EmployeeController  : 1-------------findDepartmentsBydeptid-----------------------------Mon Sep 30 22:44:44 KST 2019
2019-09-30 22:44:44.856  INFO 7608 --- [nio-8197-exec-4] c.s.e.vue.controller.EmployeeController  : 1-------------findDepartmentsBydeptid-----------------------------Mon Sep 30 22:44:44 KST 2019
2019-09-30 22:44:45.017  INFO 7608 --- [nio-8197-exec-5] c.s.e.vue.controller.EmployeeController  : 1-------------findDepartmentsBydeptid-----------------------------Mon Sep 30 22:44:45 KST 2019
2019-09-30 22:44:45.147  INFO 7608 --- [nio-8197-exec-6] c.s.e.vue.controller.EmployeeController  : 1-------------findDepartmentsBydeptid-----------------------------Mon Sep 30 22:44:45 KST 2019
2019-09-30 22:44:45.280  INFO 7608 --- [nio-8197-exec-7] c.s.e.vue.controller.EmployeeController  : 1-------------findDepartmentsBydeptid-----------------------------Mon Sep 30 22:44:45 KST 2019
2019-09-30 22:44:45.424  INFO 7608 --- [nio-8197-exec-8] c.s.e.vue.controller.EmployeeController  : 1-------------findDepartmentsBydeptid-----------------------------Mon Sep 30 22:44:45 KST 2019
2019-09-30 22:44:45.567  INFO 7608 --- [nio-8197-exec-9] c.s.e.vue.controller.EmployeeController  : 1-------------findDepartmentsBydeptid-----------------------------Mon Sep 30 22:44:45 KST 2019
2019-09-30 22:44:45.707  INFO 7608 --- [io-8197-exec-10] c.s.e.vue.controller.EmployeeController  : 1-------------findDepartmentsBydeptid-----------------------------Mon Sep 30 22:44:45 KST 2019
2019-09-30 22:44:46.106  INFO 7608 --- [nio-8197-exec-1] c.s.e.vue.controller.EmployeeController  : 1-------------findDepartmentsBydeptid-----------------------------Mon Sep 30 22:44:46 KST 2019
2019-09-30 22:44:46.287  INFO 7608 --- [nio-8197-exec-3] c.s.e.vue.controller.EmployeeController  : 1-------------findDepartmentsBydeptid-----------------------------Mon Sep 30 22:44:46 KST 2019
2019-09-30 22:44:46.575  INFO 7608 --- [nio-8197-exec-2] c.s.e.vue.controller.EmployeeController  : 1-------------findDepartmentsBydeptid-----------------------------Mon Sep 30 22:44:46 KST 2019
2019-09-30 22:44:46.753  INFO 7608 --- [nio-8197-exec-4] c.s.e.vue.controller.EmployeeController  : 1-------------findDepartmentsBydeptid-----------------------------Mon Sep 30 22:44:46 KST 2019
2019-09-30 22:44:46.954  INFO 7608 --- [nio-8197-exec-5] c.s.e.vue.controller.EmployeeController  : 1-------------findDepartmentsBydeptid-----------------------------Mon Sep 30 22:44:46 KST 2019
2019-09-30 22:44:47.154  INFO 7608 --- [nio-8197-exec-6] c.s.e.vue.controller.EmployeeController  : 1-------------findDepartmentsBydeptid-----------------------------Mon Sep 30 22:44:47 KST 2019
2019-09-30 22:44:47.306  INFO 7608 --- [nio-8197-exec-7] c.s.e.vue.controller.EmployeeController  : 1-------------findDepartmentsBydeptid-----------------------------Mon Sep 30 22:44:47 KST 2019
2019-09-30 22:44:47.338  INFO 7608 --- [nio-8197-exec-8] c.s.e.vue.controller.EmployeeController  : 1-------------findDepartmentsBydeptid-----------------------------Mon Sep 30 22:44:47 KST 2019
2019-09-30 22:44:47.454  INFO 7608 --- [nio-8197-exec-9] c.s.e.vue.controller.EmployeeController  : 1-------------findDepartmentsBydeptid-----------------------------Mon Sep 30 22:44:47 KST 2019
2019-09-30 22:44:47.520  INFO 7608 --- [io-8197-exec-10] c.s.e.vue.controller.EmployeeController  : 1-------------findDepartmentsBydeptid-----------------------------Mon Sep 30 22:44:47 KST 2019
2019-09-30 22:44:47.570  INFO 7608 --- [nio-8197-exec-1] c.s.e.vue.controller.EmployeeController  : 1-------------findDepartmentsBydeptid-----------------------------Mon Sep 30 22:44:47 KST 2019
2019-09-30 22:44:47.669  INFO 7608 --- [nio-8197-exec-3] c.s.e.vue.controller.EmployeeController  : 1-------------findDepartmentsBydeptid-----------------------------Mon Sep 30 22:44:47 KST 2019
2019-09-30 22:44:47.721  INFO 7608 --- [nio-8197-exec-2] c.s.e.vue.controller.EmployeeController  : 1-------------findDepartmentsBydeptid-----------------------------Mon Sep 30 22:44:47 KST 2019
2019-09-30 22:44:47.753  INFO 7608 --- [nio-8197-exec-4] c.s.e.vue.controller.EmployeeController  : 1-------------findDepartmentsBydeptid-----------------------------Mon Sep 30 22:44:47 KST 2019
2019-09-30 22:44:47.937  INFO 7608 --- [nio-8197-exec-5] c.s.e.vue.controller.EmployeeController  : 1-------------findDepartmentsBydeptid-----------------------------Mon Sep 30 22:44:47 KST 2019
2019-09-30 22:44:47.954  INFO 7608 --- [nio-8197-exec-6] c.s.e.vue.controller.EmployeeController  : 1-------------findDepartmentsBydeptid-----------------------------Mon Sep 30 22:44:47 KST 2019
2019-09-30 22:44:47.986  INFO 7608 --- [nio-8197-exec-7] c.s.e.vue.controller.EmployeeController  : 1-------------findDepartmentsBydeptid-----------------------------Mon Sep 30 22:44:47 KST 2019
2019-09-30 22:44:48.140  INFO 7608 --- [nio-8197-exec-8] c.s.e.vue.controller.EmployeeController  : 1-------------findDepartmentsBydeptid-----------------------------Mon Sep 30 22:44:48 KST 2019
2019-09-30 22:44:48.156  INFO 7608 --- [nio-8197-exec-9] c.s.e.vue.controller.EmployeeController  : 1-------------findDepartmentsBydeptid-----------------------------Mon Sep 30 22:44:48 KST 2019
2019-09-30 22:44:48.173  INFO 7608 --- [io-8197-exec-10] c.s.e.vue.controller.EmployeeController  : 1-------------findDepartmentsBydeptid-----------------------------Mon Sep 30 22:44:48 KST 2019
2019-09-30 22:44:48.204  INFO 7608 --- [nio-8197-exec-1] c.s.e.vue.controller.EmployeeController  : 1-------------findDepartmentsBydeptid-----------------------------Mon Sep 30 22:44:48 KST 2019
2019-09-30 22:44:48.220  INFO 7608 --- [nio-8197-exec-3] c.s.e.vue.controller.EmployeeController  : 1-------------findDepartmentsBydeptid-----------------------------Mon Sep 30 22:44:48 KST 2019
2019-09-30 22:44:48.314  INFO 7608 --- [nio-8197-exec-2] c.s.e.vue.controller.EmployeeController  : 1-------------findDepartmentsBydeptid-----------------------------Mon Sep 30 22:44:48 KST 2019
2019-09-30 22:44:48.396  INFO 7608 --- [nio-8197-exec-4] c.s.e.vue.controller.EmployeeController  : 1-------------findDepartmentsBydeptid-----------------------------Mon Sep 30 22:44:48 KST 2019
2019-09-30 22:44:48.464  INFO 7608 --- [nio-8197-exec-5] c.s.e.vue.controller.EmployeeController  : 1-------------findDepartmentsBydeptid-----------------------------Mon Sep 30 22:44:48 KST 2019
2019-09-30 22:44:48.505  INFO 7608 --- [nio-8197-exec-6] c.s.e.vue.controller.EmployeeController  : 1-------------findDepartmentsBydeptid-----------------------------Mon Sep 30 22:44:48 KST 2019
2019-09-30 22:44:48.538  INFO 7608 --- [nio-8197-exec-7] c.s.e.vue.controller.EmployeeController  : 1-------------findDepartmentsBydeptid-----------------------------Mon Sep 30 22:44:48 KST 2019
2019-09-30 22:44:48.598  INFO 7608 --- [nio-8197-exec-8] c.s.e.vue.controller.EmployeeController  : 1-------------findDepartmentsBydeptid-----------------------------Mon Sep 30 22:44:48 KST 2019
2019-09-30 22:44:53.792  INFO 7608 --- [nio-8197-exec-9] c.s.e.vue.controller.EmployeeController  : 1-------------findDepartmentsBydeptid-----------------------------Mon Sep 30 22:44:53 KST 2019
2019-09-30 22:44:54.771  INFO 7608 --- [io-8197-exec-10] c.s.e.vue.controller.EmployeeController  : 1-------------findDepartmentsBydeptid-----------------------------Mon Sep 30 22:44:54 KST 2019
2019-09-30 22:44:54.789  INFO 7608 --- [nio-8197-exec-1] c.s.e.vue.controller.EmployeeController  : 1-------------findDepartmentsBydeptid-----------------------------Mon Sep 30 22:44:54 KST 2019
2019-09-30 22:44:59.069  INFO 7608 --- [nio-8197-exec-3] c.s.e.vue.controller.EmployeeController  : 1-------------findDepartmentsBydeptid-----------------------------Mon Sep 30 22:44:59 KST 2019
2019-09-30 22:44:59.102  INFO 7608 --- [nio-8197-exec-2] c.s.e.vue.controller.EmployeeController  : 1-------------findDepartmentsBydeptid-----------------------------Mon Sep 30 22:44:59 KST 2019
2019-09-30 22:44:59.571  INFO 7608 --- [nio-8197-exec-4] c.s.e.vue.controller.EmployeeController  : 1-------------findDepartmentsBydeptid-----------------------------Mon Sep 30 22:44:59 KST 2019
2019-09-30 22:45:00.119  INFO 7608 --- [nio-8197-exec-5] c.s.e.vue.controller.EmployeeController  : 1-------------findDepartmentsBydeptid-----------------------------Mon Sep 30 22:45:00 KST 2019
2019-09-30 22:45:00.153  INFO 7608 --- [nio-8197-exec-6] c.s.e.vue.controller.EmployeeController  : 1-------------findDepartmentsBydeptid-----------------------------Mon Sep 30 22:45:00 KST 2019
2019-09-30 22:45:00.169  INFO 7608 --- [nio-8197-exec-7] c.s.e.vue.controller.EmployeeController  : 1-------------findDepartmentsBydeptid-----------------------------Mon Sep 30 22:45:00 KST 2019
2019-09-30 22:45:00.552  INFO 7608 --- [nio-8197-exec-8] c.s.e.vue.controller.EmployeeController  : 1-------------findDepartmentsBydeptid-----------------------------Mon Sep 30 22:45:00 KST 2019
2019-09-30 22:45:00.585  INFO 7608 --- [nio-8197-exec-9] c.s.e.vue.controller.EmployeeController  : 1-------------findDepartmentsBydeptid-----------------------------Mon Sep 30 22:45:00 KST 2019
2019-09-30 22:45:00.651  INFO 7608 --- [io-8197-exec-10] c.s.e.vue.controller.EmployeeController  : 1-------------findDepartmentsBydeptid-----------------------------Mon Sep 30 22:45:00 KST 2019
2019-09-30 22:45:00.673  INFO 7608 --- [nio-8197-exec-1] c.s.e.vue.controller.EmployeeController  : 1-------------findDepartmentsBydeptid-----------------------------Mon Sep 30 22:45:00 KST 2019
2019-09-30 22:45:00.686  INFO 7608 --- [nio-8197-exec-3] c.s.e.vue.controller.EmployeeController  : 1-------------findDepartmentsBydeptid-----------------------------Mon Sep 30 22:45:00 KST 2019
2019-09-30 22:45:01.106  INFO 7608 --- [nio-8197-exec-2] c.s.e.vue.controller.EmployeeController  : 1-------------findAllEmployees-----------------------------Mon Sep 30 22:45:01 KST 2019
2019-09-30 22:45:02.882  INFO 7608 --- [nio-8197-exec-4] c.s.e.vue.controller.EmployeeController  : 1-------------findAllEmployees-----------------------------Mon Sep 30 22:45:02 KST 2019
2019-09-30 22:45:02.913  INFO 7608 --- [nio-8197-exec-5] c.s.e.vue.controller.EmployeeController  : 1-------------findEmployeesByManagerId-----------------------------Mon Sep 30 22:45:02 KST 2019
2019-09-30 22:45:11.285  INFO 7608 --- [nio-8197-exec-6] c.s.e.vue.controller.EmployeeController  : 1-------------findAllEmployees-----------------------------Mon Sep 30 22:45:11 KST 2019
2019-09-30 22:45:11.315  INFO 7608 --- [nio-8197-exec-7] c.s.e.vue.controller.EmployeeController  : 1-------------findAllEmployees-----------------------------Mon Sep 30 22:45:11 KST 2019
2019-09-30 22:45:11.318  INFO 7608 --- [nio-8197-exec-8] c.s.e.vue.controller.EmployeeController  : 4-------------findAllDepartments-----------------------------Mon Sep 30 22:45:11 KST 2019
2019-09-30 22:45:11.322  INFO 7608 --- [nio-8197-exec-9] c.s.e.vue.controller.EmployeeController  : 6-------------findAllTitles-----------------------------Mon Sep 30 22:45:11 KST 2019
2019-09-30 22:45:16.131  INFO 7608 --- [io-8197-exec-10] c.s.e.vue.controller.EmployeeController  : 1-------------findAllEmployees-----------------------------Mon Sep 30 22:45:16 KST 2019
2019-09-30 22:45:16.131  INFO 7608 --- [nio-8197-exec-1] c.s.e.vue.controller.EmployeeController  : 1-------------findEmployeesByManagerId-----------------------------Mon Sep 30 22:45:16 KST 2019
2019-09-30 22:45:17.640  INFO 7608 --- [nio-8197-exec-3] c.s.e.vue.controller.EmployeeController  : 1-------------findAllEmployees-----------------------------Mon Sep 30 22:45:17 KST 2019
2019-09-30 22:45:18.719  INFO 7608 --- [nio-8197-exec-2] c.s.e.vue.controller.EmployeeController  : 1-------------findAllEmployees-----------------------------Mon Sep 30 22:45:18 KST 2019
2019-09-30 22:45:18.730  INFO 7608 --- [nio-8197-exec-2] c.s.e.vue.controller.EmployeeController  : 4-------------findAllDepartments-----------------------------Mon Sep 30 22:45:18 KST 2019
2019-09-30 22:45:18.733  INFO 7608 --- [nio-8197-exec-4] c.s.e.vue.controller.EmployeeController  : 6-------------findAllTitles-----------------------------Mon Sep 30 22:45:18 KST 2019
2019-09-30 22:45:30.636  INFO 7608 --- [nio-8197-exec-6] c.s.e.vue.controller.EmployeeController  : 3-------------findLikeEmployees-----------------------------Mon Sep 30 22:45:30 KST 2019
2019-09-30 22:45:36.364  INFO 7608 --- [nio-8197-exec-7] c.s.e.vue.controller.EmployeeController  : 3-------------findLikeEmployees-----------------------------Mon Sep 30 22:45:36 KST 2019
2019-09-30 22:45:39.652  INFO 7608 --- [nio-8197-exec-9] c.s.e.vue.controller.EmployeeController  : 1-------------findAllDepCounts-----------------------------Mon Sep 30 22:45:39 KST 2019
2019-09-30 22:45:57.046  INFO 7608 --- [nio-8197-exec-8] c.s.e.vue.controller.EmployeeController  : 1-------------findAllEmployees-----------------------------Mon Sep 30 22:45:57 KST 2019
2019-09-30 22:46:25.153  INFO 7608 --- [nio-8197-exec-3] c.s.e.vue.controller.EmployeeController  : 1-------------findAllEmployees-----------------------------Mon Sep 30 22:46:25 KST 2019
2019-09-30 22:46:25.164  INFO 7608 --- [nio-8197-exec-5] c.s.e.vue.controller.EmployeeController  : 4-------------findAllDepartments-----------------------------Mon Sep 30 22:46:25 KST 2019
2019-09-30 22:46:25.168  INFO 7608 --- [nio-8197-exec-2] c.s.e.vue.controller.EmployeeController  : 6-------------findAllTitles-----------------------------Mon Sep 30 22:46:25 KST 2019
2019-09-30 22:46:27.210  INFO 7608 --- [nio-8197-exec-4] c.s.e.vue.controller.EmployeeController  : 1-------------findAllEmployees-----------------------------Mon Sep 30 22:46:27 KST 2019
2019-09-30 22:46:27.656  INFO 7608 --- [nio-8197-exec-6] c.s.e.vue.controller.EmployeeController  : 1-------------findAllDepCounts-----------------------------Mon Sep 30 22:46:27 KST 2019
2019-09-30 22:46:28.760  INFO 7608 --- [nio-8197-exec-7] c.s.e.vue.controller.EmployeeController  : 1-------------findAllEmployees-----------------------------Mon Sep 30 22:46:28 KST 2019
2019-09-30 22:46:29.885  INFO 7608 --- [nio-8197-exec-9] c.s.e.vue.controller.EmployeeController  : 1-------------findAllDepCounts-----------------------------Mon Sep 30 22:46:29 KST 2019
2019-09-30 22:46:30.305  INFO 7608 --- [nio-8197-exec-8] c.s.e.vue.controller.EmployeeController  : 1-------------findDepartmentsBydeptid-----------------------------Mon Sep 30 22:46:30 KST 2019
2019-09-30 22:46:30.419  INFO 7608 --- [nio-8197-exec-1] c.s.e.vue.controller.EmployeeController  : 1-------------findDepartmentsBydeptid-----------------------------Mon Sep 30 22:46:30 KST 2019
2019-09-30 22:46:31.036  INFO 7608 --- [io-8197-exec-10] c.s.e.vue.controller.EmployeeController  : 1-------------findDepartmentsBydeptid-----------------------------Mon Sep 30 22:46:31 KST 2019
2019-09-30 22:46:31.085  INFO 7608 --- [nio-8197-exec-3] c.s.e.vue.controller.EmployeeController  : 1-------------findDepartmentsBydeptid-----------------------------Mon Sep 30 22:46:31 KST 2019
2019-09-30 22:46:31.104  INFO 7608 --- [nio-8197-exec-5] c.s.e.vue.controller.EmployeeController  : 1-------------findDepartmentsBydeptid-----------------------------Mon Sep 30 22:46:31 KST 2019
2019-09-30 22:46:31.123  INFO 7608 --- [nio-8197-exec-2] c.s.e.vue.controller.EmployeeController  : 1-------------findDepartmentsBydeptid-----------------------------Mon Sep 30 22:46:31 KST 2019
2019-09-30 22:46:31.138  INFO 7608 --- [nio-8197-exec-4] c.s.e.vue.controller.EmployeeController  : 1-------------findDepartmentsBydeptid-----------------------------Mon Sep 30 22:46:31 KST 2019
2019-09-30 22:46:32.119  INFO 7608 --- [nio-8197-exec-6] c.s.e.vue.controller.EmployeeController  : 1-------------findDepartmentsBydeptid-----------------------------Mon Sep 30 22:46:32 KST 2019
2019-09-30 22:46:32.140  INFO 7608 --- [nio-8197-exec-7] c.s.e.vue.controller.EmployeeController  : 1-------------findDepartmentsBydeptid-----------------------------Mon Sep 30 22:46:32 KST 2019
2019-09-30 22:46:32.153  INFO 7608 --- [nio-8197-exec-9] c.s.e.vue.controller.EmployeeController  : 1-------------findDepartmentsBydeptid-----------------------------Mon Sep 30 22:46:32 KST 2019
2019-09-30 22:46:33.167  INFO 7608 --- [nio-8197-exec-8] c.s.e.vue.controller.EmployeeController  : 1-------------findDepartmentsBydeptid-----------------------------Mon Sep 30 22:46:33 KST 2019
2019-09-30 22:46:35.818  INFO 7608 --- [nio-8197-exec-1] c.s.e.vue.controller.EmployeeController  : 1-------------findDepartmentsBydeptid-----------------------------Mon Sep 30 22:46:35 KST 2019
2019-09-30 22:46:35.850  INFO 7608 --- [io-8197-exec-10] c.s.e.vue.controller.EmployeeController  : 1-------------findDepartmentsBydeptid-----------------------------Mon Sep 30 22:46:35 KST 2019
2019-09-30 22:46:35.870  INFO 7608 --- [nio-8197-exec-3] c.s.e.vue.controller.EmployeeController  : 1-------------findDepartmentsBydeptid-----------------------------Mon Sep 30 22:46:35 KST 2019
2019-09-30 22:46:35.948  INFO 7608 --- [nio-8197-exec-5] c.s.e.vue.controller.EmployeeController  : 1-------------findDepartmentsBydeptid-----------------------------Mon Sep 30 22:46:35 KST 2019
2019-09-30 22:46:35.968  INFO 7608 --- [nio-8197-exec-2] c.s.e.vue.controller.EmployeeController  : 1-------------findDepartmentsBydeptid-----------------------------Mon Sep 30 22:46:35 KST 2019
2019-09-30 22:46:36.106  INFO 7608 --- [nio-8197-exec-4] c.s.e.vue.controller.EmployeeController  : 1-------------findDepartmentsBydeptid-----------------------------Mon Sep 30 22:46:36 KST 2019
2019-09-30 22:46:36.183  INFO 7608 --- [nio-8197-exec-6] c.s.e.vue.controller.EmployeeController  : 1-------------findDepartmentsBydeptid-----------------------------Mon Sep 30 22:46:36 KST 2019
2019-09-30 22:46:36.268  INFO 7608 --- [nio-8197-exec-7] c.s.e.vue.controller.EmployeeController  : 1-------------findDepartmentsBydeptid-----------------------------Mon Sep 30 22:46:36 KST 2019
2019-09-30 22:46:36.566  INFO 7608 --- [nio-8197-exec-9] c.s.e.vue.controller.EmployeeController  : 1-------------findDepartmentsBydeptid-----------------------------Mon Sep 30 22:46:36 KST 2019
2019-09-30 22:46:44.620  INFO 7608 --- [nio-8197-exec-8] c.s.e.vue.controller.EmployeeController  : 1-------------findDepartmentsBydeptid-----------------------------Mon Sep 30 22:46:44 KST 2019
2019-09-30 22:46:44.648  INFO 7608 --- [nio-8197-exec-1] c.s.e.vue.controller.EmployeeController  : 1-------------findDepartmentsBydeptid-----------------------------Mon Sep 30 22:46:44 KST 2019
2019-09-30 22:46:44.866  INFO 7608 --- [io-8197-exec-10] c.s.e.vue.controller.EmployeeController  : 1-------------findDepartmentsBydeptid-----------------------------Mon Sep 30 22:46:44 KST 2019
2019-09-30 22:46:44.946  INFO 7608 --- [nio-8197-exec-3] c.s.e.vue.controller.EmployeeController  : 1-------------findDepartmentsBydeptid-----------------------------Mon Sep 30 22:46:44 KST 2019
2019-09-30 22:46:44.982  INFO 7608 --- [nio-8197-exec-5] c.s.e.vue.controller.EmployeeController  : 1-------------findDepartmentsBydeptid-----------------------------Mon Sep 30 22:46:44 KST 2019
2019-09-30 22:46:45.063  INFO 7608 --- [nio-8197-exec-2] c.s.e.vue.controller.EmployeeController  : 1-------------findDepartmentsBydeptid-----------------------------Mon Sep 30 22:46:45 KST 2019
2019-09-30 22:46:45.082  INFO 7608 --- [nio-8197-exec-4] c.s.e.vue.controller.EmployeeController  : 1-------------findDepartmentsBydeptid-----------------------------Mon Sep 30 22:46:45 KST 2019
2019-09-30 22:46:45.165  INFO 7608 --- [nio-8197-exec-6] c.s.e.vue.controller.EmployeeController  : 1-------------findDepartmentsBydeptid-----------------------------Mon Sep 30 22:46:45 KST 2019
2019-09-30 22:46:45.184  INFO 7608 --- [nio-8197-exec-7] c.s.e.vue.controller.EmployeeController  : 1-------------findDepartmentsBydeptid-----------------------------Mon Sep 30 22:46:45 KST 2019
2019-09-30 22:46:45.249  INFO 7608 --- [nio-8197-exec-9] c.s.e.vue.controller.EmployeeController  : 1-------------findDepartmentsBydeptid-----------------------------Mon Sep 30 22:46:45 KST 2019
2019-09-30 22:46:45.266  INFO 7608 --- [nio-8197-exec-8] c.s.e.vue.controller.EmployeeController  : 1-------------findDepartmentsBydeptid-----------------------------Mon Sep 30 22:46:45 KST 2019
2019-09-30 22:46:45.299  INFO 7608 --- [nio-8197-exec-1] c.s.e.vue.controller.EmployeeController  : 1-------------findDepartmentsBydeptid-----------------------------Mon Sep 30 22:46:45 KST 2019
2019-09-30 22:46:45.364  INFO 7608 --- [io-8197-exec-10] c.s.e.vue.controller.EmployeeController  : 1-------------findDepartmentsBydeptid-----------------------------Mon Sep 30 22:46:45 KST 2019
2019-09-30 22:46:45.383  INFO 7608 --- [nio-8197-exec-3] c.s.e.vue.controller.EmployeeController  : 1-------------findDepartmentsBydeptid-----------------------------Mon Sep 30 22:46:45 KST 2019
2019-09-30 22:46:45.448  INFO 7608 --- [nio-8197-exec-5] c.s.e.vue.controller.EmployeeController  : 1-------------findDepartmentsBydeptid-----------------------------Mon Sep 30 22:46:45 KST 2019
2019-09-30 22:46:45.468  INFO 7608 --- [nio-8197-exec-2] c.s.e.vue.controller.EmployeeController  : 1-------------findDepartmentsBydeptid-----------------------------Mon Sep 30 22:46:45 KST 2019
2019-09-30 22:46:45.530  INFO 7608 --- [nio-8197-exec-4] c.s.e.vue.controller.EmployeeController  : 1-------------findDepartmentsBydeptid-----------------------------Mon Sep 30 22:46:45 KST 2019
2019-09-30 22:46:45.550  INFO 7608 --- [nio-8197-exec-6] c.s.e.vue.controller.EmployeeController  : 1-------------findDepartmentsBydeptid-----------------------------Mon Sep 30 22:46:45 KST 2019
2019-09-30 22:46:45.632  INFO 7608 --- [nio-8197-exec-7] c.s.e.vue.controller.EmployeeController  : 1-------------findDepartmentsBydeptid-----------------------------Mon Sep 30 22:46:45 KST 2019
2019-09-30 22:46:45.664  INFO 7608 --- [nio-8197-exec-9] c.s.e.vue.controller.EmployeeController  : 1-------------findDepartmentsBydeptid-----------------------------Mon Sep 30 22:46:45 KST 2019
2019-09-30 22:46:45.755  INFO 7608 --- [nio-8197-exec-8] c.s.e.vue.controller.EmployeeController  : 1-------------findDepartmentsBydeptid-----------------------------Mon Sep 30 22:46:45 KST 2019
2019-09-30 22:46:45.775  INFO 7608 --- [nio-8197-exec-1] c.s.e.vue.controller.EmployeeController  : 1-------------findDepartmentsBydeptid-----------------------------Mon Sep 30 22:46:45 KST 2019
2019-09-30 22:46:45.789  INFO 7608 --- [io-8197-exec-10] c.s.e.vue.controller.EmployeeController  : 1-------------findDepartmentsBydeptid-----------------------------Mon Sep 30 22:46:45 KST 2019
2019-09-30 22:46:45.839  INFO 7608 --- [nio-8197-exec-3] c.s.e.vue.controller.EmployeeController  : 1-------------findDepartmentsBydeptid-----------------------------Mon Sep 30 22:46:45 KST 2019
2019-09-30 22:46:45.862  INFO 7608 --- [nio-8197-exec-5] c.s.e.vue.controller.EmployeeController  : 1-------------findDepartmentsBydeptid-----------------------------Mon Sep 30 22:46:45 KST 2019
2019-09-30 22:46:45.871  INFO 7608 --- [nio-8197-exec-2] c.s.e.vue.controller.EmployeeController  : 1-------------findDepartmentsBydeptid-----------------------------Mon Sep 30 22:46:45 KST 2019
2019-09-30 22:46:45.954  INFO 7608 --- [nio-8197-exec-4] c.s.e.vue.controller.EmployeeController  : 1-------------findDepartmentsBydeptid-----------------------------Mon Sep 30 22:46:45 KST 2019
2019-09-30 22:46:45.981  INFO 7608 --- [nio-8197-exec-6] c.s.e.vue.controller.EmployeeController  : 1-------------findDepartmentsBydeptid-----------------------------Mon Sep 30 22:46:45 KST 2019
2019-09-30 22:46:46.034  INFO 7608 --- [nio-8197-exec-7] c.s.e.vue.controller.EmployeeController  : 1-------------findDepartmentsBydeptid-----------------------------Mon Sep 30 22:46:46 KST 2019
2019-09-30 22:46:46.052  INFO 7608 --- [nio-8197-exec-9] c.s.e.vue.controller.EmployeeController  : 1-------------findDepartmentsBydeptid-----------------------------Mon Sep 30 22:46:46 KST 2019
2019-09-30 22:46:46.066  INFO 7608 --- [nio-8197-exec-8] c.s.e.vue.controller.EmployeeController  : 1-------------findDepartmentsBydeptid-----------------------------Mon Sep 30 22:46:46 KST 2019
2019-09-30 22:46:46.154  INFO 7608 --- [nio-8197-exec-1] c.s.e.vue.controller.EmployeeController  : 1-------------findDepartmentsBydeptid-----------------------------Mon Sep 30 22:46:46 KST 2019
2019-09-30 22:46:46.186  INFO 7608 --- [io-8197-exec-10] c.s.e.vue.controller.EmployeeController  : 1-------------findDepartmentsBydeptid-----------------------------Mon Sep 30 22:46:46 KST 2019
2019-09-30 22:46:46.255  INFO 7608 --- [nio-8197-exec-3] c.s.e.vue.controller.EmployeeController  : 1-------------findDepartmentsBydeptid-----------------------------Mon Sep 30 22:46:46 KST 2019
2019-09-30 22:46:46.281  INFO 7608 --- [nio-8197-exec-5] c.s.e.vue.controller.EmployeeController  : 1-------------findDepartmentsBydeptid-----------------------------Mon Sep 30 22:46:46 KST 2019
2019-09-30 22:46:46.315  INFO 7608 --- [nio-8197-exec-2] c.s.e.vue.controller.EmployeeController  : 1-------------findDepartmentsBydeptid-----------------------------Mon Sep 30 22:46:46 KST 2019
2019-09-30 22:46:46.338  INFO 7608 --- [nio-8197-exec-4] c.s.e.vue.controller.EmployeeController  : 1-------------findDepartmentsBydeptid-----------------------------Mon Sep 30 22:46:46 KST 2019
2019-09-30 22:46:46.348  INFO 7608 --- [nio-8197-exec-6] c.s.e.vue.controller.EmployeeController  : 1-------------findDepartmentsBydeptid-----------------------------Mon Sep 30 22:46:46 KST 2019
2019-09-30 22:46:46.366  INFO 7608 --- [nio-8197-exec-7] c.s.e.vue.controller.EmployeeController  : 1-------------findDepartmentsBydeptid-----------------------------Mon Sep 30 22:46:46 KST 2019
2019-09-30 22:46:46.398  INFO 7608 --- [nio-8197-exec-9] c.s.e.vue.controller.EmployeeController  : 1-------------findDepartmentsBydeptid-----------------------------Mon Sep 30 22:46:46 KST 2019
2019-09-30 22:46:46.413  INFO 7608 --- [nio-8197-exec-8] c.s.e.vue.controller.EmployeeController  : 1-------------findDepartmentsBydeptid-----------------------------Mon Sep 30 22:46:46 KST 2019
2019-09-30 22:46:46.433  INFO 7608 --- [nio-8197-exec-1] c.s.e.vue.controller.EmployeeController  : 1-------------findDepartmentsBydeptid-----------------------------Mon Sep 30 22:46:46 KST 2019
2019-09-30 22:46:46.465  INFO 7608 --- [io-8197-exec-10] c.s.e.vue.controller.EmployeeController  : 1-------------findDepartmentsBydeptid-----------------------------Mon Sep 30 22:46:46 KST 2019
2019-09-30 22:46:46.557  INFO 7608 --- [nio-8197-exec-3] c.s.e.vue.controller.EmployeeController  : 1-------------findDepartmentsBydeptid-----------------------------Mon Sep 30 22:46:46 KST 2019
2019-09-30 22:46:46.593  INFO 7608 --- [nio-8197-exec-5] c.s.e.vue.controller.EmployeeController  : 1-------------findDepartmentsBydeptid-----------------------------Mon Sep 30 22:46:46 KST 2019
2019-09-30 22:46:46.622  INFO 7608 --- [nio-8197-exec-2] c.s.e.vue.controller.EmployeeController  : 1-------------findDepartmentsBydeptid-----------------------------Mon Sep 30 22:46:46 KST 2019
2019-09-30 22:46:46.636  INFO 7608 --- [nio-8197-exec-4] c.s.e.vue.controller.EmployeeController  : 1-------------findDepartmentsBydeptid-----------------------------Mon Sep 30 22:46:46 KST 2019
2019-09-30 22:46:46.649  INFO 7608 --- [nio-8197-exec-6] c.s.e.vue.controller.EmployeeController  : 1-------------findDepartmentsBydeptid-----------------------------Mon Sep 30 22:46:46 KST 2019
2019-09-30 22:46:46.720  INFO 7608 --- [nio-8197-exec-7] c.s.e.vue.controller.EmployeeController  : 1-------------findDepartmentsBydeptid-----------------------------Mon Sep 30 22:46:46 KST 2019
2019-09-30 22:46:46.744  INFO 7608 --- [nio-8197-exec-9] c.s.e.vue.controller.EmployeeController  : 1-------------findDepartmentsBydeptid-----------------------------Mon Sep 30 22:46:46 KST 2019
2019-09-30 22:46:46.766  INFO 7608 --- [nio-8197-exec-8] c.s.e.vue.controller.EmployeeController  : 1-------------findDepartmentsBydeptid-----------------------------Mon Sep 30 22:46:46 KST 2019
2019-09-30 22:46:46.802  INFO 7608 --- [nio-8197-exec-1] c.s.e.vue.controller.EmployeeController  : 1-------------findDepartmentsBydeptid-----------------------------Mon Sep 30 22:46:46 KST 2019
2019-09-30 22:46:46.816  INFO 7608 --- [io-8197-exec-10] c.s.e.vue.controller.EmployeeController  : 1-------------findDepartmentsBydeptid-----------------------------Mon Sep 30 22:46:46 KST 2019
2019-09-30 22:46:46.833  INFO 7608 --- [nio-8197-exec-3] c.s.e.vue.controller.EmployeeController  : 1-------------findDepartmentsBydeptid-----------------------------Mon Sep 30 22:46:46 KST 2019
2019-09-30 22:46:46.850  INFO 7608 --- [nio-8197-exec-5] c.s.e.vue.controller.EmployeeController  : 1-------------findDepartmentsBydeptid-----------------------------Mon Sep 30 22:46:46 KST 2019
2019-09-30 22:46:46.920  INFO 7608 --- [nio-8197-exec-2] c.s.e.vue.controller.EmployeeController  : 1-------------findDepartmentsBydeptid-----------------------------Mon Sep 30 22:46:46 KST 2019
2019-09-30 22:46:46.956  INFO 7608 --- [nio-8197-exec-4] c.s.e.vue.controller.EmployeeController  : 1-------------findDepartmentsBydeptid-----------------------------Mon Sep 30 22:46:46 KST 2019
2019-09-30 22:46:46.970  INFO 7608 --- [nio-8197-exec-6] c.s.e.vue.controller.EmployeeController  : 1-------------findDepartmentsBydeptid-----------------------------Mon Sep 30 22:46:46 KST 2019
2019-09-30 22:46:46.982  INFO 7608 --- [nio-8197-exec-7] c.s.e.vue.controller.EmployeeController  : 1-------------findDepartmentsBydeptid-----------------------------Mon Sep 30 22:46:46 KST 2019
2019-09-30 22:46:47.020  INFO 7608 --- [nio-8197-exec-9] c.s.e.vue.controller.EmployeeController  : 1-------------findDepartmentsBydeptid-----------------------------Mon Sep 30 22:46:47 KST 2019
2019-09-30 22:46:47.039  INFO 7608 --- [nio-8197-exec-8] c.s.e.vue.controller.EmployeeController  : 1-------------findDepartmentsBydeptid-----------------------------Mon Sep 30 22:46:47 KST 2019
2019-09-30 22:46:47.103  INFO 7608 --- [nio-8197-exec-1] c.s.e.vue.controller.EmployeeController  : 1-------------findDepartmentsBydeptid-----------------------------Mon Sep 30 22:46:47 KST 2019
2019-09-30 22:46:47.124  INFO 7608 --- [io-8197-exec-10] c.s.e.vue.controller.EmployeeController  : 1-------------findDepartmentsBydeptid-----------------------------Mon Sep 30 22:46:47 KST 2019
2019-09-30 22:46:47.169  INFO 7608 --- [nio-8197-exec-3] c.s.e.vue.controller.EmployeeController  : 1-------------findDepartmentsBydeptid-----------------------------Mon Sep 30 22:46:47 KST 2019
2019-09-30 22:46:47.181  INFO 7608 --- [nio-8197-exec-5] c.s.e.vue.controller.EmployeeController  : 1-------------findDepartmentsBydeptid-----------------------------Mon Sep 30 22:46:47 KST 2019
2019-09-30 22:46:47.196  INFO 7608 --- [nio-8197-exec-2] c.s.e.vue.controller.EmployeeController  : 1-------------findDepartmentsBydeptid-----------------------------Mon Sep 30 22:46:47 KST 2019
2019-09-30 22:46:47.237  INFO 7608 --- [nio-8197-exec-4] c.s.e.vue.controller.EmployeeController  : 1-------------findDepartmentsBydeptid-----------------------------Mon Sep 30 22:46:47 KST 2019
2019-09-30 22:46:47.282  INFO 7608 --- [nio-8197-exec-6] c.s.e.vue.controller.EmployeeController  : 1-------------findDepartmentsBydeptid-----------------------------Mon Sep 30 22:46:47 KST 2019
2019-09-30 22:46:48.772  INFO 7608 --- [nio-8197-exec-7] c.s.e.vue.controller.EmployeeController  : 1-------------findDepartmentsBydeptid-----------------------------Mon Sep 30 22:46:48 KST 2019
2019-09-30 22:46:48.931  INFO 7608 --- [nio-8197-exec-9] c.s.e.vue.controller.EmployeeController  : 1-------------findDepartmentsBydeptid-----------------------------Mon Sep 30 22:46:48 KST 2019
2019-09-30 22:46:48.948  INFO 7608 --- [nio-8197-exec-8] c.s.e.vue.controller.EmployeeController  : 1-------------findDepartmentsBydeptid-----------------------------Mon Sep 30 22:46:48 KST 2019
2019-09-30 22:46:48.996  INFO 7608 --- [nio-8197-exec-1] c.s.e.vue.controller.EmployeeController  : 1-------------findDepartmentsBydeptid-----------------------------Mon Sep 30 22:46:48 KST 2019
2019-09-30 22:46:49.112  INFO 7608 --- [io-8197-exec-10] c.s.e.vue.controller.EmployeeController  : 1-------------findDepartmentsBydeptid-----------------------------Mon Sep 30 22:46:49 KST 2019
2019-09-30 22:46:49.129  INFO 7608 --- [nio-8197-exec-3] c.s.e.vue.controller.EmployeeController  : 1-------------findDepartmentsBydeptid-----------------------------Mon Sep 30 22:46:49 KST 2019
2019-09-30 22:46:49.181  INFO 7608 --- [nio-8197-exec-5] c.s.e.vue.controller.EmployeeController  : 1-------------findDepartmentsBydeptid-----------------------------Mon Sep 30 22:46:49 KST 2019
2019-09-30 22:46:49.278  INFO 7608 --- [nio-8197-exec-2] c.s.e.vue.controller.EmployeeController  : 1-------------findDepartmentsBydeptid-----------------------------Mon Sep 30 22:46:49 KST 2019
2019-09-30 22:46:49.296  INFO 7608 --- [nio-8197-exec-4] c.s.e.vue.controller.EmployeeController  : 1-------------findDepartmentsBydeptid-----------------------------Mon Sep 30 22:46:49 KST 2019
2019-09-30 22:46:49.314  INFO 7608 --- [nio-8197-exec-6] c.s.e.vue.controller.EmployeeController  : 1-------------findDepartmentsBydeptid-----------------------------Mon Sep 30 22:46:49 KST 2019
2019-09-30 22:46:49.362  INFO 7608 --- [nio-8197-exec-7] c.s.e.vue.controller.EmployeeController  : 1-------------findDepartmentsBydeptid-----------------------------Mon Sep 30 22:46:49 KST 2019
2019-09-30 22:46:49.478  INFO 7608 --- [nio-8197-exec-9] c.s.e.vue.controller.EmployeeController  : 1-------------findDepartmentsBydeptid-----------------------------Mon Sep 30 22:46:49 KST 2019
2019-09-30 22:46:49.497  INFO 7608 --- [nio-8197-exec-8] c.s.e.vue.controller.EmployeeController  : 1-------------findDepartmentsBydeptid-----------------------------Mon Sep 30 22:46:49 KST 2019
2019-09-30 22:46:49.529  INFO 7608 --- [nio-8197-exec-1] c.s.e.vue.controller.EmployeeController  : 1-------------findDepartmentsBydeptid-----------------------------Mon Sep 30 22:46:49 KST 2019
2019-09-30 22:46:50.114  INFO 7608 --- [io-8197-exec-10] c.s.e.vue.controller.EmployeeController  : 1-------------findDepartmentsBydeptid-----------------------------Mon Sep 30 22:46:50 KST 2019
2019-09-30 22:46:50.133  INFO 7608 --- [nio-8197-exec-3] c.s.e.vue.controller.EmployeeController  : 1-------------findDepartmentsBydeptid-----------------------------Mon Sep 30 22:46:50 KST 2019
2019-09-30 22:46:50.152  INFO 7608 --- [nio-8197-exec-5] c.s.e.vue.controller.EmployeeController  : 1-------------findDepartmentsBydeptid-----------------------------Mon Sep 30 22:46:50 KST 2019
2019-09-30 22:46:50.180  INFO 7608 --- [nio-8197-exec-2] c.s.e.vue.controller.EmployeeController  : 1-------------findDepartmentsBydeptid-----------------------------Mon Sep 30 22:46:50 KST 2019
2019-09-30 22:46:50.198  INFO 7608 --- [nio-8197-exec-4] c.s.e.vue.controller.EmployeeController  : 1-------------findDepartmentsBydeptid-----------------------------Mon Sep 30 22:46:50 KST 2019
2019-09-30 22:46:50.314  INFO 7608 --- [nio-8197-exec-6] c.s.e.vue.controller.EmployeeController  : 1-------------findDepartmentsBydeptid-----------------------------Mon Sep 30 22:46:50 KST 2019
2019-09-30 22:46:50.331  INFO 7608 --- [nio-8197-exec-7] c.s.e.vue.controller.EmployeeController  : 1-------------findDepartmentsBydeptid-----------------------------Mon Sep 30 22:46:50 KST 2019
2019-09-30 22:46:50.351  INFO 7608 --- [nio-8197-exec-9] c.s.e.vue.controller.EmployeeController  : 1-------------findDepartmentsBydeptid-----------------------------Mon Sep 30 22:46:50 KST 2019
2019-09-30 22:46:50.380  INFO 7608 --- [nio-8197-exec-8] c.s.e.vue.controller.EmployeeController  : 1-------------findDepartmentsBydeptid-----------------------------Mon Sep 30 22:46:50 KST 2019
2019-09-30 22:46:50.399  INFO 7608 --- [nio-8197-exec-1] c.s.e.vue.controller.EmployeeController  : 1-------------findDepartmentsBydeptid-----------------------------Mon Sep 30 22:46:50 KST 2019
