2019-05-03 00:11:03.808  INFO 38348 --- [nio-8197-exec-5] c.s.e.vue.controller.EmployeeController  : 1-------------findDepartmentsBydeptid-----------------------------Fri May 03 00:11:03 KST 2019
2019-05-03 00:11:07.938  INFO 38348 --- [nio-8197-exec-7] c.s.e.vue.controller.EmployeeController  : 1-------------findAllEmployees-----------------------------Fri May 03 00:11:07 KST 2019
2019-05-03 00:11:12.776  INFO 38348 --- [nio-8197-exec-3] c.s.e.vue.controller.EmployeeController  : 1-------------findAllEmployees-----------------------------Fri May 03 00:11:12 KST 2019
2019-05-03 00:11:20.437  INFO 38348 --- [nio-8197-exec-2] c.s.e.vue.controller.EmployeeController  : 1-------------findAllEmployees-----------------------------Fri May 03 00:11:20 KST 2019
2019-05-03 00:11:22.471  INFO 38348 --- [nio-8197-exec-9] c.s.e.vue.controller.EmployeeController  : 1-------------findAllEmployees-----------------------------Fri May 03 00:11:22 KST 2019
2019-05-03 00:11:28.164  INFO 38348 --- [nio-8197-exec-6] c.s.e.vue.controller.EmployeeController  : 1-------------findAllDepCounts-----------------------------Fri May 03 00:11:28 KST 2019
2019-05-03 00:11:28.688  INFO 38348 --- [io-8197-exec-10] c.s.e.vue.controller.EmployeeController  : 1-------------findDepartmentsBydeptid-----------------------------Fri May 03 00:11:28 KST 2019
2019-05-03 00:11:28.726  INFO 38348 --- [nio-8197-exec-1] c.s.e.vue.controller.EmployeeController  : 1-------------findDepartmentsBydeptid-----------------------------Fri May 03 00:11:28 KST 2019
2019-05-03 00:11:28.761  INFO 38348 --- [nio-8197-exec-4] c.s.e.vue.controller.EmployeeController  : 1-------------findDepartmentsBydeptid-----------------------------Fri May 03 00:11:28 KST 2019
2019-05-03 00:11:29.128  INFO 38348 --- [nio-8197-exec-8] c.s.e.vue.controller.EmployeeController  : 1-------------findDepartmentsBydeptid-----------------------------Fri May 03 00:11:29 KST 2019
2019-05-03 00:11:30.657  INFO 38348 --- [nio-8197-exec-5] c.s.e.vue.controller.EmployeeController  : 1-------------findDepartmentsBydeptid-----------------------------Fri May 03 00:11:30 KST 2019
2019-05-03 00:11:30.866  INFO 38348 --- [nio-8197-exec-7] c.s.e.vue.controller.EmployeeController  : 1-------------findDepartmentsBydeptid-----------------------------Fri May 03 00:11:30 KST 2019
2019-05-03 00:11:30.889  INFO 38348 --- [nio-8197-exec-3] c.s.e.vue.controller.EmployeeController  : 1-------------findDepartmentsBydeptid-----------------------------Fri May 03 00:11:30 KST 2019
2019-05-03 00:11:31.010  INFO 38348 --- [nio-8197-exec-2] c.s.e.vue.controller.EmployeeController  : 1-------------findDepartmentsBydeptid-----------------------------Fri May 03 00:11:31 KST 2019
2019-05-03 00:11:31.205  INFO 38348 --- [nio-8197-exec-9] c.s.e.vue.controller.EmployeeController  : 1-------------findDepartmentsBydeptid-----------------------------Fri May 03 00:11:31 KST 2019
2019-05-03 00:11:31.274  INFO 38348 --- [nio-8197-exec-6] c.s.e.vue.controller.EmployeeController  : 1-------------findDepartmentsBydeptid-----------------------------Fri May 03 00:11:31 KST 2019
2019-05-03 00:11:31.303  INFO 38348 --- [io-8197-exec-10] c.s.e.vue.controller.EmployeeController  : 1-------------findDepartmentsBydeptid-----------------------------Fri May 03 00:11:31 KST 2019
2019-05-03 00:11:31.443  INFO 38348 --- [nio-8197-exec-1] c.s.e.vue.controller.EmployeeController  : 1-------------findDepartmentsBydeptid-----------------------------Fri May 03 00:11:31 KST 2019
2019-05-03 00:11:32.156  INFO 38348 --- [nio-8197-exec-4] c.s.e.vue.controller.EmployeeController  : 1-------------findDepartmentsBydeptid-----------------------------Fri May 03 00:11:32 KST 2019
2019-05-03 00:11:32.368  INFO 38348 --- [nio-8197-exec-8] c.s.e.vue.controller.EmployeeController  : 1-------------findDepartmentsBydeptid-----------------------------Fri May 03 00:11:32 KST 2019
2019-05-03 00:11:32.391  INFO 38348 --- [nio-8197-exec-5] c.s.e.vue.controller.EmployeeController  : 1-------------findDepartmentsBydeptid-----------------------------Fri May 03 00:11:32 KST 2019
2019-05-03 00:11:33.805  INFO 38348 --- [nio-8197-exec-7] c.s.e.vue.controller.EmployeeController  : 1-------------findDepartmentsBydeptid-----------------------------Fri May 03 00:11:33 KST 2019
2019-05-03 00:11:37.522  INFO 38348 --- [nio-8197-exec-3] c.s.e.vue.controller.EmployeeController  : 1-------------findDepartmentsBydeptid-----------------------------Fri May 03 00:11:37 KST 2019
2019-05-03 00:11:38.935  INFO 38348 --- [nio-8197-exec-2] c.s.e.vue.controller.EmployeeController  : 1-------------findDepartmentsBydeptid-----------------------------Fri May 03 00:11:38 KST 2019
2019-05-03 00:11:38.951  INFO 38348 --- [nio-8197-exec-9] c.s.e.vue.controller.EmployeeController  : 1-------------findDepartmentsBydeptid-----------------------------Fri May 03 00:11:38 KST 2019
2019-05-03 00:11:38.959  INFO 38348 --- [nio-8197-exec-6] c.s.e.vue.controller.EmployeeController  : 1-------------findDepartmentsBydeptid-----------------------------Fri May 03 00:11:38 KST 2019
2019-05-03 00:11:38.991  INFO 38348 --- [io-8197-exec-10] c.s.e.vue.controller.EmployeeController  : 1-------------findDepartmentsBydeptid-----------------------------Fri May 03 00:11:38 KST 2019
2019-05-03 00:11:39.111  INFO 38348 --- [nio-8197-exec-1] c.s.e.vue.controller.EmployeeController  : 1-------------findDepartmentsBydeptid-----------------------------Fri May 03 00:11:39 KST 2019
2019-05-03 00:11:39.297  INFO 38348 --- [nio-8197-exec-4] c.s.e.vue.controller.EmployeeController  : 1-------------findDepartmentsBydeptid-----------------------------Fri May 03 00:11:39 KST 2019
2019-05-03 00:11:39.442  INFO 38348 --- [nio-8197-exec-8] c.s.e.vue.controller.EmployeeController  : 1-------------findDepartmentsBydeptid-----------------------------Fri May 03 00:11:39 KST 2019
2019-05-03 00:13:32.977  INFO 38348 --- [nio-8197-exec-3] c.s.e.vue.controller.EmployeeController  : 1-------------findDepartmentsBydeptid-----------------------------Fri May 03 00:13:32 KST 2019
2019-05-03 00:13:33.016  INFO 38348 --- [nio-8197-exec-2] c.s.e.vue.controller.EmployeeController  : 1-------------findDepartmentsBydeptid-----------------------------Fri May 03 00:13:33 KST 2019
2019-05-03 00:13:33.780  INFO 38348 --- [nio-8197-exec-9] c.s.e.vue.controller.EmployeeController  : 1-------------findDepartmentsBydeptid-----------------------------Fri May 03 00:13:33 KST 2019
2019-05-03 00:14:03.366  INFO 38348 --- [nio-8197-exec-6] c.s.e.vue.controller.EmployeeController  : 1-------------findDepartmentsBydeptid-----------------------------Fri May 03 00:14:03 KST 2019
2019-05-03 00:14:03.397  INFO 38348 --- [io-8197-exec-10] c.s.e.vue.controller.EmployeeController  : 1-------------findDepartmentsBydeptid-----------------------------Fri May 03 00:14:03 KST 2019
2019-05-03 00:14:03.425  INFO 38348 --- [nio-8197-exec-1] c.s.e.vue.controller.EmployeeController  : 1-------------findDepartmentsBydeptid-----------------------------Fri May 03 00:14:03 KST 2019
2019-05-03 00:14:03.520  INFO 38348 --- [nio-8197-exec-4] c.s.e.vue.controller.EmployeeController  : 1-------------findDepartmentsBydeptid-----------------------------Fri May 03 00:14:03 KST 2019
2019-05-03 00:14:03.617  INFO 38348 --- [nio-8197-exec-8] c.s.e.vue.controller.EmployeeController  : 1-------------findDepartmentsBydeptid-----------------------------Fri May 03 00:14:03 KST 2019
2019-05-03 00:14:03.947  INFO 38348 --- [nio-8197-exec-5] c.s.e.vue.controller.EmployeeController  : 1-------------findDepartmentsBydeptid-----------------------------Fri May 03 00:14:03 KST 2019
2019-05-03 00:14:03.971  INFO 38348 --- [nio-8197-exec-7] c.s.e.vue.controller.EmployeeController  : 1-------------findDepartmentsBydeptid-----------------------------Fri May 03 00:14:03 KST 2019
2019-05-03 00:14:04.454  INFO 38348 --- [nio-8197-exec-3] c.s.e.vue.controller.EmployeeController  : 1-------------findDepartmentsBydeptid-----------------------------Fri May 03 00:14:04 KST 2019
2019-05-03 00:14:04.462  INFO 38348 --- [nio-8197-exec-2] c.s.e.vue.controller.EmployeeController  : 1-------------findDepartmentsBydeptid-----------------------------Fri May 03 00:14:04 KST 2019
2019-05-03 00:14:04.491  INFO 38348 --- [nio-8197-exec-9] c.s.e.vue.controller.EmployeeController  : 1-------------findDepartmentsBydeptid-----------------------------Fri May 03 00:14:04 KST 2019
2019-05-03 00:14:05.799  INFO 38348 --- [nio-8197-exec-6] c.s.e.vue.controller.EmployeeController  : 1-------------findAllDepCounts-----------------------------Fri May 03 00:14:05 KST 2019
2019-05-03 00:14:05.867  INFO 38348 --- [io-8197-exec-10] c.s.e.vue.controller.EmployeeController  : 1-------------findDepartmentsBydeptid-----------------------------Fri May 03 00:14:05 KST 2019
2019-05-03 00:14:53.656  INFO 38348 --- [nio-8197-exec-1] c.s.e.vue.controller.EmployeeController  : 1-------------findDepartmentsBydeptid-----------------------------Fri May 03 00:14:53 KST 2019
2019-05-03 00:14:54.472  INFO 38348 --- [nio-8197-exec-4] c.s.e.vue.controller.EmployeeController  : 1-------------findAllEmployees-----------------------------Fri May 03 00:14:54 KST 2019
2019-05-03 00:17:41.694  INFO 38348 --- [nio-8197-exec-5] c.s.e.vue.controller.EmployeeController  : 1-------------findAllDepCounts-----------------------------Fri May 03 00:17:41 KST 2019
2019-05-03 00:17:42.658  INFO 38348 --- [nio-8197-exec-7] c.s.e.vue.controller.EmployeeController  : 1-------------findDepartmentsBydeptid-----------------------------Fri May 03 00:17:42 KST 2019
2019-05-03 00:17:45.795  INFO 38348 --- [nio-8197-exec-3] c.s.e.vue.controller.EmployeeController  : 1-------------findDepartmentsBydeptid-----------------------------Fri May 03 00:17:45 KST 2019
2019-05-03 00:17:46.552  INFO 38348 --- [nio-8197-exec-2] c.s.e.vue.controller.EmployeeController  : 1-------------findDepartmentsBydeptid-----------------------------Fri May 03 00:17:46 KST 2019
2019-05-03 00:17:46.801  INFO 38348 --- [nio-8197-exec-9] c.s.e.vue.controller.EmployeeController  : 1-------------findDepartmentsBydeptid-----------------------------Fri May 03 00:17:46 KST 2019
2019-05-03 00:17:48.726  INFO 38348 --- [nio-8197-exec-6] c.s.e.vue.controller.EmployeeController  : 1-------------findDepartmentsBydeptid-----------------------------Fri May 03 00:17:48 KST 2019
2019-05-03 00:17:54.249  INFO 38348 --- [io-8197-exec-10] c.s.e.vue.controller.EmployeeController  : 1-------------findAllEmployees-----------------------------Fri May 03 00:17:54 KST 2019
2019-05-03 00:17:56.290  INFO 38348 --- [nio-8197-exec-1] c.s.e.vue.controller.EmployeeController  : 1-------------findAllDepCounts-----------------------------Fri May 03 00:17:56 KST 2019
2019-05-03 00:17:56.775  INFO 38348 --- [nio-8197-exec-4] c.s.e.vue.controller.EmployeeController  : 1-------------findDepartmentsBydeptid-----------------------------Fri May 03 00:17:56 KST 2019
2019-05-03 00:17:57.233  INFO 38348 --- [nio-8197-exec-8] c.s.e.vue.controller.EmployeeController  : 1-------------findDepartmentsBydeptid-----------------------------Fri May 03 00:17:57 KST 2019
2019-05-03 00:17:57.582  INFO 38348 --- [nio-8197-exec-5] c.s.e.vue.controller.EmployeeController  : 1-------------findDepartmentsBydeptid-----------------------------Fri May 03 00:17:57 KST 2019
2019-05-03 00:17:57.658  INFO 38348 --- [nio-8197-exec-7] c.s.e.vue.controller.EmployeeController  : 1-------------findDepartmentsBydeptid-----------------------------Fri May 03 00:17:57 KST 2019
2019-05-03 00:17:57.679  INFO 38348 --- [nio-8197-exec-3] c.s.e.vue.controller.EmployeeController  : 1-------------findDepartmentsBydeptid-----------------------------Fri May 03 00:17:57 KST 2019
2019-05-03 00:17:57.709  INFO 38348 --- [nio-8197-exec-2] c.s.e.vue.controller.EmployeeController  : 1-------------findDepartmentsBydeptid-----------------------------Fri May 03 00:17:57 KST 2019
2019-05-03 00:17:57.867  INFO 38348 --- [nio-8197-exec-9] c.s.e.vue.controller.EmployeeController  : 1-------------findDepartmentsBydeptid-----------------------------Fri May 03 00:17:57 KST 2019
2019-05-03 00:17:57.904  INFO 38348 --- [nio-8197-exec-6] c.s.e.vue.controller.EmployeeController  : 1-------------findDepartmentsBydeptid-----------------------------Fri May 03 00:17:57 KST 2019
2019-05-03 00:17:58.039  INFO 38348 --- [io-8197-exec-10] c.s.e.vue.controller.EmployeeController  : 1-------------findDepartmentsBydeptid-----------------------------Fri May 03 00:17:58 KST 2019
2019-05-03 00:17:58.101  INFO 38348 --- [nio-8197-exec-1] c.s.e.vue.controller.EmployeeController  : 1-------------findDepartmentsBydeptid-----------------------------Fri May 03 00:17:58 KST 2019
2019-05-03 00:17:58.198  INFO 38348 --- [nio-8197-exec-4] c.s.e.vue.controller.EmployeeController  : 1-------------findDepartmentsBydeptid-----------------------------Fri May 03 00:17:58 KST 2019
2019-05-03 00:17:58.236  INFO 38348 --- [nio-8197-exec-8] c.s.e.vue.controller.EmployeeController  : 1-------------findDepartmentsBydeptid-----------------------------Fri May 03 00:17:58 KST 2019
2019-05-03 00:17:58.368  INFO 38348 --- [nio-8197-exec-5] c.s.e.vue.controller.EmployeeController  : 1-------------findDepartmentsBydeptid-----------------------------Fri May 03 00:17:58 KST 2019
2019-05-03 00:17:58.568  INFO 38348 --- [nio-8197-exec-7] c.s.e.vue.controller.EmployeeController  : 1-------------findDepartmentsBydeptid-----------------------------Fri May 03 00:17:58 KST 2019
2019-05-03 00:17:58.617  INFO 38348 --- [nio-8197-exec-3] c.s.e.vue.controller.EmployeeController  : 1-------------findDepartmentsBydeptid-----------------------------Fri May 03 00:17:58 KST 2019
2019-05-03 00:18:02.661  INFO 38348 --- [nio-8197-exec-2] c.s.e.vue.controller.EmployeeController  : 1-------------findDepartmentsBydeptid-----------------------------Fri May 03 00:18:02 KST 2019
2019-05-03 00:19:55.304  INFO 38348 --- [nio-8197-exec-6] c.s.e.vue.controller.EmployeeController  : 1-------------findDepartmentsBydeptid-----------------------------Fri May 03 00:19:55 KST 2019
2019-05-03 00:19:55.363  INFO 38348 --- [io-8197-exec-10] c.s.e.vue.controller.EmployeeController  : 1-------------findDepartmentsBydeptid-----------------------------Fri May 03 00:19:55 KST 2019
2019-05-03 00:20:00.372  INFO 38348 --- [nio-8197-exec-1] c.s.e.vue.controller.EmployeeController  : 1-------------findAllDepCounts-----------------------------Fri May 03 00:20:00 KST 2019
2019-05-03 00:20:02.259  INFO 38348 --- [nio-8197-exec-4] c.s.e.vue.controller.EmployeeController  : 1-------------findDepartmentsBydeptid-----------------------------Fri May 03 00:20:02 KST 2019
2019-05-03 00:20:02.326  INFO 38348 --- [nio-8197-exec-8] c.s.e.vue.controller.EmployeeController  : 1-------------findDepartmentsBydeptid-----------------------------Fri May 03 00:20:02 KST 2019
2019-05-03 00:20:02.373  INFO 38348 --- [nio-8197-exec-5] c.s.e.vue.controller.EmployeeController  : 1-------------findDepartmentsBydeptid-----------------------------Fri May 03 00:20:02 KST 2019
2019-05-03 00:20:02.383  INFO 38348 --- [nio-8197-exec-7] c.s.e.vue.controller.EmployeeController  : 1-------------findDepartmentsBydeptid-----------------------------Fri May 03 00:20:02 KST 2019
2019-05-03 00:20:02.439  INFO 38348 --- [nio-8197-exec-3] c.s.e.vue.controller.EmployeeController  : 1-------------findDepartmentsBydeptid-----------------------------Fri May 03 00:20:02 KST 2019
2019-05-03 00:20:08.154  INFO 38348 --- [nio-8197-exec-2] c.s.e.vue.controller.EmployeeController  : 1-------------findDepartmentsBydeptid-----------------------------Fri May 03 00:20:08 KST 2019
2019-05-03 00:20:08.206  INFO 38348 --- [nio-8197-exec-9] c.s.e.vue.controller.EmployeeController  : 1-------------findDepartmentsBydeptid-----------------------------Fri May 03 00:20:08 KST 2019
2019-05-03 00:20:08.654  INFO 38348 --- [nio-8197-exec-6] c.s.e.vue.controller.EmployeeController  : 1-------------findDepartmentsBydeptid-----------------------------Fri May 03 00:20:08 KST 2019
2019-05-03 00:20:08.943  INFO 38348 --- [io-8197-exec-10] c.s.e.vue.controller.EmployeeController  : 1-------------findDepartmentsBydeptid-----------------------------Fri May 03 00:20:08 KST 2019
2019-05-03 00:20:08.978  INFO 38348 --- [nio-8197-exec-1] c.s.e.vue.controller.EmployeeController  : 1-------------findDepartmentsBydeptid-----------------------------Fri May 03 00:20:08 KST 2019
2019-05-03 00:20:09.011  INFO 38348 --- [nio-8197-exec-4] c.s.e.vue.controller.EmployeeController  : 1-------------findDepartmentsBydeptid-----------------------------Fri May 03 00:20:09 KST 2019
2019-05-03 00:20:09.046  INFO 38348 --- [nio-8197-exec-8] c.s.e.vue.controller.EmployeeController  : 1-------------findDepartmentsBydeptid-----------------------------Fri May 03 00:20:09 KST 2019
2019-05-03 00:20:09.110  INFO 38348 --- [nio-8197-exec-5] c.s.e.vue.controller.EmployeeController  : 1-------------findDepartmentsBydeptid-----------------------------Fri May 03 00:20:09 KST 2019
2019-05-03 00:20:09.154  INFO 38348 --- [nio-8197-exec-3] c.s.e.vue.controller.EmployeeController  : 1-------------findDepartmentsBydeptid-----------------------------Fri May 03 00:20:09 KST 2019
2019-05-03 00:20:09.186  INFO 38348 --- [nio-8197-exec-7] c.s.e.vue.controller.EmployeeController  : 1-------------findDepartmentsBydeptid-----------------------------Fri May 03 00:20:09 KST 2019
2019-05-03 00:20:09.194  INFO 38348 --- [nio-8197-exec-2] c.s.e.vue.controller.EmployeeController  : 1-------------findDepartmentsBydeptid-----------------------------Fri May 03 00:20:09 KST 2019
2019-05-03 00:20:09.316  INFO 38348 --- [nio-8197-exec-9] c.s.e.vue.controller.EmployeeController  : 1-------------findDepartmentsBydeptid-----------------------------Fri May 03 00:20:09 KST 2019
2019-05-03 00:20:09.343  INFO 38348 --- [nio-8197-exec-6] c.s.e.vue.controller.EmployeeController  : 1-------------findDepartmentsBydeptid-----------------------------Fri May 03 00:20:09 KST 2019
2019-05-03 00:20:09.458  INFO 38348 --- [io-8197-exec-10] c.s.e.vue.controller.EmployeeController  : 1-------------findDepartmentsBydeptid-----------------------------Fri May 03 00:20:09 KST 2019
2019-05-03 00:20:09.548  INFO 38348 --- [nio-8197-exec-1] c.s.e.vue.controller.EmployeeController  : 1-------------findDepartmentsBydeptid-----------------------------Fri May 03 00:20:09 KST 2019
2019-05-03 00:20:09.575  INFO 38348 --- [nio-8197-exec-4] c.s.e.vue.controller.EmployeeController  : 1-------------findDepartmentsBydeptid-----------------------------Fri May 03 00:20:09 KST 2019
2019-05-03 00:20:09.583  INFO 38348 --- [nio-8197-exec-8] c.s.e.vue.controller.EmployeeController  : 1-------------findDepartmentsBydeptid-----------------------------Fri May 03 00:20:09 KST 2019
2019-05-03 00:20:09.602  INFO 38348 --- [nio-8197-exec-5] c.s.e.vue.controller.EmployeeController  : 1-------------findDepartmentsBydeptid-----------------------------Fri May 03 00:20:09 KST 2019
2019-05-03 00:20:09.615  INFO 38348 --- [nio-8197-exec-3] c.s.e.vue.controller.EmployeeController  : 1-------------findDepartmentsBydeptid-----------------------------Fri May 03 00:20:09 KST 2019
2019-05-03 00:20:09.645  INFO 38348 --- [nio-8197-exec-7] c.s.e.vue.controller.EmployeeController  : 1-------------findDepartmentsBydeptid-----------------------------Fri May 03 00:20:09 KST 2019
2019-05-03 00:20:09.676  INFO 38348 --- [nio-8197-exec-2] c.s.e.vue.controller.EmployeeController  : 1-------------findDepartmentsBydeptid-----------------------------Fri May 03 00:20:09 KST 2019
2019-05-03 00:20:09.717  INFO 38348 --- [nio-8197-exec-9] c.s.e.vue.controller.EmployeeController  : 1-------------findDepartmentsBydeptid-----------------------------Fri May 03 00:20:09 KST 2019
2019-05-03 00:20:09.724  INFO 38348 --- [nio-8197-exec-6] c.s.e.vue.controller.EmployeeController  : 1-------------findDepartmentsBydeptid-----------------------------Fri May 03 00:20:09 KST 2019
2019-05-03 00:24:21.092  INFO 38348 --- [nio-8197-exec-4] c.s.e.vue.controller.EmployeeController  : 1-------------findDepartmentsBydeptid-----------------------------Fri May 03 00:24:21 KST 2019
2019-05-03 00:24:21.209  INFO 38348 --- [nio-8197-exec-8] c.s.e.vue.controller.EmployeeController  : 1-------------findDepartmentsBydeptid-----------------------------Fri May 03 00:24:21 KST 2019
2019-05-03 00:24:22.444  INFO 38348 --- [nio-8197-exec-5] c.s.e.vue.controller.EmployeeController  : 1-------------findAllDepCounts-----------------------------Fri May 03 00:24:22 KST 2019
2019-05-03 00:24:23.311  INFO 38348 --- [nio-8197-exec-3] c.s.e.vue.controller.EmployeeController  : 1-------------findDepartmentsBydeptid-----------------------------Fri May 03 00:24:23 KST 2019
2019-05-03 00:24:23.348  INFO 38348 --- [nio-8197-exec-7] c.s.e.vue.controller.EmployeeController  : 1-------------findDepartmentsBydeptid-----------------------------Fri May 03 00:24:23 KST 2019
2019-05-03 00:24:23.382  INFO 38348 --- [nio-8197-exec-2] c.s.e.vue.controller.EmployeeController  : 1-------------findDepartmentsBydeptid-----------------------------Fri May 03 00:24:23 KST 2019
2019-05-03 00:24:23.403  INFO 38348 --- [nio-8197-exec-9] c.s.e.vue.controller.EmployeeController  : 1-------------findDepartmentsBydeptid-----------------------------Fri May 03 00:24:23 KST 2019
2019-05-03 00:24:23.430  INFO 38348 --- [nio-8197-exec-6] c.s.e.vue.controller.EmployeeController  : 1-------------findDepartmentsBydeptid-----------------------------Fri May 03 00:24:23 KST 2019
2019-05-03 00:24:23.523  INFO 38348 --- [io-8197-exec-10] c.s.e.vue.controller.EmployeeController  : 1-------------findDepartmentsBydeptid-----------------------------Fri May 03 00:24:23 KST 2019
2019-05-03 00:24:25.600  INFO 38348 --- [nio-8197-exec-1] c.s.e.vue.controller.EmployeeController  : 1-------------findDepartmentsBydeptid-----------------------------Fri May 03 00:24:25 KST 2019
2019-05-03 00:24:26.713  INFO 38348 --- [nio-8197-exec-4] c.s.e.vue.controller.EmployeeController  : 1-------------findDepartmentsBydeptid-----------------------------Fri May 03 00:24:26 KST 2019
2019-05-03 00:24:26.761  INFO 38348 --- [nio-8197-exec-8] c.s.e.vue.controller.EmployeeController  : 1-------------findDepartmentsBydeptid-----------------------------Fri May 03 00:24:26 KST 2019
2019-05-03 00:24:26.794  INFO 38348 --- [nio-8197-exec-5] c.s.e.vue.controller.EmployeeController  : 1-------------findDepartmentsBydeptid-----------------------------Fri May 03 00:24:26 KST 2019
2019-05-03 00:24:26.823  INFO 38348 --- [nio-8197-exec-3] c.s.e.vue.controller.EmployeeController  : 1-------------findDepartmentsBydeptid-----------------------------Fri May 03 00:24:26 KST 2019
2019-05-03 00:24:26.851  INFO 38348 --- [nio-8197-exec-7] c.s.e.vue.controller.EmployeeController  : 1-------------findDepartmentsBydeptid-----------------------------Fri May 03 00:24:26 KST 2019
2019-05-03 00:24:26.883  INFO 38348 --- [nio-8197-exec-9] c.s.e.vue.controller.EmployeeController  : 1-------------findDepartmentsBydeptid-----------------------------Fri May 03 00:24:26 KST 2019
2019-05-03 00:24:28.076  INFO 38348 --- [nio-8197-exec-6] c.s.e.vue.controller.EmployeeController  : 1-------------findDepartmentsBydeptid-----------------------------Fri May 03 00:24:28 KST 2019
2019-05-03 00:24:28.104  INFO 38348 --- [io-8197-exec-10] c.s.e.vue.controller.EmployeeController  : 1-------------findDepartmentsBydeptid-----------------------------Fri May 03 00:24:28 KST 2019
2019-05-03 00:24:28.114  INFO 38348 --- [nio-8197-exec-2] c.s.e.vue.controller.EmployeeController  : 1-------------findDepartmentsBydeptid-----------------------------Fri May 03 00:24:28 KST 2019
2019-05-03 00:24:28.133  INFO 38348 --- [nio-8197-exec-1] c.s.e.vue.controller.EmployeeController  : 1-------------findDepartmentsBydeptid-----------------------------Fri May 03 00:24:28 KST 2019
2019-05-03 00:24:28.145  INFO 38348 --- [nio-8197-exec-4] c.s.e.vue.controller.EmployeeController  : 1-------------findDepartmentsBydeptid-----------------------------Fri May 03 00:24:28 KST 2019
2019-05-03 00:24:28.206  INFO 38348 --- [nio-8197-exec-8] c.s.e.vue.controller.EmployeeController  : 1-------------findDepartmentsBydeptid-----------------------------Fri May 03 00:24:28 KST 2019
2019-05-03 00:24:28.343  INFO 38348 --- [nio-8197-exec-5] c.s.e.vue.controller.EmployeeController  : 1-------------findDepartmentsBydeptid-----------------------------Fri May 03 00:24:28 KST 2019
2019-05-03 00:24:28.543  INFO 38348 --- [nio-8197-exec-3] c.s.e.vue.controller.EmployeeController  : 1-------------findDepartmentsBydeptid-----------------------------Fri May 03 00:24:28 KST 2019
2019-05-03 00:24:28.564  INFO 38348 --- [nio-8197-exec-7] c.s.e.vue.controller.EmployeeController  : 1-------------findDepartmentsBydeptid-----------------------------Fri May 03 00:24:28 KST 2019
2019-05-03 00:24:28.600  INFO 38348 --- [nio-8197-exec-9] c.s.e.vue.controller.EmployeeController  : 1-------------findDepartmentsBydeptid-----------------------------Fri May 03 00:24:28 KST 2019
2019-05-03 00:24:28.623  INFO 38348 --- [nio-8197-exec-6] c.s.e.vue.controller.EmployeeController  : 1-------------findDepartmentsBydeptid-----------------------------Fri May 03 00:24:28 KST 2019
2019-05-03 00:24:28.642  INFO 38348 --- [io-8197-exec-10] c.s.e.vue.controller.EmployeeController  : 1-------------findDepartmentsBydeptid-----------------------------Fri May 03 00:24:28 KST 2019
2019-05-03 00:24:28.678  INFO 38348 --- [nio-8197-exec-2] c.s.e.vue.controller.EmployeeController  : 1-------------findDepartmentsBydeptid-----------------------------Fri May 03 00:24:28 KST 2019
2019-05-03 00:24:28.790  INFO 38348 --- [nio-8197-exec-1] c.s.e.vue.controller.EmployeeController  : 1-------------findDepartmentsBydeptid-----------------------------Fri May 03 00:24:28 KST 2019
2019-05-03 00:24:28.824  INFO 38348 --- [nio-8197-exec-4] c.s.e.vue.controller.EmployeeController  : 1-------------findDepartmentsBydeptid-----------------------------Fri May 03 00:24:28 KST 2019
2019-05-03 00:24:28.849  INFO 38348 --- [nio-8197-exec-8] c.s.e.vue.controller.EmployeeController  : 1-------------findDepartmentsBydeptid-----------------------------Fri May 03 00:24:28 KST 2019
2019-05-03 00:24:28.911  INFO 38348 --- [nio-8197-exec-5] c.s.e.vue.controller.EmployeeController  : 1-------------findDepartmentsBydeptid-----------------------------Fri May 03 00:24:28 KST 2019
2019-05-03 00:24:29.002  INFO 38348 --- [nio-8197-exec-3] c.s.e.vue.controller.EmployeeController  : 1-------------findDepartmentsBydeptid-----------------------------Fri May 03 00:24:29 KST 2019
2019-05-03 00:24:29.103  INFO 38348 --- [nio-8197-exec-7] c.s.e.vue.controller.EmployeeController  : 1-------------findDepartmentsBydeptid-----------------------------Fri May 03 00:24:29 KST 2019
2019-05-03 00:24:29.149  INFO 38348 --- [nio-8197-exec-9] c.s.e.vue.controller.EmployeeController  : 1-------------findDepartmentsBydeptid-----------------------------Fri May 03 00:24:29 KST 2019
2019-05-03 00:24:29.177  INFO 38348 --- [nio-8197-exec-6] c.s.e.vue.controller.EmployeeController  : 1-------------findDepartmentsBydeptid-----------------------------Fri May 03 00:24:29 KST 2019
2019-05-03 00:24:29.316  INFO 38348 --- [io-8197-exec-10] c.s.e.vue.controller.EmployeeController  : 1-------------findDepartmentsBydeptid-----------------------------Fri May 03 00:24:29 KST 2019
2019-05-03 00:24:29.438  INFO 38348 --- [nio-8197-exec-2] c.s.e.vue.controller.EmployeeController  : 1-------------findDepartmentsBydeptid-----------------------------Fri May 03 00:24:29 KST 2019
2019-05-03 00:24:29.616  INFO 38348 --- [nio-8197-exec-1] c.s.e.vue.controller.EmployeeController  : 1-------------findDepartmentsBydeptid-----------------------------Fri May 03 00:24:29 KST 2019
2019-05-03 00:24:29.644  INFO 38348 --- [nio-8197-exec-4] c.s.e.vue.controller.EmployeeController  : 1-------------findDepartmentsBydeptid-----------------------------Fri May 03 00:24:29 KST 2019
2019-05-03 00:24:29.706  INFO 38348 --- [nio-8197-exec-8] c.s.e.vue.controller.EmployeeController  : 1-------------findDepartmentsBydeptid-----------------------------Fri May 03 00:24:29 KST 2019
2019-05-03 00:24:29.740  INFO 38348 --- [nio-8197-exec-5] c.s.e.vue.controller.EmployeeController  : 1-------------findDepartmentsBydeptid-----------------------------Fri May 03 00:24:29 KST 2019
2019-05-03 00:24:30.200  INFO 38348 --- [nio-8197-exec-3] c.s.e.vue.controller.EmployeeController  : 1-------------findDepartmentsBydeptid-----------------------------Fri May 03 00:24:30 KST 2019
2019-05-03 00:24:30.208  INFO 38348 --- [nio-8197-exec-7] c.s.e.vue.controller.EmployeeController  : 1-------------findDepartmentsBydeptid-----------------------------Fri May 03 00:24:30 KST 2019
2019-05-03 00:24:30.264  INFO 38348 --- [nio-8197-exec-9] c.s.e.vue.controller.EmployeeController  : 1-------------findDepartmentsBydeptid-----------------------------Fri May 03 00:24:30 KST 2019
2019-05-03 00:24:30.304  INFO 38348 --- [nio-8197-exec-6] c.s.e.vue.controller.EmployeeController  : 1-------------findDepartmentsBydeptid-----------------------------Fri May 03 00:24:30 KST 2019
2019-05-03 00:24:30.354  INFO 38348 --- [io-8197-exec-10] c.s.e.vue.controller.EmployeeController  : 1-------------findDepartmentsBydeptid-----------------------------Fri May 03 00:24:30 KST 2019
2019-05-03 00:24:30.470  INFO 38348 --- [nio-8197-exec-2] c.s.e.vue.controller.EmployeeController  : 1-------------findDepartmentsBydeptid-----------------------------Fri May 03 00:24:30 KST 2019
2019-05-03 00:26:32.881  INFO 38348 --- [nio-8197-exec-5] c.s.e.vue.controller.EmployeeController  : 1-------------findDepartmentsBydeptid-----------------------------Fri May 03 00:26:32 KST 2019
2019-05-03 00:26:32.891  INFO 38348 --- [nio-8197-exec-8] c.s.e.vue.controller.EmployeeController  : 1-------------findDepartmentsBydeptid-----------------------------Fri May 03 00:26:32 KST 2019
2019-05-03 00:26:32.917  INFO 38348 --- [nio-8197-exec-3] c.s.e.vue.controller.EmployeeController  : 1-------------findDepartmentsBydeptid-----------------------------Fri May 03 00:26:32 KST 2019
2019-05-03 00:26:32.944  INFO 38348 --- [nio-8197-exec-7] c.s.e.vue.controller.EmployeeController  : 1-------------findDepartmentsBydeptid-----------------------------Fri May 03 00:26:32 KST 2019
2019-05-03 00:26:32.950  INFO 38348 --- [nio-8197-exec-9] c.s.e.vue.controller.EmployeeController  : 1-------------findDepartmentsBydeptid-----------------------------Fri May 03 00:26:32 KST 2019
2019-05-03 00:26:34.070  INFO 38348 --- [nio-8197-exec-6] c.s.e.vue.controller.EmployeeController  : 1-------------findAllDepCounts-----------------------------Fri May 03 00:26:34 KST 2019
2019-05-03 00:26:34.853  INFO 38348 --- [io-8197-exec-10] c.s.e.vue.controller.EmployeeController  : 1-------------findDepartmentsBydeptid-----------------------------Fri May 03 00:26:34 KST 2019
2019-05-03 00:26:34.868  INFO 38348 --- [nio-8197-exec-2] c.s.e.vue.controller.EmployeeController  : 1-------------findDepartmentsBydeptid-----------------------------Fri May 03 00:26:34 KST 2019
2019-05-03 00:26:34.897  INFO 38348 --- [nio-8197-exec-1] c.s.e.vue.controller.EmployeeController  : 1-------------findDepartmentsBydeptid-----------------------------Fri May 03 00:26:34 KST 2019
2019-05-03 00:26:34.923  INFO 38348 --- [nio-8197-exec-4] c.s.e.vue.controller.EmployeeController  : 1-------------findDepartmentsBydeptid-----------------------------Fri May 03 00:26:34 KST 2019
2019-05-03 00:26:34.998  INFO 38348 --- [nio-8197-exec-5] c.s.e.vue.controller.EmployeeController  : 1-------------findDepartmentsBydeptid-----------------------------Fri May 03 00:26:34 KST 2019
2019-05-03 00:26:35.100  INFO 38348 --- [nio-8197-exec-8] c.s.e.vue.controller.EmployeeController  : 1-------------findDepartmentsBydeptid-----------------------------Fri May 03 00:26:35 KST 2019
2019-05-03 00:26:35.267  INFO 38348 --- [nio-8197-exec-7] c.s.e.vue.controller.EmployeeController  : 1-------------findDepartmentsBydeptid-----------------------------Fri May 03 00:26:35 KST 2019
2019-05-03 00:26:35.273  INFO 38348 --- [nio-8197-exec-9] c.s.e.vue.controller.EmployeeController  : 1-------------findDepartmentsBydeptid-----------------------------Fri May 03 00:26:35 KST 2019
2019-05-03 00:26:35.292  INFO 38348 --- [nio-8197-exec-3] c.s.e.vue.controller.EmployeeController  : 1-------------findDepartmentsBydeptid-----------------------------Fri May 03 00:26:35 KST 2019
2019-05-03 00:26:35.304  INFO 38348 --- [nio-8197-exec-6] c.s.e.vue.controller.EmployeeController  : 1-------------findDepartmentsBydeptid-----------------------------Fri May 03 00:26:35 KST 2019
2019-05-03 00:26:35.314  INFO 38348 --- [io-8197-exec-10] c.s.e.vue.controller.EmployeeController  : 1-------------findDepartmentsBydeptid-----------------------------Fri May 03 00:26:35 KST 2019
2019-05-03 00:26:35.338  INFO 38348 --- [nio-8197-exec-2] c.s.e.vue.controller.EmployeeController  : 1-------------findDepartmentsBydeptid-----------------------------Fri May 03 00:26:35 KST 2019
2019-05-03 00:26:35.367  INFO 38348 --- [nio-8197-exec-1] c.s.e.vue.controller.EmployeeController  : 1-------------findDepartmentsBydeptid-----------------------------Fri May 03 00:26:35 KST 2019
2019-05-03 00:26:35.394  INFO 38348 --- [nio-8197-exec-4] c.s.e.vue.controller.EmployeeController  : 1-------------findDepartmentsBydeptid-----------------------------Fri May 03 00:26:35 KST 2019
2019-05-03 00:26:35.517  INFO 38348 --- [nio-8197-exec-5] c.s.e.vue.controller.EmployeeController  : 1-------------findDepartmentsBydeptid-----------------------------Fri May 03 00:26:35 KST 2019
2019-05-03 00:26:35.529  INFO 38348 --- [nio-8197-exec-8] c.s.e.vue.controller.EmployeeController  : 1-------------findDepartmentsBydeptid-----------------------------Fri May 03 00:26:35 KST 2019
2019-05-03 00:26:35.532  INFO 38348 --- [nio-8197-exec-7] c.s.e.vue.controller.EmployeeController  : 1-------------findDepartmentsBydeptid-----------------------------Fri May 03 00:26:35 KST 2019
2019-05-03 00:26:35.574  INFO 38348 --- [nio-8197-exec-9] c.s.e.vue.controller.EmployeeController  : 1-------------findDepartmentsBydeptid-----------------------------Fri May 03 00:26:35 KST 2019
2019-05-03 00:26:35.580  INFO 38348 --- [nio-8197-exec-3] c.s.e.vue.controller.EmployeeController  : 1-------------findDepartmentsBydeptid-----------------------------Fri May 03 00:26:35 KST 2019
2019-05-03 00:26:35.603  INFO 38348 --- [nio-8197-exec-6] c.s.e.vue.controller.EmployeeController  : 1-------------findDepartmentsBydeptid-----------------------------Fri May 03 00:26:35 KST 2019
2019-05-03 00:26:35.644  INFO 38348 --- [io-8197-exec-10] c.s.e.vue.controller.EmployeeController  : 1-------------findDepartmentsBydeptid-----------------------------Fri May 03 00:26:35 KST 2019
2019-05-03 00:26:35.711  INFO 38348 --- [nio-8197-exec-2] c.s.e.vue.controller.EmployeeController  : 1-------------findDepartmentsBydeptid-----------------------------Fri May 03 00:26:35 KST 2019
2019-05-03 00:26:35.743  INFO 38348 --- [nio-8197-exec-1] c.s.e.vue.controller.EmployeeController  : 1-------------findDepartmentsBydeptid-----------------------------Fri May 03 00:26:35 KST 2019
2019-05-03 00:26:35.856  INFO 38348 --- [nio-8197-exec-4] c.s.e.vue.controller.EmployeeController  : 1-------------findDepartmentsBydeptid-----------------------------Fri May 03 00:26:35 KST 2019
2019-05-03 00:26:35.881  INFO 38348 --- [nio-8197-exec-5] c.s.e.vue.controller.EmployeeController  : 1-------------findDepartmentsBydeptid-----------------------------Fri May 03 00:26:35 KST 2019
2019-05-03 00:26:35.902  INFO 38348 --- [nio-8197-exec-8] c.s.e.vue.controller.EmployeeController  : 1-------------findDepartmentsBydeptid-----------------------------Fri May 03 00:26:35 KST 2019
2019-05-03 00:26:35.921  INFO 38348 --- [nio-8197-exec-7] c.s.e.vue.controller.EmployeeController  : 1-------------findDepartmentsBydeptid-----------------------------Fri May 03 00:26:35 KST 2019
2019-05-03 00:26:35.989  INFO 38348 --- [nio-8197-exec-9] c.s.e.vue.controller.EmployeeController  : 1-------------findDepartmentsBydeptid-----------------------------Fri May 03 00:26:35 KST 2019
2019-05-03 00:26:36.007  INFO 38348 --- [nio-8197-exec-3] c.s.e.vue.controller.EmployeeController  : 1-------------findDepartmentsBydeptid-----------------------------Fri May 03 00:26:36 KST 2019
2019-05-03 00:26:36.024  INFO 38348 --- [nio-8197-exec-6] c.s.e.vue.controller.EmployeeController  : 1-------------findDepartmentsBydeptid-----------------------------Fri May 03 00:26:36 KST 2019
2019-05-03 09:07:08.854  INFO 38348 --- [nio-8197-exec-4] c.s.e.vue.controller.EmployeeController  : 1-------------findDepartmentsBydeptid-----------------------------Fri May 03 09:07:08 KST 2019
2019-05-03 09:07:08.854  INFO 38348 --- [nio-8197-exec-5] c.s.e.vue.controller.EmployeeController  : 1-------------findDepartmentsBydeptid-----------------------------Fri May 03 09:07:08 KST 2019
2019-05-03 09:07:09.279  INFO 38348 --- [nio-8197-exec-8] c.s.e.vue.controller.EmployeeController  : 1-------------findDepartmentsBydeptid-----------------------------Fri May 03 09:07:09 KST 2019
2019-05-03 11:34:48.623  INFO 38348 --- [nio-8197-exec-3] c.s.e.vue.controller.EmployeeController  : 1-------------findAllEmployees-----------------------------Fri May 03 11:34:48 KST 2019
2019-05-03 12:04:16.675  INFO 38348 --- [nio-8197-exec-2] c.s.e.vue.controller.EmployeeController  : 1-------------findAllEmployees-----------------------------Fri May 03 12:04:16 KST 2019
2019-05-03 12:04:16.690  INFO 38348 --- [nio-8197-exec-1] c.s.e.vue.controller.EmployeeController  : 4-------------findAllDepartments-----------------------------Fri May 03 12:04:16 KST 2019
2019-05-03 12:04:16.706  INFO 38348 --- [io-8197-exec-10] c.s.e.vue.controller.EmployeeController  : 6-------------findAllTitles-----------------------------Fri May 03 12:04:16 KST 2019
2019-05-03 12:04:24.048  INFO 38348 --- [nio-8197-exec-4] c.s.e.vue.controller.EmployeeController  : 1-------------findAllEmployees-----------------------------Fri May 03 12:04:24 KST 2019
2019-05-03 12:04:34.740  INFO 38348 --- [nio-8197-exec-5] c.s.e.vue.controller.EmployeeController  : 1-------------findAllEmployees-----------------------------Fri May 03 12:04:34 KST 2019
2019-05-03 12:04:41.177  INFO 38348 --- [nio-8197-exec-8] c.s.e.vue.controller.EmployeeController  : 1-------------findAllEmployees-----------------------------Fri May 03 12:04:41 KST 2019
2019-05-03 12:04:42.852  INFO 38348 --- [nio-8197-exec-7] c.s.e.vue.controller.EmployeeController  : 1-------------findAllEmployees-----------------------------Fri May 03 12:04:42 KST 2019
2019-05-03 12:04:44.810  INFO 38348 --- [nio-8197-exec-9] c.s.e.vue.controller.EmployeeController  : 1-------------findAllEmployees-----------------------------Fri May 03 12:04:44 KST 2019
