2019-10-06 17:35:31.728  INFO 29684 --- [           main] com.example.polls.PollsApplication       : Starting PollsApplication on choco with PID 29684 (C:\Users\choco\jsp-workspace\login\target\classes started by choco in C:\Users\choco\jsp-workspace\login)
2019-10-06 17:35:31.733  INFO 29684 --- [           main] com.example.polls.PollsApplication       : No active profile set, falling back to default profiles: default
2019-10-06 17:35:31.840  INFO 29684 --- [           main] ConfigServletWebServerApplicationContext : Refreshing org.springframework.boot.web.servlet.context.AnnotationConfigServletWebServerApplicationContext@61862a7f: startup date [Sun Oct 06 17:35:31 KST 2019]; root of context hierarchy
2019-10-06 17:35:34.057  INFO 29684 --- [           main] trationDelegate$BeanPostProcessorChecker : Bean 'org.springframework.transaction.annotation.ProxyTransactionManagementConfiguration' of type [org.springframework.transaction.annotation.ProxyTransactionManagementConfiguration$$EnhancerBySpringCGLIB$$5297f374] is not eligible for getting processed by all BeanPostProcessors (for example: not eligible for auto-proxying)
2019-10-06 17:35:34.132  INFO 29684 --- [           main] trationDelegate$BeanPostProcessorChecker : Bean 'org.springframework.security.config.annotation.configuration.ObjectPostProcessorConfiguration' of type [org.springframework.security.config.annotation.configuration.ObjectPostProcessorConfiguration$$EnhancerBySpringCGLIB$$eb45bbae] is not eligible for getting processed by all BeanPostProcessors (for example: not eligible for auto-proxying)
2019-10-06 17:35:34.144  INFO 29684 --- [           main] trationDelegate$BeanPostProcessorChecker : Bean 'objectPostProcessor' of type [org.springframework.security.config.annotation.configuration.AutowireBeanFactoryObjectPostProcessor] is not eligible for getting processed by all BeanPostProcessors (for example: not eligible for auto-proxying)
2019-10-06 17:35:34.147  INFO 29684 --- [           main] trationDelegate$BeanPostProcessorChecker : Bean 'org.springframework.security.access.expression.method.DefaultMethodSecurityExpressionHandler@511816c0' of type [org.springframework.security.access.expression.method.DefaultMethodSecurityExpressionHandler] is not eligible for getting processed by all BeanPostProcessors (for example: not eligible for auto-proxying)
2019-10-06 17:35:34.165  INFO 29684 --- [           main] trationDelegate$BeanPostProcessorChecker : Bean 'org.springframework.security.config.annotation.method.configuration.Jsr250MetadataSourceConfiguration' of type [org.springframework.security.config.annotation.method.configuration.Jsr250MetadataSourceConfiguration$$EnhancerBySpringCGLIB$$356f7676] is not eligible for getting processed by all BeanPostProcessors (for example: not eligible for auto-proxying)
2019-10-06 17:35:34.176  INFO 29684 --- [           main] trationDelegate$BeanPostProcessorChecker : Bean 'jsr250MethodSecurityMetadataSource' of type [org.springframework.security.access.annotation.Jsr250MethodSecurityMetadataSource] is not eligible for getting processed by all BeanPostProcessors (for example: not eligible for auto-proxying)
2019-10-06 17:35:34.177  INFO 29684 --- [           main] trationDelegate$BeanPostProcessorChecker : Bean 'org.springframework.security.config.annotation.method.configuration.GlobalMethodSecurityConfiguration' of type [org.springframework.security.config.annotation.method.configuration.GlobalMethodSecurityConfiguration$$EnhancerBySpringCGLIB$$101a5e60] is not eligible for getting processed by all BeanPostProcessors (for example: not eligible for auto-proxying)
2019-10-06 17:35:34.195  INFO 29684 --- [           main] trationDelegate$BeanPostProcessorChecker : Bean 'methodSecurityMetadataSource' of type [org.springframework.security.access.method.DelegatingMethodSecurityMetadataSource] is not eligible for getting processed by all BeanPostProcessors (for example: not eligible for auto-proxying)
2019-10-06 17:35:35.392  INFO 29684 --- [           main] o.s.b.w.embedded.tomcat.TomcatWebServer  : Tomcat initialized with port(s): 8080 (http)
2019-10-06 17:35:35.420  INFO 29684 --- [           main] o.a.coyote.http11.Http11NioProtocol      : Initializing ProtocolHandler ["http-nio-8080"]
2019-10-06 17:35:35.442  INFO 29684 --- [           main] o.apache.catalina.core.StandardService   : Starting service [Tomcat]
2019-10-06 17:35:35.443  INFO 29684 --- [           main] org.apache.catalina.core.StandardEngine  : Starting Servlet Engine: Apache Tomcat/8.5.34
2019-10-06 17:35:35.462  INFO 29684 --- [ost-startStop-1] o.a.catalina.core.AprLifecycleListener   : The APR based Apache Tomcat Native library which allows optimal performance in production environments was not found on the java.library.path: [D:\java\jdk1.8.0_152\bin;C:\WINDOWS\Sun\Java\bin;C:\WINDOWS\system32;C:\WINDOWS;d:/Java/jdk1.8.0_152/bin/../jre/bin/server;d:/Java/jdk1.8.0_152/bin/../jre/bin;d:/Java/jdk1.8.0_152/bin/../jre/lib/amd64;d:\Java\jdk1.8.0_152\bin;D:\oraclexe\app\oracle\product\11.2.0\server\bin;d:\Git\cmd;C:\Program Files (x86)\Intel\iCLS Client\;C:\Program Files\Intel\iCLS Client\;C:\ProgramData\Oracle\Java\javapath;C:\windows\system32;C:\windows;C:\windows\System32\Wbem;C:\windows\System32\WindowsPowerShell\v1.0\;C:\Program Files (x86)\NVIDIA Corporation\PhysX\Common;C:\Program Files (x86)\Intel\Intel(R) Management Engine Components\DAL;C:\Program Files\Intel\Intel(R) Management Engine Components\DAL;C:\Program Files (x86)\Intel\Intel(R) Management Engine Components\IPT;C:\Program Files\Intel\Intel(R) Management Engine Components\IPT;C:\Program Files\Samsung\SamsungLink\AllShare Framework DMS\bin\;C:\WINDOWS\system32;C:\WINDOWS;C:\WINDOWS\System32\Wbem;C:\WINDOWS\System32\WindowsPowerShell\v1.0\;C:\WINDOWS\System32\OpenSSH\;C:\Program Files\Intel\WiFi\bin\;C:\Program Files\Common Files\Intel\WirelessCommon\;C:\Program Files\Microsoft VS Code\bin;D:\Yarn\bin\;C:\nodejs\;C:\Users\choco\AppData\Local\Microsoft\WindowsApps;C:\Users\choco\AppData\Local\GitHubDesktop\bin;C:\Users\choco\AppData\Local\Microsoft\WindowsApps;d:\MicrosoftVSCode\bin;C:\Users\choco\AppData\Local\Yarn\bin;C:\Users\choco\AppData\Roaming\npm;;C:\Users\choco\Desktop;;.]
2019-10-06 17:35:36.294  INFO 29684 --- [ost-startStop-1] o.a.c.c.C.[Tomcat].[localhost].[/]       : Initializing Spring embedded WebApplicationContext
2019-10-06 17:35:36.295  INFO 29684 --- [ost-startStop-1] o.s.web.context.ContextLoader            : Root WebApplicationContext: initialization completed in 4455 ms
2019-10-06 17:35:37.176  INFO 29684 --- [ost-startStop-1] com.zaxxer.hikari.HikariDataSource       : HikariPool-1 - Starting...
2019-10-06 17:35:37.731  INFO 29684 --- [ost-startStop-1] com.zaxxer.hikari.HikariDataSource       : HikariPool-1 - Start completed.
2019-10-06 17:35:37.944  INFO 29684 --- [ost-startStop-1] j.LocalContainerEntityManagerFactoryBean : Building JPA container EntityManagerFactory for persistence unit 'default'
2019-10-06 17:35:37.972  INFO 29684 --- [ost-startStop-1] o.hibernate.jpa.internal.util.LogHelper  : HHH000204: Processing PersistenceUnitInfo [
	name: default
	...]
2019-10-06 17:35:38.106  INFO 29684 --- [ost-startStop-1] org.hibernate.Version                    : HHH000412: Hibernate Core {5.2.17.Final}
2019-10-06 17:35:38.108  INFO 29684 --- [ost-startStop-1] org.hibernate.cfg.Environment            : HHH000206: hibernate.properties not found
2019-10-06 17:35:38.174  INFO 29684 --- [ost-startStop-1] o.hibernate.annotations.common.Version   : HCANN000001: Hibernate Commons Annotations {5.0.1.Final}
2019-10-06 17:35:38.444  INFO 29684 --- [ost-startStop-1] org.hibernate.dialect.Dialect            : HHH000400: Using dialect: org.hibernate.dialect.MySQL5InnoDBDialect
2019-10-06 17:35:39.536  INFO 29684 --- [ost-startStop-1] j.LocalContainerEntityManagerFactoryBean : Initialized JPA EntityManagerFactory for persistence unit 'default'
2019-10-06 17:35:40.485  INFO 29684 --- [ost-startStop-1] o.s.b.w.servlet.FilterRegistrationBean   : Mapping filter: 'characterEncodingFilter' to: [/*]
2019-10-06 17:35:40.486  INFO 29684 --- [ost-startStop-1] o.s.b.w.servlet.FilterRegistrationBean   : Mapping filter: 'hiddenHttpMethodFilter' to: [/*]
2019-10-06 17:35:40.487  INFO 29684 --- [ost-startStop-1] o.s.b.w.servlet.FilterRegistrationBean   : Mapping filter: 'httpPutFormContentFilter' to: [/*]
2019-10-06 17:35:40.487  INFO 29684 --- [ost-startStop-1] o.s.b.w.servlet.FilterRegistrationBean   : Mapping filter: 'requestContextFilter' to: [/*]
2019-10-06 17:35:40.489  INFO 29684 --- [ost-startStop-1] .s.DelegatingFilterProxyRegistrationBean : Mapping filter: 'springSecurityFilterChain' to: [/*]
2019-10-06 17:35:40.489  INFO 29684 --- [ost-startStop-1] o.s.b.w.servlet.FilterRegistrationBean   : Mapping filter: 'jwtAuthenticationFilter' to: [/*]
2019-10-06 17:35:40.489  INFO 29684 --- [ost-startStop-1] o.s.b.w.servlet.ServletRegistrationBean  : Servlet dispatcherServlet mapped to [/]
2019-10-06 17:35:41.078  INFO 29684 --- [           main] o.s.w.s.handler.SimpleUrlHandlerMapping  : Mapped URL path [/**/favicon.ico] onto handler of type [class org.springframework.web.servlet.resource.ResourceHttpRequestHandler]
2019-10-06 17:35:41.106  WARN 29684 --- [           main] aWebConfiguration$JpaWebMvcConfiguration : spring.jpa.open-in-view is enabled by default. Therefore, database queries may be performed during view rendering. Explicitly configure spring.jpa.open-in-view to disable this warning
2019-10-06 17:35:41.226  INFO 29684 --- [           main] s.w.s.m.m.a.RequestMappingHandlerMapping : Mapped "{[/api/auth/signin],methods=[POST]}" onto public org.springframework.http.ResponseEntity<?> com.example.polls.controller.AuthController.authenticateUser(com.example.polls.payload.LoginRequest)
2019-10-06 17:35:41.232  INFO 29684 --- [           main] s.w.s.m.m.a.RequestMappingHandlerMapping : Mapped "{[/api/auth/signup],methods=[POST]}" onto public org.springframework.http.ResponseEntity<?> com.example.polls.controller.AuthController.registerUser(com.example.polls.payload.SignUpRequest)
2019-10-06 17:35:41.237  INFO 29684 --- [           main] s.w.s.m.m.a.RequestMappingHandlerMapping : Mapped "{[/api/users/{username}],methods=[GET]}" onto public com.example.polls.payload.UserProfile com.example.polls.controller.UserController.getUserProfile(java.lang.String)
2019-10-06 17:35:41.237  INFO 29684 --- [           main] s.w.s.m.m.a.RequestMappingHandlerMapping : Mapped "{[/api/user/me],methods=[GET]}" onto public com.example.polls.payload.UserSummary com.example.polls.controller.UserController.getCurrentUser(com.example.polls.security.UserPrincipal)
2019-10-06 17:35:41.239  INFO 29684 --- [           main] s.w.s.m.m.a.RequestMappingHandlerMapping : Mapped "{[/api/user/checkUsernameAvailability],methods=[GET]}" onto public com.example.polls.payload.UserIdentityAvailability com.example.polls.controller.UserController.checkUsernameAvailability(java.lang.String)
2019-10-06 17:35:41.243  INFO 29684 --- [           main] s.w.s.m.m.a.RequestMappingHandlerMapping : Mapped "{[/api/user/checkEmailAvailability],methods=[GET]}" onto public com.example.polls.payload.UserIdentityAvailability com.example.polls.controller.UserController.checkEmailAvailability(java.lang.String)
2019-10-06 17:35:41.249  INFO 29684 --- [           main] s.w.s.m.m.a.RequestMappingHandlerMapping : Mapped "{[/error]}" onto public org.springframework.http.ResponseEntity<java.util.Map<java.lang.String, java.lang.Object>> org.springframework.boot.autoconfigure.web.servlet.error.BasicErrorController.error(javax.servlet.http.HttpServletRequest)
2019-10-06 17:35:41.251  INFO 29684 --- [           main] s.w.s.m.m.a.RequestMappingHandlerMapping : Mapped "{[/error],produces=[text/html]}" onto public org.springframework.web.servlet.ModelAndView org.springframework.boot.autoconfigure.web.servlet.error.BasicErrorController.errorHtml(javax.servlet.http.HttpServletRequest,javax.servlet.http.HttpServletResponse)
2019-10-06 17:35:41.315  INFO 29684 --- [           main] o.s.w.s.handler.SimpleUrlHandlerMapping  : Mapped URL path [/webjars/**] onto handler of type [class org.springframework.web.servlet.resource.ResourceHttpRequestHandler]
2019-10-06 17:35:41.316  INFO 29684 --- [           main] o.s.w.s.handler.SimpleUrlHandlerMapping  : Mapped URL path [/**] onto handler of type [class org.springframework.web.servlet.resource.ResourceHttpRequestHandler]
2019-10-06 17:35:41.370  INFO 29684 --- [           main] o.s.s.web.DefaultSecurityFilterChain     : Creating filter chain: org.springframework.security.web.util.matcher.AnyRequestMatcher@1, [org.springframework.security.web.context.request.async.WebAsyncManagerIntegrationFilter@5a00eb1e, org.springframework.security.web.context.SecurityContextPersistenceFilter@30501e60, org.springframework.security.web.header.HeaderWriterFilter@31133b6e, org.springframework.web.filter.CorsFilter@36fcf6c0, org.springframework.security.web.authentication.logout.LogoutFilter@2fc2a205, com.example.polls.security.JwtAuthenticationFilter@5c150793, org.springframework.security.web.savedrequest.RequestCacheAwareFilter@7495699f, org.springframework.security.web.servletapi.SecurityContextHolderAwareRequestFilter@64a4dd8d, org.springframework.security.web.authentication.AnonymousAuthenticationFilter@1aac188d, org.springframework.security.web.session.SessionManagementFilter@27a7ef08, org.springframework.security.web.access.ExceptionTranslationFilter@65f58c6e, org.springframework.security.web.access.intercept.FilterSecurityInterceptor@58ec7116]
2019-10-06 17:35:41.916  INFO 29684 --- [           main] s.w.s.m.m.a.RequestMappingHandlerAdapter : Looking for @ControllerAdvice: org.springframework.boot.web.servlet.context.AnnotationConfigServletWebServerApplicationContext@61862a7f: startup date [Sun Oct 06 08:35:31 UTC 2019]; root of context hierarchy
2019-10-06 17:35:42.499  INFO 29684 --- [           main] o.s.j.e.a.AnnotationMBeanExporter        : Registering beans for JMX exposure on startup
2019-10-06 17:35:42.501  INFO 29684 --- [           main] o.s.j.e.a.AnnotationMBeanExporter        : Bean with name 'dataSource' has been autodetected for JMX exposure
2019-10-06 17:35:42.509  INFO 29684 --- [           main] o.s.j.e.a.AnnotationMBeanExporter        : Located MBean 'dataSource': registering with JMX server as MBean [com.zaxxer.hikari:name=dataSource,type=HikariDataSource]
2019-10-06 17:35:42.524  INFO 29684 --- [           main] o.a.coyote.http11.Http11NioProtocol      : Starting ProtocolHandler ["http-nio-8080"]
2019-10-06 17:35:42.660  INFO 29684 --- [           main] o.a.tomcat.util.net.NioSelectorPool      : Using a shared selector for servlet write/read
2019-10-06 17:35:42.692  INFO 29684 --- [           main] o.s.b.w.embedded.tomcat.TomcatWebServer  : Tomcat started on port(s): 8080 (http) with context path ''
2019-10-06 17:35:42.699  INFO 29684 --- [           main] com.example.polls.PollsApplication       : Started PollsApplication in 11.572 seconds (JVM running for 14.82)
2019-10-06 17:36:06.532  INFO 29684 --- [nio-8080-exec-1] o.a.c.c.C.[Tomcat].[localhost].[/]       : Initializing Spring FrameworkServlet 'dispatcherServlet'
2019-10-06 17:36:06.532  INFO 29684 --- [nio-8080-exec-1] o.s.web.servlet.DispatcherServlet        : FrameworkServlet 'dispatcherServlet': initialization started
2019-10-06 17:36:06.562  INFO 29684 --- [nio-8080-exec-1] o.s.web.servlet.DispatcherServlet        : FrameworkServlet 'dispatcherServlet': initialization completed in 28 ms
2019-10-06 17:36:06.863  INFO 29684 --- [nio-8080-exec-2] c.e.polls.controller.AuthController      : 1-------------authenticateUser-----------------------------LoginRequest [usernameOrEmail=tttttt, password=tttttt]
2019-10-06 17:36:07.061  INFO 29684 --- [nio-8080-exec-2] o.h.h.i.QueryTranslatorFactoryInitiator  : HHH000397: Using ASTQueryTranslatorFactory
2019-10-06 17:36:07.423 DEBUG 29684 --- [nio-8080-exec-2] org.hibernate.SQL                        : select user0_.id as id1_2_, user0_.created_at as created_2_2_, user0_.updated_at as updated_3_2_, user0_.email as email4_2_, user0_.name as name5_2_, user0_.password as password6_2_, user0_.username as username7_2_ from users user0_ where user0_.username=? or user0_.email=?
2019-10-06 17:36:07.507 DEBUG 29684 --- [nio-8080-exec-2] org.hibernate.SQL                        : select roles0_.user_id as user_id1_1_0_, roles0_.role_id as role_id2_1_0_, role1_.id as id1_0_1_, role1_.name as name2_0_1_ from user_roles roles0_ inner join roles role1_ on roles0_.role_id=role1_.id where roles0_.user_id=?
2019-10-06 17:36:10.581 DEBUG 29684 --- [nio-8080-exec-3] org.hibernate.SQL                        : select user0_.id as id1_2_, user0_.created_at as created_2_2_, user0_.updated_at as updated_3_2_, user0_.email as email4_2_, user0_.name as name5_2_, user0_.password as password6_2_, user0_.username as username7_2_ from users user0_ where user0_.username=?
2019-10-06 19:50:38.424  WARN 29684 --- [l-1 housekeeper] com.zaxxer.hikari.pool.HikariPool        : HikariPool-1 - Thread starvation or clock leap detected (housekeeper delta=2h14m596ms70µs101ns).
2019-10-06 21:36:30.769  INFO 35116 --- [           main] com.ssafy.edu.LoginApplication           : Starting LoginApplication on choco with PID 35116 (C:\Users\choco\jsp-workspace\login\target\classes started by choco in C:\Users\choco\jsp-workspace\login)
2019-10-06 21:36:30.787  INFO 35116 --- [           main] com.ssafy.edu.LoginApplication           : No active profile set, falling back to default profiles: default
2019-10-06 21:36:31.015  INFO 35116 --- [           main] ConfigServletWebServerApplicationContext : Refreshing org.springframework.boot.web.servlet.context.AnnotationConfigServletWebServerApplicationContext@59fd97a8: startup date [Sun Oct 06 21:36:31 KST 2019]; root of context hierarchy
2019-10-06 21:36:33.730  INFO 35116 --- [           main] trationDelegate$BeanPostProcessorChecker : Bean 'org.springframework.transaction.annotation.ProxyTransactionManagementConfiguration' of type [org.springframework.transaction.annotation.ProxyTransactionManagementConfiguration$$EnhancerBySpringCGLIB$$5f2154c1] is not eligible for getting processed by all BeanPostProcessors (for example: not eligible for auto-proxying)
2019-10-06 21:36:33.816  INFO 35116 --- [           main] trationDelegate$BeanPostProcessorChecker : Bean 'org.springframework.security.config.annotation.configuration.ObjectPostProcessorConfiguration' of type [org.springframework.security.config.annotation.configuration.ObjectPostProcessorConfiguration$$EnhancerBySpringCGLIB$$f7cf1cfb] is not eligible for getting processed by all BeanPostProcessors (for example: not eligible for auto-proxying)
2019-10-06 21:36:33.829  INFO 35116 --- [           main] trationDelegate$BeanPostProcessorChecker : Bean 'objectPostProcessor' of type [org.springframework.security.config.annotation.configuration.AutowireBeanFactoryObjectPostProcessor] is not eligible for getting processed by all BeanPostProcessors (for example: not eligible for auto-proxying)
2019-10-06 21:36:33.832  INFO 35116 --- [           main] trationDelegate$BeanPostProcessorChecker : Bean 'org.springframework.security.access.expression.method.DefaultMethodSecurityExpressionHandler@68105edc' of type [org.springframework.security.access.expression.method.DefaultMethodSecurityExpressionHandler] is not eligible for getting processed by all BeanPostProcessors (for example: not eligible for auto-proxying)
2019-10-06 21:36:33.845  INFO 35116 --- [           main] trationDelegate$BeanPostProcessorChecker : Bean 'org.springframework.security.config.annotation.method.configuration.Jsr250MetadataSourceConfiguration' of type [org.springframework.security.config.annotation.method.configuration.Jsr250MetadataSourceConfiguration$$EnhancerBySpringCGLIB$$41f8d7c3] is not eligible for getting processed by all BeanPostProcessors (for example: not eligible for auto-proxying)
2019-10-06 21:36:33.852  INFO 35116 --- [           main] trationDelegate$BeanPostProcessorChecker : Bean 'jsr250MethodSecurityMetadataSource' of type [org.springframework.security.access.annotation.Jsr250MethodSecurityMetadataSource] is not eligible for getting processed by all BeanPostProcessors (for example: not eligible for auto-proxying)
2019-10-06 21:36:33.854  INFO 35116 --- [           main] trationDelegate$BeanPostProcessorChecker : Bean 'org.springframework.security.config.annotation.method.configuration.GlobalMethodSecurityConfiguration' of type [org.springframework.security.config.annotation.method.configuration.GlobalMethodSecurityConfiguration$$EnhancerBySpringCGLIB$$1ca3bfad] is not eligible for getting processed by all BeanPostProcessors (for example: not eligible for auto-proxying)
2019-10-06 21:36:33.870  INFO 35116 --- [           main] trationDelegate$BeanPostProcessorChecker : Bean 'methodSecurityMetadataSource' of type [org.springframework.security.access.method.DelegatingMethodSecurityMetadataSource] is not eligible for getting processed by all BeanPostProcessors (for example: not eligible for auto-proxying)
2019-10-06 21:36:35.267  INFO 35116 --- [           main] o.s.b.w.embedded.tomcat.TomcatWebServer  : Tomcat initialized with port(s): 8080 (http)
2019-10-06 21:36:35.310  INFO 35116 --- [           main] o.a.coyote.http11.Http11NioProtocol      : Initializing ProtocolHandler ["http-nio-8080"]
2019-10-06 21:36:35.346  INFO 35116 --- [           main] o.apache.catalina.core.StandardService   : Starting service [Tomcat]
2019-10-06 21:36:35.346  INFO 35116 --- [           main] org.apache.catalina.core.StandardEngine  : Starting Servlet Engine: Apache Tomcat/8.5.34
2019-10-06 21:36:35.401  INFO 35116 --- [ost-startStop-1] o.a.catalina.core.AprLifecycleListener   : The APR based Apache Tomcat Native library which allows optimal performance in production environments was not found on the java.library.path: [D:\java\jdk1.8.0_152\bin;C:\WINDOWS\Sun\Java\bin;C:\WINDOWS\system32;C:\WINDOWS;d:/Java/jdk1.8.0_152/bin/../jre/bin/server;d:/Java/jdk1.8.0_152/bin/../jre/bin;d:/Java/jdk1.8.0_152/bin/../jre/lib/amd64;d:\Java\jdk1.8.0_152\bin;D:\oraclexe\app\oracle\product\11.2.0\server\bin;d:\Git\cmd;C:\Program Files (x86)\Intel\iCLS Client\;C:\Program Files\Intel\iCLS Client\;C:\ProgramData\Oracle\Java\javapath;C:\windows\system32;C:\windows;C:\windows\System32\Wbem;C:\windows\System32\WindowsPowerShell\v1.0\;C:\Program Files (x86)\NVIDIA Corporation\PhysX\Common;C:\Program Files (x86)\Intel\Intel(R) Management Engine Components\DAL;C:\Program Files\Intel\Intel(R) Management Engine Components\DAL;C:\Program Files (x86)\Intel\Intel(R) Management Engine Components\IPT;C:\Program Files\Intel\Intel(R) Management Engine Components\IPT;C:\Program Files\Samsung\SamsungLink\AllShare Framework DMS\bin\;C:\WINDOWS\system32;C:\WINDOWS;C:\WINDOWS\System32\Wbem;C:\WINDOWS\System32\WindowsPowerShell\v1.0\;C:\WINDOWS\System32\OpenSSH\;C:\Program Files\Intel\WiFi\bin\;C:\Program Files\Common Files\Intel\WirelessCommon\;C:\Program Files\Microsoft VS Code\bin;D:\Yarn\bin\;C:\nodejs\;C:\Users\choco\AppData\Local\Microsoft\WindowsApps;C:\Users\choco\AppData\Local\GitHubDesktop\bin;C:\Users\choco\AppData\Local\Microsoft\WindowsApps;d:\MicrosoftVSCode\bin;C:\Users\choco\AppData\Local\Yarn\bin;C:\Users\choco\AppData\Roaming\npm;;C:\Users\choco\Desktop;;.]
2019-10-06 21:36:36.134  INFO 35116 --- [ost-startStop-1] o.a.c.c.C.[Tomcat].[localhost].[/]       : Initializing Spring embedded WebApplicationContext
2019-10-06 21:36:36.135  INFO 35116 --- [ost-startStop-1] o.s.web.context.ContextLoader            : Root WebApplicationContext: initialization completed in 5120 ms
2019-10-06 21:36:37.024  INFO 35116 --- [ost-startStop-1] com.zaxxer.hikari.HikariDataSource       : HikariPool-1 - Starting...
2019-10-06 21:36:37.440  INFO 35116 --- [ost-startStop-1] com.zaxxer.hikari.HikariDataSource       : HikariPool-1 - Start completed.
2019-10-06 21:36:37.541  INFO 35116 --- [ost-startStop-1] j.LocalContainerEntityManagerFactoryBean : Building JPA container EntityManagerFactory for persistence unit 'default'
2019-10-06 21:36:37.645  INFO 35116 --- [ost-startStop-1] o.hibernate.jpa.internal.util.LogHelper  : HHH000204: Processing PersistenceUnitInfo [
	name: default
	...]
2019-10-06 21:36:37.816  INFO 35116 --- [ost-startStop-1] org.hibernate.Version                    : HHH000412: Hibernate Core {5.2.17.Final}
2019-10-06 21:36:37.820  INFO 35116 --- [ost-startStop-1] org.hibernate.cfg.Environment            : HHH000206: hibernate.properties not found
2019-10-06 21:36:37.951  INFO 35116 --- [ost-startStop-1] o.hibernate.annotations.common.Version   : HCANN000001: Hibernate Commons Annotations {5.0.1.Final}
2019-10-06 21:36:38.199  INFO 35116 --- [ost-startStop-1] org.hibernate.dialect.Dialect            : HHH000400: Using dialect: org.hibernate.dialect.MySQL5InnoDBDialect
2019-10-06 21:36:39.316  INFO 35116 --- [ost-startStop-1] j.LocalContainerEntityManagerFactoryBean : Initialized JPA EntityManagerFactory for persistence unit 'default'
2019-10-06 21:36:40.205  INFO 35116 --- [ost-startStop-1] o.s.b.w.servlet.FilterRegistrationBean   : Mapping filter: 'characterEncodingFilter' to: [/*]
2019-10-06 21:36:40.206  INFO 35116 --- [ost-startStop-1] o.s.b.w.servlet.FilterRegistrationBean   : Mapping filter: 'hiddenHttpMethodFilter' to: [/*]
2019-10-06 21:36:40.206  INFO 35116 --- [ost-startStop-1] o.s.b.w.servlet.FilterRegistrationBean   : Mapping filter: 'httpPutFormContentFilter' to: [/*]
2019-10-06 21:36:40.206  INFO 35116 --- [ost-startStop-1] o.s.b.w.servlet.FilterRegistrationBean   : Mapping filter: 'requestContextFilter' to: [/*]
2019-10-06 21:36:40.207  INFO 35116 --- [ost-startStop-1] .s.DelegatingFilterProxyRegistrationBean : Mapping filter: 'springSecurityFilterChain' to: [/*]
2019-10-06 21:36:40.208  INFO 35116 --- [ost-startStop-1] o.s.b.w.servlet.FilterRegistrationBean   : Mapping filter: 'jwtAuthenticationFilter' to: [/*]
2019-10-06 21:36:40.208  INFO 35116 --- [ost-startStop-1] o.s.b.w.servlet.ServletRegistrationBean  : Servlet dispatcherServlet mapped to [/]
2019-10-06 21:36:40.754  INFO 35116 --- [           main] o.s.w.s.handler.SimpleUrlHandlerMapping  : Mapped URL path [/**/favicon.ico] onto handler of type [class org.springframework.web.servlet.resource.ResourceHttpRequestHandler]
2019-10-06 21:36:40.779  WARN 35116 --- [           main] aWebConfiguration$JpaWebMvcConfiguration : spring.jpa.open-in-view is enabled by default. Therefore, database queries may be performed during view rendering. Explicitly configure spring.jpa.open-in-view to disable this warning
2019-10-06 21:36:40.887  INFO 35116 --- [           main] s.w.s.m.m.a.RequestMappingHandlerMapping : Mapped "{[/api/auth/signup],methods=[POST]}" onto public org.springframework.http.ResponseEntity<?> com.ssafy.edu.controller.AuthController.registerUser(com.ssafy.edu.payload.SignUpRequest)
2019-10-06 21:36:40.889  INFO 35116 --- [           main] s.w.s.m.m.a.RequestMappingHandlerMapping : Mapped "{[/api/auth/signin],methods=[POST]}" onto public org.springframework.http.ResponseEntity<?> com.ssafy.edu.controller.AuthController.authenticateUser(com.ssafy.edu.payload.LoginRequest)
2019-10-06 21:36:40.894  INFO 35116 --- [           main] s.w.s.m.m.a.RequestMappingHandlerMapping : Mapped "{[/api/users/{username}],methods=[GET]}" onto public com.ssafy.edu.payload.UserProfile com.ssafy.edu.controller.UserController.getUserProfile(java.lang.String)
2019-10-06 21:36:40.895  INFO 35116 --- [           main] s.w.s.m.m.a.RequestMappingHandlerMapping : Mapped "{[/api/user/me],methods=[GET]}" onto public com.ssafy.edu.payload.UserSummary com.ssafy.edu.controller.UserController.getCurrentUser(com.ssafy.edu.security.UserPrincipal)
2019-10-06 21:36:40.895  INFO 35116 --- [           main] s.w.s.m.m.a.RequestMappingHandlerMapping : Mapped "{[/api/user/checkUsernameAvailability],methods=[GET]}" onto public com.ssafy.edu.payload.UserIdentityAvailability com.ssafy.edu.controller.UserController.checkUsernameAvailability(java.lang.String)
2019-10-06 21:36:40.896  INFO 35116 --- [           main] s.w.s.m.m.a.RequestMappingHandlerMapping : Mapped "{[/api/user/checkEmailAvailability],methods=[GET]}" onto public com.ssafy.edu.payload.UserIdentityAvailability com.ssafy.edu.controller.UserController.checkEmailAvailability(java.lang.String)
2019-10-06 21:36:40.902  INFO 35116 --- [           main] s.w.s.m.m.a.RequestMappingHandlerMapping : Mapped "{[/error]}" onto public org.springframework.http.ResponseEntity<java.util.Map<java.lang.String, java.lang.Object>> org.springframework.boot.autoconfigure.web.servlet.error.BasicErrorController.error(javax.servlet.http.HttpServletRequest)
2019-10-06 21:36:40.903  INFO 35116 --- [           main] s.w.s.m.m.a.RequestMappingHandlerMapping : Mapped "{[/error],produces=[text/html]}" onto public org.springframework.web.servlet.ModelAndView org.springframework.boot.autoconfigure.web.servlet.error.BasicErrorController.errorHtml(javax.servlet.http.HttpServletRequest,javax.servlet.http.HttpServletResponse)
2019-10-06 21:36:40.957  INFO 35116 --- [           main] o.s.w.s.handler.SimpleUrlHandlerMapping  : Mapped URL path [/webjars/**] onto handler of type [class org.springframework.web.servlet.resource.ResourceHttpRequestHandler]
2019-10-06 21:36:40.957  INFO 35116 --- [           main] o.s.w.s.handler.SimpleUrlHandlerMapping  : Mapped URL path [/**] onto handler of type [class org.springframework.web.servlet.resource.ResourceHttpRequestHandler]
2019-10-06 21:36:41.007  INFO 35116 --- [           main] o.s.s.web.DefaultSecurityFilterChain     : Creating filter chain: org.springframework.security.web.util.matcher.AnyRequestMatcher@1, [org.springframework.security.web.context.request.async.WebAsyncManagerIntegrationFilter@62a4417, org.springframework.security.web.context.SecurityContextPersistenceFilter@74abbb, org.springframework.security.web.header.HeaderWriterFilter@b965857, org.springframework.web.filter.CorsFilter@43f61afb, org.springframework.security.web.authentication.logout.LogoutFilter@2e1af49b, com.ssafy.edu.security.JwtAuthenticationFilter@53cb54d0, org.springframework.security.web.savedrequest.RequestCacheAwareFilter@2dddc1b9, org.springframework.security.web.servletapi.SecurityContextHolderAwareRequestFilter@af9a89f, org.springframework.security.web.authentication.AnonymousAuthenticationFilter@713064e8, org.springframework.security.web.session.SessionManagementFilter@7c2312fa, org.springframework.security.web.access.ExceptionTranslationFilter@7ea08277, org.springframework.security.web.access.intercept.FilterSecurityInterceptor@36fcf6c0]
2019-10-06 21:36:41.510  INFO 35116 --- [           main] s.w.s.m.m.a.RequestMappingHandlerAdapter : Looking for @ControllerAdvice: org.springframework.boot.web.servlet.context.AnnotationConfigServletWebServerApplicationContext@59fd97a8: startup date [Sun Oct 06 12:36:31 UTC 2019]; root of context hierarchy
2019-10-06 21:36:42.006  INFO 35116 --- [           main] o.s.j.e.a.AnnotationMBeanExporter        : Registering beans for JMX exposure on startup
2019-10-06 21:36:42.008  INFO 35116 --- [           main] o.s.j.e.a.AnnotationMBeanExporter        : Bean with name 'dataSource' has been autodetected for JMX exposure
2019-10-06 21:36:42.015  INFO 35116 --- [           main] o.s.j.e.a.AnnotationMBeanExporter        : Located MBean 'dataSource': registering with JMX server as MBean [com.zaxxer.hikari:name=dataSource,type=HikariDataSource]
2019-10-06 21:36:42.029  INFO 35116 --- [           main] o.a.coyote.http11.Http11NioProtocol      : Starting ProtocolHandler ["http-nio-8080"]
2019-10-06 21:36:42.204  INFO 35116 --- [           main] o.a.tomcat.util.net.NioSelectorPool      : Using a shared selector for servlet write/read
2019-10-06 21:36:42.224  INFO 35116 --- [           main] o.s.b.w.embedded.tomcat.TomcatWebServer  : Tomcat started on port(s): 8080 (http) with context path ''
2019-10-06 21:36:42.229  INFO 35116 --- [           main] com.ssafy.edu.LoginApplication           : Started LoginApplication in 12.119 seconds (JVM running for 15.201)
2019-10-06 21:41:18.633  INFO 35116 --- [nio-8080-exec-1] o.a.c.c.C.[Tomcat].[localhost].[/]       : Initializing Spring FrameworkServlet 'dispatcherServlet'
2019-10-06 21:41:18.634  INFO 35116 --- [nio-8080-exec-1] o.s.web.servlet.DispatcherServlet        : FrameworkServlet 'dispatcherServlet': initialization started
2019-10-06 21:41:18.667  INFO 35116 --- [nio-8080-exec-1] o.s.web.servlet.DispatcherServlet        : FrameworkServlet 'dispatcherServlet': initialization completed in 33 ms
2019-10-06 21:41:19.230  INFO 35116 --- [nio-8080-exec-2] com.ssafy.edu.controller.AuthController  : 1-------------authenticateUser-----------------------------LoginRequest [usernameOrEmail=tttttt, password=tttttt]
2019-10-06 21:41:19.411  INFO 35116 --- [nio-8080-exec-2] o.h.h.i.QueryTranslatorFactoryInitiator  : HHH000397: Using ASTQueryTranslatorFactory
2019-10-06 21:41:19.652 DEBUG 35116 --- [nio-8080-exec-2] org.hibernate.SQL                        : select memberuser0_.id as id1_2_, memberuser0_.created_at as created_2_2_, memberuser0_.updated_at as updated_3_2_, memberuser0_.email as email4_2_, memberuser0_.name as name5_2_, memberuser0_.password as password6_2_, memberuser0_.username as username7_2_ from users memberuser0_ where memberuser0_.username=? or memberuser0_.email=?
2019-10-06 21:41:19.758 DEBUG 35116 --- [nio-8080-exec-2] org.hibernate.SQL                        : select roles0_.user_id as user_id1_1_0_, roles0_.role_id as role_id2_1_0_, role1_.id as id1_0_1_, role1_.name as name2_0_1_ from user_roles roles0_ inner join roles role1_ on roles0_.role_id=role1_.id where roles0_.user_id=?
2019-10-06 21:41:23.785 DEBUG 35116 --- [nio-8080-exec-3] org.hibernate.SQL                        : select memberuser0_.id as id1_2_, memberuser0_.created_at as created_2_2_, memberuser0_.updated_at as updated_3_2_, memberuser0_.email as email4_2_, memberuser0_.name as name5_2_, memberuser0_.password as password6_2_, memberuser0_.username as username7_2_ from users memberuser0_ where memberuser0_.username=?
