2019-10-15 00:14:51.244  WARN 16952 --- [l-1 housekeeper] com.zaxxer.hikari.pool.HikariPool        : HikariPool-1 - Thread starvation or clock leap detected (housekeeper delta=19m34s722ms747µs300ns).
2019-10-15 00:19:45.497  INFO 16952 --- [io-8397-exec-10] com.ssafy.edu.controller.AuthController  : 1-------------registerUser-----------------------------com.ssafy.edu.payload.SignUpRequest@47da3df8
2019-10-15 00:19:45.522 DEBUG 16952 --- [io-8397-exec-10] org.hibernate.SQL                        : select memberuser0_.id as col_0_0_ from users memberuser0_ where memberuser0_.username=? limit ?
2019-10-15 00:19:45.526  INFO 16952 --- [io-8397-exec-10] com.ssafy.edu.controller.AuthController  : 2-------------registerUser-----------------------------com.ssafy.edu.payload.SignUpRequest@47da3df8
2019-10-15 00:19:45.529 DEBUG 16952 --- [io-8397-exec-10] org.hibernate.SQL                        : select memberuser0_.id as col_0_0_ from users memberuser0_ where memberuser0_.email=? limit ?
2019-10-15 00:19:45.531  INFO 16952 --- [io-8397-exec-10] com.ssafy.edu.controller.AuthController  : 3-------------registerUser-----------------------------com.ssafy.edu.payload.SignUpRequest@47da3df8
2019-10-15 00:19:45.531  INFO 16952 --- [io-8397-exec-10] com.ssafy.edu.controller.AuthController  : 4-------------registerUser-----------------------------com.ssafy.edu.model.MemberUser@76a7ad78
2019-10-15 00:19:45.630 DEBUG 16952 --- [io-8397-exec-10] org.hibernate.SQL                        : select role0_.id as id1_0_, role0_.name as name2_0_ from roles role0_ where role0_.name=?
2019-10-15 00:19:45.854 DEBUG 16952 --- [io-8397-exec-10] org.hibernate.SQL                        : insert into users (created_at, updated_at, email, name, password, username) values (?, ?, ?, ?, ?, ?)
2019-10-15 00:19:45.885 DEBUG 16952 --- [io-8397-exec-10] org.hibernate.SQL                        : insert into user_roles (user_id, role_id) values (?, ?)
2019-10-15 00:23:25.151  INFO 16952 --- [nio-8397-exec-8] com.ssafy.edu.controller.AuthController  : 1-------------registerUser-----------------------------com.ssafy.edu.payload.SignUpRequest@5014a266
2019-10-15 00:23:25.152 DEBUG 16952 --- [nio-8397-exec-8] org.hibernate.SQL                        : select memberuser0_.id as col_0_0_ from users memberuser0_ where memberuser0_.username=? limit ?
2019-10-15 00:23:25.160  INFO 16952 --- [nio-8397-exec-8] com.ssafy.edu.controller.AuthController  : 2-------------registerUser-----------------------------com.ssafy.edu.payload.SignUpRequest@5014a266
2019-10-15 00:23:25.161 DEBUG 16952 --- [nio-8397-exec-8] org.hibernate.SQL                        : select memberuser0_.id as col_0_0_ from users memberuser0_ where memberuser0_.email=? limit ?
2019-10-15 00:23:25.163  INFO 16952 --- [nio-8397-exec-8] com.ssafy.edu.controller.AuthController  : 3-------------registerUser-----------------------------com.ssafy.edu.payload.SignUpRequest@5014a266
2019-10-15 00:23:25.163  INFO 16952 --- [nio-8397-exec-8] com.ssafy.edu.controller.AuthController  : 4-------------registerUser-----------------------------com.ssafy.edu.model.MemberUser@656f66c3
2019-10-15 00:23:25.256 DEBUG 16952 --- [nio-8397-exec-8] org.hibernate.SQL                        : select role0_.id as id1_0_, role0_.name as name2_0_ from roles role0_ where role0_.name=?
2019-10-15 00:23:25.263 DEBUG 16952 --- [nio-8397-exec-8] org.hibernate.SQL                        : insert into users (created_at, updated_at, email, name, password, username) values (?, ?, ?, ?, ?, ?)
2019-10-15 00:23:25.267 DEBUG 16952 --- [nio-8397-exec-8] org.hibernate.SQL                        : insert into user_roles (user_id, role_id) values (?, ?)
2019-10-15 00:26:05.558  INFO 16952 --- [nio-8397-exec-2] com.ssafy.edu.controller.AuthController  : 1-------------registerUser-----------------------------com.ssafy.edu.payload.SignUpRequest@535246c8
2019-10-15 00:26:05.559 DEBUG 16952 --- [nio-8397-exec-2] org.hibernate.SQL                        : select memberuser0_.id as col_0_0_ from users memberuser0_ where memberuser0_.username=? limit ?
2019-10-15 00:26:05.562  INFO 16952 --- [nio-8397-exec-2] com.ssafy.edu.controller.AuthController  : 2-------------registerUser-----------------------------com.ssafy.edu.payload.SignUpRequest@535246c8
2019-10-15 00:26:05.562 DEBUG 16952 --- [nio-8397-exec-2] org.hibernate.SQL                        : select memberuser0_.id as col_0_0_ from users memberuser0_ where memberuser0_.email=? limit ?
2019-10-15 00:26:05.564  INFO 16952 --- [nio-8397-exec-2] com.ssafy.edu.controller.AuthController  : 3-------------registerUser-----------------------------com.ssafy.edu.payload.SignUpRequest@535246c8
2019-10-15 00:26:05.564  INFO 16952 --- [nio-8397-exec-2] com.ssafy.edu.controller.AuthController  : 4-------------registerUser-----------------------------com.ssafy.edu.model.MemberUser@4ca62c6b
2019-10-15 00:26:05.657 DEBUG 16952 --- [nio-8397-exec-2] org.hibernate.SQL                        : select role0_.id as id1_0_, role0_.name as name2_0_ from roles role0_ where role0_.name=?
2019-10-15 00:26:05.662 DEBUG 16952 --- [nio-8397-exec-2] org.hibernate.SQL                        : insert into users (created_at, updated_at, email, name, password, username) values (?, ?, ?, ?, ?, ?)
2019-10-15 00:26:05.670 DEBUG 16952 --- [nio-8397-exec-2] org.hibernate.SQL                        : insert into user_roles (user_id, role_id) values (?, ?)
2019-10-15 00:35:13.573  INFO 16952 --- [nio-8397-exec-4] com.ssafy.edu.controller.AuthController  : 1-------------registerUser-----------------------------com.ssafy.edu.payload.SignUpRequest@1444ddc
2019-10-15 00:35:13.575 DEBUG 16952 --- [nio-8397-exec-4] org.hibernate.SQL                        : select memberuser0_.id as col_0_0_ from users memberuser0_ where memberuser0_.username=? limit ?
2019-10-15 00:35:13.577  INFO 16952 --- [nio-8397-exec-4] com.ssafy.edu.controller.AuthController  : 2-------------registerUser-----------------------------com.ssafy.edu.payload.SignUpRequest@1444ddc
2019-10-15 00:35:13.578 DEBUG 16952 --- [nio-8397-exec-4] org.hibernate.SQL                        : select memberuser0_.id as col_0_0_ from users memberuser0_ where memberuser0_.email=? limit ?
2019-10-15 00:35:13.579  INFO 16952 --- [nio-8397-exec-4] com.ssafy.edu.controller.AuthController  : 3-------------registerUser-----------------------------com.ssafy.edu.payload.SignUpRequest@1444ddc
2019-10-15 00:35:13.579  INFO 16952 --- [nio-8397-exec-4] com.ssafy.edu.controller.AuthController  : 4-------------registerUser-----------------------------com.ssafy.edu.model.MemberUser@cf0dd2f
2019-10-15 00:35:13.676 DEBUG 16952 --- [nio-8397-exec-4] org.hibernate.SQL                        : select role0_.id as id1_0_, role0_.name as name2_0_ from roles role0_ where role0_.name=?
2019-10-15 00:35:13.681 DEBUG 16952 --- [nio-8397-exec-4] org.hibernate.SQL                        : insert into users (created_at, updated_at, email, name, password, username) values (?, ?, ?, ?, ?, ?)
2019-10-15 00:35:13.690 DEBUG 16952 --- [nio-8397-exec-4] org.hibernate.SQL                        : insert into user_roles (user_id, role_id) values (?, ?)
2019-10-15 00:36:40.945  INFO 16952 --- [nio-8397-exec-6] com.ssafy.edu.controller.AuthController  : 1-------------registerUser-----------------------------com.ssafy.edu.payload.SignUpRequest@7d24a8c5
2019-10-15 00:36:40.946 DEBUG 16952 --- [nio-8397-exec-6] org.hibernate.SQL                        : select memberuser0_.id as col_0_0_ from users memberuser0_ where memberuser0_.username=? limit ?
2019-10-15 00:36:40.947  INFO 16952 --- [nio-8397-exec-6] com.ssafy.edu.controller.AuthController  : 2-------------registerUser-----------------------------com.ssafy.edu.payload.SignUpRequest@7d24a8c5
2019-10-15 00:36:40.948 DEBUG 16952 --- [nio-8397-exec-6] org.hibernate.SQL                        : select memberuser0_.id as col_0_0_ from users memberuser0_ where memberuser0_.email=? limit ?
2019-10-15 00:36:40.950  INFO 16952 --- [nio-8397-exec-6] com.ssafy.edu.controller.AuthController  : 3-------------registerUser-----------------------------com.ssafy.edu.payload.SignUpRequest@7d24a8c5
2019-10-15 00:36:40.950  INFO 16952 --- [nio-8397-exec-6] com.ssafy.edu.controller.AuthController  : 4-------------registerUser-----------------------------com.ssafy.edu.model.MemberUser@18a517ee
2019-10-15 00:36:41.067 DEBUG 16952 --- [nio-8397-exec-6] org.hibernate.SQL                        : select role0_.id as id1_0_, role0_.name as name2_0_ from roles role0_ where role0_.name=?
2019-10-15 00:36:41.071 DEBUG 16952 --- [nio-8397-exec-6] org.hibernate.SQL                        : insert into users (created_at, updated_at, email, name, password, username) values (?, ?, ?, ?, ?, ?)
2019-10-15 00:36:41.079 DEBUG 16952 --- [nio-8397-exec-6] org.hibernate.SQL                        : insert into user_roles (user_id, role_id) values (?, ?)
2019-10-15 00:38:21.627  INFO 16952 --- [io-8397-exec-10] com.ssafy.edu.controller.AuthController  : 1-------------registerUser-----------------------------com.ssafy.edu.payload.SignUpRequest@60bc545f
2019-10-15 00:38:21.628 DEBUG 16952 --- [io-8397-exec-10] org.hibernate.SQL                        : select memberuser0_.id as col_0_0_ from users memberuser0_ where memberuser0_.username=? limit ?
2019-10-15 00:38:21.630  INFO 16952 --- [io-8397-exec-10] com.ssafy.edu.controller.AuthController  : 2-------------registerUser-----------------------------com.ssafy.edu.payload.SignUpRequest@60bc545f
2019-10-15 00:38:21.631 DEBUG 16952 --- [io-8397-exec-10] org.hibernate.SQL                        : select memberuser0_.id as col_0_0_ from users memberuser0_ where memberuser0_.email=? limit ?
2019-10-15 00:38:21.633  INFO 16952 --- [io-8397-exec-10] com.ssafy.edu.controller.AuthController  : 3-------------registerUser-----------------------------com.ssafy.edu.payload.SignUpRequest@60bc545f
2019-10-15 00:38:21.633  INFO 16952 --- [io-8397-exec-10] com.ssafy.edu.controller.AuthController  : 4-------------registerUser-----------------------------com.ssafy.edu.model.MemberUser@6e24c7b6
2019-10-15 00:38:21.727 DEBUG 16952 --- [io-8397-exec-10] org.hibernate.SQL                        : select role0_.id as id1_0_, role0_.name as name2_0_ from roles role0_ where role0_.name=?
2019-10-15 00:38:21.730 DEBUG 16952 --- [io-8397-exec-10] org.hibernate.SQL                        : insert into users (created_at, updated_at, email, name, password, username) values (?, ?, ?, ?, ?, ?)
2019-10-15 00:38:21.733 DEBUG 16952 --- [io-8397-exec-10] org.hibernate.SQL                        : insert into user_roles (user_id, role_id) values (?, ?)
2019-10-15 00:39:48.732  INFO 16952 --- [nio-8397-exec-7] com.ssafy.edu.controller.AuthController  : 1-------------authenticateUser-----------------------------LoginRequest [usernameOrEmail=tttttt, password=tttttt]
2019-10-15 00:39:48.734 DEBUG 16952 --- [nio-8397-exec-7] org.hibernate.SQL                        : select memberuser0_.id as id1_2_, memberuser0_.created_at as created_2_2_, memberuser0_.updated_at as updated_3_2_, memberuser0_.email as email4_2_, memberuser0_.name as name5_2_, memberuser0_.password as password6_2_, memberuser0_.username as username7_2_ from users memberuser0_ where memberuser0_.username=? or memberuser0_.email=?
2019-10-15 00:39:48.736 DEBUG 16952 --- [nio-8397-exec-7] org.hibernate.SQL                        : select roles0_.user_id as user_id1_1_0_, roles0_.role_id as role_id2_1_0_, role1_.id as id1_0_1_, role1_.name as name2_0_1_ from user_roles roles0_ inner join roles role1_ on roles0_.role_id=role1_.id where roles0_.user_id=?
2019-10-15 00:39:50.941 DEBUG 16952 --- [nio-8397-exec-2] org.hibernate.SQL                        : select memberuser0_.id as id1_2_, memberuser0_.created_at as created_2_2_, memberuser0_.updated_at as updated_3_2_, memberuser0_.email as email4_2_, memberuser0_.name as name5_2_, memberuser0_.password as password6_2_, memberuser0_.username as username7_2_ from users memberuser0_ where memberuser0_.username=?
2019-10-15 00:40:25.265  INFO 16952 --- [nio-8397-exec-3] com.ssafy.edu.controller.AuthController  : 1-------------registerUser-----------------------------com.ssafy.edu.payload.SignUpRequest@3be36731
2019-10-15 00:40:25.266 DEBUG 16952 --- [nio-8397-exec-3] org.hibernate.SQL                        : select memberuser0_.id as col_0_0_ from users memberuser0_ where memberuser0_.username=? limit ?
2019-10-15 00:40:25.269  INFO 16952 --- [nio-8397-exec-3] com.ssafy.edu.controller.AuthController  : 2-------------registerUser-----------------------------com.ssafy.edu.payload.SignUpRequest@3be36731
2019-10-15 00:40:25.270 DEBUG 16952 --- [nio-8397-exec-3] org.hibernate.SQL                        : select memberuser0_.id as col_0_0_ from users memberuser0_ where memberuser0_.email=? limit ?
2019-10-15 00:40:25.271  INFO 16952 --- [nio-8397-exec-3] com.ssafy.edu.controller.AuthController  : 3-------------registerUser-----------------------------com.ssafy.edu.payload.SignUpRequest@3be36731
2019-10-15 00:40:25.271  INFO 16952 --- [nio-8397-exec-3] com.ssafy.edu.controller.AuthController  : 4-------------registerUser-----------------------------com.ssafy.edu.model.MemberUser@66081c2f
2019-10-15 00:40:25.364 DEBUG 16952 --- [nio-8397-exec-3] org.hibernate.SQL                        : select role0_.id as id1_0_, role0_.name as name2_0_ from roles role0_ where role0_.name=?
2019-10-15 00:40:25.367 DEBUG 16952 --- [nio-8397-exec-3] org.hibernate.SQL                        : insert into users (created_at, updated_at, email, name, password, username) values (?, ?, ?, ?, ?, ?)
2019-10-15 00:40:25.375 DEBUG 16952 --- [nio-8397-exec-3] org.hibernate.SQL                        : insert into user_roles (user_id, role_id) values (?, ?)
2019-10-15 00:41:00.088  INFO 16952 --- [nio-8397-exec-4] com.ssafy.edu.controller.AuthController  : 1-------------authenticateUser-----------------------------LoginRequest [usernameOrEmail=rrrrrr, password=rrrrrr]
2019-10-15 00:41:00.090 DEBUG 16952 --- [nio-8397-exec-4] org.hibernate.SQL                        : select memberuser0_.id as id1_2_, memberuser0_.created_at as created_2_2_, memberuser0_.updated_at as updated_3_2_, memberuser0_.email as email4_2_, memberuser0_.name as name5_2_, memberuser0_.password as password6_2_, memberuser0_.username as username7_2_ from users memberuser0_ where memberuser0_.username=? or memberuser0_.email=?
2019-10-15 00:41:00.093 DEBUG 16952 --- [nio-8397-exec-4] org.hibernate.SQL                        : select roles0_.user_id as user_id1_1_0_, roles0_.role_id as role_id2_1_0_, role1_.id as id1_0_1_, role1_.name as name2_0_1_ from user_roles roles0_ inner join roles role1_ on roles0_.role_id=role1_.id where roles0_.user_id=?
2019-10-15 00:41:01.601 DEBUG 16952 --- [nio-8397-exec-5] org.hibernate.SQL                        : select memberuser0_.id as id1_2_, memberuser0_.created_at as created_2_2_, memberuser0_.updated_at as updated_3_2_, memberuser0_.email as email4_2_, memberuser0_.name as name5_2_, memberuser0_.password as password6_2_, memberuser0_.username as username7_2_ from users memberuser0_ where memberuser0_.username=?
2019-10-15 00:52:07.263  INFO 16952 --- [io-8397-exec-10] com.ssafy.edu.controller.AuthController  : 1-------------registerUser-----------------------------com.ssafy.edu.payload.SignUpRequest@504c3090
2019-10-15 00:52:07.264 DEBUG 16952 --- [io-8397-exec-10] org.hibernate.SQL                        : select memberuser0_.id as col_0_0_ from users memberuser0_ where memberuser0_.username=? limit ?
2019-10-15 00:52:07.274  INFO 16952 --- [io-8397-exec-10] com.ssafy.edu.controller.AuthController  : 2-------------registerUser-----------------------------com.ssafy.edu.payload.SignUpRequest@504c3090
2019-10-15 00:52:07.274 DEBUG 16952 --- [io-8397-exec-10] org.hibernate.SQL                        : select memberuser0_.id as col_0_0_ from users memberuser0_ where memberuser0_.email=? limit ?
2019-10-15 00:52:07.276  INFO 16952 --- [io-8397-exec-10] com.ssafy.edu.controller.AuthController  : 3-------------registerUser-----------------------------com.ssafy.edu.payload.SignUpRequest@504c3090
2019-10-15 00:52:07.276  INFO 16952 --- [io-8397-exec-10] com.ssafy.edu.controller.AuthController  : 4-------------registerUser-----------------------------com.ssafy.edu.model.MemberUser@17212829
2019-10-15 00:52:07.396 DEBUG 16952 --- [io-8397-exec-10] org.hibernate.SQL                        : select role0_.id as id1_0_, role0_.name as name2_0_ from roles role0_ where role0_.name=?
2019-10-15 00:52:07.402 DEBUG 16952 --- [io-8397-exec-10] org.hibernate.SQL                        : insert into users (created_at, updated_at, email, name, password, username) values (?, ?, ?, ?, ?, ?)
2019-10-15 00:52:07.404 DEBUG 16952 --- [io-8397-exec-10] org.hibernate.SQL                        : insert into user_roles (user_id, role_id) values (?, ?)
2019-10-15 00:53:59.529  INFO 16952 --- [nio-8397-exec-8] com.ssafy.edu.controller.AuthController  : 1-------------registerUser-----------------------------com.ssafy.edu.payload.SignUpRequest@1a22be55
2019-10-15 00:53:59.530 DEBUG 16952 --- [nio-8397-exec-8] org.hibernate.SQL                        : select memberuser0_.id as col_0_0_ from users memberuser0_ where memberuser0_.username=? limit ?
2019-10-15 00:53:59.531  INFO 16952 --- [nio-8397-exec-8] com.ssafy.edu.controller.AuthController  : 2-------------registerUser-----------------------------com.ssafy.edu.payload.SignUpRequest@1a22be55
2019-10-15 00:53:59.533 DEBUG 16952 --- [nio-8397-exec-8] org.hibernate.SQL                        : select memberuser0_.id as col_0_0_ from users memberuser0_ where memberuser0_.email=? limit ?
2019-10-15 00:53:59.534  INFO 16952 --- [nio-8397-exec-8] com.ssafy.edu.controller.AuthController  : 3-------------registerUser-----------------------------com.ssafy.edu.payload.SignUpRequest@1a22be55
2019-10-15 00:53:59.534  INFO 16952 --- [nio-8397-exec-8] com.ssafy.edu.controller.AuthController  : 4-------------registerUser-----------------------------com.ssafy.edu.model.MemberUser@3243a1d8
2019-10-15 00:53:59.624 DEBUG 16952 --- [nio-8397-exec-8] org.hibernate.SQL                        : select role0_.id as id1_0_, role0_.name as name2_0_ from roles role0_ where role0_.name=?
2019-10-15 00:53:59.628 DEBUG 16952 --- [nio-8397-exec-8] org.hibernate.SQL                        : insert into users (created_at, updated_at, email, name, password, username) values (?, ?, ?, ?, ?, ?)
2019-10-15 00:53:59.631 DEBUG 16952 --- [nio-8397-exec-8] org.hibernate.SQL                        : insert into user_roles (user_id, role_id) values (?, ?)
2019-10-15 01:04:59.921  INFO 16952 --- [nio-8397-exec-2] com.ssafy.edu.controller.AuthController  : 1-------------authenticateUser-----------------------------LoginRequest [usernameOrEmail=rrrrrr, password=rrrrrr]
2019-10-15 01:04:59.923 DEBUG 16952 --- [nio-8397-exec-2] org.hibernate.SQL                        : select memberuser0_.id as id1_2_, memberuser0_.created_at as created_2_2_, memberuser0_.updated_at as updated_3_2_, memberuser0_.email as email4_2_, memberuser0_.name as name5_2_, memberuser0_.password as password6_2_, memberuser0_.username as username7_2_ from users memberuser0_ where memberuser0_.username=? or memberuser0_.email=?
2019-10-15 01:04:59.936 DEBUG 16952 --- [nio-8397-exec-2] org.hibernate.SQL                        : select roles0_.user_id as user_id1_1_0_, roles0_.role_id as role_id2_1_0_, role1_.id as id1_0_1_, role1_.name as name2_0_1_ from user_roles roles0_ inner join roles role1_ on roles0_.role_id=role1_.id where roles0_.user_id=?
2019-10-15 01:05:01.341 DEBUG 16952 --- [nio-8397-exec-3] org.hibernate.SQL                        : select memberuser0_.id as id1_2_, memberuser0_.created_at as created_2_2_, memberuser0_.updated_at as updated_3_2_, memberuser0_.email as email4_2_, memberuser0_.name as name5_2_, memberuser0_.password as password6_2_, memberuser0_.username as username7_2_ from users memberuser0_ where memberuser0_.username=?
2019-10-15 01:05:21.137  INFO 16952 --- [nio-8397-exec-5] com.ssafy.edu.controller.AuthController  : 1-------------registerUser-----------------------------com.ssafy.edu.payload.SignUpRequest@5f877a8
2019-10-15 01:05:21.138 DEBUG 16952 --- [nio-8397-exec-5] org.hibernate.SQL                        : select memberuser0_.id as col_0_0_ from users memberuser0_ where memberuser0_.username=? limit ?
2019-10-15 01:05:21.140  INFO 16952 --- [nio-8397-exec-5] com.ssafy.edu.controller.AuthController  : 2-------------registerUser-----------------------------com.ssafy.edu.payload.SignUpRequest@5f877a8
2019-10-15 01:05:21.141 DEBUG 16952 --- [nio-8397-exec-5] org.hibernate.SQL                        : select memberuser0_.id as col_0_0_ from users memberuser0_ where memberuser0_.email=? limit ?
2019-10-15 01:05:21.142  INFO 16952 --- [nio-8397-exec-5] com.ssafy.edu.controller.AuthController  : 3-------------registerUser-----------------------------com.ssafy.edu.payload.SignUpRequest@5f877a8
2019-10-15 01:05:21.142  INFO 16952 --- [nio-8397-exec-5] com.ssafy.edu.controller.AuthController  : 4-------------registerUser-----------------------------com.ssafy.edu.model.MemberUser@529fff8e
2019-10-15 01:05:21.238 DEBUG 16952 --- [nio-8397-exec-5] org.hibernate.SQL                        : select role0_.id as id1_0_, role0_.name as name2_0_ from roles role0_ where role0_.name=?
2019-10-15 01:05:21.243 DEBUG 16952 --- [nio-8397-exec-5] org.hibernate.SQL                        : insert into users (created_at, updated_at, email, name, password, username) values (?, ?, ?, ?, ?, ?)
2019-10-15 01:05:21.247 DEBUG 16952 --- [nio-8397-exec-5] org.hibernate.SQL                        : insert into user_roles (user_id, role_id) values (?, ?)
2019-10-15 01:11:02.415  INFO 16952 --- [nio-8397-exec-1] com.ssafy.edu.controller.AuthController  : 1-------------registerUser-----------------------------com.ssafy.edu.payload.SignUpRequest@5db3f617
2019-10-15 01:11:02.416 DEBUG 16952 --- [nio-8397-exec-1] org.hibernate.SQL                        : select memberuser0_.id as col_0_0_ from users memberuser0_ where memberuser0_.username=? limit ?
2019-10-15 01:11:02.418  INFO 16952 --- [nio-8397-exec-1] com.ssafy.edu.controller.AuthController  : 2-------------registerUser-----------------------------com.ssafy.edu.payload.SignUpRequest@5db3f617
2019-10-15 01:11:02.419 DEBUG 16952 --- [nio-8397-exec-1] org.hibernate.SQL                        : select memberuser0_.id as col_0_0_ from users memberuser0_ where memberuser0_.email=? limit ?
2019-10-15 01:11:02.421  INFO 16952 --- [nio-8397-exec-1] com.ssafy.edu.controller.AuthController  : 3-------------registerUser-----------------------------com.ssafy.edu.payload.SignUpRequest@5db3f617
2019-10-15 01:11:02.422  INFO 16952 --- [nio-8397-exec-1] com.ssafy.edu.controller.AuthController  : 4-------------registerUser-----------------------------com.ssafy.edu.model.MemberUser@ade7920
2019-10-15 01:11:02.517 DEBUG 16952 --- [nio-8397-exec-1] org.hibernate.SQL                        : select role0_.id as id1_0_, role0_.name as name2_0_ from roles role0_ where role0_.name=?
2019-10-15 01:11:02.522 DEBUG 16952 --- [nio-8397-exec-1] org.hibernate.SQL                        : insert into users (created_at, updated_at, email, name, password, username) values (?, ?, ?, ?, ?, ?)
2019-10-15 01:11:02.524 DEBUG 16952 --- [nio-8397-exec-1] org.hibernate.SQL                        : insert into user_roles (user_id, role_id) values (?, ?)
2019-10-15 01:11:38.162  INFO 16952 --- [nio-8397-exec-9] com.ssafy.edu.controller.AuthController  : 1-------------authenticateUser-----------------------------LoginRequest [usernameOrEmail=tttttt, password=tttttt]
2019-10-15 01:11:38.170 DEBUG 16952 --- [nio-8397-exec-9] org.hibernate.SQL                        : select memberuser0_.id as id1_2_, memberuser0_.created_at as created_2_2_, memberuser0_.updated_at as updated_3_2_, memberuser0_.email as email4_2_, memberuser0_.name as name5_2_, memberuser0_.password as password6_2_, memberuser0_.username as username7_2_ from users memberuser0_ where memberuser0_.username=? or memberuser0_.email=?
2019-10-15 01:11:38.172 DEBUG 16952 --- [nio-8397-exec-9] org.hibernate.SQL                        : select roles0_.user_id as user_id1_1_0_, roles0_.role_id as role_id2_1_0_, role1_.id as id1_0_1_, role1_.name as name2_0_1_ from user_roles roles0_ inner join roles role1_ on roles0_.role_id=role1_.id where roles0_.user_id=?
2019-10-15 01:11:39.611 DEBUG 16952 --- [nio-8397-exec-8] org.hibernate.SQL                        : select memberuser0_.id as id1_2_, memberuser0_.created_at as created_2_2_, memberuser0_.updated_at as updated_3_2_, memberuser0_.email as email4_2_, memberuser0_.name as name5_2_, memberuser0_.password as password6_2_, memberuser0_.username as username7_2_ from users memberuser0_ where memberuser0_.username=?
2019-10-15 01:11:55.992  INFO 16952 --- [nio-8397-exec-7] com.ssafy.edu.controller.AuthController  : 1-------------authenticateUser-----------------------------LoginRequest [usernameOrEmail=rrrrrr, password=rrrrrr]
2019-10-15 01:11:55.993 DEBUG 16952 --- [nio-8397-exec-7] org.hibernate.SQL                        : select memberuser0_.id as id1_2_, memberuser0_.created_at as created_2_2_, memberuser0_.updated_at as updated_3_2_, memberuser0_.email as email4_2_, memberuser0_.name as name5_2_, memberuser0_.password as password6_2_, memberuser0_.username as username7_2_ from users memberuser0_ where memberuser0_.username=? or memberuser0_.email=?
2019-10-15 01:11:55.996 DEBUG 16952 --- [nio-8397-exec-7] org.hibernate.SQL                        : select roles0_.user_id as user_id1_1_0_, roles0_.role_id as role_id2_1_0_, role1_.id as id1_0_1_, role1_.name as name2_0_1_ from user_roles roles0_ inner join roles role1_ on roles0_.role_id=role1_.id where roles0_.user_id=?
2019-10-15 01:11:57.339 DEBUG 16952 --- [nio-8397-exec-2] org.hibernate.SQL                        : select memberuser0_.id as id1_2_, memberuser0_.created_at as created_2_2_, memberuser0_.updated_at as updated_3_2_, memberuser0_.email as email4_2_, memberuser0_.name as name5_2_, memberuser0_.password as password6_2_, memberuser0_.username as username7_2_ from users memberuser0_ where memberuser0_.username=?
2019-10-15 01:12:20.292  INFO 16952 --- [nio-8397-exec-3] com.ssafy.edu.controller.AuthController  : 1-------------registerUser-----------------------------com.ssafy.edu.payload.SignUpRequest@333055e
2019-10-15 01:12:20.294 DEBUG 16952 --- [nio-8397-exec-3] org.hibernate.SQL                        : select memberuser0_.id as col_0_0_ from users memberuser0_ where memberuser0_.username=? limit ?
2019-10-15 01:12:20.297  INFO 16952 --- [nio-8397-exec-3] com.ssafy.edu.controller.AuthController  : 2-------------registerUser-----------------------------com.ssafy.edu.payload.SignUpRequest@333055e
2019-10-15 01:12:20.297 DEBUG 16952 --- [nio-8397-exec-3] org.hibernate.SQL                        : select memberuser0_.id as col_0_0_ from users memberuser0_ where memberuser0_.email=? limit ?
2019-10-15 01:12:20.298  INFO 16952 --- [nio-8397-exec-3] com.ssafy.edu.controller.AuthController  : 3-------------registerUser-----------------------------com.ssafy.edu.payload.SignUpRequest@333055e
2019-10-15 01:12:20.299  INFO 16952 --- [nio-8397-exec-3] com.ssafy.edu.controller.AuthController  : 4-------------registerUser-----------------------------com.ssafy.edu.model.MemberUser@7fa17392
2019-10-15 01:12:20.395 DEBUG 16952 --- [nio-8397-exec-3] org.hibernate.SQL                        : select role0_.id as id1_0_, role0_.name as name2_0_ from roles role0_ where role0_.name=?
2019-10-15 01:12:20.400 DEBUG 16952 --- [nio-8397-exec-3] org.hibernate.SQL                        : insert into users (created_at, updated_at, email, name, password, username) values (?, ?, ?, ?, ?, ?)
2019-10-15 01:12:20.402 DEBUG 16952 --- [nio-8397-exec-3] org.hibernate.SQL                        : insert into user_roles (user_id, role_id) values (?, ?)
2019-10-15 01:14:43.719  INFO 16952 --- [nio-8397-exec-5] com.ssafy.edu.controller.AuthController  : 1-------------registerUser-----------------------------com.ssafy.edu.payload.SignUpRequest@3cf91edc
2019-10-15 01:14:43.720 DEBUG 16952 --- [nio-8397-exec-5] org.hibernate.SQL                        : select memberuser0_.id as col_0_0_ from users memberuser0_ where memberuser0_.username=? limit ?
2019-10-15 01:16:59.281  INFO 16952 --- [nio-8397-exec-6] com.ssafy.edu.controller.AuthController  : 1-------------registerUser-----------------------------com.ssafy.edu.payload.SignUpRequest@61459c62
2019-10-15 01:16:59.282 DEBUG 16952 --- [nio-8397-exec-6] org.hibernate.SQL                        : select memberuser0_.id as col_0_0_ from users memberuser0_ where memberuser0_.username=? limit ?
2019-10-15 01:20:23.209  INFO 16952 --- [nio-8397-exec-1] com.ssafy.edu.controller.AuthController  : 1-------------registerUser-----------------------------com.ssafy.edu.payload.SignUpRequest@2d10bbe8
2019-10-15 01:20:23.211 DEBUG 16952 --- [nio-8397-exec-1] org.hibernate.SQL                        : select memberuser0_.id as col_0_0_ from users memberuser0_ where memberuser0_.username=? limit ?
2019-10-15 01:20:23.216  INFO 16952 --- [nio-8397-exec-1] com.ssafy.edu.controller.AuthController  : 2-------------registerUser-----------------------------com.ssafy.edu.payload.SignUpRequest@2d10bbe8
2019-10-15 01:20:23.217 DEBUG 16952 --- [nio-8397-exec-1] org.hibernate.SQL                        : select memberuser0_.id as col_0_0_ from users memberuser0_ where memberuser0_.email=? limit ?
2019-10-15 01:20:23.218  INFO 16952 --- [nio-8397-exec-1] com.ssafy.edu.controller.AuthController  : 3-------------registerUser-----------------------------com.ssafy.edu.payload.SignUpRequest@2d10bbe8
2019-10-15 01:20:23.218  INFO 16952 --- [nio-8397-exec-1] com.ssafy.edu.controller.AuthController  : 4-------------registerUser-----------------------------com.ssafy.edu.model.MemberUser@1adcb18d
2019-10-15 01:20:23.314 DEBUG 16952 --- [nio-8397-exec-1] org.hibernate.SQL                        : select role0_.id as id1_0_, role0_.name as name2_0_ from roles role0_ where role0_.name=?
2019-10-15 01:20:23.318 DEBUG 16952 --- [nio-8397-exec-1] org.hibernate.SQL                        : insert into users (created_at, updated_at, email, name, password, username) values (?, ?, ?, ?, ?, ?)
2019-10-15 01:20:23.321 DEBUG 16952 --- [nio-8397-exec-1] org.hibernate.SQL                        : insert into user_roles (user_id, role_id) values (?, ?)
2019-10-15 01:21:40.913  INFO 16952 --- [nio-8397-exec-9] com.ssafy.edu.controller.AuthController  : 1-------------registerUser-----------------------------com.ssafy.edu.payload.SignUpRequest@49615963
2019-10-15 01:21:40.914 DEBUG 16952 --- [nio-8397-exec-9] org.hibernate.SQL                        : select memberuser0_.id as col_0_0_ from users memberuser0_ where memberuser0_.username=? limit ?
2019-10-15 01:21:46.658  INFO 16952 --- [nio-8397-exec-8] com.ssafy.edu.controller.AuthController  : 1-------------registerUser-----------------------------com.ssafy.edu.payload.SignUpRequest@24c5bf66
2019-10-15 01:21:46.659 DEBUG 16952 --- [nio-8397-exec-8] org.hibernate.SQL                        : select memberuser0_.id as col_0_0_ from users memberuser0_ where memberuser0_.username=? limit ?
2019-10-15 01:21:54.665  INFO 16952 --- [nio-8397-exec-7] com.ssafy.edu.controller.AuthController  : 1-------------registerUser-----------------------------com.ssafy.edu.payload.SignUpRequest@529e93cc
2019-10-15 01:21:54.666 DEBUG 16952 --- [nio-8397-exec-7] org.hibernate.SQL                        : select memberuser0_.id as col_0_0_ from users memberuser0_ where memberuser0_.username=? limit ?
2019-10-15 01:23:02.409  INFO 16952 --- [nio-8397-exec-2] com.ssafy.edu.controller.AuthController  : 1-------------authenticateUser-----------------------------LoginRequest [usernameOrEmail=rrrrrr, password=rrrrrr]
2019-10-15 01:23:02.411 DEBUG 16952 --- [nio-8397-exec-2] org.hibernate.SQL                        : select memberuser0_.id as id1_2_, memberuser0_.created_at as created_2_2_, memberuser0_.updated_at as updated_3_2_, memberuser0_.email as email4_2_, memberuser0_.name as name5_2_, memberuser0_.password as password6_2_, memberuser0_.username as username7_2_ from users memberuser0_ where memberuser0_.username=? or memberuser0_.email=?
2019-10-15 01:23:02.419 DEBUG 16952 --- [nio-8397-exec-2] org.hibernate.SQL                        : select roles0_.user_id as user_id1_1_0_, roles0_.role_id as role_id2_1_0_, role1_.id as id1_0_1_, role1_.name as name2_0_1_ from user_roles roles0_ inner join roles role1_ on roles0_.role_id=role1_.id where roles0_.user_id=?
2019-10-15 01:23:03.952 DEBUG 16952 --- [nio-8397-exec-3] org.hibernate.SQL                        : select memberuser0_.id as id1_2_, memberuser0_.created_at as created_2_2_, memberuser0_.updated_at as updated_3_2_, memberuser0_.email as email4_2_, memberuser0_.name as name5_2_, memberuser0_.password as password6_2_, memberuser0_.username as username7_2_ from users memberuser0_ where memberuser0_.username=?
2019-10-15 01:23:23.365  INFO 16952 --- [nio-8397-exec-5] com.ssafy.edu.controller.AuthController  : 1-------------registerUser-----------------------------com.ssafy.edu.payload.SignUpRequest@74381ab0
2019-10-15 01:23:23.366 DEBUG 16952 --- [nio-8397-exec-5] org.hibernate.SQL                        : select memberuser0_.id as col_0_0_ from users memberuser0_ where memberuser0_.username=? limit ?
2019-10-15 01:23:50.843  INFO 16952 --- [nio-8397-exec-6] com.ssafy.edu.controller.AuthController  : 1-------------registerUser-----------------------------com.ssafy.edu.payload.SignUpRequest@6f3fa1c2
2019-10-15 01:23:50.843 DEBUG 16952 --- [nio-8397-exec-6] org.hibernate.SQL                        : select memberuser0_.id as col_0_0_ from users memberuser0_ where memberuser0_.username=? limit ?
2019-10-15 01:24:16.907  INFO 16952 --- [nio-8397-exec-1] com.ssafy.edu.controller.AuthController  : 1-------------registerUser-----------------------------com.ssafy.edu.payload.SignUpRequest@16c673c5
2019-10-15 01:24:16.908 DEBUG 16952 --- [nio-8397-exec-1] org.hibernate.SQL                        : select memberuser0_.id as col_0_0_ from users memberuser0_ where memberuser0_.username=? limit ?
2019-10-15 01:24:16.909  INFO 16952 --- [nio-8397-exec-1] com.ssafy.edu.controller.AuthController  : 2-------------registerUser-----------------------------com.ssafy.edu.payload.SignUpRequest@16c673c5
2019-10-15 01:24:16.909 DEBUG 16952 --- [nio-8397-exec-1] org.hibernate.SQL                        : select memberuser0_.id as col_0_0_ from users memberuser0_ where memberuser0_.email=? limit ?
2019-10-15 01:24:16.910  INFO 16952 --- [nio-8397-exec-1] com.ssafy.edu.controller.AuthController  : 3-------------registerUser-----------------------------com.ssafy.edu.payload.SignUpRequest@16c673c5
2019-10-15 01:24:16.911  INFO 16952 --- [nio-8397-exec-1] com.ssafy.edu.controller.AuthController  : 4-------------registerUser-----------------------------com.ssafy.edu.model.MemberUser@702fb561
2019-10-15 01:24:17.006 DEBUG 16952 --- [nio-8397-exec-1] org.hibernate.SQL                        : select role0_.id as id1_0_, role0_.name as name2_0_ from roles role0_ where role0_.name=?
2019-10-15 01:24:17.010 DEBUG 16952 --- [nio-8397-exec-1] org.hibernate.SQL                        : insert into users (created_at, updated_at, email, name, password, username) values (?, ?, ?, ?, ?, ?)
2019-10-15 01:24:17.017 DEBUG 16952 --- [nio-8397-exec-1] org.hibernate.SQL                        : insert into user_roles (user_id, role_id) values (?, ?)
2019-10-15 01:24:26.736  INFO 16952 --- [io-8397-exec-10] com.ssafy.edu.controller.AuthController  : 1-------------authenticateUser-----------------------------LoginRequest [usernameOrEmail=222222, password=222222]
2019-10-15 01:24:26.738 DEBUG 16952 --- [io-8397-exec-10] org.hibernate.SQL                        : select memberuser0_.id as id1_2_, memberuser0_.created_at as created_2_2_, memberuser0_.updated_at as updated_3_2_, memberuser0_.email as email4_2_, memberuser0_.name as name5_2_, memberuser0_.password as password6_2_, memberuser0_.username as username7_2_ from users memberuser0_ where memberuser0_.username=? or memberuser0_.email=?
2019-10-15 01:24:26.740 DEBUG 16952 --- [io-8397-exec-10] org.hibernate.SQL                        : select roles0_.user_id as user_id1_1_0_, roles0_.role_id as role_id2_1_0_, role1_.id as id1_0_1_, role1_.name as name2_0_1_ from user_roles roles0_ inner join roles role1_ on roles0_.role_id=role1_.id where roles0_.user_id=?
2019-10-15 01:24:28.177 DEBUG 16952 --- [nio-8397-exec-9] org.hibernate.SQL                        : select memberuser0_.id as id1_2_, memberuser0_.created_at as created_2_2_, memberuser0_.updated_at as updated_3_2_, memberuser0_.email as email4_2_, memberuser0_.name as name5_2_, memberuser0_.password as password6_2_, memberuser0_.username as username7_2_ from users memberuser0_ where memberuser0_.username=?
2019-10-15 01:28:57.990  INFO 16952 --- [nio-8397-exec-2] com.ssafy.edu.controller.AuthController  : 1-------------authenticateUser-----------------------------LoginRequest [usernameOrEmail=rrrrrr, password=rrrrrr]
2019-10-15 01:28:57.992 DEBUG 16952 --- [nio-8397-exec-2] org.hibernate.SQL                        : select memberuser0_.id as id1_2_, memberuser0_.created_at as created_2_2_, memberuser0_.updated_at as updated_3_2_, memberuser0_.email as email4_2_, memberuser0_.name as name5_2_, memberuser0_.password as password6_2_, memberuser0_.username as username7_2_ from users memberuser0_ where memberuser0_.username=? or memberuser0_.email=?
2019-10-15 01:28:57.994 DEBUG 16952 --- [nio-8397-exec-2] org.hibernate.SQL                        : select roles0_.user_id as user_id1_1_0_, roles0_.role_id as role_id2_1_0_, role1_.id as id1_0_1_, role1_.name as name2_0_1_ from user_roles roles0_ inner join roles role1_ on roles0_.role_id=role1_.id where roles0_.user_id=?
2019-10-15 01:28:59.394 DEBUG 16952 --- [nio-8397-exec-3] org.hibernate.SQL                        : select memberuser0_.id as id1_2_, memberuser0_.created_at as created_2_2_, memberuser0_.updated_at as updated_3_2_, memberuser0_.email as email4_2_, memberuser0_.name as name5_2_, memberuser0_.password as password6_2_, memberuser0_.username as username7_2_ from users memberuser0_ where memberuser0_.username=?
2019-10-15 01:29:17.972  INFO 16952 --- [nio-8397-exec-4] com.ssafy.edu.controller.AuthController  : 1-------------authenticateUser-----------------------------LoginRequest [usernameOrEmail=ttttttt, password=ttt]
2019-10-15 01:29:17.974 DEBUG 16952 --- [nio-8397-exec-4] org.hibernate.SQL                        : select memberuser0_.id as id1_2_, memberuser0_.created_at as created_2_2_, memberuser0_.updated_at as updated_3_2_, memberuser0_.email as email4_2_, memberuser0_.name as name5_2_, memberuser0_.password as password6_2_, memberuser0_.username as username7_2_ from users memberuser0_ where memberuser0_.username=? or memberuser0_.email=?
2019-10-15 01:29:18.094 ERROR 16952 --- [nio-8397-exec-4] c.s.e.s.JwtAuthenticationEntryPoint      : Responding with unauthorized error. Message - Bad credentials
2019-10-15 01:29:34.190  INFO 16952 --- [nio-8397-exec-6] com.ssafy.edu.controller.AuthController  : 1-------------registerUser-----------------------------com.ssafy.edu.payload.SignUpRequest@4c1897e2
2019-10-15 01:29:34.190 DEBUG 16952 --- [nio-8397-exec-6] org.hibernate.SQL                        : select memberuser0_.id as col_0_0_ from users memberuser0_ where memberuser0_.username=? limit ?
2019-10-15 01:29:45.413  INFO 16952 --- [nio-8397-exec-1] com.ssafy.edu.controller.AuthController  : 1-------------authenticateUser-----------------------------LoginRequest [usernameOrEmail=tttttt, password=tttttt]
2019-10-15 01:29:45.415 DEBUG 16952 --- [nio-8397-exec-1] org.hibernate.SQL                        : select memberuser0_.id as id1_2_, memberuser0_.created_at as created_2_2_, memberuser0_.updated_at as updated_3_2_, memberuser0_.email as email4_2_, memberuser0_.name as name5_2_, memberuser0_.password as password6_2_, memberuser0_.username as username7_2_ from users memberuser0_ where memberuser0_.username=? or memberuser0_.email=?
2019-10-15 01:29:45.417 DEBUG 16952 --- [nio-8397-exec-1] org.hibernate.SQL                        : select roles0_.user_id as user_id1_1_0_, roles0_.role_id as role_id2_1_0_, role1_.id as id1_0_1_, role1_.name as name2_0_1_ from user_roles roles0_ inner join roles role1_ on roles0_.role_id=role1_.id where roles0_.user_id=?
2019-10-15 01:29:47.032 DEBUG 16952 --- [io-8397-exec-10] org.hibernate.SQL                        : select memberuser0_.id as id1_2_, memberuser0_.created_at as created_2_2_, memberuser0_.updated_at as updated_3_2_, memberuser0_.email as email4_2_, memberuser0_.name as name5_2_, memberuser0_.password as password6_2_, memberuser0_.username as username7_2_ from users memberuser0_ where memberuser0_.username=?
2019-10-15 08:51:35.463  WARN 16952 --- [l-1 housekeeper] com.zaxxer.hikari.pool.HikariPool        : HikariPool-1 - Thread starvation or clock leap detected (housekeeper delta=6h4m19s439ms179µs900ns).
2019-10-15 18:42:32.063  INFO 16952 --- [nio-8397-exec-7] com.ssafy.edu.controller.AuthController  : 1-------------authenticateUser-----------------------------LoginRequest [usernameOrEmail=tttttt, password=tttttt]
2019-10-15 18:42:32.084 DEBUG 16952 --- [nio-8397-exec-7] org.hibernate.SQL                        : select memberuser0_.id as id1_2_, memberuser0_.created_at as created_2_2_, memberuser0_.updated_at as updated_3_2_, memberuser0_.email as email4_2_, memberuser0_.name as name5_2_, memberuser0_.password as password6_2_, memberuser0_.username as username7_2_ from users memberuser0_ where memberuser0_.username=? or memberuser0_.email=?
2019-10-15 18:42:32.096 DEBUG 16952 --- [nio-8397-exec-7] org.hibernate.SQL                        : select roles0_.user_id as user_id1_1_0_, roles0_.role_id as role_id2_1_0_, role1_.id as id1_0_1_, role1_.name as name2_0_1_ from user_roles roles0_ inner join roles role1_ on roles0_.role_id=role1_.id where roles0_.user_id=?
2019-10-15 18:42:33.749 DEBUG 16952 --- [nio-8397-exec-2] org.hibernate.SQL                        : select memberuser0_.id as id1_2_, memberuser0_.created_at as created_2_2_, memberuser0_.updated_at as updated_3_2_, memberuser0_.email as email4_2_, memberuser0_.name as name5_2_, memberuser0_.password as password6_2_, memberuser0_.username as username7_2_ from users memberuser0_ where memberuser0_.username=?
2019-10-15 19:04:07.175  INFO 16952 --- [nio-8397-exec-4] com.ssafy.edu.controller.AuthController  : 1-------------authenticateUser-----------------------------LoginRequest [usernameOrEmail=tttttt, password=tttttt]
2019-10-15 19:04:07.184 DEBUG 16952 --- [nio-8397-exec-4] org.hibernate.SQL                        : select memberuser0_.id as id1_2_, memberuser0_.created_at as created_2_2_, memberuser0_.updated_at as updated_3_2_, memberuser0_.email as email4_2_, memberuser0_.name as name5_2_, memberuser0_.password as password6_2_, memberuser0_.username as username7_2_ from users memberuser0_ where memberuser0_.username=? or memberuser0_.email=?
2019-10-15 19:04:07.186 DEBUG 16952 --- [nio-8397-exec-4] org.hibernate.SQL                        : select roles0_.user_id as user_id1_1_0_, roles0_.role_id as role_id2_1_0_, role1_.id as id1_0_1_, role1_.name as name2_0_1_ from user_roles roles0_ inner join roles role1_ on roles0_.role_id=role1_.id where roles0_.user_id=?
2019-10-15 19:04:08.663 DEBUG 16952 --- [nio-8397-exec-5] org.hibernate.SQL                        : select memberuser0_.id as id1_2_, memberuser0_.created_at as created_2_2_, memberuser0_.updated_at as updated_3_2_, memberuser0_.email as email4_2_, memberuser0_.name as name5_2_, memberuser0_.password as password6_2_, memberuser0_.username as username7_2_ from users memberuser0_ where memberuser0_.username=?
2019-10-15 19:26:01.184  INFO 16952 --- [io-8397-exec-10] com.ssafy.edu.controller.AuthController  : 1-------------authenticateUser-----------------------------LoginRequest [usernameOrEmail=rrrrrr, password=rrrrrr]
2019-10-15 19:26:01.187 DEBUG 16952 --- [io-8397-exec-10] org.hibernate.SQL                        : select memberuser0_.id as id1_2_, memberuser0_.created_at as created_2_2_, memberuser0_.updated_at as updated_3_2_, memberuser0_.email as email4_2_, memberuser0_.name as name5_2_, memberuser0_.password as password6_2_, memberuser0_.username as username7_2_ from users memberuser0_ where memberuser0_.username=? or memberuser0_.email=?
2019-10-15 19:26:01.203 DEBUG 16952 --- [io-8397-exec-10] org.hibernate.SQL                        : select roles0_.user_id as user_id1_1_0_, roles0_.role_id as role_id2_1_0_, role1_.id as id1_0_1_, role1_.name as name2_0_1_ from user_roles roles0_ inner join roles role1_ on roles0_.role_id=role1_.id where roles0_.user_id=?
2019-10-15 19:26:02.433 DEBUG 16952 --- [nio-8397-exec-9] org.hibernate.SQL                        : select memberuser0_.id as id1_2_, memberuser0_.created_at as created_2_2_, memberuser0_.updated_at as updated_3_2_, memberuser0_.email as email4_2_, memberuser0_.name as name5_2_, memberuser0_.password as password6_2_, memberuser0_.username as username7_2_ from users memberuser0_ where memberuser0_.username=?
2019-10-15 20:32:11.008  WARN 16952 --- [l-1 housekeeper] com.zaxxer.hikari.pool.HikariPool        : HikariPool-1 - Thread starvation or clock leap detected (housekeeper delta=32m31s172ms448µs400ns).
2019-10-15 22:38:05.724  INFO 13204 --- [           main] com.ssafy.edu.LoginApplication           : Starting LoginApplication on choco with PID 13204 (C:\Users\choco\jsp-workspace\login\target\classes started by choco in C:\Users\choco\jsp-workspace\login)
2019-10-15 22:38:05.751  INFO 13204 --- [           main] com.ssafy.edu.LoginApplication           : No active profile set, falling back to default profiles: default
2019-10-15 22:38:05.939  INFO 13204 --- [           main] ConfigServletWebServerApplicationContext : Refreshing org.springframework.boot.web.servlet.context.AnnotationConfigServletWebServerApplicationContext@4fb61f4a: startup date [Tue Oct 15 22:38:05 KST 2019]; root of context hierarchy
2019-10-15 22:38:11.126  INFO 13204 --- [           main] trationDelegate$BeanPostProcessorChecker : Bean 'org.springframework.transaction.annotation.ProxyTransactionManagementConfiguration' of type [org.springframework.transaction.annotation.ProxyTransactionManagementConfiguration$$EnhancerBySpringCGLIB$$fa61b081] is not eligible for getting processed by all BeanPostProcessors (for example: not eligible for auto-proxying)
2019-10-15 22:38:11.214  INFO 13204 --- [           main] trationDelegate$BeanPostProcessorChecker : Bean 'org.springframework.security.config.annotation.method.configuration.Jsr250MetadataSourceConfiguration' of type [org.springframework.security.config.annotation.method.configuration.Jsr250MetadataSourceConfiguration$$EnhancerBySpringCGLIB$$dd393383] is not eligible for getting processed by all BeanPostProcessors (for example: not eligible for auto-proxying)
2019-10-15 22:38:11.227  INFO 13204 --- [           main] trationDelegate$BeanPostProcessorChecker : Bean 'jsr250MethodSecurityMetadataSource' of type [org.springframework.security.access.annotation.Jsr250MethodSecurityMetadataSource] is not eligible for getting processed by all BeanPostProcessors (for example: not eligible for auto-proxying)
2019-10-15 22:38:11.245  INFO 13204 --- [           main] trationDelegate$BeanPostProcessorChecker : Bean 'org.springframework.security.config.annotation.configuration.ObjectPostProcessorConfiguration' of type [org.springframework.security.config.annotation.configuration.ObjectPostProcessorConfiguration$$EnhancerBySpringCGLIB$$930f78bb] is not eligible for getting processed by all BeanPostProcessors (for example: not eligible for auto-proxying)
2019-10-15 22:38:11.258  INFO 13204 --- [           main] trationDelegate$BeanPostProcessorChecker : Bean 'objectPostProcessor' of type [org.springframework.security.config.annotation.configuration.AutowireBeanFactoryObjectPostProcessor] is not eligible for getting processed by all BeanPostProcessors (for example: not eligible for auto-proxying)
2019-10-15 22:38:11.260  INFO 13204 --- [           main] trationDelegate$BeanPostProcessorChecker : Bean 'org.springframework.security.access.expression.method.DefaultMethodSecurityExpressionHandler@58f07f02' of type [org.springframework.security.access.expression.method.DefaultMethodSecurityExpressionHandler] is not eligible for getting processed by all BeanPostProcessors (for example: not eligible for auto-proxying)
2019-10-15 22:38:11.267  INFO 13204 --- [           main] trationDelegate$BeanPostProcessorChecker : Bean 'org.springframework.security.config.annotation.method.configuration.GlobalMethodSecurityConfiguration' of type [org.springframework.security.config.annotation.method.configuration.GlobalMethodSecurityConfiguration$$EnhancerBySpringCGLIB$$b7e41b6d] is not eligible for getting processed by all BeanPostProcessors (for example: not eligible for auto-proxying)
2019-10-15 22:38:11.284  INFO 13204 --- [           main] trationDelegate$BeanPostProcessorChecker : Bean 'methodSecurityMetadataSource' of type [org.springframework.security.access.method.DelegatingMethodSecurityMetadataSource] is not eligible for getting processed by all BeanPostProcessors (for example: not eligible for auto-proxying)
2019-10-15 22:38:13.208  INFO 13204 --- [           main] o.s.b.w.embedded.tomcat.TomcatWebServer  : Tomcat initialized with port(s): 8397 (http)
2019-10-15 22:38:13.264  INFO 13204 --- [           main] o.a.coyote.http11.Http11NioProtocol      : Initializing ProtocolHandler ["http-nio-8397"]
2019-10-15 22:38:13.446  INFO 13204 --- [           main] o.apache.catalina.core.StandardService   : Starting service [Tomcat]
2019-10-15 22:38:13.447  INFO 13204 --- [           main] org.apache.catalina.core.StandardEngine  : Starting Servlet Engine: Apache Tomcat/8.5.34
2019-10-15 22:38:13.483  INFO 13204 --- [ost-startStop-1] o.a.catalina.core.AprLifecycleListener   : The APR based Apache Tomcat Native library which allows optimal performance in production environments was not found on the java.library.path: [D:\java\jdk1.8.0_152\bin;C:\WINDOWS\Sun\Java\bin;C:\WINDOWS\system32;C:\WINDOWS;d:/Java/jdk1.8.0_152/bin/../jre/bin/server;d:/Java/jdk1.8.0_152/bin/../jre/bin;d:/Java/jdk1.8.0_152/bin/../jre/lib/amd64;d:\Java\jdk1.8.0_152\bin;D:\oraclexe\app\oracle\product\11.2.0\server\bin;d:\Git\cmd;C:\Program Files (x86)\Intel\iCLS Client\;C:\Program Files\Intel\iCLS Client\;C:\ProgramData\Oracle\Java\javapath;C:\windows\system32;C:\windows;C:\windows\System32\Wbem;C:\windows\System32\WindowsPowerShell\v1.0\;C:\Program Files (x86)\NVIDIA Corporation\PhysX\Common;C:\Program Files (x86)\Intel\Intel(R) Management Engine Components\DAL;C:\Program Files\Intel\Intel(R) Management Engine Components\DAL;C:\Program Files (x86)\Intel\Intel(R) Management Engine Components\IPT;C:\Program Files\Intel\Intel(R) Management Engine Components\IPT;C:\Program Files\Samsung\SamsungLink\AllShare Framework DMS\bin\;C:\WINDOWS\system32;C:\WINDOWS;C:\WINDOWS\System32\Wbem;C:\WINDOWS\System32\WindowsPowerShell\v1.0\;C:\WINDOWS\System32\OpenSSH\;C:\Program Files\Intel\WiFi\bin\;C:\Program Files\Common Files\Intel\WirelessCommon\;C:\Program Files\Microsoft VS Code\bin;D:\Yarn\bin\;C:\nodejs\;C:\Users\choco\AppData\Local\Microsoft\WindowsApps;C:\Users\choco\AppData\Local\GitHubDesktop\bin;C:\Users\choco\AppData\Local\Microsoft\WindowsApps;d:\MicrosoftVSCode\bin;C:\Users\choco\AppData\Local\Yarn\bin;C:\Users\choco\AppData\Roaming\npm;;C:\Users\choco\Desktop;;.]
2019-10-15 22:38:14.424  INFO 13204 --- [ost-startStop-1] o.a.c.c.C.[Tomcat].[localhost].[/]       : Initializing Spring embedded WebApplicationContext
2019-10-15 22:38:14.425  INFO 13204 --- [ost-startStop-1] o.s.web.context.ContextLoader            : Root WebApplicationContext: initialization completed in 8486 ms
2019-10-15 22:38:15.386  INFO 13204 --- [ost-startStop-1] com.zaxxer.hikari.HikariDataSource       : HikariPool-1 - Starting...
2019-10-15 22:38:15.904  INFO 13204 --- [ost-startStop-1] com.zaxxer.hikari.HikariDataSource       : HikariPool-1 - Start completed.
2019-10-15 22:38:16.120  INFO 13204 --- [ost-startStop-1] j.LocalContainerEntityManagerFactoryBean : Building JPA container EntityManagerFactory for persistence unit 'default'
2019-10-15 22:38:16.202  INFO 13204 --- [ost-startStop-1] o.hibernate.jpa.internal.util.LogHelper  : HHH000204: Processing PersistenceUnitInfo [
	name: default
	...]
2019-10-15 22:38:16.441  INFO 13204 --- [ost-startStop-1] org.hibernate.Version                    : HHH000412: Hibernate Core {5.2.17.Final}
2019-10-15 22:38:16.447  INFO 13204 --- [ost-startStop-1] org.hibernate.cfg.Environment            : HHH000206: hibernate.properties not found
2019-10-15 22:38:16.607  INFO 13204 --- [ost-startStop-1] o.hibernate.annotations.common.Version   : HCANN000001: Hibernate Commons Annotations {5.0.1.Final}
2019-10-15 22:38:17.020  INFO 13204 --- [ost-startStop-1] org.hibernate.dialect.Dialect            : HHH000400: Using dialect: org.hibernate.dialect.MySQL5InnoDBDialect
2019-10-15 22:38:18.357  INFO 13204 --- [ost-startStop-1] j.LocalContainerEntityManagerFactoryBean : Initialized JPA EntityManagerFactory for persistence unit 'default'
2019-10-15 22:38:19.366  INFO 13204 --- [ost-startStop-1] o.s.b.w.servlet.FilterRegistrationBean   : Mapping filter: 'characterEncodingFilter' to: [/*]
2019-10-15 22:38:19.367  INFO 13204 --- [ost-startStop-1] o.s.b.w.servlet.FilterRegistrationBean   : Mapping filter: 'hiddenHttpMethodFilter' to: [/*]
2019-10-15 22:38:19.367  INFO 13204 --- [ost-startStop-1] o.s.b.w.servlet.FilterRegistrationBean   : Mapping filter: 'httpPutFormContentFilter' to: [/*]
2019-10-15 22:38:19.368  INFO 13204 --- [ost-startStop-1] o.s.b.w.servlet.FilterRegistrationBean   : Mapping filter: 'requestContextFilter' to: [/*]
2019-10-15 22:38:19.368  INFO 13204 --- [ost-startStop-1] .s.DelegatingFilterProxyRegistrationBean : Mapping filter: 'springSecurityFilterChain' to: [/*]
2019-10-15 22:38:19.369  INFO 13204 --- [ost-startStop-1] o.s.b.w.servlet.FilterRegistrationBean   : Mapping filter: 'jwtAuthenticationFilter' to: [/*]
2019-10-15 22:38:19.369  INFO 13204 --- [ost-startStop-1] o.s.b.w.servlet.ServletRegistrationBean  : Servlet dispatcherServlet mapped to [/]
2019-10-15 22:38:20.201  WARN 13204 --- [           main] aWebConfiguration$JpaWebMvcConfiguration : spring.jpa.open-in-view is enabled by default. Therefore, database queries may be performed during view rendering. Explicitly configure spring.jpa.open-in-view to disable this warning
2019-10-15 22:38:20.354  INFO 13204 --- [           main] s.w.s.m.m.a.RequestMappingHandlerMapping : Mapped "{[/api/auth/signin],methods=[POST]}" onto public org.springframework.http.ResponseEntity<?> com.ssafy.edu.controller.AuthController.authenticateUser(com.ssafy.edu.payload.LoginRequest)
2019-10-15 22:38:20.358  INFO 13204 --- [           main] s.w.s.m.m.a.RequestMappingHandlerMapping : Mapped "{[/api/auth/signup],methods=[POST]}" onto public org.springframework.http.ResponseEntity<?> com.ssafy.edu.controller.AuthController.registerUser(com.ssafy.edu.payload.SignUpRequest)
2019-10-15 22:38:20.365  INFO 13204 --- [           main] s.w.s.m.m.a.RequestMappingHandlerMapping : Mapped "{[/api/user/checkUsernameAvailability],methods=[GET]}" onto public com.ssafy.edu.payload.UserIdentityAvailability com.ssafy.edu.controller.UserController.checkUsernameAvailability(java.lang.String)
2019-10-15 22:38:20.365  INFO 13204 --- [           main] s.w.s.m.m.a.RequestMappingHandlerMapping : Mapped "{[/api/user/checkEmailAvailability],methods=[GET]}" onto public com.ssafy.edu.payload.UserIdentityAvailability com.ssafy.edu.controller.UserController.checkEmailAvailability(java.lang.String)
2019-10-15 22:38:20.366  INFO 13204 --- [           main] s.w.s.m.m.a.RequestMappingHandlerMapping : Mapped "{[/api/users/{username}],methods=[GET]}" onto public com.ssafy.edu.payload.UserProfile com.ssafy.edu.controller.UserController.getUserProfile(java.lang.String)
2019-10-15 22:38:20.367  INFO 13204 --- [           main] s.w.s.m.m.a.RequestMappingHandlerMapping : Mapped "{[/api/user/me],methods=[GET]}" onto public com.ssafy.edu.payload.UserSummary com.ssafy.edu.controller.UserController.getCurrentUser(com.ssafy.edu.security.UserPrincipal)
2019-10-15 22:38:20.370  INFO 13204 --- [           main] s.w.s.m.m.a.RequestMappingHandlerMapping : Mapped "{[/v2/api-docs],methods=[GET],produces=[application/json || application/hal+json]}" onto public org.springframework.http.ResponseEntity<springfox.documentation.spring.web.json.Json> springfox.documentation.swagger2.web.Swagger2Controller.getDocumentation(java.lang.String,javax.servlet.http.HttpServletRequest)
2019-10-15 22:38:20.374  INFO 13204 --- [           main] s.w.s.m.m.a.RequestMappingHandlerMapping : Mapped "{[/swagger-resources]}" onto org.springframework.http.ResponseEntity<java.util.List<springfox.documentation.swagger.web.SwaggerResource>> springfox.documentation.swagger.web.ApiResourceController.swaggerResources()
2019-10-15 22:38:20.375  INFO 13204 --- [           main] s.w.s.m.m.a.RequestMappingHandlerMapping : Mapped "{[/configuration/ui]}" onto org.springframework.http.ResponseEntity<springfox.documentation.swagger.web.UiConfiguration> springfox.documentation.swagger.web.ApiResourceController.uiConfiguration()
2019-10-15 22:38:20.377  INFO 13204 --- [           main] s.w.s.m.m.a.RequestMappingHandlerMapping : Mapped "{[/configuration/security]}" onto org.springframework.http.ResponseEntity<springfox.documentation.swagger.web.SecurityConfiguration> springfox.documentation.swagger.web.ApiResourceController.securityConfiguration()
2019-10-15 22:38:20.382  INFO 13204 --- [           main] s.w.s.m.m.a.RequestMappingHandlerMapping : Mapped "{[/error]}" onto public org.springframework.http.ResponseEntity<java.util.Map<java.lang.String, java.lang.Object>> org.springframework.boot.autoconfigure.web.servlet.error.BasicErrorController.error(javax.servlet.http.HttpServletRequest)
2019-10-15 22:38:20.383  INFO 13204 --- [           main] s.w.s.m.m.a.RequestMappingHandlerMapping : Mapped "{[/error],produces=[text/html]}" onto public org.springframework.web.servlet.ModelAndView org.springframework.boot.autoconfigure.web.servlet.error.BasicErrorController.errorHtml(javax.servlet.http.HttpServletRequest,javax.servlet.http.HttpServletResponse)
2019-10-15 22:38:21.048  INFO 13204 --- [           main] o.s.w.s.handler.SimpleUrlHandlerMapping  : Mapped URL path [/**/favicon.ico] onto handler of type [class org.springframework.web.servlet.resource.ResourceHttpRequestHandler]
2019-10-15 22:38:21.091  INFO 13204 --- [           main] o.s.w.s.handler.SimpleUrlHandlerMapping  : Mapped URL path [/webjars/**] onto handler of type [class org.springframework.web.servlet.resource.ResourceHttpRequestHandler]
2019-10-15 22:38:21.091  INFO 13204 --- [           main] o.s.w.s.handler.SimpleUrlHandlerMapping  : Mapped URL path [/**] onto handler of type [class org.springframework.web.servlet.resource.ResourceHttpRequestHandler]
2019-10-15 22:38:21.156  INFO 13204 --- [           main] o.s.s.web.DefaultSecurityFilterChain     : Creating filter chain: org.springframework.security.web.util.matcher.AnyRequestMatcher@1, [org.springframework.security.web.context.request.async.WebAsyncManagerIntegrationFilter@7be1ce6a, org.springframework.security.web.context.SecurityContextPersistenceFilter@4832f03b, org.springframework.security.web.header.HeaderWriterFilter@46e64760, org.springframework.web.filter.CorsFilter@3119cf6f, org.springframework.security.web.authentication.logout.LogoutFilter@204abeff, com.ssafy.edu.security.JwtAuthenticationFilter@418b15bc, org.springframework.security.web.savedrequest.RequestCacheAwareFilter@485e13d7, org.springframework.security.web.servletapi.SecurityContextHolderAwareRequestFilter@3a790e40, org.springframework.security.web.authentication.AnonymousAuthenticationFilter@6dc9da2d, org.springframework.security.web.session.SessionManagementFilter@559cedee, org.springframework.security.web.access.ExceptionTranslationFilter@52d6d273, org.springframework.security.web.access.intercept.FilterSecurityInterceptor@149b0577]
2019-10-15 22:38:22.048  INFO 13204 --- [           main] s.w.s.m.m.a.RequestMappingHandlerAdapter : Looking for @ControllerAdvice: org.springframework.boot.web.servlet.context.AnnotationConfigServletWebServerApplicationContext@4fb61f4a: startup date [Tue Oct 15 13:38:05 UTC 2019]; root of context hierarchy
2019-10-15 22:38:22.595  INFO 13204 --- [           main] o.s.j.e.a.AnnotationMBeanExporter        : Registering beans for JMX exposure on startup
2019-10-15 22:38:22.603  INFO 13204 --- [           main] o.s.j.e.a.AnnotationMBeanExporter        : Bean with name 'dataSource' has been autodetected for JMX exposure
2019-10-15 22:38:22.616  INFO 13204 --- [           main] o.s.j.e.a.AnnotationMBeanExporter        : Located MBean 'dataSource': registering with JMX server as MBean [com.zaxxer.hikari:name=dataSource,type=HikariDataSource]
2019-10-15 22:38:22.633  INFO 13204 --- [           main] d.s.w.p.DocumentationPluginsBootstrapper : Context refreshed
2019-10-15 22:38:22.679  INFO 13204 --- [           main] d.s.w.p.DocumentationPluginsBootstrapper : Found 1 custom documentation plugin(s)
2019-10-15 22:38:22.693  INFO 13204 --- [           main] s.d.s.w.s.ApiListingReferenceScanner     : Scanning for api listing references
2019-10-15 22:38:23.105  INFO 13204 --- [           main] o.a.coyote.http11.Http11NioProtocol      : Starting ProtocolHandler ["http-nio-8397"]
2019-10-15 22:38:23.189  INFO 13204 --- [           main] o.a.tomcat.util.net.NioSelectorPool      : Using a shared selector for servlet write/read
2019-10-15 22:38:23.219  INFO 13204 --- [           main] o.s.b.w.embedded.tomcat.TomcatWebServer  : Tomcat started on port(s): 8397 (http) with context path ''
2019-10-15 22:38:23.227  INFO 13204 --- [           main] com.ssafy.edu.LoginApplication           : Started LoginApplication in 19.014 seconds (JVM running for 22.623)
2019-10-15 22:38:27.632  INFO 13204 --- [nio-8397-exec-1] o.a.c.c.C.[Tomcat].[localhost].[/]       : Initializing Spring FrameworkServlet 'dispatcherServlet'
2019-10-15 22:38:27.633  INFO 13204 --- [nio-8397-exec-1] o.s.web.servlet.DispatcherServlet        : FrameworkServlet 'dispatcherServlet': initialization started
2019-10-15 22:38:27.702  INFO 13204 --- [nio-8397-exec-1] o.s.web.servlet.DispatcherServlet        : FrameworkServlet 'dispatcherServlet': initialization completed in 69 ms
2019-10-15 22:38:28.307 ERROR 13204 --- [nio-8397-exec-6] c.s.e.s.JwtAuthenticationEntryPoint      : Responding with unauthorized error. Message - Full authentication is required to access this resource
2019-10-15 22:38:28.347 ERROR 13204 --- [nio-8397-exec-4] c.s.e.s.JwtAuthenticationEntryPoint      : Responding with unauthorized error. Message - Full authentication is required to access this resource
2019-10-15 22:38:28.348 ERROR 13204 --- [nio-8397-exec-2] c.s.e.s.JwtAuthenticationEntryPoint      : Responding with unauthorized error. Message - Full authentication is required to access this resource
2019-10-15 22:38:40.644 ERROR 13204 --- [nio-8397-exec-2] c.s.e.s.JwtAuthenticationEntryPoint      : Responding with unauthorized error. Message - Full authentication is required to access this resource
2019-10-15 22:38:40.657 ERROR 13204 --- [nio-8397-exec-4] c.s.e.s.JwtAuthenticationEntryPoint      : Responding with unauthorized error. Message - Full authentication is required to access this resource
2019-10-15 22:38:40.713 ERROR 13204 --- [nio-8397-exec-9] c.s.e.s.JwtAuthenticationEntryPoint      : Responding with unauthorized error. Message - Full authentication is required to access this resource
2019-10-15 22:39:45.132  INFO 11140 --- [           main] com.ssafy.edu.LoginApplication           : Starting LoginApplication on choco with PID 11140 (C:\Users\choco\jsp-workspace\login\target\classes started by choco in C:\Users\choco\jsp-workspace\login)
2019-10-15 22:39:45.138  INFO 11140 --- [           main] com.ssafy.edu.LoginApplication           : No active profile set, falling back to default profiles: default
2019-10-15 22:39:45.265  INFO 11140 --- [           main] ConfigServletWebServerApplicationContext : Refreshing org.springframework.boot.web.servlet.context.AnnotationConfigServletWebServerApplicationContext@a514af7: startup date [Tue Oct 15 22:39:45 KST 2019]; root of context hierarchy
2019-10-15 22:39:48.080  INFO 11140 --- [           main] trationDelegate$BeanPostProcessorChecker : Bean 'org.springframework.transaction.annotation.ProxyTransactionManagementConfiguration' of type [org.springframework.transaction.annotation.ProxyTransactionManagementConfiguration$$EnhancerBySpringCGLIB$$cddc9ab3] is not eligible for getting processed by all BeanPostProcessors (for example: not eligible for auto-proxying)
2019-10-15 22:39:48.168  INFO 11140 --- [           main] trationDelegate$BeanPostProcessorChecker : Bean 'org.springframework.security.config.annotation.method.configuration.Jsr250MetadataSourceConfiguration' of type [org.springframework.security.config.annotation.method.configuration.Jsr250MetadataSourceConfiguration$$EnhancerBySpringCGLIB$$b0b41db5] is not eligible for getting processed by all BeanPostProcessors (for example: not eligible for auto-proxying)
2019-10-15 22:39:48.184  INFO 11140 --- [           main] trationDelegate$BeanPostProcessorChecker : Bean 'jsr250MethodSecurityMetadataSource' of type [org.springframework.security.access.annotation.Jsr250MethodSecurityMetadataSource] is not eligible for getting processed by all BeanPostProcessors (for example: not eligible for auto-proxying)
2019-10-15 22:39:48.199  INFO 11140 --- [           main] trationDelegate$BeanPostProcessorChecker : Bean 'org.springframework.security.config.annotation.configuration.ObjectPostProcessorConfiguration' of type [org.springframework.security.config.annotation.configuration.ObjectPostProcessorConfiguration$$EnhancerBySpringCGLIB$$668a62ed] is not eligible for getting processed by all BeanPostProcessors (for example: not eligible for auto-proxying)
2019-10-15 22:39:48.217  INFO 11140 --- [           main] trationDelegate$BeanPostProcessorChecker : Bean 'objectPostProcessor' of type [org.springframework.security.config.annotation.configuration.AutowireBeanFactoryObjectPostProcessor] is not eligible for getting processed by all BeanPostProcessors (for example: not eligible for auto-proxying)
2019-10-15 22:39:48.219  INFO 11140 --- [           main] trationDelegate$BeanPostProcessorChecker : Bean 'org.springframework.security.access.expression.method.DefaultMethodSecurityExpressionHandler@7b4acdc2' of type [org.springframework.security.access.expression.method.DefaultMethodSecurityExpressionHandler] is not eligible for getting processed by all BeanPostProcessors (for example: not eligible for auto-proxying)
2019-10-15 22:39:48.230  INFO 11140 --- [           main] trationDelegate$BeanPostProcessorChecker : Bean 'org.springframework.security.config.annotation.method.configuration.GlobalMethodSecurityConfiguration' of type [org.springframework.security.config.annotation.method.configuration.GlobalMethodSecurityConfiguration$$EnhancerBySpringCGLIB$$8b5f059f] is not eligible for getting processed by all BeanPostProcessors (for example: not eligible for auto-proxying)
2019-10-15 22:39:48.261  INFO 11140 --- [           main] trationDelegate$BeanPostProcessorChecker : Bean 'methodSecurityMetadataSource' of type [org.springframework.security.access.method.DelegatingMethodSecurityMetadataSource] is not eligible for getting processed by all BeanPostProcessors (for example: not eligible for auto-proxying)
2019-10-15 22:39:49.400  INFO 11140 --- [           main] o.s.b.w.embedded.tomcat.TomcatWebServer  : Tomcat initialized with port(s): 8397 (http)
2019-10-15 22:39:49.425  INFO 11140 --- [           main] o.a.coyote.http11.Http11NioProtocol      : Initializing ProtocolHandler ["http-nio-8397"]
2019-10-15 22:39:49.578  INFO 11140 --- [           main] o.apache.catalina.core.StandardService   : Starting service [Tomcat]
2019-10-15 22:39:49.579  INFO 11140 --- [           main] org.apache.catalina.core.StandardEngine  : Starting Servlet Engine: Apache Tomcat/8.5.34
2019-10-15 22:39:49.592  INFO 11140 --- [ost-startStop-1] o.a.catalina.core.AprLifecycleListener   : The APR based Apache Tomcat Native library which allows optimal performance in production environments was not found on the java.library.path: [D:\java\jdk1.8.0_152\bin;C:\WINDOWS\Sun\Java\bin;C:\WINDOWS\system32;C:\WINDOWS;d:/Java/jdk1.8.0_152/bin/../jre/bin/server;d:/Java/jdk1.8.0_152/bin/../jre/bin;d:/Java/jdk1.8.0_152/bin/../jre/lib/amd64;d:\Java\jdk1.8.0_152\bin;D:\oraclexe\app\oracle\product\11.2.0\server\bin;d:\Git\cmd;C:\Program Files (x86)\Intel\iCLS Client\;C:\Program Files\Intel\iCLS Client\;C:\ProgramData\Oracle\Java\javapath;C:\windows\system32;C:\windows;C:\windows\System32\Wbem;C:\windows\System32\WindowsPowerShell\v1.0\;C:\Program Files (x86)\NVIDIA Corporation\PhysX\Common;C:\Program Files (x86)\Intel\Intel(R) Management Engine Components\DAL;C:\Program Files\Intel\Intel(R) Management Engine Components\DAL;C:\Program Files (x86)\Intel\Intel(R) Management Engine Components\IPT;C:\Program Files\Intel\Intel(R) Management Engine Components\IPT;C:\Program Files\Samsung\SamsungLink\AllShare Framework DMS\bin\;C:\WINDOWS\system32;C:\WINDOWS;C:\WINDOWS\System32\Wbem;C:\WINDOWS\System32\WindowsPowerShell\v1.0\;C:\WINDOWS\System32\OpenSSH\;C:\Program Files\Intel\WiFi\bin\;C:\Program Files\Common Files\Intel\WirelessCommon\;C:\Program Files\Microsoft VS Code\bin;D:\Yarn\bin\;C:\nodejs\;C:\Users\choco\AppData\Local\Microsoft\WindowsApps;C:\Users\choco\AppData\Local\GitHubDesktop\bin;C:\Users\choco\AppData\Local\Microsoft\WindowsApps;d:\MicrosoftVSCode\bin;C:\Users\choco\AppData\Local\Yarn\bin;C:\Users\choco\AppData\Roaming\npm;;C:\Users\choco\Desktop;;.]
2019-10-15 22:39:49.781  INFO 11140 --- [ost-startStop-1] o.a.c.c.C.[Tomcat].[localhost].[/]       : Initializing Spring embedded WebApplicationContext
2019-10-15 22:39:49.782  INFO 11140 --- [ost-startStop-1] o.s.web.context.ContextLoader            : Root WebApplicationContext: initialization completed in 4517 ms
2019-10-15 22:39:50.526  INFO 11140 --- [ost-startStop-1] com.zaxxer.hikari.HikariDataSource       : HikariPool-1 - Starting...
2019-10-15 22:39:50.896  INFO 11140 --- [ost-startStop-1] com.zaxxer.hikari.HikariDataSource       : HikariPool-1 - Start completed.
2019-10-15 22:39:51.029  INFO 11140 --- [ost-startStop-1] j.LocalContainerEntityManagerFactoryBean : Building JPA container EntityManagerFactory for persistence unit 'default'
2019-10-15 22:39:51.128  INFO 11140 --- [ost-startStop-1] o.hibernate.jpa.internal.util.LogHelper  : HHH000204: Processing PersistenceUnitInfo [
	name: default
	...]
2019-10-15 22:39:51.289  INFO 11140 --- [ost-startStop-1] org.hibernate.Version                    : HHH000412: Hibernate Core {5.2.17.Final}
2019-10-15 22:39:51.291  INFO 11140 --- [ost-startStop-1] org.hibernate.cfg.Environment            : HHH000206: hibernate.properties not found
2019-10-15 22:39:51.351  INFO 11140 --- [ost-startStop-1] o.hibernate.annotations.common.Version   : HCANN000001: Hibernate Commons Annotations {5.0.1.Final}
2019-10-15 22:39:51.605  INFO 11140 --- [ost-startStop-1] org.hibernate.dialect.Dialect            : HHH000400: Using dialect: org.hibernate.dialect.MySQL5InnoDBDialect
2019-10-15 22:39:52.586  INFO 11140 --- [ost-startStop-1] j.LocalContainerEntityManagerFactoryBean : Initialized JPA EntityManagerFactory for persistence unit 'default'
2019-10-15 22:39:53.371  INFO 11140 --- [ost-startStop-1] o.s.b.w.servlet.FilterRegistrationBean   : Mapping filter: 'characterEncodingFilter' to: [/*]
2019-10-15 22:39:53.372  INFO 11140 --- [ost-startStop-1] o.s.b.w.servlet.FilterRegistrationBean   : Mapping filter: 'hiddenHttpMethodFilter' to: [/*]
2019-10-15 22:39:53.372  INFO 11140 --- [ost-startStop-1] o.s.b.w.servlet.FilterRegistrationBean   : Mapping filter: 'httpPutFormContentFilter' to: [/*]
2019-10-15 22:39:53.373  INFO 11140 --- [ost-startStop-1] o.s.b.w.servlet.FilterRegistrationBean   : Mapping filter: 'requestContextFilter' to: [/*]
2019-10-15 22:39:53.375  INFO 11140 --- [ost-startStop-1] .s.DelegatingFilterProxyRegistrationBean : Mapping filter: 'springSecurityFilterChain' to: [/*]
2019-10-15 22:39:53.375  INFO 11140 --- [ost-startStop-1] o.s.b.w.servlet.FilterRegistrationBean   : Mapping filter: 'jwtAuthenticationFilter' to: [/*]
2019-10-15 22:39:53.376  INFO 11140 --- [ost-startStop-1] o.s.b.w.servlet.ServletRegistrationBean  : Servlet dispatcherServlet mapped to [/]
2019-10-15 22:39:54.186  WARN 11140 --- [           main] aWebConfiguration$JpaWebMvcConfiguration : spring.jpa.open-in-view is enabled by default. Therefore, database queries may be performed during view rendering. Explicitly configure spring.jpa.open-in-view to disable this warning
2019-10-15 22:39:54.342  INFO 11140 --- [           main] s.w.s.m.m.a.RequestMappingHandlerMapping : Mapped "{[/api/auth/signup],methods=[POST]}" onto public org.springframework.http.ResponseEntity<?> com.ssafy.edu.controller.AuthController.registerUser(com.ssafy.edu.payload.SignUpRequest)
2019-10-15 22:39:54.347  INFO 11140 --- [           main] s.w.s.m.m.a.RequestMappingHandlerMapping : Mapped "{[/api/auth/signin],methods=[POST]}" onto public org.springframework.http.ResponseEntity<?> com.ssafy.edu.controller.AuthController.authenticateUser(com.ssafy.edu.payload.LoginRequest)
2019-10-15 22:39:54.361  INFO 11140 --- [           main] s.w.s.m.m.a.RequestMappingHandlerMapping : Mapped "{[/api/users/{username}],methods=[GET]}" onto public com.ssafy.edu.payload.UserProfile com.ssafy.edu.controller.UserController.getUserProfile(java.lang.String)
2019-10-15 22:39:54.363  INFO 11140 --- [           main] s.w.s.m.m.a.RequestMappingHandlerMapping : Mapped "{[/api/user/me],methods=[GET]}" onto public com.ssafy.edu.payload.UserSummary com.ssafy.edu.controller.UserController.getCurrentUser(com.ssafy.edu.security.UserPrincipal)
2019-10-15 22:39:54.364  INFO 11140 --- [           main] s.w.s.m.m.a.RequestMappingHandlerMapping : Mapped "{[/api/user/checkEmailAvailability],methods=[GET]}" onto public com.ssafy.edu.payload.UserIdentityAvailability com.ssafy.edu.controller.UserController.checkEmailAvailability(java.lang.String)
2019-10-15 22:39:54.365  INFO 11140 --- [           main] s.w.s.m.m.a.RequestMappingHandlerMapping : Mapped "{[/api/user/checkUsernameAvailability],methods=[GET]}" onto public com.ssafy.edu.payload.UserIdentityAvailability com.ssafy.edu.controller.UserController.checkUsernameAvailability(java.lang.String)
2019-10-15 22:39:54.367  INFO 11140 --- [           main] s.w.s.m.m.a.RequestMappingHandlerMapping : Mapped "{[/v2/api-docs],methods=[GET],produces=[application/json || application/hal+json]}" onto public org.springframework.http.ResponseEntity<springfox.documentation.spring.web.json.Json> springfox.documentation.swagger2.web.Swagger2Controller.getDocumentation(java.lang.String,javax.servlet.http.HttpServletRequest)
2019-10-15 22:39:54.373  INFO 11140 --- [           main] s.w.s.m.m.a.RequestMappingHandlerMapping : Mapped "{[/configuration/ui]}" onto org.springframework.http.ResponseEntity<springfox.documentation.swagger.web.UiConfiguration> springfox.documentation.swagger.web.ApiResourceController.uiConfiguration()
2019-10-15 22:39:54.377  INFO 11140 --- [           main] s.w.s.m.m.a.RequestMappingHandlerMapping : Mapped "{[/swagger-resources]}" onto org.springframework.http.ResponseEntity<java.util.List<springfox.documentation.swagger.web.SwaggerResource>> springfox.documentation.swagger.web.ApiResourceController.swaggerResources()
2019-10-15 22:39:54.378  INFO 11140 --- [           main] s.w.s.m.m.a.RequestMappingHandlerMapping : Mapped "{[/configuration/security]}" onto org.springframework.http.ResponseEntity<springfox.documentation.swagger.web.SecurityConfiguration> springfox.documentation.swagger.web.ApiResourceController.securityConfiguration()
2019-10-15 22:39:54.383  INFO 11140 --- [           main] s.w.s.m.m.a.RequestMappingHandlerMapping : Mapped "{[/error]}" onto public org.springframework.http.ResponseEntity<java.util.Map<java.lang.String, java.lang.Object>> org.springframework.boot.autoconfigure.web.servlet.error.BasicErrorController.error(javax.servlet.http.HttpServletRequest)
2019-10-15 22:39:54.384  INFO 11140 --- [           main] s.w.s.m.m.a.RequestMappingHandlerMapping : Mapped "{[/error],produces=[text/html]}" onto public org.springframework.web.servlet.ModelAndView org.springframework.boot.autoconfigure.web.servlet.error.BasicErrorController.errorHtml(javax.servlet.http.HttpServletRequest,javax.servlet.http.HttpServletResponse)
2019-10-15 22:39:54.955  INFO 11140 --- [           main] o.s.w.s.handler.SimpleUrlHandlerMapping  : Mapped URL path [/**/favicon.ico] onto handler of type [class org.springframework.web.servlet.resource.ResourceHttpRequestHandler]
2019-10-15 22:39:55.003  INFO 11140 --- [           main] o.s.w.s.handler.SimpleUrlHandlerMapping  : Mapped URL path [/webjars/**] onto handler of type [class org.springframework.web.servlet.resource.ResourceHttpRequestHandler]
2019-10-15 22:39:55.003  INFO 11140 --- [           main] o.s.w.s.handler.SimpleUrlHandlerMapping  : Mapped URL path [/**] onto handler of type [class org.springframework.web.servlet.resource.ResourceHttpRequestHandler]
2019-10-15 22:39:55.068  INFO 11140 --- [           main] o.s.s.web.DefaultSecurityFilterChain     : Creating filter chain: org.springframework.security.web.util.matcher.AnyRequestMatcher@1, [org.springframework.security.web.context.request.async.WebAsyncManagerIntegrationFilter@6848a051, org.springframework.security.web.context.SecurityContextPersistenceFilter@c017175, org.springframework.security.web.header.HeaderWriterFilter@52d6d273, org.springframework.web.filter.CorsFilter@149b0577, org.springframework.security.web.authentication.logout.LogoutFilter@43acd79e, com.ssafy.edu.security.JwtAuthenticationFilter@1a5958cd, org.springframework.security.web.savedrequest.RequestCacheAwareFilter@18371d89, org.springframework.security.web.servletapi.SecurityContextHolderAwareRequestFilter@68565bc7, org.springframework.security.web.authentication.AnonymousAuthenticationFilter@5740ff5e, org.springframework.security.web.session.SessionManagementFilter@2f0ed952, org.springframework.security.web.access.ExceptionTranslationFilter@462e1e64, org.springframework.security.web.access.intercept.FilterSecurityInterceptor@76b47204]
2019-10-15 22:39:55.916  INFO 11140 --- [           main] s.w.s.m.m.a.RequestMappingHandlerAdapter : Looking for @ControllerAdvice: org.springframework.boot.web.servlet.context.AnnotationConfigServletWebServerApplicationContext@a514af7: startup date [Tue Oct 15 13:39:45 UTC 2019]; root of context hierarchy
2019-10-15 22:39:56.461  INFO 11140 --- [           main] o.s.j.e.a.AnnotationMBeanExporter        : Registering beans for JMX exposure on startup
2019-10-15 22:39:56.465  INFO 11140 --- [           main] o.s.j.e.a.AnnotationMBeanExporter        : Bean with name 'dataSource' has been autodetected for JMX exposure
2019-10-15 22:39:56.474  INFO 11140 --- [           main] o.s.j.e.a.AnnotationMBeanExporter        : Located MBean 'dataSource': registering with JMX server as MBean [com.zaxxer.hikari:name=dataSource,type=HikariDataSource]
2019-10-15 22:39:56.492  INFO 11140 --- [           main] d.s.w.p.DocumentationPluginsBootstrapper : Context refreshed
2019-10-15 22:39:56.533  INFO 11140 --- [           main] d.s.w.p.DocumentationPluginsBootstrapper : Found 1 custom documentation plugin(s)
2019-10-15 22:39:56.548  INFO 11140 --- [           main] s.d.s.w.s.ApiListingReferenceScanner     : Scanning for api listing references
2019-10-15 22:39:56.862  INFO 11140 --- [           main] o.a.coyote.http11.Http11NioProtocol      : Starting ProtocolHandler ["http-nio-8397"]
2019-10-15 22:39:56.877  INFO 11140 --- [           main] o.a.tomcat.util.net.NioSelectorPool      : Using a shared selector for servlet write/read
2019-10-15 22:39:56.898  INFO 11140 --- [           main] o.s.b.w.embedded.tomcat.TomcatWebServer  : Tomcat started on port(s): 8397 (http) with context path ''
2019-10-15 22:39:56.904  INFO 11140 --- [           main] com.ssafy.edu.LoginApplication           : Started LoginApplication in 12.28 seconds (JVM running for 13.16)
2019-10-15 22:40:03.519  INFO 11140 --- [nio-8397-exec-1] o.a.c.c.C.[Tomcat].[localhost].[/]       : Initializing Spring FrameworkServlet 'dispatcherServlet'
2019-10-15 22:40:03.519  INFO 11140 --- [nio-8397-exec-1] o.s.web.servlet.DispatcherServlet        : FrameworkServlet 'dispatcherServlet': initialization started
2019-10-15 22:40:03.579  INFO 11140 --- [nio-8397-exec-1] o.s.web.servlet.DispatcherServlet        : FrameworkServlet 'dispatcherServlet': initialization completed in 60 ms
2019-10-15 22:40:04.252 ERROR 11140 --- [nio-8397-exec-7] c.s.e.s.JwtAuthenticationEntryPoint      : Responding with unauthorized error. Message - Full authentication is required to access this resource
2019-10-15 22:40:04.272 ERROR 11140 --- [nio-8397-exec-6] c.s.e.s.JwtAuthenticationEntryPoint      : Responding with unauthorized error. Message - Full authentication is required to access this resource
2019-10-15 22:40:04.287 ERROR 11140 --- [nio-8397-exec-9] c.s.e.s.JwtAuthenticationEntryPoint      : Responding with unauthorized error. Message - Full authentication is required to access this resource
2019-10-15 22:41:38.099  INFO 11140 --- [nio-8397-exec-9] com.ssafy.edu.controller.AuthController  : 1-------------authenticateUser-----------------------------LoginRequest [usernameOrEmail=tttttt, password=tttttt]
2019-10-15 22:41:38.414  INFO 11140 --- [nio-8397-exec-9] o.h.h.i.QueryTranslatorFactoryInitiator  : HHH000397: Using ASTQueryTranslatorFactory
2019-10-15 22:41:38.612 DEBUG 11140 --- [nio-8397-exec-9] org.hibernate.SQL                        : select memberuser0_.id as id1_2_, memberuser0_.created_at as created_2_2_, memberuser0_.updated_at as updated_3_2_, memberuser0_.email as email4_2_, memberuser0_.name as name5_2_, memberuser0_.password as password6_2_, memberuser0_.username as username7_2_ from users memberuser0_ where memberuser0_.username=? or memberuser0_.email=?
2019-10-15 22:41:38.696 DEBUG 11140 --- [nio-8397-exec-9] org.hibernate.SQL                        : select roles0_.user_id as user_id1_1_0_, roles0_.role_id as role_id2_1_0_, role1_.id as id1_0_1_, role1_.name as name2_0_1_ from user_roles roles0_ inner join roles role1_ on roles0_.role_id=role1_.id where roles0_.user_id=?
2019-10-15 22:41:41.647 DEBUG 11140 --- [nio-8397-exec-7] org.hibernate.SQL                        : select memberuser0_.id as id1_2_, memberuser0_.created_at as created_2_2_, memberuser0_.updated_at as updated_3_2_, memberuser0_.email as email4_2_, memberuser0_.name as name5_2_, memberuser0_.password as password6_2_, memberuser0_.username as username7_2_ from users memberuser0_ where memberuser0_.username=?
